2026-05-16 13:41:28,367 - INFO - Experiment: avgp_pure_pure_v1_binary_seed3407
2026-05-16 13:41:28,367 - INFO - Device: cuda
2026-05-16 13:41:28,368 - INFO - Train/Val: 78 / 9
2026-05-16 13:41:32,398 - INFO - Epoch 1/100 | train_loss=2.311395 | val_f1=0.400000 val_acc=0.666667 val_kappa=0.000000 val_ccc=0.009611 val_rmse=0.994551 val_mae=0.735287
2026-05-16 13:41:36,130 - INFO - Epoch 2/100 | train_loss=1.400171 | val_f1=0.400000 val_acc=0.666667 val_kappa=0.000000 val_ccc=0.008176 val_rmse=0.946811 val_mae=0.823059
2026-05-16 13:41:39,993 - INFO - Epoch 3/100 | train_loss=1.299902 | val_f1=0.181818 val_acc=0.222222 val_kappa=-0.235294 val_ccc=0.006348 val_rmse=0.947628 val_mae=0.824605
2026-05-16 13:41:43,768 - INFO - Epoch 4/100 | train_loss=1.355118 | val_f1=0.400000 val_acc=0.666667 val_kappa=0.000000 val_ccc=0.003206 val_rmse=0.966222 val_mae=0.768663
2026-05-16 13:41:47,561 - INFO - Epoch 5/100 | train_loss=1.285758 | val_f1=0.400000 val_acc=0.666667 val_kappa=0.000000 val_ccc=0.003289 val_rmse=0.958965 val_mae=0.783242
2026-05-16 13:41:51,267 - INFO - Epoch 6/100 | train_loss=1.366384 | val_f1=0.400000 val_acc=0.666667 val_kappa=0.000000 val_ccc=-0.005868 val_rmse=0.964697 val_mae=0.783723
2026-05-16 13:41:55,018 - INFO - Epoch 7/100 | train_loss=1.272490 | val_f1=0.400000 val_acc=0.666667 val_kappa=0.000000 val_ccc=-0.009022 val_rmse=0.962199 val_mae=0.794645
2026-05-16 13:41:58,497 - INFO - Epoch 8/100 | train_loss=1.310941 | val_f1=0.400000 val_acc=0.666667 val_kappa=0.000000 val_ccc=-0.013230 val_rmse=0.974788 val_mae=0.774015
2026-05-16 13:42:01,850 - INFO - Epoch 9/100 | train_loss=1.285629 | val_f1=0.400000 val_acc=0.666667 val_kappa=0.000000 val_ccc=-0.018162 val_rmse=0.966240 val_mae=0.799426
2026-05-16 13:42:05,128 - INFO - Epoch 10/100 | train_loss=1.283508 | val_f1=0.400000 val_acc=0.666667 val_kappa=0.000000 val_ccc=-0.024881 val_rmse=0.981989 val_mae=0.776602
2026-05-16 13:42:08,425 - INFO - Epoch 11/100 | train_loss=1.251006 | val_f1=0.400000 val_acc=0.666667 val_kappa=0.000000 val_ccc=-0.028071 val_rmse=0.964246 val_mae=0.839486
2026-05-16 13:42:11,707 - INFO - Epoch 12/100 | train_loss=1.155430 | val_f1=0.400000 val_acc=0.666667 val_kappa=0.000000 val_ccc=-0.043900 val_rmse=0.979051 val_mae=0.808944
2026-05-16 13:42:15,052 - INFO - Epoch 13/100 | train_loss=1.114090 | val_f1=0.400000 val_acc=0.666667 val_kappa=0.000000 val_ccc=-0.056949 val_rmse=1.000261 val_mae=0.785591
2026-05-16 13:42:18,317 - INFO - Epoch 14/100 | train_loss=1.065300 | val_f1=0.357143 val_acc=0.555556 val_kappa=-0.200000 val_ccc=-0.071366 val_rmse=0.986847 val_mae=0.855332
2026-05-16 13:42:21,569 - INFO - Epoch 15/100 | train_loss=0.877803 | val_f1=0.400000 val_acc=0.666667 val_kappa=0.000000 val_ccc=-0.119665 val_rmse=1.029056 val_mae=0.820232
2026-05-16 13:42:24,764 - INFO - Epoch 16/100 | train_loss=0.649391 | val_f1=0.400000 val_acc=0.666667 val_kappa=0.000000 val_ccc=-0.132993 val_rmse=1.046252 val_mae=0.824095
2026-05-16 13:42:28,013 - INFO - Epoch 17/100 | train_loss=0.437697 | val_f1=0.584615 val_acc=0.666667 val_kappa=0.181818 val_ccc=-0.130158 val_rmse=1.055954 val_mae=0.903310
2026-05-16 13:42:31,284 - INFO - Epoch 18/100 | train_loss=0.356825 | val_f1=0.678571 val_acc=0.777778 val_kappa=0.400000 val_ccc=-0.088670 val_rmse=1.044224 val_mae=0.836669
2026-05-16 13:42:34,527 - INFO - Epoch 19/100 | train_loss=0.289365 | val_f1=0.400000 val_acc=0.666667 val_kappa=0.000000 val_ccc=-0.061039 val_rmse=1.040985 val_mae=0.800914
2026-05-16 13:42:37,739 - INFO - Epoch 20/100 | train_loss=0.268272 | val_f1=0.678571 val_acc=0.777778 val_kappa=0.400000 val_ccc=-0.058535 val_rmse=1.058960 val_mae=0.831428
2026-05-16 13:42:41,161 - INFO - Epoch 21/100 | train_loss=0.175411 | val_f1=0.678571 val_acc=0.777778 val_kappa=0.400000 val_ccc=-0.039213 val_rmse=1.062291 val_mae=0.821337
2026-05-16 13:42:44,850 - INFO - Epoch 22/100 | train_loss=0.206536 | val_f1=0.400000 val_acc=0.666667 val_kappa=0.000000 val_ccc=-0.020672 val_rmse=1.042289 val_mae=0.807548
2026-05-16 13:42:48,110 - INFO - Epoch 23/100 | train_loss=0.187387 | val_f1=0.584615 val_acc=0.666667 val_kappa=0.181818 val_ccc=-0.060685 val_rmse=1.081530 val_mae=0.904465
2026-05-16 13:42:51,429 - INFO - Epoch 24/100 | train_loss=0.171459 | val_f1=0.678571 val_acc=0.777778 val_kappa=0.400000 val_ccc=-0.048532 val_rmse=1.046801 val_mae=0.870683
2026-05-16 13:42:54,761 - INFO - Epoch 25/100 | train_loss=0.158532 | val_f1=0.584615 val_acc=0.666667 val_kappa=0.181818 val_ccc=-0.088849 val_rmse=1.067551 val_mae=0.904155
2026-05-16 13:42:58,179 - INFO - Epoch 26/100 | train_loss=0.180601 | val_f1=0.678571 val_acc=0.777778 val_kappa=0.400000 val_ccc=-0.117731 val_rmse=1.092772 val_mae=0.919796
2026-05-16 13:43:02,056 - INFO - Epoch 27/100 | train_loss=0.136258 | val_f1=0.500000 val_acc=0.555556 val_kappa=0.000000 val_ccc=-0.102959 val_rmse=1.103942 val_mae=0.968446
2026-05-16 13:43:06,545 - INFO - Epoch 28/100 | train_loss=0.153517 | val_f1=0.500000 val_acc=0.555556 val_kappa=0.000000 val_ccc=-0.088766 val_rmse=1.071866 val_mae=0.933208
2026-05-16 13:43:11,024 - INFO - Epoch 29/100 | train_loss=0.123205 | val_f1=0.678571 val_acc=0.777778 val_kappa=0.400000 val_ccc=-0.080212 val_rmse=1.060907 val_mae=0.865203
2026-05-16 13:43:15,131 - INFO - Epoch 30/100 | train_loss=0.113665 | val_f1=0.678571 val_acc=0.777778 val_kappa=0.400000 val_ccc=-0.074004 val_rmse=1.051728 val_mae=0.879184
2026-05-16 13:43:19,229 - INFO - Epoch 31/100 | train_loss=0.107454 | val_f1=0.678571 val_acc=0.777778 val_kappa=0.400000 val_ccc=-0.062973 val_rmse=1.070790 val_mae=0.890293
2026-05-16 13:43:23,307 - INFO - Epoch 32/100 | train_loss=0.108204 | val_f1=0.678571 val_acc=0.777778 val_kappa=0.400000 val_ccc=-0.064075 val_rmse=1.075590 val_mae=0.848363
2026-05-16 13:43:27,309 - INFO - Epoch 33/100 | train_loss=0.136569 | val_f1=0.678571 val_acc=0.777778 val_kappa=0.400000 val_ccc=-0.051242 val_rmse=1.055002 val_mae=0.826046
2026-05-16 13:43:31,424 - INFO - Epoch 34/100 | train_loss=0.113328 | val_f1=0.678571 val_acc=0.777778 val_kappa=0.400000 val_ccc=-0.071204 val_rmse=1.065080 val_mae=0.884231
2026-05-16 13:43:35,499 - INFO - Epoch 35/100 | train_loss=0.100221 | val_f1=0.678571 val_acc=0.777778 val_kappa=0.400000 val_ccc=-0.079417 val_rmse=1.063567 val_mae=0.898051
2026-05-16 13:43:39,418 - INFO - Epoch 36/100 | train_loss=0.096219 | val_f1=0.678571 val_acc=0.777778 val_kappa=0.400000 val_ccc=-0.084834 val_rmse=1.068259 val_mae=0.897811
2026-05-16 13:43:43,141 - INFO - Epoch 37/100 | train_loss=0.122159 | val_f1=0.678571 val_acc=0.777778 val_kappa=0.400000 val_ccc=-0.063452 val_rmse=1.059233 val_mae=0.889440
2026-05-16 13:43:47,004 - INFO - Epoch 38/100 | train_loss=0.109221 | val_f1=0.678571 val_acc=0.777778 val_kappa=0.400000 val_ccc=-0.085213 val_rmse=1.102605 val_mae=0.962640
2026-05-16 13:43:50,810 - INFO - Epoch 39/100 | train_loss=0.125683 | val_f1=0.678571 val_acc=0.777778 val_kappa=0.400000 val_ccc=-0.100865 val_rmse=1.088071 val_mae=0.892804
2026-05-16 13:43:54,616 - INFO - Epoch 40/100 | train_loss=0.082694 | val_f1=0.678571 val_acc=0.777778 val_kappa=0.400000 val_ccc=-0.093400 val_rmse=1.078624 val_mae=0.918148
2026-05-16 13:43:58,428 - INFO - Epoch 41/100 | train_loss=0.097783 | val_f1=0.678571 val_acc=0.777778 val_kappa=0.400000 val_ccc=-0.096983 val_rmse=1.063672 val_mae=0.857339
2026-05-16 13:44:02,185 - INFO - Epoch 42/100 | train_loss=0.086163 | val_f1=0.678571 val_acc=0.777778 val_kappa=0.400000 val_ccc=-0.098215 val_rmse=1.070488 val_mae=0.832338
2026-05-16 13:44:05,708 - INFO - Epoch 43/100 | train_loss=0.074661 | val_f1=0.678571 val_acc=0.777778 val_kappa=0.400000 val_ccc=-0.101656 val_rmse=1.075144 val_mae=0.889377
2026-05-16 13:44:09,249 - INFO - Epoch 44/100 | train_loss=0.065060 | val_f1=0.678571 val_acc=0.777778 val_kappa=0.400000 val_ccc=-0.084859 val_rmse=1.057522 val_mae=0.875090
2026-05-16 13:44:12,740 - INFO - Epoch 45/100 | train_loss=0.124549 | val_f1=0.678571 val_acc=0.777778 val_kappa=0.400000 val_ccc=-0.094750 val_rmse=1.069535 val_mae=0.870938
2026-05-16 13:44:16,858 - INFO - Epoch 46/100 | train_loss=0.071739 | val_f1=0.678571 val_acc=0.777778 val_kappa=0.400000 val_ccc=-0.097114 val_rmse=1.077642 val_mae=0.864043
2026-05-16 13:44:20,414 - INFO - Epoch 47/100 | train_loss=0.113586 | val_f1=0.400000 val_acc=0.666667 val_kappa=0.000000 val_ccc=-0.088246 val_rmse=1.061552 val_mae=0.865096
2026-05-16 13:44:23,817 - INFO - Epoch 48/100 | train_loss=0.090250 | val_f1=0.400000 val_acc=0.666667 val_kappa=0.000000 val_ccc=-0.098800 val_rmse=1.063085 val_mae=0.843396
2026-05-16 13:44:27,263 - INFO - Epoch 49/100 | train_loss=0.070248 | val_f1=0.678571 val_acc=0.777778 val_kappa=0.400000 val_ccc=-0.091097 val_rmse=1.054130 val_mae=0.849017
2026-05-16 13:44:30,905 - INFO - Epoch 50/100 | train_loss=0.099360 | val_f1=0.678571 val_acc=0.777778 val_kappa=0.400000 val_ccc=-0.080353 val_rmse=1.049217 val_mae=0.870390
2026-05-16 13:44:34,308 - INFO - Epoch 51/100 | train_loss=0.094651 | val_f1=0.678571 val_acc=0.777778 val_kappa=0.400000 val_ccc=-0.088689 val_rmse=1.056169 val_mae=0.884606
2026-05-16 13:44:37,700 - INFO - Epoch 52/100 | train_loss=0.067820 | val_f1=0.678571 val_acc=0.777778 val_kappa=0.400000 val_ccc=-0.089054 val_rmse=1.059282 val_mae=0.855968
2026-05-16 13:44:41,188 - INFO - Epoch 53/100 | train_loss=0.062653 | val_f1=0.678571 val_acc=0.777778 val_kappa=0.400000 val_ccc=-0.092843 val_rmse=1.057953 val_mae=0.863857
2026-05-16 13:44:44,765 - INFO - Epoch 54/100 | train_loss=0.087422 | val_f1=0.400000 val_acc=0.666667 val_kappa=0.000000 val_ccc=-0.090068 val_rmse=1.060731 val_mae=0.861348
2026-05-16 13:44:48,189 - INFO - Epoch 55/100 | train_loss=0.120481 | val_f1=0.400000 val_acc=0.666667 val_kappa=0.000000 val_ccc=-0.074474 val_rmse=1.050335 val_mae=0.858161
2026-05-16 13:44:51,535 - INFO - Epoch 56/100 | train_loss=0.083142 | val_f1=0.400000 val_acc=0.666667 val_kappa=0.000000 val_ccc=-0.059895 val_rmse=1.044509 val_mae=0.841145
2026-05-16 13:44:55,185 - INFO - Epoch 57/100 | train_loss=0.076521 | val_f1=0.678571 val_acc=0.777778 val_kappa=0.400000 val_ccc=-0.064972 val_rmse=1.054449 val_mae=0.825471
2026-05-16 13:44:59,016 - INFO - Epoch 58/100 | train_loss=0.088135 | val_f1=0.678571 val_acc=0.777778 val_kappa=0.400000 val_ccc=-0.065514 val_rmse=1.042999 val_mae=0.854615
2026-05-16 13:45:02,774 - INFO - Epoch 59/100 | train_loss=0.070508 | val_f1=0.678571 val_acc=0.777778 val_kappa=0.400000 val_ccc=-0.069895 val_rmse=1.047864 val_mae=0.883923
2026-05-16 13:45:06,528 - INFO - Epoch 60/100 | train_loss=0.085853 | val_f1=0.400000 val_acc=0.666667 val_kappa=0.000000 val_ccc=-0.071437 val_rmse=1.069219 val_mae=0.792339
2026-05-16 13:45:10,267 - INFO - Epoch 61/100 | train_loss=0.093693 | val_f1=0.678571 val_acc=0.777778 val_kappa=0.400000 val_ccc=-0.065806 val_rmse=1.049188 val_mae=0.895090
2026-05-16 13:45:13,931 - INFO - Epoch 62/100 | train_loss=0.071274 | val_f1=0.678571 val_acc=0.777778 val_kappa=0.400000 val_ccc=-0.061845 val_rmse=1.048892 val_mae=0.868825
2026-05-16 13:45:18,104 - INFO - Epoch 63/100 | train_loss=0.088430 | val_f1=0.678571 val_acc=0.777778 val_kappa=0.400000 val_ccc=-0.055995 val_rmse=1.041116 val_mae=0.856757
2026-05-16 13:45:22,061 - INFO - Epoch 64/100 | train_loss=0.061564 | val_f1=0.678571 val_acc=0.777778 val_kappa=0.400000 val_ccc=-0.057092 val_rmse=1.040170 val_mae=0.847983
2026-05-16 13:45:25,869 - INFO - Epoch 65/100 | train_loss=0.063764 | val_f1=0.678571 val_acc=0.777778 val_kappa=0.400000 val_ccc=-0.067838 val_rmse=1.047020 val_mae=0.856930
2026-05-16 13:45:29,594 - INFO - Epoch 66/100 | train_loss=0.072614 | val_f1=0.678571 val_acc=0.777778 val_kappa=0.400000 val_ccc=-0.062061 val_rmse=1.044236 val_mae=0.835038
2026-05-16 13:45:33,292 - INFO - Epoch 67/100 | train_loss=0.095540 | val_f1=0.400000 val_acc=0.666667 val_kappa=0.000000 val_ccc=-0.055397 val_rmse=1.037736 val_mae=0.834176
2026-05-16 13:45:37,032 - INFO - Epoch 68/100 | train_loss=0.064376 | val_f1=0.678571 val_acc=0.777778 val_kappa=0.400000 val_ccc=-0.059843 val_rmse=1.042298 val_mae=0.851572
2026-05-16 13:45:40,741 - INFO - Epoch 69/100 | train_loss=0.083018 | val_f1=0.678571 val_acc=0.777778 val_kappa=0.400000 val_ccc=-0.065044 val_rmse=1.048631 val_mae=0.894654
2026-05-16 13:45:44,504 - INFO - Epoch 70/100 | train_loss=0.100891 | val_f1=0.400000 val_acc=0.666667 val_kappa=0.000000 val_ccc=-0.061173 val_rmse=1.048592 val_mae=0.811884
2026-05-16 13:45:48,207 - INFO - Epoch 71/100 | train_loss=0.061551 | val_f1=0.678571 val_acc=0.777778 val_kappa=0.400000 val_ccc=-0.064803 val_rmse=1.047220 val_mae=0.857047
2026-05-16 13:45:51,952 - INFO - Epoch 72/100 | train_loss=0.085009 | val_f1=0.678571 val_acc=0.777778 val_kappa=0.400000 val_ccc=-0.064723 val_rmse=1.050947 val_mae=0.883429
2026-05-16 13:45:55,644 - INFO - Epoch 73/100 | train_loss=0.051499 | val_f1=0.678571 val_acc=0.777778 val_kappa=0.400000 val_ccc=-0.067549 val_rmse=1.050486 val_mae=0.860292
2026-05-16 13:45:59,311 - INFO - Epoch 74/100 | train_loss=0.078702 | val_f1=0.678571 val_acc=0.777778 val_kappa=0.400000 val_ccc=-0.067389 val_rmse=1.052039 val_mae=0.876041
2026-05-16 13:46:03,034 - INFO - Epoch 75/100 | train_loss=0.072212 | val_f1=0.678571 val_acc=0.777778 val_kappa=0.400000 val_ccc=-0.059837 val_rmse=1.045981 val_mae=0.826310
2026-05-16 13:46:06,757 - INFO - Epoch 76/100 | train_loss=0.084063 | val_f1=0.678571 val_acc=0.777778 val_kappa=0.400000 val_ccc=-0.064085 val_rmse=1.044701 val_mae=0.845858
2026-05-16 13:46:10,541 - INFO - Epoch 77/100 | train_loss=0.064193 | val_f1=0.678571 val_acc=0.777778 val_kappa=0.400000 val_ccc=-0.070154 val_rmse=1.045801 val_mae=0.854856
2026-05-16 13:46:14,346 - INFO - Epoch 78/100 | train_loss=0.055718 | val_f1=0.678571 val_acc=0.777778 val_kappa=0.400000 val_ccc=-0.070258 val_rmse=1.046320 val_mae=0.837642
2026-05-16 13:46:18,037 - INFO - Epoch 79/100 | train_loss=0.062592 | val_f1=0.678571 val_acc=0.777778 val_kappa=0.400000 val_ccc=-0.072763 val_rmse=1.047613 val_mae=0.842197
2026-05-16 13:46:21,846 - INFO - Epoch 80/100 | train_loss=0.039619 | val_f1=0.678571 val_acc=0.777778 val_kappa=0.400000 val_ccc=-0.074017 val_rmse=1.047535 val_mae=0.845987
2026-05-16 13:46:25,630 - INFO - Epoch 81/100 | train_loss=0.059740 | val_f1=0.678571 val_acc=0.777778 val_kappa=0.400000 val_ccc=-0.073801 val_rmse=1.047424 val_mae=0.850744
2026-05-16 13:46:29,381 - INFO - Epoch 82/100 | train_loss=0.092611 | val_f1=0.678571 val_acc=0.777778 val_kappa=0.400000 val_ccc=-0.072418 val_rmse=1.046538 val_mae=0.848222
2026-05-16 13:46:33,044 - INFO - Epoch 83/100 | train_loss=0.059849 | val_f1=0.678571 val_acc=0.777778 val_kappa=0.400000 val_ccc=-0.070759 val_rmse=1.046625 val_mae=0.841153
2026-05-16 13:46:36,687 - INFO - Epoch 84/100 | train_loss=0.053345 | val_f1=0.678571 val_acc=0.777778 val_kappa=0.400000 val_ccc=-0.074033 val_rmse=1.047419 val_mae=0.857892
2026-05-16 13:46:40,304 - INFO - Epoch 85/100 | train_loss=0.063824 | val_f1=0.678571 val_acc=0.777778 val_kappa=0.400000 val_ccc=-0.074384 val_rmse=1.049211 val_mae=0.843841
2026-05-16 13:46:43,790 - INFO - Epoch 86/100 | train_loss=0.067467 | val_f1=0.678571 val_acc=0.777778 val_kappa=0.400000 val_ccc=-0.073057 val_rmse=1.047896 val_mae=0.850852
2026-05-16 13:46:47,237 - INFO - Epoch 87/100 | train_loss=0.081871 | val_f1=0.678571 val_acc=0.777778 val_kappa=0.400000 val_ccc=-0.072042 val_rmse=1.048270 val_mae=0.853445
2026-05-16 13:46:50,517 - INFO - Epoch 88/100 | train_loss=0.081081 | val_f1=0.678571 val_acc=0.777778 val_kappa=0.400000 val_ccc=-0.073041 val_rmse=1.049720 val_mae=0.853257
2026-05-16 13:46:53,744 - INFO - Epoch 89/100 | train_loss=0.056678 | val_f1=0.678571 val_acc=0.777778 val_kappa=0.400000 val_ccc=-0.072678 val_rmse=1.049695 val_mae=0.845989
2026-05-16 13:46:57,122 - INFO - Epoch 90/100 | train_loss=0.070313 | val_f1=0.678571 val_acc=0.777778 val_kappa=0.400000 val_ccc=-0.072610 val_rmse=1.048979 val_mae=0.849517
2026-05-16 13:47:00,385 - INFO - Epoch 91/100 | train_loss=0.049614 | val_f1=0.678571 val_acc=0.777778 val_kappa=0.400000 val_ccc=-0.072839 val_rmse=1.048849 val_mae=0.859420
2026-05-16 13:47:03,615 - INFO - Epoch 92/100 | train_loss=0.056333 | val_f1=0.678571 val_acc=0.777778 val_kappa=0.400000 val_ccc=-0.072021 val_rmse=1.048896 val_mae=0.864197
2026-05-16 13:47:06,853 - INFO - Epoch 93/100 | train_loss=0.065522 | val_f1=0.678571 val_acc=0.777778 val_kappa=0.400000 val_ccc=-0.071350 val_rmse=1.048867 val_mae=0.864557
2026-05-16 13:47:10,255 - INFO - Epoch 94/100 | train_loss=0.071626 | val_f1=0.678571 val_acc=0.777778 val_kappa=0.400000 val_ccc=-0.070684 val_rmse=1.048588 val_mae=0.860831
2026-05-16 13:47:13,714 - INFO - Epoch 95/100 | train_loss=0.055369 | val_f1=0.678571 val_acc=0.777778 val_kappa=0.400000 val_ccc=-0.070574 val_rmse=1.048445 val_mae=0.858372
2026-05-16 13:47:17,082 - INFO - Epoch 96/100 | train_loss=0.069780 | val_f1=0.678571 val_acc=0.777778 val_kappa=0.400000 val_ccc=-0.070208 val_rmse=1.048328 val_mae=0.855350
2026-05-16 13:47:20,421 - INFO - Epoch 97/100 | train_loss=0.076140 | val_f1=0.678571 val_acc=0.777778 val_kappa=0.400000 val_ccc=-0.070040 val_rmse=1.048284 val_mae=0.853813
2026-05-16 13:47:23,867 - INFO - Epoch 98/100 | train_loss=0.058495 | val_f1=0.678571 val_acc=0.777778 val_kappa=0.400000 val_ccc=-0.070010 val_rmse=1.048313 val_mae=0.854333
2026-05-16 13:47:27,145 - INFO - Epoch 99/100 | train_loss=0.088453 | val_f1=0.678571 val_acc=0.777778 val_kappa=0.400000 val_ccc=-0.070009 val_rmse=1.048324 val_mae=0.854335
2026-05-16 13:47:30,419 - INFO - Epoch 100/100 | train_loss=0.057023 | val_f1=0.678571 val_acc=0.777778 val_kappa=0.400000 val_ccc=-0.070012 val_rmse=1.048327 val_mae=0.854393
2026-05-16 13:47:30,421 - INFO - Best checkpoint: checkpoints/Track1/A-V-G+P/binary/avgp_pure_pure_v1_binary_seed3407/best_model_2026-05-16-13.41.27.pth
2026-05-16 13:47:30,421 - INFO - Validation metrics saved to: logs/Track1/A-V-G+P/binary/avgp_pure_pure_v1_binary_seed3407/train_result_2026-05-16-13.41.27.json
