2026-05-16 13:41:28,216 - INFO - Experiment: avgp_pure_pure_v1_binary_seed42
2026-05-16 13:41:28,217 - INFO - Device: cuda
2026-05-16 13:41:28,217 - INFO - Train/Val: 78 / 9
2026-05-16 13:41:31,508 - INFO - Epoch 1/100 | train_loss=2.246973 | val_f1=0.400000 val_acc=0.666667 val_kappa=0.000000 val_ccc=-0.011755 val_rmse=0.541016 val_mae=0.521760
2026-05-16 13:41:34,531 - INFO - Epoch 2/100 | train_loss=1.557201 | val_f1=0.400000 val_acc=0.666667 val_kappa=0.000000 val_ccc=-0.009301 val_rmse=0.480622 val_mae=0.444130
2026-05-16 13:41:37,614 - INFO - Epoch 3/100 | train_loss=1.370023 | val_f1=0.400000 val_acc=0.666667 val_kappa=0.000000 val_ccc=0.002772 val_rmse=0.560752 val_mae=0.541159
2026-05-16 13:41:40,757 - INFO - Epoch 4/100 | train_loss=1.431572 | val_f1=0.400000 val_acc=0.666667 val_kappa=0.000000 val_ccc=0.020323 val_rmse=0.480091 val_mae=0.448897
2026-05-16 13:41:43,856 - INFO - Epoch 5/100 | train_loss=1.483749 | val_f1=0.400000 val_acc=0.666667 val_kappa=0.000000 val_ccc=0.028280 val_rmse=0.497732 val_mae=0.474457
2026-05-16 13:41:46,760 - INFO - Epoch 6/100 | train_loss=1.468771 | val_f1=0.400000 val_acc=0.666667 val_kappa=0.000000 val_ccc=0.031666 val_rmse=0.578435 val_mae=0.555928
2026-05-16 13:41:49,624 - INFO - Epoch 7/100 | train_loss=1.427261 | val_f1=0.400000 val_acc=0.666667 val_kappa=0.000000 val_ccc=0.045097 val_rmse=0.468082 val_mae=0.433170
2026-05-16 13:41:52,524 - INFO - Epoch 8/100 | train_loss=1.435479 | val_f1=0.400000 val_acc=0.666667 val_kappa=0.000000 val_ccc=0.053154 val_rmse=0.485016 val_mae=0.459708
2026-05-16 13:41:55,423 - INFO - Epoch 9/100 | train_loss=1.329327 | val_f1=0.400000 val_acc=0.666667 val_kappa=0.000000 val_ccc=0.067822 val_rmse=0.491404 val_mae=0.468636
2026-05-16 13:41:58,312 - INFO - Epoch 10/100 | train_loss=1.284210 | val_f1=0.400000 val_acc=0.666667 val_kappa=0.000000 val_ccc=0.114385 val_rmse=0.451910 val_mae=0.418121
2026-05-16 13:42:01,127 - INFO - Epoch 11/100 | train_loss=1.269253 | val_f1=0.400000 val_acc=0.666667 val_kappa=0.000000 val_ccc=0.135296 val_rmse=0.512396 val_mae=0.490959
2026-05-16 13:42:03,966 - INFO - Epoch 12/100 | train_loss=1.172097 | val_f1=0.400000 val_acc=0.666667 val_kappa=0.000000 val_ccc=0.239648 val_rmse=0.434161 val_mae=0.401098
2026-05-16 13:42:06,827 - INFO - Epoch 13/100 | train_loss=1.014360 | val_f1=0.400000 val_acc=0.666667 val_kappa=0.000000 val_ccc=0.284916 val_rmse=0.487727 val_mae=0.448515
2026-05-16 13:42:09,699 - INFO - Epoch 14/100 | train_loss=0.823001 | val_f1=0.357143 val_acc=0.555556 val_kappa=-0.200000 val_ccc=0.426765 val_rmse=0.420891 val_mae=0.370775
2026-05-16 13:42:12,550 - INFO - Epoch 15/100 | train_loss=0.541450 | val_f1=0.500000 val_acc=0.555556 val_kappa=0.000000 val_ccc=0.518621 val_rmse=0.390775 val_mae=0.343796
2026-05-16 13:42:15,485 - INFO - Epoch 16/100 | train_loss=0.406690 | val_f1=0.500000 val_acc=0.555556 val_kappa=0.000000 val_ccc=0.488002 val_rmse=0.404610 val_mae=0.358134
2026-05-16 13:42:18,351 - INFO - Epoch 17/100 | train_loss=0.329298 | val_f1=0.307692 val_acc=0.444444 val_kappa=-0.363636 val_ccc=0.459947 val_rmse=0.427977 val_mae=0.360071
2026-05-16 13:42:21,159 - INFO - Epoch 18/100 | train_loss=0.244358 | val_f1=0.357143 val_acc=0.555556 val_kappa=-0.200000 val_ccc=0.480761 val_rmse=0.418836 val_mae=0.377730
2026-05-16 13:42:24,009 - INFO - Epoch 19/100 | train_loss=0.267194 | val_f1=0.357143 val_acc=0.555556 val_kappa=-0.200000 val_ccc=0.520962 val_rmse=0.402146 val_mae=0.373639
2026-05-16 13:42:26,879 - INFO - Epoch 20/100 | train_loss=0.253720 | val_f1=0.307692 val_acc=0.444444 val_kappa=-0.363636 val_ccc=0.555773 val_rmse=0.420860 val_mae=0.370476
2026-05-16 13:42:29,739 - INFO - Epoch 21/100 | train_loss=0.236902 | val_f1=0.307692 val_acc=0.444444 val_kappa=-0.363636 val_ccc=0.533745 val_rmse=0.418376 val_mae=0.357721
2026-05-16 13:42:32,587 - INFO - Epoch 22/100 | train_loss=0.176918 | val_f1=0.307692 val_acc=0.444444 val_kappa=-0.363636 val_ccc=0.542340 val_rmse=0.406470 val_mae=0.342349
2026-05-16 13:42:35,415 - INFO - Epoch 23/100 | train_loss=0.133929 | val_f1=0.357143 val_acc=0.555556 val_kappa=-0.200000 val_ccc=0.543211 val_rmse=0.424405 val_mae=0.354488
2026-05-16 13:42:38,262 - INFO - Epoch 24/100 | train_loss=0.137245 | val_f1=0.307692 val_acc=0.444444 val_kappa=-0.363636 val_ccc=0.610719 val_rmse=0.390748 val_mae=0.326685
2026-05-16 13:42:41,120 - INFO - Epoch 25/100 | train_loss=0.148593 | val_f1=0.357143 val_acc=0.555556 val_kappa=-0.200000 val_ccc=0.595466 val_rmse=0.408666 val_mae=0.335467
2026-05-16 13:42:43,977 - INFO - Epoch 26/100 | train_loss=0.122400 | val_f1=0.307692 val_acc=0.444444 val_kappa=-0.363636 val_ccc=0.586843 val_rmse=0.392828 val_mae=0.336727
2026-05-16 13:42:46,942 - INFO - Epoch 27/100 | train_loss=0.138991 | val_f1=0.400000 val_acc=0.666667 val_kappa=0.000000 val_ccc=0.514219 val_rmse=0.467878 val_mae=0.375807
2026-05-16 13:42:49,831 - INFO - Epoch 28/100 | train_loss=0.110440 | val_f1=0.307692 val_acc=0.444444 val_kappa=-0.363636 val_ccc=0.598236 val_rmse=0.384331 val_mae=0.319109
2026-05-16 13:42:52,934 - INFO - Epoch 29/100 | train_loss=0.122444 | val_f1=0.357143 val_acc=0.555556 val_kappa=-0.200000 val_ccc=0.567456 val_rmse=0.401322 val_mae=0.342184
2026-05-16 13:42:56,088 - INFO - Epoch 30/100 | train_loss=0.129840 | val_f1=0.357143 val_acc=0.555556 val_kappa=-0.200000 val_ccc=0.563331 val_rmse=0.401792 val_mae=0.347205
2026-05-16 13:42:59,016 - INFO - Epoch 31/100 | train_loss=0.108785 | val_f1=0.357143 val_acc=0.555556 val_kappa=-0.200000 val_ccc=0.557066 val_rmse=0.418576 val_mae=0.351952
2026-05-16 13:43:01,896 - INFO - Epoch 32/100 | train_loss=0.140737 | val_f1=0.357143 val_acc=0.555556 val_kappa=-0.200000 val_ccc=0.559817 val_rmse=0.402189 val_mae=0.349026
2026-05-16 13:43:04,769 - INFO - Epoch 33/100 | train_loss=0.095533 | val_f1=0.357143 val_acc=0.555556 val_kappa=-0.200000 val_ccc=0.515499 val_rmse=0.434850 val_mae=0.371539
2026-05-16 13:43:07,624 - INFO - Epoch 34/100 | train_loss=0.129015 | val_f1=0.307692 val_acc=0.444444 val_kappa=-0.363636 val_ccc=0.553326 val_rmse=0.408617 val_mae=0.358349
2026-05-16 13:43:10,505 - INFO - Epoch 35/100 | train_loss=0.109199 | val_f1=0.357143 val_acc=0.555556 val_kappa=-0.200000 val_ccc=0.571209 val_rmse=0.407395 val_mae=0.353542
2026-05-16 13:43:13,446 - INFO - Epoch 36/100 | train_loss=0.086657 | val_f1=0.357143 val_acc=0.555556 val_kappa=-0.200000 val_ccc=0.575909 val_rmse=0.404365 val_mae=0.356307
2026-05-16 13:43:16,425 - INFO - Epoch 37/100 | train_loss=0.108883 | val_f1=0.357143 val_acc=0.555556 val_kappa=-0.200000 val_ccc=0.542622 val_rmse=0.412113 val_mae=0.362474
2026-05-16 13:43:19,414 - INFO - Epoch 38/100 | train_loss=0.076399 | val_f1=0.357143 val_acc=0.555556 val_kappa=-0.200000 val_ccc=0.511601 val_rmse=0.424669 val_mae=0.363712
2026-05-16 13:43:22,315 - INFO - Epoch 39/100 | train_loss=0.126324 | val_f1=0.357143 val_acc=0.555556 val_kappa=-0.200000 val_ccc=0.531495 val_rmse=0.432737 val_mae=0.371960
2026-05-16 13:43:25,207 - INFO - Epoch 40/100 | train_loss=0.113546 | val_f1=0.357143 val_acc=0.555556 val_kappa=-0.200000 val_ccc=0.539361 val_rmse=0.424142 val_mae=0.375722
2026-05-16 13:43:29,299 - INFO - Epoch 41/100 | train_loss=0.109874 | val_f1=0.357143 val_acc=0.555556 val_kappa=-0.200000 val_ccc=0.447529 val_rmse=0.507789 val_mae=0.410592
2026-05-16 13:43:33,076 - INFO - Epoch 42/100 | train_loss=0.107851 | val_f1=0.357143 val_acc=0.555556 val_kappa=-0.200000 val_ccc=0.590789 val_rmse=0.408242 val_mae=0.342361
2026-05-16 13:43:36,036 - INFO - Epoch 43/100 | train_loss=0.090870 | val_f1=0.357143 val_acc=0.555556 val_kappa=-0.200000 val_ccc=0.577765 val_rmse=0.399155 val_mae=0.339544
2026-05-16 13:43:38,945 - INFO - Epoch 44/100 | train_loss=0.096068 | val_f1=0.400000 val_acc=0.666667 val_kappa=0.000000 val_ccc=0.545530 val_rmse=0.425771 val_mae=0.363106
2026-05-16 13:43:41,799 - INFO - Epoch 45/100 | train_loss=0.100096 | val_f1=0.400000 val_acc=0.666667 val_kappa=0.000000 val_ccc=0.531300 val_rmse=0.431029 val_mae=0.366933
2026-05-16 13:43:44,700 - INFO - Epoch 46/100 | train_loss=0.097150 | val_f1=0.357143 val_acc=0.555556 val_kappa=-0.200000 val_ccc=0.545658 val_rmse=0.406703 val_mae=0.357974
2026-05-16 13:43:47,614 - INFO - Epoch 47/100 | train_loss=0.111908 | val_f1=0.357143 val_acc=0.555556 val_kappa=-0.200000 val_ccc=0.539445 val_rmse=0.412442 val_mae=0.357448
2026-05-16 13:43:50,501 - INFO - Epoch 48/100 | train_loss=0.085727 | val_f1=0.357143 val_acc=0.555556 val_kappa=-0.200000 val_ccc=0.494033 val_rmse=0.454888 val_mae=0.369767
2026-05-16 13:43:53,424 - INFO - Epoch 49/100 | train_loss=0.084459 | val_f1=0.357143 val_acc=0.555556 val_kappa=-0.200000 val_ccc=0.568664 val_rmse=0.395766 val_mae=0.343695
2026-05-16 13:43:56,313 - INFO - Epoch 50/100 | train_loss=0.072151 | val_f1=0.357143 val_acc=0.555556 val_kappa=-0.200000 val_ccc=0.506780 val_rmse=0.445801 val_mae=0.366315
2026-05-16 13:43:59,222 - INFO - Epoch 51/100 | train_loss=0.110956 | val_f1=0.357143 val_acc=0.555556 val_kappa=-0.200000 val_ccc=0.537166 val_rmse=0.410051 val_mae=0.357411
2026-05-16 13:44:02,106 - INFO - Epoch 52/100 | train_loss=0.059106 | val_f1=0.357143 val_acc=0.555556 val_kappa=-0.200000 val_ccc=0.490162 val_rmse=0.443433 val_mae=0.373309
2026-05-16 13:44:04,978 - INFO - Epoch 53/100 | train_loss=0.093895 | val_f1=0.357143 val_acc=0.555556 val_kappa=-0.200000 val_ccc=0.524311 val_rmse=0.416519 val_mae=0.367783
2026-05-16 13:44:07,899 - INFO - Epoch 54/100 | train_loss=0.089358 | val_f1=0.400000 val_acc=0.666667 val_kappa=0.000000 val_ccc=0.511663 val_rmse=0.437814 val_mae=0.378979
2026-05-16 13:44:10,955 - INFO - Epoch 55/100 | train_loss=0.072494 | val_f1=0.400000 val_acc=0.666667 val_kappa=0.000000 val_ccc=0.458201 val_rmse=0.487023 val_mae=0.398036
2026-05-16 13:44:13,900 - INFO - Epoch 56/100 | train_loss=0.083912 | val_f1=0.357143 val_acc=0.555556 val_kappa=-0.200000 val_ccc=0.534382 val_rmse=0.407657 val_mae=0.358157
2026-05-16 13:44:16,809 - INFO - Epoch 57/100 | train_loss=0.089230 | val_f1=0.357143 val_acc=0.555556 val_kappa=-0.200000 val_ccc=0.470623 val_rmse=0.459120 val_mae=0.368025
2026-05-16 13:44:19,720 - INFO - Epoch 58/100 | train_loss=0.065169 | val_f1=0.357143 val_acc=0.555556 val_kappa=-0.200000 val_ccc=0.471605 val_rmse=0.469988 val_mae=0.374390
2026-05-16 13:44:22,756 - INFO - Epoch 59/100 | train_loss=0.070174 | val_f1=0.357143 val_acc=0.555556 val_kappa=-0.200000 val_ccc=0.581560 val_rmse=0.384256 val_mae=0.330616
2026-05-16 13:44:25,670 - INFO - Epoch 60/100 | train_loss=0.087651 | val_f1=0.357143 val_acc=0.555556 val_kappa=-0.200000 val_ccc=0.561179 val_rmse=0.395794 val_mae=0.338496
2026-05-16 13:44:28,574 - INFO - Epoch 61/100 | train_loss=0.090268 | val_f1=0.400000 val_acc=0.666667 val_kappa=0.000000 val_ccc=0.535403 val_rmse=0.412403 val_mae=0.350361
2026-05-16 13:44:31,490 - INFO - Epoch 62/100 | train_loss=0.072828 | val_f1=0.400000 val_acc=0.666667 val_kappa=0.000000 val_ccc=0.480594 val_rmse=0.462462 val_mae=0.377752
2026-05-16 13:44:34,401 - INFO - Epoch 63/100 | train_loss=0.113648 | val_f1=0.400000 val_acc=0.666667 val_kappa=0.000000 val_ccc=0.526450 val_rmse=0.420932 val_mae=0.357945
2026-05-16 13:44:37,656 - INFO - Epoch 64/100 | train_loss=0.072659 | val_f1=0.357143 val_acc=0.555556 val_kappa=-0.200000 val_ccc=0.512400 val_rmse=0.424855 val_mae=0.359096
2026-05-16 13:44:40,586 - INFO - Epoch 65/100 | train_loss=0.070474 | val_f1=0.357143 val_acc=0.555556 val_kappa=-0.200000 val_ccc=0.486394 val_rmse=0.438394 val_mae=0.366474
2026-05-16 13:44:43,422 - INFO - Epoch 66/100 | train_loss=0.073535 | val_f1=0.307692 val_acc=0.444444 val_kappa=-0.363636 val_ccc=0.522884 val_rmse=0.412474 val_mae=0.354151
2026-05-16 13:44:46,365 - INFO - Epoch 67/100 | train_loss=0.060596 | val_f1=0.357143 val_acc=0.555556 val_kappa=-0.200000 val_ccc=0.504066 val_rmse=0.432501 val_mae=0.357742
2026-05-16 13:44:49,397 - INFO - Epoch 68/100 | train_loss=0.072624 | val_f1=0.357143 val_acc=0.555556 val_kappa=-0.200000 val_ccc=0.526847 val_rmse=0.415070 val_mae=0.350841
2026-05-16 13:44:52,450 - INFO - Epoch 69/100 | train_loss=0.059907 | val_f1=0.400000 val_acc=0.666667 val_kappa=0.000000 val_ccc=0.508404 val_rmse=0.432021 val_mae=0.353498
2026-05-16 13:44:55,396 - INFO - Epoch 70/100 | train_loss=0.072794 | val_f1=0.400000 val_acc=0.666667 val_kappa=0.000000 val_ccc=0.484125 val_rmse=0.448672 val_mae=0.359409
2026-05-16 13:44:58,294 - INFO - Epoch 71/100 | train_loss=0.059483 | val_f1=0.357143 val_acc=0.555556 val_kappa=-0.200000 val_ccc=0.548940 val_rmse=0.401054 val_mae=0.343920
2026-05-16 13:45:01,172 - INFO - Epoch 72/100 | train_loss=0.064004 | val_f1=0.400000 val_acc=0.666667 val_kappa=0.000000 val_ccc=0.480388 val_rmse=0.458554 val_mae=0.359677
2026-05-16 13:45:04,085 - INFO - Epoch 73/100 | train_loss=0.073519 | val_f1=0.357143 val_acc=0.555556 val_kappa=-0.200000 val_ccc=0.556681 val_rmse=0.401006 val_mae=0.339491
2026-05-16 13:45:06,998 - INFO - Epoch 74/100 | train_loss=0.068078 | val_f1=0.357143 val_acc=0.555556 val_kappa=-0.200000 val_ccc=0.547755 val_rmse=0.406367 val_mae=0.342562
2026-05-16 13:45:09,865 - INFO - Epoch 75/100 | train_loss=0.101731 | val_f1=0.357143 val_acc=0.555556 val_kappa=-0.200000 val_ccc=0.491632 val_rmse=0.447675 val_mae=0.355972
2026-05-16 13:45:12,758 - INFO - Epoch 76/100 | train_loss=0.063776 | val_f1=0.357143 val_acc=0.555556 val_kappa=-0.200000 val_ccc=0.554785 val_rmse=0.400956 val_mae=0.341454
2026-05-16 13:45:15,655 - INFO - Epoch 77/100 | train_loss=0.055918 | val_f1=0.400000 val_acc=0.666667 val_kappa=0.000000 val_ccc=0.496364 val_rmse=0.447905 val_mae=0.358420
2026-05-16 13:45:18,546 - INFO - Epoch 78/100 | train_loss=0.053914 | val_f1=0.400000 val_acc=0.666667 val_kappa=0.000000 val_ccc=0.486385 val_rmse=0.452800 val_mae=0.364068
2026-05-16 13:45:21,443 - INFO - Epoch 79/100 | train_loss=0.075213 | val_f1=0.400000 val_acc=0.666667 val_kappa=0.000000 val_ccc=0.533082 val_rmse=0.419750 val_mae=0.355867
2026-05-16 13:45:24,351 - INFO - Epoch 80/100 | train_loss=0.065132 | val_f1=0.357143 val_acc=0.555556 val_kappa=-0.200000 val_ccc=0.543018 val_rmse=0.416162 val_mae=0.352147
2026-05-16 13:45:27,360 - INFO - Epoch 81/100 | train_loss=0.052026 | val_f1=0.357143 val_acc=0.555556 val_kappa=-0.200000 val_ccc=0.532243 val_rmse=0.426297 val_mae=0.352694
2026-05-16 13:45:30,350 - INFO - Epoch 82/100 | train_loss=0.086724 | val_f1=0.357143 val_acc=0.555556 val_kappa=-0.200000 val_ccc=0.506157 val_rmse=0.447616 val_mae=0.357899
2026-05-16 13:45:33,311 - INFO - Epoch 83/100 | train_loss=0.049276 | val_f1=0.357143 val_acc=0.555556 val_kappa=-0.200000 val_ccc=0.543991 val_rmse=0.417265 val_mae=0.347464
2026-05-16 13:45:36,264 - INFO - Epoch 84/100 | train_loss=0.069052 | val_f1=0.357143 val_acc=0.555556 val_kappa=-0.200000 val_ccc=0.548739 val_rmse=0.413087 val_mae=0.345981
2026-05-16 13:45:39,207 - INFO - Epoch 85/100 | train_loss=0.055670 | val_f1=0.357143 val_acc=0.555556 val_kappa=-0.200000 val_ccc=0.538957 val_rmse=0.418921 val_mae=0.348085
2026-05-16 13:45:42,187 - INFO - Epoch 86/100 | train_loss=0.081409 | val_f1=0.357143 val_acc=0.555556 val_kappa=-0.200000 val_ccc=0.551495 val_rmse=0.409231 val_mae=0.343985
2026-05-16 13:45:45,219 - INFO - Epoch 87/100 | train_loss=0.069966 | val_f1=0.357143 val_acc=0.555556 val_kappa=-0.200000 val_ccc=0.552387 val_rmse=0.407898 val_mae=0.343672
2026-05-16 13:45:48,250 - INFO - Epoch 88/100 | train_loss=0.085893 | val_f1=0.357143 val_acc=0.555556 val_kappa=-0.200000 val_ccc=0.558446 val_rmse=0.403500 val_mae=0.342468
2026-05-16 13:45:51,316 - INFO - Epoch 89/100 | train_loss=0.047857 | val_f1=0.357143 val_acc=0.555556 val_kappa=-0.200000 val_ccc=0.546736 val_rmse=0.412287 val_mae=0.346784
2026-05-16 13:45:54,396 - INFO - Epoch 90/100 | train_loss=0.057320 | val_f1=0.357143 val_acc=0.555556 val_kappa=-0.200000 val_ccc=0.547418 val_rmse=0.412631 val_mae=0.346677
2026-05-16 13:45:57,461 - INFO - Epoch 91/100 | train_loss=0.065859 | val_f1=0.357143 val_acc=0.555556 val_kappa=-0.200000 val_ccc=0.550105 val_rmse=0.410865 val_mae=0.345948
2026-05-16 13:46:00,516 - INFO - Epoch 92/100 | train_loss=0.082320 | val_f1=0.357143 val_acc=0.555556 val_kappa=-0.200000 val_ccc=0.551105 val_rmse=0.409751 val_mae=0.345499
2026-05-16 13:46:03,565 - INFO - Epoch 93/100 | train_loss=0.124972 | val_f1=0.357143 val_acc=0.555556 val_kappa=-0.200000 val_ccc=0.548811 val_rmse=0.411733 val_mae=0.346248
2026-05-16 13:46:06,673 - INFO - Epoch 94/100 | train_loss=0.063726 | val_f1=0.357143 val_acc=0.555556 val_kappa=-0.200000 val_ccc=0.551418 val_rmse=0.410275 val_mae=0.345631
2026-05-16 13:46:09,682 - INFO - Epoch 95/100 | train_loss=0.079104 | val_f1=0.357143 val_acc=0.555556 val_kappa=-0.200000 val_ccc=0.553586 val_rmse=0.408983 val_mae=0.345145
2026-05-16 13:46:12,658 - INFO - Epoch 96/100 | train_loss=0.073404 | val_f1=0.357143 val_acc=0.555556 val_kappa=-0.200000 val_ccc=0.552546 val_rmse=0.409793 val_mae=0.345550
2026-05-16 13:46:15,451 - INFO - Epoch 97/100 | train_loss=0.066055 | val_f1=0.357143 val_acc=0.555556 val_kappa=-0.200000 val_ccc=0.551192 val_rmse=0.411010 val_mae=0.345978
2026-05-16 13:46:18,216 - INFO - Epoch 98/100 | train_loss=0.053810 | val_f1=0.357143 val_acc=0.555556 val_kappa=-0.200000 val_ccc=0.550510 val_rmse=0.411562 val_mae=0.346187
2026-05-16 13:46:21,018 - INFO - Epoch 99/100 | train_loss=0.079787 | val_f1=0.357143 val_acc=0.555556 val_kappa=-0.200000 val_ccc=0.550360 val_rmse=0.411678 val_mae=0.346237
2026-05-16 13:46:24,013 - INFO - Epoch 100/100 | train_loss=0.052685 | val_f1=0.357143 val_acc=0.555556 val_kappa=-0.200000 val_ccc=0.550327 val_rmse=0.411696 val_mae=0.346249
2026-05-16 13:46:24,016 - INFO - Best checkpoint: checkpoints/Track1/A-V-G+P/binary/avgp_pure_pure_v1_binary_seed42/best_model_2026-05-16-13.41.27.pth
2026-05-16 13:46:24,016 - INFO - Validation metrics saved to: logs/Track1/A-V-G+P/binary/avgp_pure_pure_v1_binary_seed42/train_result_2026-05-16-13.41.27.json
