2026-05-16 13:41:28,433 - INFO - Experiment: avgp_pure_pure_v1_ternary_seed42
2026-05-16 13:41:28,433 - INFO - Device: cuda
2026-05-16 13:41:28,434 - INFO - Train/Val: 78 / 9
2026-05-16 13:41:34,430 - INFO - Epoch 1/150 | train_loss=2.145437 | val_f1=0.266667 val_acc=0.666667 val_kappa=0.000000 val_ccc=0.015914 val_rmse=0.539613 val_mae=0.462710
2026-05-16 13:41:40,090 - INFO - Epoch 2/150 | train_loss=1.822487 | val_f1=0.228571 val_acc=0.333333 val_kappa=0.084746 val_ccc=0.010700 val_rmse=0.593234 val_mae=0.468909
2026-05-16 13:41:45,839 - INFO - Epoch 3/150 | train_loss=1.867869 | val_f1=0.266667 val_acc=0.666667 val_kappa=0.000000 val_ccc=0.008538 val_rmse=0.607736 val_mae=0.474148
2026-05-16 13:41:51,556 - INFO - Epoch 4/150 | train_loss=1.776148 | val_f1=0.266667 val_acc=0.666667 val_kappa=0.000000 val_ccc=0.007633 val_rmse=0.589687 val_mae=0.469523
2026-05-16 13:41:57,038 - INFO - Epoch 5/150 | train_loss=1.638803 | val_f1=0.266667 val_acc=0.666667 val_kappa=0.000000 val_ccc=0.003135 val_rmse=0.615496 val_mae=0.478589
2026-05-16 13:42:02,330 - INFO - Epoch 6/150 | train_loss=1.650699 | val_f1=0.266667 val_acc=0.666667 val_kappa=0.000000 val_ccc=0.003517 val_rmse=0.602599 val_mae=0.475442
2026-05-16 13:42:07,565 - INFO - Epoch 7/150 | train_loss=1.750709 | val_f1=0.266667 val_acc=0.666667 val_kappa=0.000000 val_ccc=0.005486 val_rmse=0.595425 val_mae=0.472288
2026-05-16 13:42:12,802 - INFO - Epoch 8/150 | train_loss=1.840425 | val_f1=0.266667 val_acc=0.666667 val_kappa=0.000000 val_ccc=0.005877 val_rmse=0.620448 val_mae=0.477167
2026-05-16 13:42:17,998 - INFO - Epoch 9/150 | train_loss=1.764738 | val_f1=0.266667 val_acc=0.666667 val_kappa=0.000000 val_ccc=0.010042 val_rmse=0.578651 val_mae=0.464422
2026-05-16 13:42:23,209 - INFO - Epoch 10/150 | train_loss=1.760784 | val_f1=0.266667 val_acc=0.666667 val_kappa=0.000000 val_ccc=0.014399 val_rmse=0.592299 val_mae=0.465619
2026-05-16 13:42:28,430 - INFO - Epoch 11/150 | train_loss=1.728320 | val_f1=0.266667 val_acc=0.666667 val_kappa=0.000000 val_ccc=0.017365 val_rmse=0.563504 val_mae=0.454300
2026-05-16 13:42:33,643 - INFO - Epoch 12/150 | train_loss=1.661152 | val_f1=0.266667 val_acc=0.666667 val_kappa=0.000000 val_ccc=0.018561 val_rmse=0.582634 val_mae=0.460420
2026-05-16 13:42:38,860 - INFO - Epoch 13/150 | train_loss=1.704295 | val_f1=0.266667 val_acc=0.666667 val_kappa=0.000000 val_ccc=0.024310 val_rmse=0.575461 val_mae=0.456421
2026-05-16 13:42:44,224 - INFO - Epoch 14/150 | train_loss=1.739381 | val_f1=0.266667 val_acc=0.666667 val_kappa=0.000000 val_ccc=0.040706 val_rmse=0.536639 val_mae=0.444981
2026-05-16 13:42:49,408 - INFO - Epoch 15/150 | train_loss=1.753007 | val_f1=0.238095 val_acc=0.555556 val_kappa=-0.161290 val_ccc=0.035348 val_rmse=0.586281 val_mae=0.455793
2026-05-16 13:42:54,834 - INFO - Epoch 16/150 | train_loss=1.699905 | val_f1=0.353535 val_acc=0.555556 val_kappa=0.162791 val_ccc=0.053124 val_rmse=0.540943 val_mae=0.434854
2026-05-16 13:43:00,140 - INFO - Epoch 17/150 | train_loss=1.646651 | val_f1=0.266667 val_acc=0.666667 val_kappa=0.000000 val_ccc=0.058689 val_rmse=0.547225 val_mae=0.437989
2026-05-16 13:43:05,648 - INFO - Epoch 18/150 | train_loss=1.637477 | val_f1=0.266667 val_acc=0.666667 val_kappa=0.000000 val_ccc=0.058778 val_rmse=0.566671 val_mae=0.445392
2026-05-16 13:43:11,088 - INFO - Epoch 19/150 | train_loss=1.622775 | val_f1=0.295238 val_acc=0.444444 val_kappa=0.042553 val_ccc=0.093079 val_rmse=0.537774 val_mae=0.423785
2026-05-16 13:43:16,029 - INFO - Epoch 20/150 | train_loss=1.527769 | val_f1=0.266667 val_acc=0.666667 val_kappa=0.000000 val_ccc=0.115061 val_rmse=0.532901 val_mae=0.420462
2026-05-16 13:43:20,945 - INFO - Epoch 21/150 | train_loss=1.450739 | val_f1=0.266667 val_acc=0.666667 val_kappa=0.000000 val_ccc=0.096862 val_rmse=0.640574 val_mae=0.528960
2026-05-16 13:43:25,710 - INFO - Epoch 22/150 | train_loss=1.547133 | val_f1=0.266667 val_acc=0.666667 val_kappa=0.000000 val_ccc=0.137747 val_rmse=0.602874 val_mae=0.502290
2026-05-16 13:43:30,476 - INFO - Epoch 23/150 | train_loss=1.375244 | val_f1=0.295238 val_acc=0.444444 val_kappa=0.042553 val_ccc=0.200178 val_rmse=0.525254 val_mae=0.414427
2026-05-16 13:43:35,241 - INFO - Epoch 24/150 | train_loss=1.412343 | val_f1=0.266667 val_acc=0.666667 val_kappa=0.000000 val_ccc=0.118139 val_rmse=0.735275 val_mae=0.646289
2026-05-16 13:43:40,137 - INFO - Epoch 25/150 | train_loss=1.318019 | val_f1=0.285714 val_acc=0.666667 val_kappa=0.156250 val_ccc=0.249288 val_rmse=0.540268 val_mae=0.424272
2026-05-16 13:43:45,489 - INFO - Epoch 26/150 | train_loss=1.336250 | val_f1=0.388889 val_acc=0.555556 val_kappa=0.294118 val_ccc=0.298968 val_rmse=0.552708 val_mae=0.432950
2026-05-16 13:43:51,034 - INFO - Epoch 27/150 | train_loss=1.230017 | val_f1=0.388889 val_acc=0.555556 val_kappa=0.294118 val_ccc=0.264527 val_rmse=0.580944 val_mae=0.438973
2026-05-16 13:43:57,545 - INFO - Epoch 28/150 | train_loss=1.164082 | val_f1=0.242424 val_acc=0.444444 val_kappa=0.000000 val_ccc=0.328321 val_rmse=0.569578 val_mae=0.467648
2026-05-16 13:44:03,769 - INFO - Epoch 29/150 | train_loss=1.262481 | val_f1=0.457143 val_acc=0.666667 val_kappa=0.425532 val_ccc=0.283424 val_rmse=0.637852 val_mae=0.468006
2026-05-16 13:44:08,741 - INFO - Epoch 30/150 | train_loss=1.092486 | val_f1=0.242424 val_acc=0.444444 val_kappa=-0.022727 val_ccc=0.337642 val_rmse=0.598937 val_mae=0.495487
2026-05-16 13:44:13,571 - INFO - Epoch 31/150 | train_loss=0.969954 | val_f1=0.457143 val_acc=0.666667 val_kappa=0.425532 val_ccc=0.389970 val_rmse=0.547326 val_mae=0.442059
2026-05-16 13:44:18,506 - INFO - Epoch 32/150 | train_loss=0.871680 | val_f1=0.457143 val_acc=0.666667 val_kappa=0.425532 val_ccc=0.265752 val_rmse=0.698578 val_mae=0.541669
2026-05-16 13:44:23,412 - INFO - Epoch 33/150 | train_loss=0.901833 | val_f1=0.377778 val_acc=0.555556 val_kappa=0.250000 val_ccc=0.407660 val_rmse=0.559928 val_mae=0.428571
2026-05-16 13:44:28,347 - INFO - Epoch 34/150 | train_loss=0.760220 | val_f1=0.242424 val_acc=0.444444 val_kappa=0.000000 val_ccc=0.399957 val_rmse=0.559777 val_mae=0.432123
2026-05-16 13:44:33,262 - INFO - Epoch 35/150 | train_loss=0.724691 | val_f1=0.242424 val_acc=0.444444 val_kappa=0.000000 val_ccc=0.356259 val_rmse=0.601428 val_mae=0.452295
2026-05-16 13:44:38,183 - INFO - Epoch 36/150 | train_loss=0.577974 | val_f1=0.333333 val_acc=0.444444 val_kappa=0.150943 val_ccc=0.295715 val_rmse=0.702623 val_mae=0.526052
2026-05-16 13:44:43,461 - INFO - Epoch 37/150 | train_loss=0.648530 | val_f1=0.400000 val_acc=0.555556 val_kappa=0.265306 val_ccc=0.376381 val_rmse=0.615068 val_mae=0.449888
2026-05-16 13:44:49,496 - INFO - Epoch 38/150 | train_loss=0.500237 | val_f1=0.377778 val_acc=0.555556 val_kappa=0.250000 val_ccc=0.410012 val_rmse=0.553325 val_mae=0.434569
2026-05-16 13:44:55,657 - INFO - Epoch 39/150 | train_loss=0.528647 | val_f1=0.277778 val_acc=0.555556 val_kappa=0.100000 val_ccc=0.467672 val_rmse=0.553124 val_mae=0.428597
2026-05-16 13:45:02,072 - INFO - Epoch 40/150 | train_loss=0.658849 | val_f1=0.242424 val_acc=0.444444 val_kappa=0.000000 val_ccc=0.399263 val_rmse=0.574468 val_mae=0.463891
2026-05-16 13:45:08,542 - INFO - Epoch 41/150 | train_loss=0.492446 | val_f1=0.457143 val_acc=0.666667 val_kappa=0.425532 val_ccc=0.379402 val_rmse=0.547964 val_mae=0.418792
2026-05-16 13:45:14,796 - INFO - Epoch 42/150 | train_loss=0.510228 | val_f1=0.400000 val_acc=0.555556 val_kappa=0.265306 val_ccc=0.371802 val_rmse=0.587724 val_mae=0.428381
2026-05-16 13:45:20,785 - INFO - Epoch 43/150 | train_loss=0.443539 | val_f1=0.238095 val_acc=0.555556 val_kappa=-0.161290 val_ccc=0.385857 val_rmse=0.590470 val_mae=0.513048
2026-05-16 13:45:27,137 - INFO - Epoch 44/150 | train_loss=0.490443 | val_f1=0.377778 val_acc=0.555556 val_kappa=0.250000 val_ccc=0.379468 val_rmse=0.603637 val_mae=0.427877
2026-05-16 13:45:33,473 - INFO - Epoch 45/150 | train_loss=0.365342 | val_f1=0.317460 val_acc=0.444444 val_kappa=0.134615 val_ccc=0.299245 val_rmse=0.661582 val_mae=0.479393
2026-05-16 13:45:39,887 - INFO - Epoch 46/150 | train_loss=0.281412 | val_f1=0.400000 val_acc=0.555556 val_kappa=0.265306 val_ccc=0.338645 val_rmse=0.678421 val_mae=0.489394
2026-05-16 13:45:46,263 - INFO - Epoch 47/150 | train_loss=0.292960 | val_f1=0.411111 val_acc=0.666667 val_kappa=0.307692 val_ccc=0.357873 val_rmse=0.615561 val_mae=0.517868
2026-05-16 13:45:52,586 - INFO - Epoch 48/150 | train_loss=0.437522 | val_f1=0.333333 val_acc=0.444444 val_kappa=0.150943 val_ccc=0.267117 val_rmse=0.803532 val_mae=0.626147
2026-05-16 13:45:58,769 - INFO - Epoch 49/150 | train_loss=0.363471 | val_f1=0.256410 val_acc=0.555556 val_kappa=-0.028571 val_ccc=0.451352 val_rmse=0.556256 val_mae=0.429477
2026-05-16 13:46:04,995 - INFO - Epoch 50/150 | train_loss=0.312188 | val_f1=0.400000 val_acc=0.555556 val_kappa=0.265306 val_ccc=0.427429 val_rmse=0.571749 val_mae=0.415671
2026-05-16 13:46:11,392 - INFO - Epoch 51/150 | train_loss=0.200131 | val_f1=0.400000 val_acc=0.555556 val_kappa=0.265306 val_ccc=0.374870 val_rmse=0.613489 val_mae=0.434325
2026-05-16 13:46:17,765 - INFO - Epoch 52/150 | train_loss=0.242590 | val_f1=0.277778 val_acc=0.555556 val_kappa=0.100000 val_ccc=0.474616 val_rmse=0.600811 val_mae=0.428977
2026-05-16 13:46:24,188 - INFO - Epoch 53/150 | train_loss=0.199688 | val_f1=0.400000 val_acc=0.555556 val_kappa=0.265306 val_ccc=0.348562 val_rmse=0.691585 val_mae=0.519982
2026-05-16 13:46:30,524 - INFO - Epoch 54/150 | train_loss=0.189869 | val_f1=0.377778 val_acc=0.555556 val_kappa=0.250000 val_ccc=0.370156 val_rmse=0.624660 val_mae=0.462864
2026-05-16 13:46:36,586 - INFO - Epoch 55/150 | train_loss=0.160687 | val_f1=0.400000 val_acc=0.555556 val_kappa=0.265306 val_ccc=0.320553 val_rmse=0.761943 val_mae=0.583595
2026-05-16 13:46:41,693 - INFO - Epoch 56/150 | train_loss=0.224579 | val_f1=0.277778 val_acc=0.555556 val_kappa=0.100000 val_ccc=0.387070 val_rmse=0.597206 val_mae=0.440241
2026-05-16 13:46:46,233 - INFO - Epoch 57/150 | train_loss=0.177709 | val_f1=0.277778 val_acc=0.555556 val_kappa=0.100000 val_ccc=0.465870 val_rmse=0.558725 val_mae=0.469294
2026-05-16 13:46:50,646 - INFO - Epoch 58/150 | train_loss=0.206616 | val_f1=0.436364 val_acc=0.666667 val_kappa=0.386364 val_ccc=0.440587 val_rmse=0.600526 val_mae=0.425869
2026-05-16 13:46:55,008 - INFO - Epoch 59/150 | train_loss=0.127139 | val_f1=0.400000 val_acc=0.555556 val_kappa=0.265306 val_ccc=0.347341 val_rmse=0.694750 val_mae=0.485100
2026-05-16 13:46:59,347 - INFO - Epoch 60/150 | train_loss=0.155791 | val_f1=0.242424 val_acc=0.444444 val_kappa=0.000000 val_ccc=0.373315 val_rmse=0.645417 val_mae=0.468672
2026-05-16 13:47:03,711 - INFO - Epoch 61/150 | train_loss=0.118949 | val_f1=0.377778 val_acc=0.555556 val_kappa=0.250000 val_ccc=0.443143 val_rmse=0.568637 val_mae=0.417003
2026-05-16 13:47:08,165 - INFO - Epoch 62/150 | train_loss=0.093302 | val_f1=0.400000 val_acc=0.555556 val_kappa=0.265306 val_ccc=0.333241 val_rmse=0.679943 val_mae=0.509690
2026-05-16 13:47:12,511 - INFO - Epoch 63/150 | train_loss=0.168675 | val_f1=0.333333 val_acc=0.444444 val_kappa=0.150943 val_ccc=0.298491 val_rmse=0.694187 val_mae=0.526803
2026-05-16 13:47:17,108 - INFO - Epoch 64/150 | train_loss=0.127736 | val_f1=0.400000 val_acc=0.555556 val_kappa=0.265306 val_ccc=0.350008 val_rmse=0.670223 val_mae=0.485964
2026-05-16 13:47:21,603 - INFO - Epoch 65/150 | train_loss=0.133998 | val_f1=0.242424 val_acc=0.444444 val_kappa=-0.022727 val_ccc=0.341083 val_rmse=0.644345 val_mae=0.484545
2026-05-16 13:47:26,098 - INFO - Epoch 66/150 | train_loss=0.114765 | val_f1=0.400000 val_acc=0.555556 val_kappa=0.265306 val_ccc=0.309776 val_rmse=0.679970 val_mae=0.488968
2026-05-16 13:47:30,617 - INFO - Epoch 67/150 | train_loss=0.092490 | val_f1=0.242424 val_acc=0.444444 val_kappa=0.000000 val_ccc=0.332216 val_rmse=0.671018 val_mae=0.499557
2026-05-16 13:47:35,199 - INFO - Epoch 68/150 | train_loss=0.087386 | val_f1=0.277778 val_acc=0.555556 val_kappa=0.100000 val_ccc=0.371536 val_rmse=0.636099 val_mae=0.475095
2026-05-16 13:47:39,826 - INFO - Epoch 69/150 | train_loss=0.118200 | val_f1=0.242424 val_acc=0.444444 val_kappa=0.000000 val_ccc=0.378784 val_rmse=0.628522 val_mae=0.445292
2026-05-16 13:47:44,623 - INFO - Epoch 70/150 | train_loss=0.096905 | val_f1=0.242424 val_acc=0.444444 val_kappa=0.000000 val_ccc=0.306955 val_rmse=0.733808 val_mae=0.518205
2026-05-16 13:47:49,228 - INFO - Epoch 71/150 | train_loss=0.154509 | val_f1=0.242424 val_acc=0.444444 val_kappa=-0.022727 val_ccc=0.375285 val_rmse=0.600171 val_mae=0.454420
2026-05-16 13:47:54,155 - INFO - Epoch 72/150 | train_loss=0.099841 | val_f1=0.242424 val_acc=0.444444 val_kappa=0.000000 val_ccc=0.352987 val_rmse=0.663650 val_mae=0.470889
2026-05-16 13:47:59,028 - INFO - Epoch 73/150 | train_loss=0.084715 | val_f1=0.277778 val_acc=0.555556 val_kappa=0.100000 val_ccc=0.375914 val_rmse=0.630311 val_mae=0.498899
2026-05-16 13:48:03,932 - INFO - Epoch 74/150 | train_loss=0.114425 | val_f1=0.242424 val_acc=0.444444 val_kappa=-0.022727 val_ccc=0.329354 val_rmse=0.673287 val_mae=0.501023
2026-05-16 13:48:08,881 - INFO - Epoch 75/150 | train_loss=0.090568 | val_f1=0.400000 val_acc=0.555556 val_kappa=0.265306 val_ccc=0.347282 val_rmse=0.702853 val_mae=0.497324
2026-05-16 13:48:13,747 - INFO - Epoch 76/150 | train_loss=0.086996 | val_f1=0.377778 val_acc=0.555556 val_kappa=0.250000 val_ccc=0.346851 val_rmse=0.696096 val_mae=0.491262
2026-05-16 13:48:18,505 - INFO - Epoch 77/150 | train_loss=0.088424 | val_f1=0.377778 val_acc=0.555556 val_kappa=0.250000 val_ccc=0.328173 val_rmse=0.694879 val_mae=0.501358
2026-05-16 13:48:23,269 - INFO - Epoch 78/150 | train_loss=0.086205 | val_f1=0.400000 val_acc=0.555556 val_kappa=0.265306 val_ccc=0.281414 val_rmse=0.783740 val_mae=0.581654
2026-05-16 13:48:28,061 - INFO - Epoch 79/150 | train_loss=0.117299 | val_f1=0.242424 val_acc=0.444444 val_kappa=0.000000 val_ccc=0.323606 val_rmse=0.717835 val_mae=0.511192
2026-05-16 13:48:32,839 - INFO - Epoch 80/150 | train_loss=0.080059 | val_f1=0.242424 val_acc=0.444444 val_kappa=-0.022727 val_ccc=0.353528 val_rmse=0.687221 val_mae=0.513399
2026-05-16 13:48:37,598 - INFO - Epoch 81/150 | train_loss=0.083091 | val_f1=0.242424 val_acc=0.444444 val_kappa=0.000000 val_ccc=0.365003 val_rmse=0.677733 val_mae=0.496797
2026-05-16 13:48:42,417 - INFO - Epoch 82/150 | train_loss=0.079588 | val_f1=0.277778 val_acc=0.555556 val_kappa=0.100000 val_ccc=0.410835 val_rmse=0.603314 val_mae=0.459309
2026-05-16 13:48:47,173 - INFO - Epoch 83/150 | train_loss=0.065929 | val_f1=0.242424 val_acc=0.444444 val_kappa=0.000000 val_ccc=0.327467 val_rmse=0.667415 val_mae=0.478046
2026-05-16 13:48:51,905 - INFO - Epoch 84/150 | train_loss=0.064448 | val_f1=0.242424 val_acc=0.444444 val_kappa=0.000000 val_ccc=0.365724 val_rmse=0.640999 val_mae=0.447081
2026-05-16 13:48:56,669 - INFO - Epoch 85/150 | train_loss=0.064435 | val_f1=0.377778 val_acc=0.555556 val_kappa=0.250000 val_ccc=0.322387 val_rmse=0.667502 val_mae=0.508850
2026-05-16 13:49:01,399 - INFO - Epoch 86/150 | train_loss=0.081379 | val_f1=0.277778 val_acc=0.555556 val_kappa=0.100000 val_ccc=0.348553 val_rmse=0.656867 val_mae=0.485376
2026-05-16 13:49:06,165 - INFO - Epoch 87/150 | train_loss=0.120281 | val_f1=0.277778 val_acc=0.555556 val_kappa=0.100000 val_ccc=0.341556 val_rmse=0.682331 val_mae=0.506239
