2026-05-16 13:41:28,367 - INFO - Experiment: avgp_pure_pure_v1_ternary_seed3407
2026-05-16 13:41:28,367 - INFO - Device: cuda
2026-05-16 13:41:28,367 - INFO - Train/Val: 78 / 9
2026-05-16 13:41:33,176 - INFO - Epoch 1/150 | train_loss=2.157593 | val_f1=0.266667 val_acc=0.666667 val_kappa=0.000000 val_ccc=0.006802 val_rmse=0.921701 val_mae=0.736076
2026-05-16 13:41:37,806 - INFO - Epoch 2/150 | train_loss=1.824543 | val_f1=0.266667 val_acc=0.666667 val_kappa=0.000000 val_ccc=-0.002512 val_rmse=0.847427 val_mae=0.732869
2026-05-16 13:41:42,424 - INFO - Epoch 3/150 | train_loss=1.791614 | val_f1=0.266667 val_acc=0.666667 val_kappa=0.000000 val_ccc=-0.003045 val_rmse=0.841912 val_mae=0.713585
2026-05-16 13:41:46,917 - INFO - Epoch 4/150 | train_loss=1.773332 | val_f1=0.266667 val_acc=0.666667 val_kappa=0.000000 val_ccc=-0.005022 val_rmse=0.840484 val_mae=0.721330
2026-05-16 13:41:51,522 - INFO - Epoch 5/150 | train_loss=1.671816 | val_f1=0.266667 val_acc=0.666667 val_kappa=0.000000 val_ccc=-0.009008 val_rmse=0.842136 val_mae=0.723007
2026-05-16 13:41:56,010 - INFO - Epoch 6/150 | train_loss=1.734742 | val_f1=0.266667 val_acc=0.666667 val_kappa=0.000000 val_ccc=-0.006628 val_rmse=0.843086 val_mae=0.715578
2026-05-16 13:42:00,454 - INFO - Epoch 7/150 | train_loss=1.654218 | val_f1=0.266667 val_acc=0.666667 val_kappa=0.000000 val_ccc=-0.005921 val_rmse=0.842007 val_mae=0.717344
2026-05-16 13:42:04,983 - INFO - Epoch 8/150 | train_loss=1.746570 | val_f1=0.266667 val_acc=0.666667 val_kappa=0.000000 val_ccc=-0.001102 val_rmse=0.840376 val_mae=0.715009
2026-05-16 13:42:09,547 - INFO - Epoch 9/150 | train_loss=1.658895 | val_f1=0.266667 val_acc=0.666667 val_kappa=0.000000 val_ccc=0.001380 val_rmse=0.847085 val_mae=0.707355
2026-05-16 13:42:14,078 - INFO - Epoch 10/150 | train_loss=1.689063 | val_f1=0.266667 val_acc=0.666667 val_kappa=0.000000 val_ccc=-0.005344 val_rmse=0.841863 val_mae=0.727186
2026-05-16 13:42:18,605 - INFO - Epoch 11/150 | train_loss=1.757732 | val_f1=0.266667 val_acc=0.666667 val_kappa=0.000000 val_ccc=0.004572 val_rmse=0.839068 val_mae=0.711869
2026-05-16 13:42:23,087 - INFO - Epoch 12/150 | train_loss=1.651537 | val_f1=0.266667 val_acc=0.666667 val_kappa=0.000000 val_ccc=0.000854 val_rmse=0.838258 val_mae=0.720940
2026-05-16 13:42:27,581 - INFO - Epoch 13/150 | train_loss=1.715392 | val_f1=0.266667 val_acc=0.666667 val_kappa=0.000000 val_ccc=0.009928 val_rmse=0.848004 val_mae=0.711893
2026-05-16 13:42:31,979 - INFO - Epoch 14/150 | train_loss=1.753438 | val_f1=0.266667 val_acc=0.666667 val_kappa=0.000000 val_ccc=-0.001555 val_rmse=0.841082 val_mae=0.726389
2026-05-16 13:42:36,413 - INFO - Epoch 15/150 | train_loss=1.676181 | val_f1=0.266667 val_acc=0.666667 val_kappa=0.000000 val_ccc=0.008892 val_rmse=0.849026 val_mae=0.719126
2026-05-16 13:42:40,787 - INFO - Epoch 16/150 | train_loss=1.517474 | val_f1=0.266667 val_acc=0.666667 val_kappa=0.000000 val_ccc=-0.001453 val_rmse=0.840923 val_mae=0.717270
2026-05-16 13:42:45,250 - INFO - Epoch 17/150 | train_loss=1.704074 | val_f1=0.266667 val_acc=0.666667 val_kappa=0.000000 val_ccc=0.017685 val_rmse=0.851601 val_mae=0.724929
2026-05-16 13:42:50,031 - INFO - Epoch 18/150 | train_loss=1.499085 | val_f1=0.266667 val_acc=0.666667 val_kappa=0.000000 val_ccc=-0.013333 val_rmse=0.857957 val_mae=0.736332
2026-05-16 13:42:55,409 - INFO - Epoch 19/150 | train_loss=1.670444 | val_f1=0.266667 val_acc=0.666667 val_kappa=0.000000 val_ccc=0.023163 val_rmse=0.834277 val_mae=0.715615
2026-05-16 13:43:01,243 - INFO - Epoch 20/150 | train_loss=1.527808 | val_f1=0.238095 val_acc=0.555556 val_kappa=-0.161290 val_ccc=0.042098 val_rmse=0.894255 val_mae=0.749012
2026-05-16 13:43:06,819 - INFO - Epoch 21/150 | train_loss=1.520212 | val_f1=0.266667 val_acc=0.666667 val_kappa=0.000000 val_ccc=0.025549 val_rmse=0.844076 val_mae=0.720984
2026-05-16 13:43:12,389 - INFO - Epoch 22/150 | train_loss=1.418558 | val_f1=0.266667 val_acc=0.666667 val_kappa=0.000000 val_ccc=0.107021 val_rmse=0.811077 val_mae=0.715612
2026-05-16 13:43:17,952 - INFO - Epoch 23/150 | train_loss=1.320036 | val_f1=0.266667 val_acc=0.666667 val_kappa=0.000000 val_ccc=0.094716 val_rmse=0.832116 val_mae=0.734833
2026-05-16 13:43:22,663 - INFO - Epoch 24/150 | train_loss=1.329806 | val_f1=0.266667 val_acc=0.666667 val_kappa=0.000000 val_ccc=0.119244 val_rmse=0.825587 val_mae=0.741784
2026-05-16 13:43:27,505 - INFO - Epoch 25/150 | train_loss=1.328771 | val_f1=0.266667 val_acc=0.666667 val_kappa=0.000000 val_ccc=0.145496 val_rmse=0.814174 val_mae=0.727236
2026-05-16 13:43:32,337 - INFO - Epoch 26/150 | train_loss=1.237494 | val_f1=0.266667 val_acc=0.666667 val_kappa=0.000000 val_ccc=0.172257 val_rmse=0.812721 val_mae=0.731233
2026-05-16 13:43:37,024 - INFO - Epoch 27/150 | train_loss=1.166970 | val_f1=0.266667 val_acc=0.666667 val_kappa=0.000000 val_ccc=0.148004 val_rmse=0.871470 val_mae=0.720342
2026-05-16 13:43:41,552 - INFO - Epoch 28/150 | train_loss=1.199218 | val_f1=0.266667 val_acc=0.666667 val_kappa=0.000000 val_ccc=0.215819 val_rmse=0.822311 val_mae=0.680167
2026-05-16 13:43:45,879 - INFO - Epoch 29/150 | train_loss=1.211773 | val_f1=0.256410 val_acc=0.555556 val_kappa=-0.028571 val_ccc=0.315495 val_rmse=0.764334 val_mae=0.676354
2026-05-16 13:43:50,191 - INFO - Epoch 30/150 | train_loss=0.897861 | val_f1=0.238095 val_acc=0.555556 val_kappa=-0.161290 val_ccc=0.210619 val_rmse=0.817035 val_mae=0.712170
2026-05-16 13:43:54,659 - INFO - Epoch 31/150 | train_loss=1.021280 | val_f1=0.256410 val_acc=0.555556 val_kappa=-0.028571 val_ccc=0.297877 val_rmse=0.805258 val_mae=0.726390
2026-05-16 13:43:58,974 - INFO - Epoch 32/150 | train_loss=0.880183 | val_f1=0.238095 val_acc=0.555556 val_kappa=-0.125000 val_ccc=0.292264 val_rmse=0.785099 val_mae=0.686051
2026-05-16 13:44:03,409 - INFO - Epoch 33/150 | train_loss=0.791437 | val_f1=0.411111 val_acc=0.666667 val_kappa=0.307692 val_ccc=0.290450 val_rmse=0.879032 val_mae=0.800152
2026-05-16 13:44:07,825 - INFO - Epoch 34/150 | train_loss=0.804318 | val_f1=0.478632 val_acc=0.666667 val_kappa=0.270270 val_ccc=0.333788 val_rmse=0.779107 val_mae=0.720901
2026-05-16 13:44:12,127 - INFO - Epoch 35/150 | train_loss=0.776034 | val_f1=0.238095 val_acc=0.555556 val_kappa=-0.161290 val_ccc=0.269578 val_rmse=0.807348 val_mae=0.719877
2026-05-16 13:44:16,388 - INFO - Epoch 36/150 | train_loss=0.673674 | val_f1=0.256410 val_acc=0.555556 val_kappa=0.000000 val_ccc=0.364860 val_rmse=0.786055 val_mae=0.714538
2026-05-16 13:44:20,807 - INFO - Epoch 37/150 | train_loss=0.658824 | val_f1=0.411111 val_acc=0.666667 val_kappa=0.307692 val_ccc=0.358257 val_rmse=0.767351 val_mae=0.690485
2026-05-16 13:44:25,124 - INFO - Epoch 38/150 | train_loss=0.591155 | val_f1=0.478632 val_acc=0.666667 val_kappa=0.270270 val_ccc=0.366546 val_rmse=0.799631 val_mae=0.704838
2026-05-16 13:44:29,599 - INFO - Epoch 39/150 | train_loss=0.533008 | val_f1=0.256410 val_acc=0.555556 val_kappa=0.000000 val_ccc=0.397094 val_rmse=0.747471 val_mae=0.671397
2026-05-16 13:44:34,006 - INFO - Epoch 40/150 | train_loss=0.582581 | val_f1=0.256410 val_acc=0.555556 val_kappa=-0.028571 val_ccc=0.292527 val_rmse=0.884497 val_mae=0.783646
2026-05-16 13:44:38,354 - INFO - Epoch 41/150 | train_loss=0.509581 | val_f1=0.222222 val_acc=0.444444 val_kappa=-0.125000 val_ccc=0.416544 val_rmse=0.792556 val_mae=0.704639
2026-05-16 13:44:42,654 - INFO - Epoch 42/150 | train_loss=0.533992 | val_f1=0.256410 val_acc=0.555556 val_kappa=-0.028571 val_ccc=0.402150 val_rmse=0.770777 val_mae=0.664812
2026-05-16 13:44:46,872 - INFO - Epoch 43/150 | train_loss=0.444994 | val_f1=0.256410 val_acc=0.555556 val_kappa=-0.028571 val_ccc=0.436852 val_rmse=0.747712 val_mae=0.674752
2026-05-16 13:44:51,311 - INFO - Epoch 44/150 | train_loss=0.448825 | val_f1=0.256410 val_acc=0.555556 val_kappa=0.000000 val_ccc=0.498628 val_rmse=0.691375 val_mae=0.629116
2026-05-16 13:44:55,681 - INFO - Epoch 45/150 | train_loss=0.461266 | val_f1=0.411111 val_acc=0.666667 val_kappa=0.307692 val_ccc=0.392597 val_rmse=0.777679 val_mae=0.709329
2026-05-16 13:45:00,090 - INFO - Epoch 46/150 | train_loss=0.407888 | val_f1=0.256410 val_acc=0.555556 val_kappa=-0.028571 val_ccc=0.447645 val_rmse=0.735682 val_mae=0.686150
2026-05-16 13:45:04,481 - INFO - Epoch 47/150 | train_loss=0.390428 | val_f1=0.256410 val_acc=0.555556 val_kappa=-0.028571 val_ccc=0.475557 val_rmse=0.746481 val_mae=0.669448
2026-05-16 13:45:09,080 - INFO - Epoch 48/150 | train_loss=0.366551 | val_f1=0.411111 val_acc=0.666667 val_kappa=0.307692 val_ccc=0.459677 val_rmse=0.765370 val_mae=0.670461
2026-05-16 13:45:13,627 - INFO - Epoch 49/150 | train_loss=0.334525 | val_f1=0.444444 val_acc=0.666667 val_kappa=0.325000 val_ccc=0.392330 val_rmse=0.847262 val_mae=0.741853
2026-05-16 13:45:18,051 - INFO - Epoch 50/150 | train_loss=0.268724 | val_f1=0.256410 val_acc=0.555556 val_kappa=0.000000 val_ccc=0.466540 val_rmse=0.746148 val_mae=0.667487
2026-05-16 13:45:22,468 - INFO - Epoch 51/150 | train_loss=0.255846 | val_f1=0.411111 val_acc=0.666667 val_kappa=0.307692 val_ccc=0.467192 val_rmse=0.715057 val_mae=0.662728
2026-05-16 13:45:26,883 - INFO - Epoch 52/150 | train_loss=0.276602 | val_f1=0.256410 val_acc=0.555556 val_kappa=0.000000 val_ccc=0.478570 val_rmse=0.723319 val_mae=0.656275
2026-05-16 13:45:31,355 - INFO - Epoch 53/150 | train_loss=0.306039 | val_f1=0.353535 val_acc=0.555556 val_kappa=0.162791 val_ccc=0.389983 val_rmse=0.815672 val_mae=0.706720
2026-05-16 13:45:35,789 - INFO - Epoch 54/150 | train_loss=0.328117 | val_f1=0.444444 val_acc=0.666667 val_kappa=0.325000 val_ccc=0.480810 val_rmse=0.709079 val_mae=0.646732
2026-05-16 13:45:40,316 - INFO - Epoch 55/150 | train_loss=0.222399 | val_f1=0.256410 val_acc=0.555556 val_kappa=0.000000 val_ccc=0.549846 val_rmse=0.698554 val_mae=0.617036
2026-05-16 13:45:44,706 - INFO - Epoch 56/150 | train_loss=0.176921 | val_f1=0.353535 val_acc=0.555556 val_kappa=0.162791 val_ccc=0.497566 val_rmse=0.707774 val_mae=0.665128
2026-05-16 13:45:49,080 - INFO - Epoch 57/150 | train_loss=0.145409 | val_f1=0.256410 val_acc=0.555556 val_kappa=0.000000 val_ccc=0.543328 val_rmse=0.706577 val_mae=0.618344
2026-05-16 13:45:53,415 - INFO - Epoch 58/150 | train_loss=0.254340 | val_f1=0.266667 val_acc=0.666667 val_kappa=0.000000 val_ccc=0.440026 val_rmse=0.721990 val_mae=0.594855
2026-05-16 13:45:57,790 - INFO - Epoch 59/150 | train_loss=0.394657 | val_f1=0.256410 val_acc=0.555556 val_kappa=0.000000 val_ccc=0.501212 val_rmse=0.718106 val_mae=0.657481
2026-05-16 13:46:02,197 - INFO - Epoch 60/150 | train_loss=0.188633 | val_f1=0.256410 val_acc=0.555556 val_kappa=0.000000 val_ccc=0.494047 val_rmse=0.731367 val_mae=0.662268
2026-05-16 13:46:06,596 - INFO - Epoch 61/150 | train_loss=0.139290 | val_f1=0.478632 val_acc=0.666667 val_kappa=0.270270 val_ccc=0.440391 val_rmse=0.783634 val_mae=0.678020
2026-05-16 13:46:11,049 - INFO - Epoch 62/150 | train_loss=0.115918 | val_f1=0.478632 val_acc=0.666667 val_kappa=0.270270 val_ccc=0.496945 val_rmse=0.725709 val_mae=0.646465
2026-05-16 13:46:15,384 - INFO - Epoch 63/150 | train_loss=0.126947 | val_f1=0.256410 val_acc=0.555556 val_kappa=0.000000 val_ccc=0.458983 val_rmse=0.744273 val_mae=0.675081
2026-05-16 13:46:19,746 - INFO - Epoch 64/150 | train_loss=0.145482 | val_f1=0.478632 val_acc=0.666667 val_kappa=0.270270 val_ccc=0.507433 val_rmse=0.713908 val_mae=0.648822
2026-05-16 13:46:24,046 - INFO - Epoch 65/150 | train_loss=0.131956 | val_f1=0.256410 val_acc=0.555556 val_kappa=-0.028571 val_ccc=0.521754 val_rmse=0.718798 val_mae=0.617181
2026-05-16 13:46:28,535 - INFO - Epoch 66/150 | train_loss=0.134899 | val_f1=0.478632 val_acc=0.666667 val_kappa=0.270270 val_ccc=0.502204 val_rmse=0.738551 val_mae=0.660235
2026-05-16 13:46:32,999 - INFO - Epoch 67/150 | train_loss=0.115811 | val_f1=0.722222 val_acc=0.777778 val_kappa=0.560976 val_ccc=0.475207 val_rmse=0.751305 val_mae=0.669106
2026-05-16 13:46:38,052 - INFO - Epoch 68/150 | train_loss=0.127804 | val_f1=0.256410 val_acc=0.555556 val_kappa=0.000000 val_ccc=0.510612 val_rmse=0.745461 val_mae=0.655990
2026-05-16 13:46:42,543 - INFO - Epoch 69/150 | train_loss=0.089506 | val_f1=0.256410 val_acc=0.555556 val_kappa=0.000000 val_ccc=0.590677 val_rmse=0.676682 val_mae=0.576449
2026-05-16 13:46:46,903 - INFO - Epoch 70/150 | train_loss=0.132053 | val_f1=0.256410 val_acc=0.555556 val_kappa=0.000000 val_ccc=0.574143 val_rmse=0.649270 val_mae=0.588987
2026-05-16 13:46:51,279 - INFO - Epoch 71/150 | train_loss=0.087939 | val_f1=0.722222 val_acc=0.777778 val_kappa=0.560976 val_ccc=0.511457 val_rmse=0.713504 val_mae=0.644601
2026-05-16 13:46:55,985 - INFO - Epoch 72/150 | train_loss=0.124172 | val_f1=0.478632 val_acc=0.666667 val_kappa=0.270270 val_ccc=0.540498 val_rmse=0.685426 val_mae=0.628191
2026-05-16 13:47:00,323 - INFO - Epoch 73/150 | train_loss=0.103898 | val_f1=0.256410 val_acc=0.555556 val_kappa=0.000000 val_ccc=0.571479 val_rmse=0.666549 val_mae=0.619032
2026-05-16 13:47:04,654 - INFO - Epoch 74/150 | train_loss=0.059599 | val_f1=0.478632 val_acc=0.666667 val_kappa=0.270270 val_ccc=0.567389 val_rmse=0.667334 val_mae=0.613526
2026-05-16 13:47:08,978 - INFO - Epoch 75/150 | train_loss=0.078646 | val_f1=0.256410 val_acc=0.555556 val_kappa=0.000000 val_ccc=0.541055 val_rmse=0.672606 val_mae=0.630266
2026-05-16 13:47:13,330 - INFO - Epoch 76/150 | train_loss=0.081603 | val_f1=0.256410 val_acc=0.555556 val_kappa=0.000000 val_ccc=0.537292 val_rmse=0.676735 val_mae=0.627848
2026-05-16 13:47:17,671 - INFO - Epoch 77/150 | train_loss=0.073480 | val_f1=0.444444 val_acc=0.666667 val_kappa=0.325000 val_ccc=0.561580 val_rmse=0.659968 val_mae=0.621124
2026-05-16 13:47:22,039 - INFO - Epoch 78/150 | train_loss=0.083750 | val_f1=0.256410 val_acc=0.555556 val_kappa=0.000000 val_ccc=0.547548 val_rmse=0.670022 val_mae=0.622795
2026-05-16 13:47:26,433 - INFO - Epoch 79/150 | train_loss=0.084451 | val_f1=0.222222 val_acc=0.444444 val_kappa=-0.125000 val_ccc=0.466637 val_rmse=0.792157 val_mae=0.690687
2026-05-16 13:47:31,000 - INFO - Epoch 80/150 | train_loss=0.082552 | val_f1=0.256410 val_acc=0.555556 val_kappa=0.000000 val_ccc=0.530431 val_rmse=0.727961 val_mae=0.652828
2026-05-16 13:47:35,485 - INFO - Epoch 81/150 | train_loss=0.056346 | val_f1=0.478632 val_acc=0.666667 val_kappa=0.270270 val_ccc=0.533392 val_rmse=0.711156 val_mae=0.635452
2026-05-16 13:47:39,957 - INFO - Epoch 82/150 | train_loss=0.069422 | val_f1=0.256410 val_acc=0.555556 val_kappa=0.000000 val_ccc=0.538546 val_rmse=0.677328 val_mae=0.627341
2026-05-16 13:47:44,300 - INFO - Epoch 83/150 | train_loss=0.065540 | val_f1=0.256410 val_acc=0.555556 val_kappa=0.000000 val_ccc=0.508253 val_rmse=0.690017 val_mae=0.642670
2026-05-16 13:47:48,850 - INFO - Epoch 84/150 | train_loss=0.096658 | val_f1=0.411111 val_acc=0.666667 val_kappa=0.307692 val_ccc=0.524136 val_rmse=0.715598 val_mae=0.651529
2026-05-16 13:47:53,305 - INFO - Epoch 85/150 | train_loss=0.078392 | val_f1=0.256410 val_acc=0.555556 val_kappa=0.000000 val_ccc=0.532417 val_rmse=0.699910 val_mae=0.633844
2026-05-16 13:47:57,712 - INFO - Epoch 86/150 | train_loss=0.072671 | val_f1=0.222222 val_acc=0.444444 val_kappa=-0.125000 val_ccc=0.535299 val_rmse=0.684339 val_mae=0.636677
2026-05-16 13:48:01,998 - INFO - Epoch 87/150 | train_loss=0.075795 | val_f1=0.256410 val_acc=0.555556 val_kappa=0.000000 val_ccc=0.535475 val_rmse=0.674683 val_mae=0.628672
2026-05-16 13:48:06,366 - INFO - Epoch 88/150 | train_loss=0.079794 | val_f1=0.256410 val_acc=0.555556 val_kappa=-0.028571 val_ccc=0.560317 val_rmse=0.671821 val_mae=0.620624
2026-05-16 13:48:10,754 - INFO - Epoch 89/150 | train_loss=0.057051 | val_f1=0.478632 val_acc=0.666667 val_kappa=0.270270 val_ccc=0.546039 val_rmse=0.696828 val_mae=0.617423
2026-05-16 13:48:15,280 - INFO - Epoch 90/150 | train_loss=0.103102 | val_f1=0.375758 val_acc=0.555556 val_kappa=0.181818 val_ccc=0.469716 val_rmse=0.735973 val_mae=0.680430
2026-05-16 13:48:19,787 - INFO - Epoch 91/150 | train_loss=0.072487 | val_f1=0.256410 val_acc=0.555556 val_kappa=0.000000 val_ccc=0.501660 val_rmse=0.697523 val_mae=0.656012
2026-05-16 13:48:24,182 - INFO - Epoch 92/150 | train_loss=0.080235 | val_f1=0.256410 val_acc=0.555556 val_kappa=0.000000 val_ccc=0.522008 val_rmse=0.709765 val_mae=0.646662
2026-05-16 13:48:28,536 - INFO - Epoch 93/150 | train_loss=0.076785 | val_f1=0.256410 val_acc=0.555556 val_kappa=0.000000 val_ccc=0.535320 val_rmse=0.707805 val_mae=0.639670
2026-05-16 13:48:32,902 - INFO - Epoch 94/150 | train_loss=0.065275 | val_f1=0.478632 val_acc=0.666667 val_kappa=0.270270 val_ccc=0.541905 val_rmse=0.668605 val_mae=0.611068
2026-05-16 13:48:37,287 - INFO - Epoch 95/150 | train_loss=0.055071 | val_f1=0.256410 val_acc=0.555556 val_kappa=0.000000 val_ccc=0.546590 val_rmse=0.659274 val_mae=0.616276
2026-05-16 13:48:41,649 - INFO - Epoch 96/150 | train_loss=0.069819 | val_f1=0.256410 val_acc=0.555556 val_kappa=0.000000 val_ccc=0.543591 val_rmse=0.669576 val_mae=0.623407
2026-05-16 13:48:46,069 - INFO - Epoch 97/150 | train_loss=0.051015 | val_f1=0.256410 val_acc=0.555556 val_kappa=0.000000 val_ccc=0.523197 val_rmse=0.695968 val_mae=0.639119
2026-05-16 13:48:50,446 - INFO - Epoch 98/150 | train_loss=0.062479 | val_f1=0.444444 val_acc=0.666667 val_kappa=0.325000 val_ccc=0.506904 val_rmse=0.702189 val_mae=0.647213
2026-05-16 13:48:55,077 - INFO - Epoch 99/150 | train_loss=0.060805 | val_f1=0.444444 val_acc=0.666667 val_kappa=0.325000 val_ccc=0.513429 val_rmse=0.699441 val_mae=0.648189
2026-05-16 13:48:59,707 - INFO - Epoch 100/150 | train_loss=0.058581 | val_f1=0.256410 val_acc=0.555556 val_kappa=0.000000 val_ccc=0.532765 val_rmse=0.686211 val_mae=0.629546
2026-05-16 13:49:04,289 - INFO - Epoch 101/150 | train_loss=0.051768 | val_f1=0.478632 val_acc=0.666667 val_kappa=0.270270 val_ccc=0.546125 val_rmse=0.656173 val_mae=0.609777
2026-05-16 13:49:08,699 - INFO - Epoch 102/150 | train_loss=0.053054 | val_f1=0.256410 val_acc=0.555556 val_kappa=0.000000 val_ccc=0.495711 val_rmse=0.720592 val_mae=0.648444
