2026-05-15 17:47:15,201 - INFO - Experiment: baseline_Track2_binary_A-VpP_wav2vec_resnet
2026-05-15 17:47:15,202 - INFO - Device: cuda
2026-05-15 17:47:15,202 - INFO - Train/Val: 79 / 9
2026-05-15 17:47:33,061 - INFO - Epoch 1/140 | train_loss=1.917021 | val_f1=0.357143 val_acc=0.555556 val_kappa=0.000000 val_ccc=0.005542 val_rmse=0.810641 val_mae=0.603971
2026-05-15 17:47:50,513 - INFO - Epoch 2/140 | train_loss=1.294806 | val_f1=0.307692 val_acc=0.444444 val_kappa=0.000000 val_ccc=0.006387 val_rmse=0.861374 val_mae=0.616166
2026-05-15 17:48:08,140 - INFO - Epoch 3/140 | train_loss=1.334693 | val_f1=0.357143 val_acc=0.555556 val_kappa=0.000000 val_ccc=0.007140 val_rmse=0.807321 val_mae=0.604118
2026-05-15 17:48:26,046 - INFO - Epoch 4/140 | train_loss=1.227746 | val_f1=0.357143 val_acc=0.555556 val_kappa=0.000000 val_ccc=0.008347 val_rmse=0.783617 val_mae=0.614442
2026-05-15 17:48:43,579 - INFO - Epoch 5/140 | train_loss=1.143221 | val_f1=0.357143 val_acc=0.555556 val_kappa=0.000000 val_ccc=0.010729 val_rmse=0.795524 val_mae=0.607252
2026-05-15 17:49:01,098 - INFO - Epoch 6/140 | train_loss=1.279683 | val_f1=0.500000 val_acc=0.555556 val_kappa=0.052632 val_ccc=0.011684 val_rmse=0.808533 val_mae=0.601746
2026-05-15 17:49:19,054 - INFO - Epoch 7/140 | train_loss=1.195484 | val_f1=0.357143 val_acc=0.555556 val_kappa=0.000000 val_ccc=0.011283 val_rmse=0.798033 val_mae=0.606325
2026-05-15 17:49:36,479 - INFO - Epoch 8/140 | train_loss=1.244132 | val_f1=0.444444 val_acc=0.444444 val_kappa=-0.097561 val_ccc=0.010417 val_rmse=0.815200 val_mae=0.605007
2026-05-15 17:49:54,025 - INFO - Epoch 9/140 | train_loss=1.296230 | val_f1=0.307692 val_acc=0.444444 val_kappa=0.000000 val_ccc=0.012141 val_rmse=0.842624 val_mae=0.613325
2026-05-15 17:50:12,076 - INFO - Epoch 10/140 | train_loss=1.234726 | val_f1=0.357143 val_acc=0.555556 val_kappa=0.000000 val_ccc=0.013927 val_rmse=0.770575 val_mae=0.622996
2026-05-15 17:50:30,118 - INFO - Epoch 11/140 | train_loss=1.212761 | val_f1=0.222222 val_acc=0.222222 val_kappa=-0.536585 val_ccc=0.016366 val_rmse=0.796998 val_mae=0.604662
2026-05-15 17:50:47,746 - INFO - Epoch 12/140 | train_loss=1.177381 | val_f1=0.357143 val_acc=0.555556 val_kappa=0.000000 val_ccc=0.019356 val_rmse=0.785518 val_mae=0.608628
2026-05-15 17:51:05,421 - INFO - Epoch 13/140 | train_loss=1.100736 | val_f1=0.357143 val_acc=0.555556 val_kappa=0.000000 val_ccc=0.024709 val_rmse=0.810176 val_mae=0.608023
2026-05-15 17:51:23,393 - INFO - Epoch 14/140 | train_loss=1.165899 | val_f1=0.415584 val_acc=0.444444 val_kappa=-0.046512 val_ccc=0.025136 val_rmse=0.791139 val_mae=0.604231
2026-05-15 17:51:40,706 - INFO - Epoch 15/140 | train_loss=1.008304 | val_f1=0.357143 val_acc=0.555556 val_kappa=0.000000 val_ccc=0.026034 val_rmse=0.794526 val_mae=0.612441
2026-05-15 17:51:58,300 - INFO - Epoch 16/140 | train_loss=0.998212 | val_f1=0.415584 val_acc=0.444444 val_kappa=-0.046512 val_ccc=0.036183 val_rmse=0.815576 val_mae=0.625411
2026-05-15 17:52:17,209 - INFO - Epoch 17/140 | train_loss=0.952797 | val_f1=0.357143 val_acc=0.555556 val_kappa=0.000000 val_ccc=0.046888 val_rmse=0.766363 val_mae=0.617750
2026-05-15 17:52:34,298 - INFO - Epoch 18/140 | train_loss=0.798394 | val_f1=0.415584 val_acc=0.444444 val_kappa=-0.046512 val_ccc=0.058639 val_rmse=0.884288 val_mae=0.659153
2026-05-15 17:52:52,220 - INFO - Epoch 19/140 | train_loss=0.799970 | val_f1=0.415584 val_acc=0.444444 val_kappa=-0.046512 val_ccc=0.080421 val_rmse=0.771426 val_mae=0.644985
2026-05-15 17:53:09,933 - INFO - Epoch 20/140 | train_loss=0.619792 | val_f1=0.357143 val_acc=0.555556 val_kappa=0.000000 val_ccc=0.088155 val_rmse=0.764326 val_mae=0.655605
2026-05-15 17:53:27,200 - INFO - Epoch 21/140 | train_loss=0.551082 | val_f1=0.250000 val_acc=0.333333 val_kappa=-0.421053 val_ccc=0.097960 val_rmse=0.763986 val_mae=0.670354
2026-05-15 17:53:45,012 - INFO - Epoch 22/140 | train_loss=0.428384 | val_f1=0.325000 val_acc=0.333333 val_kappa=-0.285714 val_ccc=0.056900 val_rmse=0.845842 val_mae=0.693512
2026-05-15 17:54:03,880 - INFO - Epoch 23/140 | train_loss=0.343515 | val_f1=0.415584 val_acc=0.444444 val_kappa=-0.046512 val_ccc=0.047396 val_rmse=0.929390 val_mae=0.710275
2026-05-15 17:54:21,311 - INFO - Epoch 24/140 | train_loss=0.270345 | val_f1=0.181818 val_acc=0.222222 val_kappa=-0.615385 val_ccc=0.049064 val_rmse=0.808214 val_mae=0.700374
2026-05-15 17:54:39,372 - INFO - Epoch 25/140 | train_loss=0.249235 | val_f1=0.222222 val_acc=0.222222 val_kappa=-0.536585 val_ccc=0.068518 val_rmse=0.876758 val_mae=0.714749
2026-05-15 17:54:56,506 - INFO - Epoch 26/140 | train_loss=0.213915 | val_f1=0.222222 val_acc=0.222222 val_kappa=-0.536585 val_ccc=0.039367 val_rmse=0.954399 val_mae=0.702053
2026-05-15 17:55:13,592 - INFO - Epoch 27/140 | train_loss=0.238173 | val_f1=0.325000 val_acc=0.333333 val_kappa=-0.350000 val_ccc=0.053782 val_rmse=0.963131 val_mae=0.721308
2026-05-15 17:55:30,506 - INFO - Epoch 28/140 | train_loss=0.180557 | val_f1=0.415584 val_acc=0.444444 val_kappa=-0.046512 val_ccc=0.057183 val_rmse=0.884796 val_mae=0.692398
2026-05-15 17:55:49,361 - INFO - Epoch 29/140 | train_loss=0.107229 | val_f1=0.222222 val_acc=0.222222 val_kappa=-0.536585 val_ccc=0.073293 val_rmse=0.851164 val_mae=0.687964
2026-05-15 17:56:07,318 - INFO - Epoch 30/140 | train_loss=0.161050 | val_f1=0.325000 val_acc=0.333333 val_kappa=-0.350000 val_ccc=0.084135 val_rmse=0.827756 val_mae=0.678756
2026-05-15 17:56:24,898 - INFO - Epoch 31/140 | train_loss=0.132037 | val_f1=0.250000 val_acc=0.333333 val_kappa=-0.421053 val_ccc=0.074359 val_rmse=0.870934 val_mae=0.714903
2026-05-15 17:56:42,691 - INFO - Epoch 32/140 | train_loss=0.132606 | val_f1=0.325000 val_acc=0.333333 val_kappa=-0.285714 val_ccc=0.067005 val_rmse=0.857513 val_mae=0.676048
2026-05-15 17:56:59,749 - INFO - Epoch 33/140 | train_loss=0.129368 | val_f1=0.222222 val_acc=0.222222 val_kappa=-0.536585 val_ccc=0.070456 val_rmse=0.960983 val_mae=0.707906
2026-05-15 17:57:17,135 - INFO - Epoch 34/140 | train_loss=0.116477 | val_f1=0.415584 val_acc=0.444444 val_kappa=-0.046512 val_ccc=0.077357 val_rmse=0.849708 val_mae=0.655145
2026-05-15 17:57:34,801 - INFO - Epoch 35/140 | train_loss=0.110142 | val_f1=0.250000 val_acc=0.333333 val_kappa=-0.421053 val_ccc=0.083029 val_rmse=0.863824 val_mae=0.701819
2026-05-15 17:57:53,149 - INFO - Epoch 36/140 | train_loss=0.111399 | val_f1=0.325000 val_acc=0.333333 val_kappa=-0.285714 val_ccc=0.063246 val_rmse=0.873447 val_mae=0.672353
2026-05-15 17:58:10,587 - INFO - Epoch 37/140 | train_loss=0.103001 | val_f1=0.250000 val_acc=0.333333 val_kappa=-0.421053 val_ccc=0.085984 val_rmse=0.886143 val_mae=0.700030
2026-05-15 17:58:28,392 - INFO - Epoch 38/140 | train_loss=0.112914 | val_f1=0.250000 val_acc=0.333333 val_kappa=-0.421053 val_ccc=0.114036 val_rmse=0.784093 val_mae=0.680480
2026-05-15 17:58:45,781 - INFO - Epoch 39/140 | train_loss=0.111029 | val_f1=0.250000 val_acc=0.333333 val_kappa=-0.421053 val_ccc=0.109621 val_rmse=0.823315 val_mae=0.695633
2026-05-15 17:59:03,451 - INFO - Epoch 40/140 | train_loss=0.106796 | val_f1=0.415584 val_acc=0.444444 val_kappa=-0.153846 val_ccc=0.097266 val_rmse=0.843602 val_mae=0.685370
2026-05-15 17:59:20,763 - INFO - Epoch 41/140 | train_loss=0.114260 | val_f1=0.325000 val_acc=0.333333 val_kappa=-0.285714 val_ccc=0.083122 val_rmse=0.872673 val_mae=0.679057
2026-05-15 17:59:20,763 - INFO - Early stopping at epoch 41
2026-05-15 17:59:20,765 - INFO - Best checkpoint: checkpoints/Track2/A-V-P/binary/baseline_Track2_binary_A-VpP_wav2vec_resnet/best_model_2026-05-15-17.47.13.pth
2026-05-15 17:59:20,765 - INFO - Validation metrics saved to: logs/Track2/A-V-P/binary/baseline_Track2_binary_A-VpP_wav2vec_resnet/train_result_2026-05-15-17.47.13.json
2026-05-15 17:59:24,728 - INFO - Experiment: baseline_Track2_ternary_A-VpP_wav2vec_resnet
2026-05-15 17:59:24,728 - INFO - Device: cuda
2026-05-15 17:59:24,728 - INFO - Train/Val: 79 / 9
2026-05-15 17:59:41,235 - INFO - Epoch 1/140 | train_loss=2.340899 | val_f1=0.238095 val_acc=0.555556 val_kappa=0.000000 val_ccc=-0.001412 val_rmse=0.616304 val_mae=0.462495
2026-05-15 17:59:56,690 - INFO - Epoch 2/140 | train_loss=1.637179 | val_f1=0.238095 val_acc=0.555556 val_kappa=0.000000 val_ccc=0.002906 val_rmse=0.504621 val_mae=0.387929
2026-05-15 18:00:12,033 - INFO - Epoch 3/140 | train_loss=1.693889 | val_f1=0.228571 val_acc=0.333333 val_kappa=-0.227273 val_ccc=0.004163 val_rmse=0.652863 val_mae=0.497269
2026-05-15 18:00:27,192 - INFO - Epoch 4/140 | train_loss=1.676255 | val_f1=0.205128 val_acc=0.444444 val_kappa=-0.184211 val_ccc=0.005902 val_rmse=0.605879 val_mae=0.454764
2026-05-15 18:00:42,624 - INFO - Epoch 5/140 | train_loss=1.606213 | val_f1=0.238095 val_acc=0.555556 val_kappa=0.000000 val_ccc=0.004751 val_rmse=0.603333 val_mae=0.451839
2026-05-15 18:00:57,955 - INFO - Epoch 6/140 | train_loss=1.671100 | val_f1=0.166667 val_acc=0.333333 val_kappa=0.000000 val_ccc=0.001700 val_rmse=0.599878 val_mae=0.448408
2026-05-15 18:01:13,342 - INFO - Epoch 7/140 | train_loss=1.684806 | val_f1=0.166667 val_acc=0.333333 val_kappa=0.000000 val_ccc=0.001858 val_rmse=0.566173 val_mae=0.413193
2026-05-15 18:01:29,710 - INFO - Epoch 8/140 | train_loss=1.569841 | val_f1=0.228571 val_acc=0.333333 val_kappa=-0.227273 val_ccc=-0.000663 val_rmse=0.630279 val_mae=0.478245
2026-05-15 18:01:45,241 - INFO - Epoch 9/140 | train_loss=1.588022 | val_f1=0.238095 val_acc=0.555556 val_kappa=0.000000 val_ccc=0.001107 val_rmse=0.589084 val_mae=0.438970
2026-05-15 18:02:00,328 - INFO - Epoch 10/140 | train_loss=1.558192 | val_f1=0.238095 val_acc=0.555556 val_kappa=0.000000 val_ccc=0.001850 val_rmse=0.654563 val_mae=0.499811
2026-05-15 18:02:15,700 - INFO - Epoch 11/140 | train_loss=1.590300 | val_f1=0.228571 val_acc=0.333333 val_kappa=-0.080000 val_ccc=0.002898 val_rmse=0.535360 val_mae=0.375882
2026-05-15 18:02:31,048 - INFO - Epoch 12/140 | train_loss=1.500901 | val_f1=0.166667 val_acc=0.333333 val_kappa=0.000000 val_ccc=0.002449 val_rmse=0.597377 val_mae=0.448157
2026-05-15 18:02:46,696 - INFO - Epoch 13/140 | train_loss=1.598617 | val_f1=0.166667 val_acc=0.333333 val_kappa=0.000000 val_ccc=-0.001046 val_rmse=0.578144 val_mae=0.428822
2026-05-15 18:03:02,096 - INFO - Epoch 14/140 | train_loss=1.617026 | val_f1=0.166667 val_acc=0.333333 val_kappa=0.000000 val_ccc=0.000364 val_rmse=0.611654 val_mae=0.463226
2026-05-15 18:03:17,509 - INFO - Epoch 15/140 | train_loss=1.563144 | val_f1=0.121212 val_acc=0.222222 val_kappa=-0.211538 val_ccc=0.000571 val_rmse=0.583718 val_mae=0.435042
2026-05-15 18:03:34,953 - INFO - Epoch 16/140 | train_loss=1.421006 | val_f1=0.228571 val_acc=0.333333 val_kappa=-0.080000 val_ccc=-0.004185 val_rmse=0.532993 val_mae=0.381595
2026-05-15 18:03:50,552 - INFO - Epoch 17/140 | train_loss=1.375216 | val_f1=0.292929 val_acc=0.444444 val_kappa=-0.071429 val_ccc=0.004952 val_rmse=0.601486 val_mae=0.453044
2026-05-15 18:04:06,017 - INFO - Epoch 18/140 | train_loss=1.325154 | val_f1=0.121212 val_acc=0.222222 val_kappa=-0.211538 val_ccc=-0.006575 val_rmse=0.597300 val_mae=0.451666
2026-05-15 18:04:21,874 - INFO - Epoch 19/140 | train_loss=1.240644 | val_f1=0.292929 val_acc=0.444444 val_kappa=-0.071429 val_ccc=0.003284 val_rmse=0.563551 val_mae=0.414424
2026-05-15 18:04:37,995 - INFO - Epoch 20/140 | train_loss=1.121076 | val_f1=0.292929 val_acc=0.444444 val_kappa=-0.071429 val_ccc=0.018803 val_rmse=0.621309 val_mae=0.476223
2026-05-15 18:04:54,015 - INFO - Epoch 21/140 | train_loss=1.084253 | val_f1=0.355556 val_acc=0.555556 val_kappa=0.100000 val_ccc=0.041971 val_rmse=0.761087 val_mae=0.590637
2026-05-15 18:05:09,903 - INFO - Epoch 22/140 | train_loss=0.978632 | val_f1=0.231481 val_acc=0.333333 val_kappa=-0.173913 val_ccc=0.067461 val_rmse=0.620543 val_mae=0.480252
2026-05-15 18:05:26,503 - INFO - Epoch 23/140 | train_loss=0.880990 | val_f1=0.228571 val_acc=0.333333 val_kappa=-0.227273 val_ccc=0.052646 val_rmse=0.528980 val_mae=0.393511
2026-05-15 18:05:42,228 - INFO - Epoch 24/140 | train_loss=0.715164 | val_f1=0.121212 val_acc=0.222222 val_kappa=-0.211538 val_ccc=0.025824 val_rmse=0.518737 val_mae=0.417323
2026-05-15 18:05:58,075 - INFO - Epoch 25/140 | train_loss=0.658876 | val_f1=0.314815 val_acc=0.444444 val_kappa=0.062500 val_ccc=-0.004098 val_rmse=0.548012 val_mae=0.414415
2026-05-15 18:06:13,944 - INFO - Epoch 26/140 | train_loss=0.523145 | val_f1=0.231481 val_acc=0.333333 val_kappa=-0.173913 val_ccc=0.002073 val_rmse=0.559114 val_mae=0.439371
2026-05-15 18:06:29,879 - INFO - Epoch 27/140 | train_loss=0.477385 | val_f1=0.228571 val_acc=0.333333 val_kappa=-0.227273 val_ccc=-0.045216 val_rmse=0.584311 val_mae=0.471264
2026-05-15 18:06:45,757 - INFO - Epoch 28/140 | train_loss=0.457878 | val_f1=0.228571 val_acc=0.333333 val_kappa=-0.227273 val_ccc=-0.051041 val_rmse=0.605940 val_mae=0.449700
2026-05-15 18:07:01,521 - INFO - Epoch 29/140 | train_loss=0.360768 | val_f1=0.231481 val_acc=0.333333 val_kappa=-0.173913 val_ccc=0.066487 val_rmse=0.542549 val_mae=0.401238
2026-05-15 18:07:18,126 - INFO - Epoch 30/140 | train_loss=0.269802 | val_f1=0.121212 val_acc=0.222222 val_kappa=-0.500000 val_ccc=-0.007375 val_rmse=0.562146 val_mae=0.461749
2026-05-15 18:07:33,852 - INFO - Epoch 31/140 | train_loss=0.244457 | val_f1=0.121212 val_acc=0.222222 val_kappa=-0.500000 val_ccc=0.009564 val_rmse=0.677115 val_mae=0.500553
2026-05-15 18:07:49,819 - INFO - Epoch 32/140 | train_loss=0.192543 | val_f1=0.238095 val_acc=0.555556 val_kappa=0.000000 val_ccc=-0.015035 val_rmse=0.760059 val_mae=0.561400
2026-05-15 18:08:05,182 - INFO - Epoch 33/140 | train_loss=0.183636 | val_f1=0.121212 val_acc=0.222222 val_kappa=-0.500000 val_ccc=-0.016544 val_rmse=0.627152 val_mae=0.448686
2026-05-15 18:08:20,450 - INFO - Epoch 34/140 | train_loss=0.191842 | val_f1=0.231481 val_acc=0.333333 val_kappa=-0.173913 val_ccc=0.038615 val_rmse=0.548263 val_mae=0.463981
2026-05-15 18:08:36,145 - INFO - Epoch 35/140 | train_loss=0.185376 | val_f1=0.121212 val_acc=0.222222 val_kappa=-0.500000 val_ccc=0.026083 val_rmse=0.580544 val_mae=0.418085
2026-05-15 18:08:52,058 - INFO - Epoch 36/140 | train_loss=0.166501 | val_f1=0.121212 val_acc=0.222222 val_kappa=-0.500000 val_ccc=0.033032 val_rmse=0.679823 val_mae=0.495577
2026-05-15 18:09:08,472 - INFO - Epoch 37/140 | train_loss=0.146459 | val_f1=0.166667 val_acc=0.333333 val_kappa=-0.350000 val_ccc=-0.006672 val_rmse=0.625455 val_mae=0.469973
2026-05-15 18:09:24,446 - INFO - Epoch 38/140 | train_loss=0.155179 | val_f1=0.121212 val_acc=0.222222 val_kappa=-0.500000 val_ccc=-0.061762 val_rmse=0.666835 val_mae=0.500387
2026-05-15 18:09:40,605 - INFO - Epoch 39/140 | train_loss=0.157286 | val_f1=0.231481 val_acc=0.333333 val_kappa=-0.173913 val_ccc=0.005548 val_rmse=0.559242 val_mae=0.421523
2026-05-15 18:09:56,320 - INFO - Epoch 40/140 | train_loss=0.140879 | val_f1=0.231481 val_acc=0.333333 val_kappa=-0.173913 val_ccc=0.010595 val_rmse=0.543422 val_mae=0.436644
2026-05-15 18:10:15,390 - INFO - Epoch 41/140 | train_loss=0.103262 | val_f1=0.231481 val_acc=0.333333 val_kappa=-0.173913 val_ccc=0.032170 val_rmse=0.536919 val_mae=0.438816
2026-05-15 18:10:31,133 - INFO - Epoch 42/140 | train_loss=0.132504 | val_f1=0.121212 val_acc=0.222222 val_kappa=-0.500000 val_ccc=-0.008123 val_rmse=0.573834 val_mae=0.449045
2026-05-15 18:10:47,096 - INFO - Epoch 43/140 | train_loss=0.127589 | val_f1=0.121212 val_acc=0.222222 val_kappa=-0.500000 val_ccc=-0.003072 val_rmse=0.617809 val_mae=0.496168
2026-05-15 18:11:04,422 - INFO - Epoch 44/140 | train_loss=0.127509 | val_f1=0.121212 val_acc=0.222222 val_kappa=-0.500000 val_ccc=0.017873 val_rmse=0.674669 val_mae=0.514773
2026-05-15 18:11:21,097 - INFO - Epoch 45/140 | train_loss=0.088473 | val_f1=0.231481 val_acc=0.333333 val_kappa=-0.173913 val_ccc=0.011455 val_rmse=0.599379 val_mae=0.455268
2026-05-15 18:11:37,486 - INFO - Epoch 46/140 | train_loss=0.133774 | val_f1=0.121212 val_acc=0.222222 val_kappa=-0.500000 val_ccc=-0.048216 val_rmse=0.575975 val_mae=0.476252
2026-05-15 18:11:53,721 - INFO - Epoch 47/140 | train_loss=0.109394 | val_f1=0.231481 val_acc=0.333333 val_kappa=-0.173913 val_ccc=-0.038874 val_rmse=0.581246 val_mae=0.470108
2026-05-15 18:12:10,041 - INFO - Epoch 48/140 | train_loss=0.105513 | val_f1=0.121212 val_acc=0.222222 val_kappa=-0.500000 val_ccc=-0.044341 val_rmse=0.579207 val_mae=0.475380
2026-05-15 18:12:26,082 - INFO - Epoch 49/140 | train_loss=0.112126 | val_f1=0.157407 val_acc=0.222222 val_kappa=-0.312500 val_ccc=-0.006383 val_rmse=0.567212 val_mae=0.477816
2026-05-15 18:12:45,147 - INFO - Epoch 50/140 | train_loss=0.090659 | val_f1=0.121212 val_acc=0.222222 val_kappa=-0.500000 val_ccc=-0.038937 val_rmse=0.574298 val_mae=0.467426
2026-05-15 18:13:00,603 - INFO - Epoch 51/140 | train_loss=0.116624 | val_f1=0.238095 val_acc=0.555556 val_kappa=0.000000 val_ccc=-0.010400 val_rmse=0.670453 val_mae=0.518199
2026-05-15 18:13:16,047 - INFO - Epoch 52/140 | train_loss=0.093567 | val_f1=0.231481 val_acc=0.333333 val_kappa=-0.173913 val_ccc=-0.016160 val_rmse=0.589463 val_mae=0.460259
2026-05-15 18:13:31,652 - INFO - Epoch 53/140 | train_loss=0.107255 | val_f1=0.121212 val_acc=0.222222 val_kappa=-0.500000 val_ccc=-0.064753 val_rmse=0.586227 val_mae=0.480845
2026-05-15 18:13:47,038 - INFO - Epoch 54/140 | train_loss=0.098082 | val_f1=0.231481 val_acc=0.333333 val_kappa=-0.173913 val_ccc=-0.051821 val_rmse=0.584872 val_mae=0.512278
2026-05-15 18:14:02,446 - INFO - Epoch 55/140 | train_loss=0.112477 | val_f1=0.121212 val_acc=0.222222 val_kappa=-0.500000 val_ccc=-0.058815 val_rmse=0.578560 val_mae=0.454404
2026-05-15 18:14:17,147 - INFO - Epoch 56/140 | train_loss=0.086590 | val_f1=0.231481 val_acc=0.333333 val_kappa=-0.173913 val_ccc=-0.058088 val_rmse=0.616155 val_mae=0.554567
2026-05-15 18:14:17,147 - INFO - Early stopping at epoch 56
2026-05-15 18:14:17,150 - INFO - Best checkpoint: checkpoints/Track2/A-V-P/ternary/baseline_Track2_ternary_A-VpP_wav2vec_resnet/best_model_2026-05-15-17.59.23.pth
2026-05-15 18:14:17,150 - INFO - Validation metrics saved to: logs/Track2/A-V-P/ternary/baseline_Track2_ternary_A-VpP_wav2vec_resnet/train_result_2026-05-15-17.59.23.json
