2026-05-16 12:00:39,060 - INFO - Experiment: avgp_repro_v1_binary_seed42
2026-05-16 12:00:39,061 - INFO - Device: cuda
2026-05-16 12:00:39,061 - INFO - Train/Val: 78 / 9
2026-05-16 12:00:42,699 - INFO - Epoch 1/100 | train_loss=1.271532 | val_f1=0.400000 val_acc=0.666667 val_kappa=0.000000 val_ccc=-0.002166 val_rmse=0.917330 val_mae=0.685332
2026-05-16 12:00:46,124 - INFO - Epoch 2/100 | train_loss=1.003448 | val_f1=0.400000 val_acc=0.666667 val_kappa=0.000000 val_ccc=-0.000289 val_rmse=0.867155 val_mae=0.714321
2026-05-16 12:00:49,284 - INFO - Epoch 3/100 | train_loss=0.981050 | val_f1=0.400000 val_acc=0.666667 val_kappa=0.000000 val_ccc=-0.004326 val_rmse=0.890050 val_mae=0.697621
2026-05-16 12:00:52,451 - INFO - Epoch 4/100 | train_loss=0.971720 | val_f1=0.400000 val_acc=0.666667 val_kappa=0.000000 val_ccc=-0.003075 val_rmse=0.884616 val_mae=0.699500
2026-05-16 12:00:55,571 - INFO - Epoch 5/100 | train_loss=0.979282 | val_f1=0.400000 val_acc=0.666667 val_kappa=0.000000 val_ccc=-0.004527 val_rmse=0.879293 val_mae=0.704151
2026-05-16 12:00:58,860 - INFO - Epoch 6/100 | train_loss=0.979099 | val_f1=0.400000 val_acc=0.666667 val_kappa=0.000000 val_ccc=-0.003948 val_rmse=0.906470 val_mae=0.690684
2026-05-16 12:01:02,150 - INFO - Epoch 7/100 | train_loss=0.948932 | val_f1=0.400000 val_acc=0.666667 val_kappa=0.000000 val_ccc=-0.006045 val_rmse=0.883559 val_mae=0.703041
2026-05-16 12:01:05,379 - INFO - Epoch 8/100 | train_loss=0.993811 | val_f1=0.400000 val_acc=0.666667 val_kappa=0.000000 val_ccc=-0.010571 val_rmse=0.884414 val_mae=0.704377
2026-05-16 12:01:08,558 - INFO - Epoch 9/100 | train_loss=0.883770 | val_f1=0.400000 val_acc=0.666667 val_kappa=0.000000 val_ccc=-0.012692 val_rmse=0.899801 val_mae=0.696872
2026-05-16 12:01:11,742 - INFO - Epoch 10/100 | train_loss=0.828183 | val_f1=0.400000 val_acc=0.666667 val_kappa=0.000000 val_ccc=-0.013836 val_rmse=0.903533 val_mae=0.695642
2026-05-16 12:01:14,927 - INFO - Epoch 11/100 | train_loss=0.736169 | val_f1=0.400000 val_acc=0.666667 val_kappa=0.000000 val_ccc=-0.025905 val_rmse=0.921660 val_mae=0.696800
2026-05-16 12:01:17,967 - INFO - Epoch 12/100 | train_loss=0.556684 | val_f1=0.400000 val_acc=0.666667 val_kappa=0.000000 val_ccc=0.005335 val_rmse=0.924176 val_mae=0.690660
2026-05-16 12:01:21,244 - INFO - Epoch 13/100 | train_loss=0.463613 | val_f1=0.400000 val_acc=0.666667 val_kappa=0.000000 val_ccc=-0.010874 val_rmse=0.941806 val_mae=0.699581
2026-05-16 12:01:24,495 - INFO - Epoch 14/100 | train_loss=0.305763 | val_f1=0.400000 val_acc=0.666667 val_kappa=0.000000 val_ccc=0.020493 val_rmse=0.894320 val_mae=0.715901
2026-05-16 12:01:27,991 - INFO - Epoch 15/100 | train_loss=0.214705 | val_f1=0.400000 val_acc=0.666667 val_kappa=0.000000 val_ccc=0.012088 val_rmse=0.917946 val_mae=0.717017
2026-05-16 12:01:31,369 - INFO - Epoch 16/100 | train_loss=0.165532 | val_f1=0.357143 val_acc=0.555556 val_kappa=-0.200000 val_ccc=-0.003720 val_rmse=0.914559 val_mae=0.718973
2026-05-16 12:01:34,566 - INFO - Epoch 17/100 | train_loss=0.135729 | val_f1=0.584615 val_acc=0.666667 val_kappa=0.181818 val_ccc=-0.014617 val_rmse=0.946228 val_mae=0.775260
2026-05-16 12:01:37,823 - INFO - Epoch 18/100 | train_loss=0.133759 | val_f1=0.400000 val_acc=0.666667 val_kappa=0.000000 val_ccc=-0.060272 val_rmse=0.965835 val_mae=0.747646
2026-05-16 12:01:41,171 - INFO - Epoch 19/100 | train_loss=0.119160 | val_f1=0.400000 val_acc=0.666667 val_kappa=0.000000 val_ccc=-0.034335 val_rmse=1.037697 val_mae=0.797466
2026-05-16 12:01:44,466 - INFO - Epoch 20/100 | train_loss=0.132850 | val_f1=0.357143 val_acc=0.555556 val_kappa=-0.200000 val_ccc=-0.032348 val_rmse=0.948998 val_mae=0.733122
2026-05-16 12:01:47,554 - INFO - Epoch 21/100 | train_loss=0.090291 | val_f1=0.357143 val_acc=0.555556 val_kappa=-0.200000 val_ccc=-0.042536 val_rmse=0.953496 val_mae=0.730094
2026-05-16 12:01:50,662 - INFO - Epoch 22/100 | train_loss=0.077814 | val_f1=0.400000 val_acc=0.666667 val_kappa=0.000000 val_ccc=-0.005577 val_rmse=0.965365 val_mae=0.729773
2026-05-16 12:01:53,772 - INFO - Epoch 23/100 | train_loss=0.053773 | val_f1=0.400000 val_acc=0.666667 val_kappa=0.000000 val_ccc=-0.001820 val_rmse=0.992575 val_mae=0.756526
2026-05-16 12:01:56,849 - INFO - Epoch 24/100 | train_loss=0.055987 | val_f1=0.400000 val_acc=0.666667 val_kappa=0.000000 val_ccc=0.051872 val_rmse=0.932258 val_mae=0.725623
2026-05-16 12:01:59,926 - INFO - Epoch 25/100 | train_loss=0.074559 | val_f1=0.400000 val_acc=0.666667 val_kappa=0.000000 val_ccc=0.038062 val_rmse=0.987096 val_mae=0.771039
2026-05-16 12:02:02,950 - INFO - Epoch 26/100 | train_loss=0.069368 | val_f1=0.400000 val_acc=0.666667 val_kappa=0.000000 val_ccc=0.029615 val_rmse=0.958182 val_mae=0.745718
2026-05-16 12:02:05,955 - INFO - Epoch 27/100 | train_loss=0.053028 | val_f1=0.400000 val_acc=0.666667 val_kappa=0.000000 val_ccc=0.037718 val_rmse=0.939289 val_mae=0.713749
2026-05-16 12:02:09,003 - INFO - Epoch 28/100 | train_loss=0.051874 | val_f1=0.400000 val_acc=0.666667 val_kappa=0.000000 val_ccc=0.054076 val_rmse=0.916290 val_mae=0.699099
2026-05-16 12:02:12,060 - INFO - Epoch 29/100 | train_loss=0.062131 | val_f1=0.400000 val_acc=0.666667 val_kappa=0.000000 val_ccc=0.044565 val_rmse=0.920918 val_mae=0.702839
2026-05-16 12:02:15,008 - INFO - Epoch 30/100 | train_loss=0.050682 | val_f1=0.357143 val_acc=0.555556 val_kappa=-0.200000 val_ccc=0.046477 val_rmse=0.906375 val_mae=0.716046
2026-05-16 12:02:18,023 - INFO - Epoch 31/100 | train_loss=0.071171 | val_f1=0.400000 val_acc=0.666667 val_kappa=0.000000 val_ccc=0.016471 val_rmse=0.943989 val_mae=0.726491
2026-05-16 12:02:21,040 - INFO - Epoch 32/100 | train_loss=0.053706 | val_f1=0.400000 val_acc=0.666667 val_kappa=0.000000 val_ccc=0.029061 val_rmse=0.926221 val_mae=0.720445
2026-05-16 12:02:24,056 - INFO - Epoch 33/100 | train_loss=0.046607 | val_f1=0.400000 val_acc=0.666667 val_kappa=0.000000 val_ccc=0.016046 val_rmse=0.975204 val_mae=0.762722
2026-05-16 12:02:27,088 - INFO - Epoch 34/100 | train_loss=0.058684 | val_f1=0.400000 val_acc=0.666667 val_kappa=0.000000 val_ccc=0.025623 val_rmse=0.962646 val_mae=0.747774
2026-05-16 12:02:30,136 - INFO - Epoch 35/100 | train_loss=0.041831 | val_f1=0.400000 val_acc=0.666667 val_kappa=0.000000 val_ccc=0.013310 val_rmse=0.995012 val_mae=0.770023
2026-05-16 12:02:33,199 - INFO - Epoch 36/100 | train_loss=0.033424 | val_f1=0.400000 val_acc=0.666667 val_kappa=0.000000 val_ccc=0.031494 val_rmse=0.929431 val_mae=0.717113
2026-05-16 12:02:36,185 - INFO - Epoch 37/100 | train_loss=0.048950 | val_f1=0.400000 val_acc=0.666667 val_kappa=0.000000 val_ccc=0.031876 val_rmse=0.941669 val_mae=0.713912
2026-05-16 12:02:39,201 - INFO - Epoch 38/100 | train_loss=0.047661 | val_f1=0.400000 val_acc=0.666667 val_kappa=0.000000 val_ccc=0.020041 val_rmse=0.938487 val_mae=0.721492
2026-05-16 12:02:42,263 - INFO - Epoch 39/100 | train_loss=0.048390 | val_f1=0.400000 val_acc=0.666667 val_kappa=0.000000 val_ccc=0.009775 val_rmse=0.939407 val_mae=0.723695
2026-05-16 12:02:45,366 - INFO - Epoch 40/100 | train_loss=0.046573 | val_f1=0.400000 val_acc=0.666667 val_kappa=0.000000 val_ccc=0.037083 val_rmse=0.940899 val_mae=0.720171
2026-05-16 12:02:48,455 - INFO - Epoch 41/100 | train_loss=0.043035 | val_f1=0.400000 val_acc=0.666667 val_kappa=0.000000 val_ccc=0.038384 val_rmse=0.949639 val_mae=0.734708
2026-05-16 12:02:51,572 - INFO - Epoch 42/100 | train_loss=0.046839 | val_f1=0.400000 val_acc=0.666667 val_kappa=0.000000 val_ccc=0.059723 val_rmse=0.925176 val_mae=0.714132
2026-05-16 12:02:54,599 - INFO - Epoch 43/100 | train_loss=0.038675 | val_f1=0.400000 val_acc=0.666667 val_kappa=0.000000 val_ccc=0.070674 val_rmse=0.921399 val_mae=0.713344
2026-05-16 12:02:57,642 - INFO - Epoch 44/100 | train_loss=0.029584 | val_f1=0.400000 val_acc=0.666667 val_kappa=0.000000 val_ccc=0.057384 val_rmse=0.936169 val_mae=0.723517
2026-05-16 12:03:00,569 - INFO - Epoch 45/100 | train_loss=0.057229 | val_f1=0.400000 val_acc=0.666667 val_kappa=0.000000 val_ccc=0.068848 val_rmse=0.931567 val_mae=0.723454
2026-05-16 12:03:03,570 - INFO - Epoch 46/100 | train_loss=0.048387 | val_f1=0.400000 val_acc=0.666667 val_kappa=0.000000 val_ccc=0.085435 val_rmse=0.912902 val_mae=0.708718
2026-05-16 12:03:06,519 - INFO - Epoch 47/100 | train_loss=0.057325 | val_f1=0.400000 val_acc=0.666667 val_kappa=0.000000 val_ccc=0.093681 val_rmse=0.925710 val_mae=0.717145
2026-05-16 12:03:09,463 - INFO - Epoch 48/100 | train_loss=0.043168 | val_f1=0.400000 val_acc=0.666667 val_kappa=0.000000 val_ccc=0.086213 val_rmse=0.890328 val_mae=0.692537
2026-05-16 12:03:12,393 - INFO - Epoch 49/100 | train_loss=0.039226 | val_f1=0.400000 val_acc=0.666667 val_kappa=0.000000 val_ccc=0.072050 val_rmse=0.901315 val_mae=0.706277
2026-05-16 12:03:15,423 - INFO - Epoch 50/100 | train_loss=0.048091 | val_f1=0.400000 val_acc=0.666667 val_kappa=0.000000 val_ccc=0.067140 val_rmse=0.915762 val_mae=0.714512
2026-05-16 12:03:18,457 - INFO - Epoch 51/100 | train_loss=0.040880 | val_f1=0.400000 val_acc=0.666667 val_kappa=0.000000 val_ccc=0.064072 val_rmse=0.916125 val_mae=0.712410
2026-05-16 12:03:21,460 - INFO - Epoch 52/100 | train_loss=0.028816 | val_f1=0.400000 val_acc=0.666667 val_kappa=0.000000 val_ccc=0.056102 val_rmse=0.964602 val_mae=0.741327
2026-05-16 12:03:24,484 - INFO - Epoch 53/100 | train_loss=0.044156 | val_f1=0.400000 val_acc=0.666667 val_kappa=0.000000 val_ccc=0.061617 val_rmse=0.941472 val_mae=0.722610
2026-05-16 12:03:27,482 - INFO - Epoch 54/100 | train_loss=0.039826 | val_f1=0.400000 val_acc=0.666667 val_kappa=0.000000 val_ccc=0.060491 val_rmse=0.915415 val_mae=0.713519
2026-05-16 12:03:30,467 - INFO - Epoch 55/100 | train_loss=0.032464 | val_f1=0.400000 val_acc=0.666667 val_kappa=0.000000 val_ccc=0.063077 val_rmse=0.938776 val_mae=0.728730
2026-05-16 12:03:35,415 - INFO - Epoch 56/100 | train_loss=0.041659 | val_f1=0.400000 val_acc=0.666667 val_kappa=0.000000 val_ccc=0.068580 val_rmse=0.914472 val_mae=0.715418
2026-05-16 12:03:41,057 - INFO - Epoch 57/100 | train_loss=0.050260 | val_f1=0.400000 val_acc=0.666667 val_kappa=0.000000 val_ccc=0.049590 val_rmse=0.969110 val_mae=0.749171
2026-05-16 12:03:44,126 - INFO - Epoch 58/100 | train_loss=0.030275 | val_f1=0.400000 val_acc=0.666667 val_kappa=0.000000 val_ccc=0.049858 val_rmse=0.929356 val_mae=0.720898
2026-05-16 12:03:47,108 - INFO - Epoch 59/100 | train_loss=0.025506 | val_f1=0.400000 val_acc=0.666667 val_kappa=0.000000 val_ccc=0.054960 val_rmse=0.931740 val_mae=0.724434
2026-05-16 12:03:50,157 - INFO - Epoch 60/100 | train_loss=0.034749 | val_f1=0.400000 val_acc=0.666667 val_kappa=0.000000 val_ccc=0.067063 val_rmse=0.900884 val_mae=0.709892
2026-05-16 12:03:53,207 - INFO - Epoch 61/100 | train_loss=0.039857 | val_f1=0.400000 val_acc=0.666667 val_kappa=0.000000 val_ccc=0.055080 val_rmse=0.949464 val_mae=0.741119
2026-05-16 12:03:56,314 - INFO - Epoch 62/100 | train_loss=0.048029 | val_f1=0.400000 val_acc=0.666667 val_kappa=0.000000 val_ccc=0.061047 val_rmse=0.928995 val_mae=0.719372
2026-05-16 12:03:59,332 - INFO - Epoch 63/100 | train_loss=0.042220 | val_f1=0.400000 val_acc=0.666667 val_kappa=0.000000 val_ccc=0.079383 val_rmse=0.901875 val_mae=0.705706
2026-05-16 12:04:02,427 - INFO - Epoch 64/100 | train_loss=0.034754 | val_f1=0.400000 val_acc=0.666667 val_kappa=0.000000 val_ccc=0.077364 val_rmse=0.920476 val_mae=0.711570
2026-05-16 12:04:05,432 - INFO - Epoch 65/100 | train_loss=0.034207 | val_f1=0.400000 val_acc=0.666667 val_kappa=0.000000 val_ccc=0.075546 val_rmse=0.920116 val_mae=0.711044
2026-05-16 12:04:08,516 - INFO - Epoch 66/100 | train_loss=0.031953 | val_f1=0.400000 val_acc=0.666667 val_kappa=0.000000 val_ccc=0.072974 val_rmse=0.909714 val_mae=0.707149
2026-05-16 12:04:11,566 - INFO - Epoch 67/100 | train_loss=0.026041 | val_f1=0.400000 val_acc=0.666667 val_kappa=0.000000 val_ccc=0.065240 val_rmse=0.930790 val_mae=0.720262
2026-05-16 12:04:14,666 - INFO - Epoch 68/100 | train_loss=0.035356 | val_f1=0.400000 val_acc=0.666667 val_kappa=0.000000 val_ccc=0.074647 val_rmse=0.928221 val_mae=0.720439
2026-05-16 12:04:17,677 - INFO - Epoch 69/100 | train_loss=0.030444 | val_f1=0.400000 val_acc=0.666667 val_kappa=0.000000 val_ccc=0.078377 val_rmse=0.909331 val_mae=0.709869
2026-05-16 12:04:20,730 - INFO - Epoch 70/100 | train_loss=0.037595 | val_f1=0.400000 val_acc=0.666667 val_kappa=0.000000 val_ccc=0.066643 val_rmse=0.940054 val_mae=0.730448
2026-05-16 12:04:23,729 - INFO - Epoch 71/100 | train_loss=0.023903 | val_f1=0.400000 val_acc=0.666667 val_kappa=0.000000 val_ccc=0.073007 val_rmse=0.911760 val_mae=0.713697
2026-05-16 12:04:26,692 - INFO - Epoch 72/100 | train_loss=0.030567 | val_f1=0.400000 val_acc=0.666667 val_kappa=0.000000 val_ccc=0.077374 val_rmse=0.914494 val_mae=0.714602
2026-05-16 12:04:29,740 - INFO - Epoch 73/100 | train_loss=0.030384 | val_f1=0.400000 val_acc=0.666667 val_kappa=0.000000 val_ccc=0.072368 val_rmse=0.920745 val_mae=0.717969
2026-05-16 12:04:32,778 - INFO - Epoch 74/100 | train_loss=0.036877 | val_f1=0.400000 val_acc=0.666667 val_kappa=0.000000 val_ccc=0.067441 val_rmse=0.927261 val_mae=0.721814
2026-05-16 12:04:35,871 - INFO - Epoch 75/100 | train_loss=0.034129 | val_f1=0.400000 val_acc=0.666667 val_kappa=0.000000 val_ccc=0.062752 val_rmse=0.934746 val_mae=0.726606
2026-05-16 12:04:38,954 - INFO - Epoch 76/100 | train_loss=0.033455 | val_f1=0.400000 val_acc=0.666667 val_kappa=0.000000 val_ccc=0.073122 val_rmse=0.909732 val_mae=0.716077
2026-05-16 12:04:42,048 - INFO - Epoch 77/100 | train_loss=0.029457 | val_f1=0.400000 val_acc=0.666667 val_kappa=0.000000 val_ccc=0.061383 val_rmse=0.946902 val_mae=0.735467
2026-05-16 12:04:45,109 - INFO - Epoch 78/100 | train_loss=0.029613 | val_f1=0.400000 val_acc=0.666667 val_kappa=0.000000 val_ccc=0.059484 val_rmse=0.956968 val_mae=0.743701
2026-05-16 12:04:48,190 - INFO - Epoch 79/100 | train_loss=0.041280 | val_f1=0.400000 val_acc=0.666667 val_kappa=0.000000 val_ccc=0.070982 val_rmse=0.916209 val_mae=0.718442
2026-05-16 12:04:51,249 - INFO - Epoch 80/100 | train_loss=0.028043 | val_f1=0.400000 val_acc=0.666667 val_kappa=0.000000 val_ccc=0.076053 val_rmse=0.916957 val_mae=0.718594
2026-05-16 12:04:54,332 - INFO - Epoch 81/100 | train_loss=0.029467 | val_f1=0.400000 val_acc=0.666667 val_kappa=0.000000 val_ccc=0.079290 val_rmse=0.920439 val_mae=0.719649
2026-05-16 12:04:57,432 - INFO - Epoch 82/100 | train_loss=0.031212 | val_f1=0.400000 val_acc=0.666667 val_kappa=0.000000 val_ccc=0.075939 val_rmse=0.935657 val_mae=0.728402
2026-05-16 12:05:00,502 - INFO - Epoch 83/100 | train_loss=0.030567 | val_f1=0.400000 val_acc=0.666667 val_kappa=0.000000 val_ccc=0.078344 val_rmse=0.923324 val_mae=0.719565
2026-05-16 12:05:03,590 - INFO - Epoch 84/100 | train_loss=0.033762 | val_f1=0.400000 val_acc=0.666667 val_kappa=0.000000 val_ccc=0.083785 val_rmse=0.909269 val_mae=0.713350
2026-05-16 12:05:06,690 - INFO - Epoch 85/100 | train_loss=0.033626 | val_f1=0.400000 val_acc=0.666667 val_kappa=0.000000 val_ccc=0.085906 val_rmse=0.905176 val_mae=0.711311
2026-05-16 12:05:09,768 - INFO - Epoch 86/100 | train_loss=0.039116 | val_f1=0.400000 val_acc=0.666667 val_kappa=0.000000 val_ccc=0.084991 val_rmse=0.909637 val_mae=0.713016
2026-05-16 12:05:12,813 - INFO - Epoch 87/100 | train_loss=0.031031 | val_f1=0.400000 val_acc=0.666667 val_kappa=0.000000 val_ccc=0.087199 val_rmse=0.905720 val_mae=0.711449
2026-05-16 12:05:15,836 - INFO - Epoch 88/100 | train_loss=0.025100 | val_f1=0.400000 val_acc=0.666667 val_kappa=0.000000 val_ccc=0.089399 val_rmse=0.900005 val_mae=0.709219
2026-05-16 12:05:18,921 - INFO - Epoch 89/100 | train_loss=0.028632 | val_f1=0.400000 val_acc=0.666667 val_kappa=0.000000 val_ccc=0.086549 val_rmse=0.905554 val_mae=0.712009
2026-05-16 12:05:22,015 - INFO - Epoch 90/100 | train_loss=0.026196 | val_f1=0.400000 val_acc=0.666667 val_kappa=0.000000 val_ccc=0.083737 val_rmse=0.909942 val_mae=0.713748
2026-05-16 12:05:25,104 - INFO - Epoch 91/100 | train_loss=0.037063 | val_f1=0.400000 val_acc=0.666667 val_kappa=0.000000 val_ccc=0.082712 val_rmse=0.911966 val_mae=0.714626
2026-05-16 12:05:28,156 - INFO - Epoch 92/100 | train_loss=0.038868 | val_f1=0.400000 val_acc=0.666667 val_kappa=0.000000 val_ccc=0.082946 val_rmse=0.912110 val_mae=0.714721
2026-05-16 12:05:31,264 - INFO - Epoch 93/100 | train_loss=0.047651 | val_f1=0.400000 val_acc=0.666667 val_kappa=0.000000 val_ccc=0.081859 val_rmse=0.914986 val_mae=0.715873
2026-05-16 12:05:34,337 - INFO - Epoch 94/100 | train_loss=0.036601 | val_f1=0.400000 val_acc=0.666667 val_kappa=0.000000 val_ccc=0.082222 val_rmse=0.913656 val_mae=0.715329
2026-05-16 12:05:37,428 - INFO - Epoch 95/100 | train_loss=0.031898 | val_f1=0.400000 val_acc=0.666667 val_kappa=0.000000 val_ccc=0.083156 val_rmse=0.911298 val_mae=0.714393
2026-05-16 12:05:40,557 - INFO - Epoch 96/100 | train_loss=0.028780 | val_f1=0.400000 val_acc=0.666667 val_kappa=0.000000 val_ccc=0.083010 val_rmse=0.911581 val_mae=0.714530
2026-05-16 12:05:43,638 - INFO - Epoch 97/100 | train_loss=0.027397 | val_f1=0.400000 val_acc=0.666667 val_kappa=0.000000 val_ccc=0.082666 val_rmse=0.912592 val_mae=0.714943
2026-05-16 12:05:46,756 - INFO - Epoch 98/100 | train_loss=0.021914 | val_f1=0.400000 val_acc=0.666667 val_kappa=0.000000 val_ccc=0.082670 val_rmse=0.912598 val_mae=0.714952
2026-05-16 12:05:49,875 - INFO - Epoch 99/100 | train_loss=0.031526 | val_f1=0.400000 val_acc=0.666667 val_kappa=0.000000 val_ccc=0.082721 val_rmse=0.912401 val_mae=0.714875
2026-05-16 12:05:52,913 - INFO - Epoch 100/100 | train_loss=0.037045 | val_f1=0.400000 val_acc=0.666667 val_kappa=0.000000 val_ccc=0.082730 val_rmse=0.912379 val_mae=0.714869
2026-05-16 12:05:52,922 - INFO - Best checkpoint: checkpoints/Track1/A-V-G+P/binary/avgp_repro_v1_binary_seed42/best_model_2026-05-16-12.00.37.pth
2026-05-16 12:05:52,922 - INFO - Validation metrics saved to: logs/Track1/A-V-G+P/binary/avgp_repro_v1_binary_seed42/train_result_2026-05-16-12.00.37.json
