2026-05-16 12:00:38,928 - INFO - Experiment: avgp_repro_v1_binary_seed3407
2026-05-16 12:00:38,928 - INFO - Device: cuda
2026-05-16 12:00:38,928 - INFO - Train/Val: 78 / 9
2026-05-16 12:00:42,336 - INFO - Epoch 1/100 | train_loss=1.340730 | val_f1=0.584615 val_acc=0.666667 val_kappa=0.181818 val_ccc=-0.003858 val_rmse=0.970000 val_mae=0.734856
2026-05-16 12:00:45,377 - INFO - Epoch 2/100 | train_loss=0.969401 | val_f1=0.400000 val_acc=0.666667 val_kappa=0.000000 val_ccc=-0.006234 val_rmse=0.871805 val_mae=0.710541
2026-05-16 12:00:48,516 - INFO - Epoch 3/100 | train_loss=0.980526 | val_f1=0.222222 val_acc=0.222222 val_kappa=-0.400000 val_ccc=-0.006641 val_rmse=0.871779 val_mae=0.711229
2026-05-16 12:00:51,454 - INFO - Epoch 4/100 | train_loss=0.943530 | val_f1=0.400000 val_acc=0.666667 val_kappa=0.000000 val_ccc=-0.005083 val_rmse=0.876968 val_mae=0.704863
2026-05-16 12:00:54,440 - INFO - Epoch 5/100 | train_loss=1.012168 | val_f1=0.400000 val_acc=0.666667 val_kappa=0.000000 val_ccc=-0.007002 val_rmse=0.874979 val_mae=0.707972
2026-05-16 12:00:57,367 - INFO - Epoch 6/100 | train_loss=1.025341 | val_f1=0.400000 val_acc=0.666667 val_kappa=0.000000 val_ccc=-0.006608 val_rmse=0.898117 val_mae=0.693637
2026-05-16 12:01:00,412 - INFO - Epoch 7/100 | train_loss=0.985564 | val_f1=0.444444 val_acc=0.444444 val_kappa=0.000000 val_ccc=-0.006190 val_rmse=0.876479 val_mae=0.705217
2026-05-16 12:01:03,423 - INFO - Epoch 8/100 | train_loss=0.971272 | val_f1=0.400000 val_acc=0.666667 val_kappa=0.000000 val_ccc=-0.004287 val_rmse=0.897421 val_mae=0.691794
2026-05-16 12:01:06,391 - INFO - Epoch 9/100 | train_loss=0.894055 | val_f1=0.400000 val_acc=0.666667 val_kappa=0.000000 val_ccc=-0.002710 val_rmse=0.878938 val_mae=0.701518
2026-05-16 12:01:09,385 - INFO - Epoch 10/100 | train_loss=0.861509 | val_f1=0.400000 val_acc=0.666667 val_kappa=0.000000 val_ccc=-0.002846 val_rmse=0.874420 val_mae=0.704568
2026-05-16 12:01:12,418 - INFO - Epoch 11/100 | train_loss=0.817683 | val_f1=0.400000 val_acc=0.666667 val_kappa=0.000000 val_ccc=-0.001641 val_rmse=0.879802 val_mae=0.699580
2026-05-16 12:01:15,468 - INFO - Epoch 12/100 | train_loss=0.704138 | val_f1=0.400000 val_acc=0.666667 val_kappa=0.000000 val_ccc=-0.001740 val_rmse=0.887826 val_mae=0.693082
2026-05-16 12:01:18,563 - INFO - Epoch 13/100 | train_loss=0.620695 | val_f1=0.400000 val_acc=0.666667 val_kappa=0.000000 val_ccc=0.007324 val_rmse=0.921124 val_mae=0.675377
2026-05-16 12:01:21,668 - INFO - Epoch 14/100 | train_loss=0.478077 | val_f1=0.400000 val_acc=0.666667 val_kappa=0.000000 val_ccc=-0.000236 val_rmse=0.957587 val_mae=0.689083
2026-05-16 12:01:24,749 - INFO - Epoch 15/100 | train_loss=0.285962 | val_f1=0.400000 val_acc=0.666667 val_kappa=0.000000 val_ccc=-0.011090 val_rmse=0.916826 val_mae=0.681098
2026-05-16 12:01:27,758 - INFO - Epoch 16/100 | train_loss=0.205978 | val_f1=0.400000 val_acc=0.666667 val_kappa=0.000000 val_ccc=-0.011784 val_rmse=0.963324 val_mae=0.686777
2026-05-16 12:01:30,792 - INFO - Epoch 17/100 | train_loss=0.137942 | val_f1=0.400000 val_acc=0.666667 val_kappa=0.000000 val_ccc=-0.000186 val_rmse=0.917453 val_mae=0.687323
2026-05-16 12:01:33,891 - INFO - Epoch 18/100 | train_loss=0.132384 | val_f1=0.400000 val_acc=0.666667 val_kappa=0.000000 val_ccc=0.024118 val_rmse=0.908200 val_mae=0.698618
2026-05-16 12:01:36,980 - INFO - Epoch 19/100 | train_loss=0.096827 | val_f1=0.400000 val_acc=0.666667 val_kappa=0.000000 val_ccc=0.049505 val_rmse=0.903291 val_mae=0.700919
2026-05-16 12:01:40,077 - INFO - Epoch 20/100 | train_loss=0.084314 | val_f1=0.400000 val_acc=0.666667 val_kappa=0.000000 val_ccc=0.083030 val_rmse=0.928786 val_mae=0.822893
2026-05-16 12:01:43,229 - INFO - Epoch 21/100 | train_loss=0.109135 | val_f1=0.400000 val_acc=0.666667 val_kappa=0.000000 val_ccc=0.072915 val_rmse=0.925997 val_mae=0.665520
2026-05-16 12:01:46,637 - INFO - Epoch 22/100 | train_loss=0.088674 | val_f1=0.400000 val_acc=0.666667 val_kappa=0.000000 val_ccc=0.138439 val_rmse=0.927719 val_mae=0.679949
2026-05-16 12:01:50,375 - INFO - Epoch 23/100 | train_loss=0.082077 | val_f1=0.400000 val_acc=0.666667 val_kappa=0.000000 val_ccc=0.137242 val_rmse=0.913393 val_mae=0.663396
2026-05-16 12:01:53,998 - INFO - Epoch 24/100 | train_loss=0.087781 | val_f1=0.400000 val_acc=0.666667 val_kappa=0.000000 val_ccc=0.118194 val_rmse=0.873803 val_mae=0.704580
2026-05-16 12:01:57,496 - INFO - Epoch 25/100 | train_loss=0.064986 | val_f1=0.400000 val_acc=0.666667 val_kappa=0.000000 val_ccc=0.090752 val_rmse=0.910753 val_mae=0.705199
2026-05-16 12:02:00,770 - INFO - Epoch 26/100 | train_loss=0.077104 | val_f1=0.400000 val_acc=0.666667 val_kappa=0.000000 val_ccc=0.068489 val_rmse=0.959206 val_mae=0.809838
2026-05-16 12:02:03,920 - INFO - Epoch 27/100 | train_loss=0.078721 | val_f1=0.400000 val_acc=0.666667 val_kappa=0.000000 val_ccc=0.051344 val_rmse=0.924862 val_mae=0.715303
2026-05-16 12:02:07,042 - INFO - Epoch 28/100 | train_loss=0.073320 | val_f1=0.400000 val_acc=0.666667 val_kappa=0.000000 val_ccc=0.046684 val_rmse=0.985789 val_mae=0.723405
2026-05-16 12:02:10,588 - INFO - Epoch 29/100 | train_loss=0.054092 | val_f1=0.400000 val_acc=0.666667 val_kappa=0.000000 val_ccc=0.073993 val_rmse=0.911739 val_mae=0.748312
2026-05-16 12:02:14,170 - INFO - Epoch 30/100 | train_loss=0.060045 | val_f1=0.400000 val_acc=0.666667 val_kappa=0.000000 val_ccc=0.069212 val_rmse=0.897305 val_mae=0.770294
2026-05-16 12:02:17,736 - INFO - Epoch 31/100 | train_loss=0.044036 | val_f1=0.400000 val_acc=0.666667 val_kappa=0.000000 val_ccc=0.039663 val_rmse=0.940886 val_mae=0.743450
2026-05-16 12:02:21,239 - INFO - Epoch 32/100 | train_loss=0.047714 | val_f1=0.400000 val_acc=0.666667 val_kappa=0.000000 val_ccc=0.028676 val_rmse=1.003003 val_mae=0.722558
2026-05-16 12:02:24,702 - INFO - Epoch 33/100 | train_loss=0.065800 | val_f1=0.400000 val_acc=0.666667 val_kappa=0.000000 val_ccc=0.047460 val_rmse=0.953158 val_mae=0.713721
2026-05-16 12:02:28,118 - INFO - Epoch 34/100 | train_loss=0.058616 | val_f1=0.400000 val_acc=0.666667 val_kappa=0.000000 val_ccc=0.071814 val_rmse=0.925081 val_mae=0.687341
2026-05-16 12:02:31,565 - INFO - Epoch 35/100 | train_loss=0.047594 | val_f1=0.400000 val_acc=0.666667 val_kappa=0.000000 val_ccc=0.109752 val_rmse=0.892667 val_mae=0.696782
2026-05-16 12:02:35,019 - INFO - Epoch 36/100 | train_loss=0.049002 | val_f1=0.400000 val_acc=0.666667 val_kappa=0.000000 val_ccc=0.091870 val_rmse=0.920174 val_mae=0.683327
2026-05-16 12:02:38,445 - INFO - Epoch 37/100 | train_loss=0.047974 | val_f1=0.400000 val_acc=0.666667 val_kappa=0.000000 val_ccc=0.088236 val_rmse=0.895255 val_mae=0.680375
2026-05-16 12:02:41,852 - INFO - Epoch 38/100 | train_loss=0.059262 | val_f1=0.400000 val_acc=0.666667 val_kappa=0.000000 val_ccc=0.096794 val_rmse=0.916116 val_mae=0.678598
2026-05-16 12:02:45,227 - INFO - Epoch 39/100 | train_loss=0.065987 | val_f1=0.400000 val_acc=0.666667 val_kappa=0.000000 val_ccc=0.078840 val_rmse=0.924386 val_mae=0.679124
2026-05-16 12:02:48,622 - INFO - Epoch 40/100 | train_loss=0.042012 | val_f1=0.400000 val_acc=0.666667 val_kappa=0.000000 val_ccc=0.115829 val_rmse=0.875928 val_mae=0.720423
2026-05-16 12:02:52,018 - INFO - Epoch 41/100 | train_loss=0.057313 | val_f1=0.400000 val_acc=0.666667 val_kappa=0.000000 val_ccc=0.113464 val_rmse=0.888594 val_mae=0.687154
2026-05-16 12:02:55,436 - INFO - Epoch 42/100 | train_loss=0.053605 | val_f1=0.400000 val_acc=0.666667 val_kappa=0.000000 val_ccc=0.076106 val_rmse=0.958343 val_mae=0.706524
2026-05-16 12:02:58,849 - INFO - Epoch 43/100 | train_loss=0.037193 | val_f1=0.400000 val_acc=0.666667 val_kappa=0.000000 val_ccc=0.063636 val_rmse=0.955400 val_mae=0.710654
2026-05-16 12:03:02,328 - INFO - Epoch 44/100 | train_loss=0.038102 | val_f1=0.400000 val_acc=0.666667 val_kappa=0.000000 val_ccc=0.054183 val_rmse=0.935401 val_mae=0.682772
2026-05-16 12:03:05,705 - INFO - Epoch 45/100 | train_loss=0.059791 | val_f1=0.400000 val_acc=0.666667 val_kappa=0.000000 val_ccc=0.060677 val_rmse=0.923843 val_mae=0.697816
2026-05-16 12:03:09,085 - INFO - Epoch 46/100 | train_loss=0.052995 | val_f1=0.400000 val_acc=0.666667 val_kappa=0.000000 val_ccc=0.030028 val_rmse=1.033655 val_mae=0.758717
2026-05-16 12:03:12,565 - INFO - Epoch 47/100 | train_loss=0.051094 | val_f1=0.400000 val_acc=0.666667 val_kappa=0.000000 val_ccc=0.045584 val_rmse=0.956523 val_mae=0.700014
2026-05-16 12:03:15,931 - INFO - Epoch 48/100 | train_loss=0.040310 | val_f1=0.400000 val_acc=0.666667 val_kappa=0.000000 val_ccc=0.056296 val_rmse=0.947085 val_mae=0.697431
2026-05-16 12:03:19,282 - INFO - Epoch 49/100 | train_loss=0.032808 | val_f1=0.400000 val_acc=0.666667 val_kappa=0.000000 val_ccc=0.046584 val_rmse=0.954219 val_mae=0.705937
2026-05-16 12:03:22,568 - INFO - Epoch 50/100 | train_loss=0.046227 | val_f1=0.400000 val_acc=0.666667 val_kappa=0.000000 val_ccc=0.050634 val_rmse=0.962685 val_mae=0.712869
2026-05-16 12:03:25,843 - INFO - Epoch 51/100 | train_loss=0.032360 | val_f1=0.400000 val_acc=0.666667 val_kappa=0.000000 val_ccc=0.038281 val_rmse=0.973330 val_mae=0.713834
2026-05-16 12:03:29,129 - INFO - Epoch 52/100 | train_loss=0.045021 | val_f1=0.400000 val_acc=0.666667 val_kappa=0.000000 val_ccc=0.056902 val_rmse=0.953161 val_mae=0.703160
2026-05-16 12:03:32,480 - INFO - Epoch 53/100 | train_loss=0.028932 | val_f1=0.400000 val_acc=0.666667 val_kappa=0.000000 val_ccc=0.065161 val_rmse=0.954126 val_mae=0.700770
2026-05-16 12:03:35,800 - INFO - Epoch 54/100 | train_loss=0.031640 | val_f1=0.400000 val_acc=0.666667 val_kappa=0.000000 val_ccc=0.077847 val_rmse=0.940067 val_mae=0.689889
2026-05-16 12:03:41,223 - INFO - Epoch 55/100 | train_loss=0.045215 | val_f1=0.400000 val_acc=0.666667 val_kappa=0.000000 val_ccc=0.071504 val_rmse=0.944441 val_mae=0.704952
2026-05-16 12:03:44,456 - INFO - Epoch 56/100 | train_loss=0.049094 | val_f1=0.400000 val_acc=0.666667 val_kappa=0.000000 val_ccc=0.062187 val_rmse=0.974942 val_mae=0.718397
2026-05-16 12:03:47,727 - INFO - Epoch 57/100 | train_loss=0.041200 | val_f1=0.400000 val_acc=0.666667 val_kappa=0.000000 val_ccc=0.065178 val_rmse=0.950384 val_mae=0.698891
2026-05-16 12:03:51,003 - INFO - Epoch 58/100 | train_loss=0.036547 | val_f1=0.400000 val_acc=0.666667 val_kappa=0.000000 val_ccc=0.056266 val_rmse=0.950313 val_mae=0.698534
2026-05-16 12:03:54,234 - INFO - Epoch 59/100 | train_loss=0.035570 | val_f1=0.400000 val_acc=0.666667 val_kappa=0.000000 val_ccc=0.054078 val_rmse=0.935579 val_mae=0.700156
2026-05-16 12:03:57,479 - INFO - Epoch 60/100 | train_loss=0.040583 | val_f1=0.400000 val_acc=0.666667 val_kappa=0.000000 val_ccc=0.012378 val_rmse=1.065455 val_mae=0.782491
2026-05-16 12:04:00,692 - INFO - Epoch 61/100 | train_loss=0.037597 | val_f1=0.400000 val_acc=0.666667 val_kappa=0.000000 val_ccc=0.040020 val_rmse=0.952819 val_mae=0.695330
2026-05-16 12:04:03,924 - INFO - Epoch 62/100 | train_loss=0.041506 | val_f1=0.400000 val_acc=0.666667 val_kappa=0.000000 val_ccc=0.053895 val_rmse=0.936844 val_mae=0.702669
2026-05-16 12:04:07,133 - INFO - Epoch 63/100 | train_loss=0.039730 | val_f1=0.400000 val_acc=0.666667 val_kappa=0.000000 val_ccc=0.044226 val_rmse=0.981361 val_mae=0.723780
2026-05-16 12:04:10,298 - INFO - Epoch 64/100 | train_loss=0.028898 | val_f1=0.400000 val_acc=0.666667 val_kappa=0.000000 val_ccc=0.059990 val_rmse=0.947997 val_mae=0.715401
2026-05-16 12:04:13,464 - INFO - Epoch 65/100 | train_loss=0.026086 | val_f1=0.400000 val_acc=0.666667 val_kappa=0.000000 val_ccc=0.056799 val_rmse=0.957736 val_mae=0.717976
2026-05-16 12:04:16,596 - INFO - Epoch 66/100 | train_loss=0.041802 | val_f1=0.400000 val_acc=0.666667 val_kappa=0.000000 val_ccc=0.039475 val_rmse=0.994596 val_mae=0.732518
2026-05-16 12:04:19,723 - INFO - Epoch 67/100 | train_loss=0.059459 | val_f1=0.400000 val_acc=0.666667 val_kappa=0.000000 val_ccc=0.041773 val_rmse=0.976056 val_mae=0.713802
2026-05-16 12:04:22,876 - INFO - Epoch 68/100 | train_loss=0.038444 | val_f1=0.400000 val_acc=0.666667 val_kappa=0.000000 val_ccc=0.045609 val_rmse=0.972381 val_mae=0.714878
2026-05-16 12:04:26,055 - INFO - Epoch 69/100 | train_loss=0.029580 | val_f1=0.400000 val_acc=0.666667 val_kappa=0.000000 val_ccc=0.074474 val_rmse=0.919525 val_mae=0.711866
2026-05-16 12:04:29,129 - INFO - Epoch 70/100 | train_loss=0.042551 | val_f1=0.400000 val_acc=0.666667 val_kappa=0.000000 val_ccc=0.032058 val_rmse=1.013299 val_mae=0.747692
2026-05-16 12:04:32,265 - INFO - Epoch 71/100 | train_loss=0.035212 | val_f1=0.400000 val_acc=0.666667 val_kappa=0.000000 val_ccc=0.043026 val_rmse=0.970292 val_mae=0.721878
2026-05-16 12:04:35,422 - INFO - Epoch 72/100 | train_loss=0.031363 | val_f1=0.400000 val_acc=0.666667 val_kappa=0.000000 val_ccc=0.048953 val_rmse=0.951518 val_mae=0.714339
2026-05-16 12:04:38,731 - INFO - Epoch 73/100 | train_loss=0.032954 | val_f1=0.400000 val_acc=0.666667 val_kappa=0.000000 val_ccc=0.031923 val_rmse=1.006902 val_mae=0.743044
2026-05-16 12:04:41,803 - INFO - Epoch 74/100 | train_loss=0.038409 | val_f1=0.400000 val_acc=0.666667 val_kappa=0.000000 val_ccc=0.057508 val_rmse=0.937492 val_mae=0.708580
2026-05-16 12:04:44,905 - INFO - Epoch 75/100 | train_loss=0.029408 | val_f1=0.400000 val_acc=0.666667 val_kappa=0.000000 val_ccc=0.042292 val_rmse=0.976882 val_mae=0.718314
2026-05-16 12:04:47,984 - INFO - Epoch 76/100 | train_loss=0.031834 | val_f1=0.400000 val_acc=0.666667 val_kappa=0.000000 val_ccc=0.050947 val_rmse=0.961540 val_mae=0.714958
2026-05-16 12:04:51,010 - INFO - Epoch 77/100 | train_loss=0.027743 | val_f1=0.400000 val_acc=0.666667 val_kappa=0.000000 val_ccc=0.044505 val_rmse=0.986363 val_mae=0.724734
2026-05-16 12:04:54,064 - INFO - Epoch 78/100 | train_loss=0.023342 | val_f1=0.400000 val_acc=0.666667 val_kappa=0.000000 val_ccc=0.039228 val_rmse=0.986831 val_mae=0.723917
2026-05-16 12:04:57,181 - INFO - Epoch 79/100 | train_loss=0.036656 | val_f1=0.400000 val_acc=0.666667 val_kappa=0.000000 val_ccc=0.042034 val_rmse=0.974879 val_mae=0.714579
2026-05-16 12:05:00,228 - INFO - Epoch 80/100 | train_loss=0.020320 | val_f1=0.400000 val_acc=0.666667 val_kappa=0.000000 val_ccc=0.047639 val_rmse=0.972374 val_mae=0.718470
2026-05-16 12:05:03,321 - INFO - Epoch 81/100 | train_loss=0.029982 | val_f1=0.400000 val_acc=0.666667 val_kappa=0.000000 val_ccc=0.049442 val_rmse=0.968276 val_mae=0.715597
2026-05-16 12:05:06,348 - INFO - Epoch 82/100 | train_loss=0.037574 | val_f1=0.400000 val_acc=0.666667 val_kappa=0.000000 val_ccc=0.043182 val_rmse=0.991445 val_mae=0.729585
2026-05-16 12:05:09,406 - INFO - Epoch 83/100 | train_loss=0.030178 | val_f1=0.400000 val_acc=0.666667 val_kappa=0.000000 val_ccc=0.054713 val_rmse=0.962190 val_mae=0.714366
2026-05-16 12:05:12,502 - INFO - Epoch 84/100 | train_loss=0.028860 | val_f1=0.400000 val_acc=0.666667 val_kappa=0.000000 val_ccc=0.062317 val_rmse=0.945215 val_mae=0.708276
2026-05-16 12:05:15,659 - INFO - Epoch 85/100 | train_loss=0.027873 | val_f1=0.400000 val_acc=0.666667 val_kappa=0.000000 val_ccc=0.049416 val_rmse=0.974589 val_mae=0.716501
2026-05-16 12:05:18,832 - INFO - Epoch 86/100 | train_loss=0.041112 | val_f1=0.400000 val_acc=0.666667 val_kappa=0.000000 val_ccc=0.047455 val_rmse=0.975662 val_mae=0.714934
2026-05-16 12:05:21,938 - INFO - Epoch 87/100 | train_loss=0.037400 | val_f1=0.400000 val_acc=0.666667 val_kappa=0.000000 val_ccc=0.051046 val_rmse=0.964146 val_mae=0.710866
2026-05-16 12:05:25,052 - INFO - Epoch 88/100 | train_loss=0.031435 | val_f1=0.400000 val_acc=0.666667 val_kappa=0.000000 val_ccc=0.054799 val_rmse=0.954802 val_mae=0.707674
2026-05-16 12:05:28,133 - INFO - Epoch 89/100 | train_loss=0.035485 | val_f1=0.400000 val_acc=0.666667 val_kappa=0.000000 val_ccc=0.051140 val_rmse=0.963725 val_mae=0.710937
2026-05-16 12:05:31,295 - INFO - Epoch 90/100 | train_loss=0.040035 | val_f1=0.400000 val_acc=0.666667 val_kappa=0.000000 val_ccc=0.049554 val_rmse=0.968035 val_mae=0.712152
2026-05-16 12:05:34,446 - INFO - Epoch 91/100 | train_loss=0.030276 | val_f1=0.400000 val_acc=0.666667 val_kappa=0.000000 val_ccc=0.055383 val_rmse=0.954616 val_mae=0.708189
2026-05-16 12:05:37,555 - INFO - Epoch 92/100 | train_loss=0.031380 | val_f1=0.400000 val_acc=0.666667 val_kappa=0.000000 val_ccc=0.056372 val_rmse=0.952311 val_mae=0.707320
2026-05-16 12:05:40,634 - INFO - Epoch 93/100 | train_loss=0.029752 | val_f1=0.400000 val_acc=0.666667 val_kappa=0.000000 val_ccc=0.055680 val_rmse=0.953381 val_mae=0.707662
2026-05-16 12:05:43,714 - INFO - Epoch 94/100 | train_loss=0.036508 | val_f1=0.400000 val_acc=0.666667 val_kappa=0.000000 val_ccc=0.054289 val_rmse=0.957072 val_mae=0.709003
2026-05-16 12:05:46,822 - INFO - Epoch 95/100 | train_loss=0.033173 | val_f1=0.400000 val_acc=0.666667 val_kappa=0.000000 val_ccc=0.052031 val_rmse=0.961718 val_mae=0.710445
2026-05-16 12:05:49,868 - INFO - Epoch 96/100 | train_loss=0.036327 | val_f1=0.400000 val_acc=0.666667 val_kappa=0.000000 val_ccc=0.050759 val_rmse=0.964522 val_mae=0.711179
2026-05-16 12:05:52,906 - INFO - Epoch 97/100 | train_loss=0.034905 | val_f1=0.400000 val_acc=0.666667 val_kappa=0.000000 val_ccc=0.049959 val_rmse=0.966378 val_mae=0.711631
2026-05-16 12:05:55,973 - INFO - Epoch 98/100 | train_loss=0.025388 | val_f1=0.400000 val_acc=0.666667 val_kappa=0.000000 val_ccc=0.049911 val_rmse=0.966431 val_mae=0.711592
2026-05-16 12:05:59,067 - INFO - Epoch 99/100 | train_loss=0.031296 | val_f1=0.400000 val_acc=0.666667 val_kappa=0.000000 val_ccc=0.049886 val_rmse=0.966455 val_mae=0.711584
2026-05-16 12:06:02,194 - INFO - Epoch 100/100 | train_loss=0.028321 | val_f1=0.400000 val_acc=0.666667 val_kappa=0.000000 val_ccc=0.049919 val_rmse=0.966386 val_mae=0.711562
2026-05-16 12:06:02,203 - INFO - Best checkpoint: checkpoints/Track1/A-V-G+P/binary/avgp_repro_v1_binary_seed3407/best_model_2026-05-16-12.00.37.pth
2026-05-16 12:06:02,204 - INFO - Validation metrics saved to: logs/Track1/A-V-G+P/binary/avgp_repro_v1_binary_seed3407/train_result_2026-05-16-12.00.37.json
