2026-05-16 12:23:57,138 - INFO - Experiment: avgp_repro_v1_binary_seed123
2026-05-16 12:23:57,138 - INFO - Device: cuda
2026-05-16 12:23:57,138 - INFO - Train/Val: 78 / 9
2026-05-16 12:24:00,650 - INFO - Epoch 1/100 | train_loss=1.238244 | val_f1=0.400000 val_acc=0.666667 val_kappa=0.000000 val_ccc=-0.014056 val_rmse=0.891211 val_mae=0.699214
2026-05-16 12:24:03,899 - INFO - Epoch 2/100 | train_loss=0.997326 | val_f1=0.400000 val_acc=0.666667 val_kappa=0.000000 val_ccc=-0.012053 val_rmse=0.873111 val_mae=0.713004
2026-05-16 12:24:07,156 - INFO - Epoch 3/100 | train_loss=0.982501 | val_f1=0.400000 val_acc=0.666667 val_kappa=0.000000 val_ccc=-0.006774 val_rmse=0.896280 val_mae=0.692709
2026-05-16 12:24:10,525 - INFO - Epoch 4/100 | train_loss=1.025313 | val_f1=0.400000 val_acc=0.666667 val_kappa=0.000000 val_ccc=-0.012148 val_rmse=0.885446 val_mae=0.702338
2026-05-16 12:24:13,768 - INFO - Epoch 5/100 | train_loss=1.001386 | val_f1=0.400000 val_acc=0.666667 val_kappa=0.000000 val_ccc=-0.015677 val_rmse=0.889429 val_mae=0.701477
2026-05-16 12:24:16,990 - INFO - Epoch 6/100 | train_loss=0.953424 | val_f1=0.400000 val_acc=0.666667 val_kappa=0.000000 val_ccc=-0.029894 val_rmse=0.881078 val_mae=0.720285
2026-05-16 12:24:20,088 - INFO - Epoch 7/100 | train_loss=0.991760 | val_f1=0.400000 val_acc=0.666667 val_kappa=0.000000 val_ccc=-0.030165 val_rmse=0.914674 val_mae=0.699130
2026-05-16 12:24:23,233 - INFO - Epoch 8/100 | train_loss=0.945639 | val_f1=0.400000 val_acc=0.666667 val_kappa=0.000000 val_ccc=-0.032485 val_rmse=0.883846 val_mae=0.718406
2026-05-16 12:24:26,425 - INFO - Epoch 9/100 | train_loss=0.976942 | val_f1=0.400000 val_acc=0.666667 val_kappa=0.000000 val_ccc=-0.031234 val_rmse=0.902318 val_mae=0.704606
2026-05-16 12:24:29,586 - INFO - Epoch 10/100 | train_loss=0.854649 | val_f1=0.400000 val_acc=0.666667 val_kappa=0.000000 val_ccc=-0.032391 val_rmse=0.911588 val_mae=0.700327
2026-05-16 12:24:32,773 - INFO - Epoch 11/100 | train_loss=0.755110 | val_f1=0.400000 val_acc=0.666667 val_kappa=0.000000 val_ccc=-0.025795 val_rmse=0.912250 val_mae=0.694552
2026-05-16 12:24:35,886 - INFO - Epoch 12/100 | train_loss=0.651014 | val_f1=0.400000 val_acc=0.666667 val_kappa=0.000000 val_ccc=-0.017135 val_rmse=0.918308 val_mae=0.687432
2026-05-16 12:24:39,135 - INFO - Epoch 13/100 | train_loss=0.497640 | val_f1=0.400000 val_acc=0.666667 val_kappa=0.000000 val_ccc=-0.008307 val_rmse=0.985387 val_mae=0.717127
2026-05-16 12:24:42,405 - INFO - Epoch 14/100 | train_loss=0.373037 | val_f1=0.400000 val_acc=0.666667 val_kappa=0.000000 val_ccc=-0.026943 val_rmse=1.087726 val_mae=0.828271
2026-05-16 12:24:45,634 - INFO - Epoch 15/100 | train_loss=0.241168 | val_f1=0.400000 val_acc=0.666667 val_kappa=0.000000 val_ccc=-0.033039 val_rmse=0.976579 val_mae=0.724973
2026-05-16 12:24:48,939 - INFO - Epoch 16/100 | train_loss=0.182882 | val_f1=0.400000 val_acc=0.666667 val_kappa=0.000000 val_ccc=-0.045210 val_rmse=0.919818 val_mae=0.714186
2026-05-16 12:24:52,163 - INFO - Epoch 17/100 | train_loss=0.139868 | val_f1=0.400000 val_acc=0.666667 val_kappa=0.000000 val_ccc=-0.034381 val_rmse=0.912224 val_mae=0.709203
2026-05-16 12:24:55,469 - INFO - Epoch 18/100 | train_loss=0.105574 | val_f1=0.400000 val_acc=0.666667 val_kappa=0.000000 val_ccc=-0.056038 val_rmse=0.938802 val_mae=0.723413
2026-05-16 12:24:58,857 - INFO - Epoch 19/100 | train_loss=0.096279 | val_f1=0.400000 val_acc=0.666667 val_kappa=0.000000 val_ccc=-0.070062 val_rmse=0.948115 val_mae=0.715796
2026-05-16 12:25:02,116 - INFO - Epoch 20/100 | train_loss=0.138083 | val_f1=0.400000 val_acc=0.666667 val_kappa=0.000000 val_ccc=-0.101363 val_rmse=1.005229 val_mae=0.758571
2026-05-16 12:25:05,286 - INFO - Epoch 21/100 | train_loss=0.089836 | val_f1=0.400000 val_acc=0.666667 val_kappa=0.000000 val_ccc=-0.109972 val_rmse=1.066208 val_mae=0.793600
2026-05-16 12:25:08,479 - INFO - Epoch 22/100 | train_loss=0.083441 | val_f1=0.400000 val_acc=0.666667 val_kappa=0.000000 val_ccc=-0.101977 val_rmse=0.955897 val_mae=0.729561
2026-05-16 12:25:11,585 - INFO - Epoch 23/100 | train_loss=0.077553 | val_f1=0.400000 val_acc=0.666667 val_kappa=0.000000 val_ccc=-0.122610 val_rmse=0.983504 val_mae=0.758179
2026-05-16 12:25:14,803 - INFO - Epoch 24/100 | train_loss=0.081985 | val_f1=0.400000 val_acc=0.666667 val_kappa=0.000000 val_ccc=-0.126517 val_rmse=0.988886 val_mae=0.763059
2026-05-16 12:25:18,163 - INFO - Epoch 25/100 | train_loss=0.054575 | val_f1=0.400000 val_acc=0.666667 val_kappa=0.000000 val_ccc=-0.104875 val_rmse=0.979566 val_mae=0.761969
2026-05-16 12:25:21,441 - INFO - Epoch 26/100 | train_loss=0.051022 | val_f1=0.400000 val_acc=0.666667 val_kappa=0.000000 val_ccc=-0.103826 val_rmse=0.963339 val_mae=0.755858
2026-05-16 12:25:24,701 - INFO - Epoch 27/100 | train_loss=0.057162 | val_f1=0.400000 val_acc=0.666667 val_kappa=0.000000 val_ccc=-0.120962 val_rmse=0.976334 val_mae=0.767955
2026-05-16 12:25:27,939 - INFO - Epoch 28/100 | train_loss=0.049651 | val_f1=0.400000 val_acc=0.666667 val_kappa=0.000000 val_ccc=-0.095152 val_rmse=1.021779 val_mae=0.798354
2026-05-16 12:25:31,168 - INFO - Epoch 29/100 | train_loss=0.050026 | val_f1=0.400000 val_acc=0.666667 val_kappa=0.000000 val_ccc=-0.123237 val_rmse=0.985455 val_mae=0.783151
2026-05-16 12:25:34,384 - INFO - Epoch 30/100 | train_loss=0.052307 | val_f1=0.400000 val_acc=0.666667 val_kappa=0.000000 val_ccc=-0.152193 val_rmse=1.022855 val_mae=0.794487
2026-05-16 12:25:37,439 - INFO - Epoch 31/100 | train_loss=0.051920 | val_f1=0.400000 val_acc=0.666667 val_kappa=0.000000 val_ccc=-0.177632 val_rmse=1.019351 val_mae=0.795025
2026-05-16 12:25:40,667 - INFO - Epoch 32/100 | train_loss=0.036459 | val_f1=0.400000 val_acc=0.666667 val_kappa=0.000000 val_ccc=-0.174304 val_rmse=1.066113 val_mae=0.814936
2026-05-16 12:25:43,815 - INFO - Epoch 33/100 | train_loss=0.039002 | val_f1=0.400000 val_acc=0.666667 val_kappa=0.000000 val_ccc=-0.180867 val_rmse=1.027220 val_mae=0.797405
2026-05-16 12:25:47,121 - INFO - Epoch 34/100 | train_loss=0.053524 | val_f1=0.400000 val_acc=0.666667 val_kappa=0.000000 val_ccc=-0.182440 val_rmse=1.065664 val_mae=0.806264
2026-05-16 12:25:50,527 - INFO - Epoch 35/100 | train_loss=0.047090 | val_f1=0.400000 val_acc=0.666667 val_kappa=0.000000 val_ccc=-0.178545 val_rmse=1.024049 val_mae=0.790171
2026-05-16 12:25:53,858 - INFO - Epoch 36/100 | train_loss=0.041643 | val_f1=0.400000 val_acc=0.666667 val_kappa=0.000000 val_ccc=-0.152519 val_rmse=0.967542 val_mae=0.755634
2026-05-16 12:25:56,991 - INFO - Epoch 37/100 | train_loss=0.041558 | val_f1=0.400000 val_acc=0.666667 val_kappa=0.000000 val_ccc=-0.149306 val_rmse=1.025311 val_mae=0.784605
2026-05-16 12:26:00,168 - INFO - Epoch 38/100 | train_loss=0.063561 | val_f1=0.400000 val_acc=0.666667 val_kappa=0.000000 val_ccc=-0.179698 val_rmse=1.002153 val_mae=0.775226
2026-05-16 12:26:03,332 - INFO - Epoch 39/100 | train_loss=0.038948 | val_f1=0.400000 val_acc=0.666667 val_kappa=0.000000 val_ccc=-0.166086 val_rmse=1.006006 val_mae=0.768424
2026-05-16 12:26:06,538 - INFO - Epoch 40/100 | train_loss=0.038649 | val_f1=0.400000 val_acc=0.666667 val_kappa=0.000000 val_ccc=-0.160285 val_rmse=1.012635 val_mae=0.779115
2026-05-16 12:26:09,683 - INFO - Epoch 41/100 | train_loss=0.035238 | val_f1=0.400000 val_acc=0.666667 val_kappa=0.000000 val_ccc=-0.162277 val_rmse=1.018646 val_mae=0.782490
2026-05-16 12:26:12,869 - INFO - Epoch 42/100 | train_loss=0.046032 | val_f1=0.400000 val_acc=0.666667 val_kappa=0.000000 val_ccc=-0.140599 val_rmse=1.008660 val_mae=0.767458
2026-05-16 12:26:16,077 - INFO - Epoch 43/100 | train_loss=0.050789 | val_f1=0.400000 val_acc=0.666667 val_kappa=0.000000 val_ccc=-0.144057 val_rmse=0.984918 val_mae=0.769609
2026-05-16 12:26:19,168 - INFO - Epoch 44/100 | train_loss=0.040160 | val_f1=0.400000 val_acc=0.666667 val_kappa=0.000000 val_ccc=-0.144944 val_rmse=0.989210 val_mae=0.769549
2026-05-16 12:26:22,406 - INFO - Epoch 45/100 | train_loss=0.043451 | val_f1=0.400000 val_acc=0.666667 val_kappa=0.000000 val_ccc=-0.142299 val_rmse=1.026552 val_mae=0.787809
2026-05-16 12:26:25,561 - INFO - Epoch 46/100 | train_loss=0.042985 | val_f1=0.400000 val_acc=0.666667 val_kappa=0.000000 val_ccc=-0.148907 val_rmse=0.980865 val_mae=0.768471
2026-05-16 12:26:28,839 - INFO - Epoch 47/100 | train_loss=0.060187 | val_f1=0.400000 val_acc=0.666667 val_kappa=0.000000 val_ccc=-0.140830 val_rmse=1.003687 val_mae=0.775904
2026-05-16 12:26:31,988 - INFO - Epoch 48/100 | train_loss=0.031548 | val_f1=0.400000 val_acc=0.666667 val_kappa=0.000000 val_ccc=-0.126919 val_rmse=1.009988 val_mae=0.779980
2026-05-16 12:26:35,112 - INFO - Epoch 49/100 | train_loss=0.033073 | val_f1=0.400000 val_acc=0.666667 val_kappa=0.000000 val_ccc=-0.118904 val_rmse=1.013802 val_mae=0.773423
2026-05-16 12:26:38,196 - INFO - Epoch 50/100 | train_loss=0.037296 | val_f1=0.400000 val_acc=0.666667 val_kappa=0.000000 val_ccc=-0.130907 val_rmse=0.997833 val_mae=0.770075
2026-05-16 12:26:41,306 - INFO - Epoch 51/100 | train_loss=0.041374 | val_f1=0.400000 val_acc=0.666667 val_kappa=0.000000 val_ccc=-0.128807 val_rmse=1.042464 val_mae=0.789731
2026-05-16 12:26:44,400 - INFO - Epoch 52/100 | train_loss=0.027101 | val_f1=0.400000 val_acc=0.666667 val_kappa=0.000000 val_ccc=-0.144113 val_rmse=1.007197 val_mae=0.779260
2026-05-16 12:26:47,509 - INFO - Epoch 53/100 | train_loss=0.031638 | val_f1=0.400000 val_acc=0.666667 val_kappa=0.000000 val_ccc=-0.147878 val_rmse=1.011062 val_mae=0.777573
2026-05-16 12:26:50,519 - INFO - Epoch 54/100 | train_loss=0.033571 | val_f1=0.400000 val_acc=0.666667 val_kappa=0.000000 val_ccc=-0.160901 val_rmse=0.996747 val_mae=0.777218
2026-05-16 12:26:53,585 - INFO - Epoch 55/100 | train_loss=0.049021 | val_f1=0.400000 val_acc=0.666667 val_kappa=0.000000 val_ccc=-0.148702 val_rmse=1.002583 val_mae=0.781573
2026-05-16 12:26:56,737 - INFO - Epoch 56/100 | train_loss=0.037426 | val_f1=0.400000 val_acc=0.666667 val_kappa=0.000000 val_ccc=-0.147829 val_rmse=1.000620 val_mae=0.780673
2026-05-16 12:26:59,846 - INFO - Epoch 57/100 | train_loss=0.037629 | val_f1=0.400000 val_acc=0.666667 val_kappa=0.000000 val_ccc=-0.154420 val_rmse=0.994882 val_mae=0.779444
2026-05-16 12:27:02,847 - INFO - Epoch 58/100 | train_loss=0.038879 | val_f1=0.400000 val_acc=0.666667 val_kappa=0.000000 val_ccc=-0.139375 val_rmse=1.050180 val_mae=0.796837
2026-05-16 12:27:05,898 - INFO - Epoch 59/100 | train_loss=0.035842 | val_f1=0.400000 val_acc=0.666667 val_kappa=0.000000 val_ccc=-0.162198 val_rmse=0.998605 val_mae=0.778938
2026-05-16 12:27:08,875 - INFO - Epoch 60/100 | train_loss=0.033545 | val_f1=0.400000 val_acc=0.666667 val_kappa=0.000000 val_ccc=-0.160750 val_rmse=1.041324 val_mae=0.795728
2026-05-16 12:27:11,937 - INFO - Epoch 61/100 | train_loss=0.026042 | val_f1=0.400000 val_acc=0.666667 val_kappa=0.000000 val_ccc=-0.143741 val_rmse=1.042040 val_mae=0.792079
2026-05-16 12:27:15,118 - INFO - Epoch 62/100 | train_loss=0.027904 | val_f1=0.400000 val_acc=0.666667 val_kappa=0.000000 val_ccc=-0.153377 val_rmse=1.006688 val_mae=0.782244
2026-05-16 12:27:18,377 - INFO - Epoch 63/100 | train_loss=0.037541 | val_f1=0.400000 val_acc=0.666667 val_kappa=0.000000 val_ccc=-0.130456 val_rmse=1.028278 val_mae=0.784588
2026-05-16 12:27:21,661 - INFO - Epoch 64/100 | train_loss=0.037513 | val_f1=0.400000 val_acc=0.666667 val_kappa=0.000000 val_ccc=-0.119821 val_rmse=1.026215 val_mae=0.780199
2026-05-16 12:27:25,028 - INFO - Epoch 65/100 | train_loss=0.029072 | val_f1=0.400000 val_acc=0.666667 val_kappa=0.000000 val_ccc=-0.121631 val_rmse=1.008815 val_mae=0.777173
2026-05-16 12:27:28,275 - INFO - Epoch 66/100 | train_loss=0.034959 | val_f1=0.400000 val_acc=0.666667 val_kappa=0.000000 val_ccc=-0.120878 val_rmse=1.005294 val_mae=0.777157
2026-05-16 12:27:31,394 - INFO - Epoch 67/100 | train_loss=0.024469 | val_f1=0.400000 val_acc=0.666667 val_kappa=0.000000 val_ccc=-0.123813 val_rmse=1.002121 val_mae=0.778999
2026-05-16 12:27:34,705 - INFO - Epoch 68/100 | train_loss=0.024714 | val_f1=0.400000 val_acc=0.666667 val_kappa=0.000000 val_ccc=-0.125105 val_rmse=0.997034 val_mae=0.778353
2026-05-16 12:27:38,096 - INFO - Epoch 69/100 | train_loss=0.038859 | val_f1=0.400000 val_acc=0.666667 val_kappa=0.000000 val_ccc=-0.117933 val_rmse=1.022908 val_mae=0.789073
2026-05-16 12:27:41,388 - INFO - Epoch 70/100 | train_loss=0.036947 | val_f1=0.400000 val_acc=0.666667 val_kappa=0.000000 val_ccc=-0.133424 val_rmse=0.988386 val_mae=0.775971
2026-05-16 12:27:44,467 - INFO - Epoch 71/100 | train_loss=0.050378 | val_f1=0.400000 val_acc=0.666667 val_kappa=0.000000 val_ccc=-0.128056 val_rmse=1.009798 val_mae=0.781999
2026-05-16 12:27:47,585 - INFO - Epoch 72/100 | train_loss=0.039998 | val_f1=0.400000 val_acc=0.666667 val_kappa=0.000000 val_ccc=-0.134035 val_rmse=1.011074 val_mae=0.783333
2026-05-16 12:27:50,824 - INFO - Epoch 73/100 | train_loss=0.025875 | val_f1=0.400000 val_acc=0.666667 val_kappa=0.000000 val_ccc=-0.134504 val_rmse=1.006271 val_mae=0.784036
2026-05-16 12:27:54,067 - INFO - Epoch 74/100 | train_loss=0.037842 | val_f1=0.400000 val_acc=0.666667 val_kappa=0.000000 val_ccc=-0.124994 val_rmse=1.024331 val_mae=0.787960
2026-05-16 12:27:57,155 - INFO - Epoch 75/100 | train_loss=0.034573 | val_f1=0.400000 val_acc=0.666667 val_kappa=0.000000 val_ccc=-0.133705 val_rmse=1.001878 val_mae=0.781362
2026-05-16 12:28:00,261 - INFO - Epoch 76/100 | train_loss=0.021306 | val_f1=0.400000 val_acc=0.666667 val_kappa=0.000000 val_ccc=-0.125501 val_rmse=1.002033 val_mae=0.779264
2026-05-16 12:28:03,379 - INFO - Epoch 77/100 | train_loss=0.028477 | val_f1=0.400000 val_acc=0.666667 val_kappa=0.000000 val_ccc=-0.122523 val_rmse=0.997754 val_mae=0.776975
2026-05-16 12:28:06,513 - INFO - Epoch 78/100 | train_loss=0.025041 | val_f1=0.400000 val_acc=0.666667 val_kappa=0.000000 val_ccc=-0.123875 val_rmse=1.001872 val_mae=0.778052
2026-05-16 12:28:09,622 - INFO - Epoch 79/100 | train_loss=0.029354 | val_f1=0.400000 val_acc=0.666667 val_kappa=0.000000 val_ccc=-0.117227 val_rmse=1.029185 val_mae=0.785728
2026-05-16 12:28:12,685 - INFO - Epoch 80/100 | train_loss=0.021763 | val_f1=0.400000 val_acc=0.666667 val_kappa=0.000000 val_ccc=-0.123640 val_rmse=1.004052 val_mae=0.777964
2026-05-16 12:28:15,664 - INFO - Epoch 81/100 | train_loss=0.034195 | val_f1=0.400000 val_acc=0.666667 val_kappa=0.000000 val_ccc=-0.120150 val_rmse=1.006542 val_mae=0.778690
2026-05-16 12:28:18,618 - INFO - Epoch 82/100 | train_loss=0.030788 | val_f1=0.400000 val_acc=0.666667 val_kappa=0.000000 val_ccc=-0.124739 val_rmse=0.992982 val_mae=0.775826
2026-05-16 12:28:21,607 - INFO - Epoch 83/100 | train_loss=0.033119 | val_f1=0.400000 val_acc=0.666667 val_kappa=0.000000 val_ccc=-0.123194 val_rmse=1.005982 val_mae=0.780372
2026-05-16 12:28:24,538 - INFO - Epoch 84/100 | train_loss=0.028355 | val_f1=0.400000 val_acc=0.666667 val_kappa=0.000000 val_ccc=-0.122503 val_rmse=1.013043 val_mae=0.782935
2026-05-16 12:28:27,500 - INFO - Epoch 85/100 | train_loss=0.031327 | val_f1=0.400000 val_acc=0.666667 val_kappa=0.000000 val_ccc=-0.126384 val_rmse=1.000054 val_mae=0.779096
2026-05-16 12:28:30,619 - INFO - Epoch 86/100 | train_loss=0.023647 | val_f1=0.400000 val_acc=0.666667 val_kappa=0.000000 val_ccc=-0.125112 val_rmse=1.007107 val_mae=0.780993
2026-05-16 12:28:33,738 - INFO - Epoch 87/100 | train_loss=0.024572 | val_f1=0.400000 val_acc=0.666667 val_kappa=0.000000 val_ccc=-0.120733 val_rmse=1.015211 val_mae=0.782458
2026-05-16 12:28:36,901 - INFO - Epoch 88/100 | train_loss=0.035268 | val_f1=0.400000 val_acc=0.666667 val_kappa=0.000000 val_ccc=-0.121159 val_rmse=1.011986 val_mae=0.781233
2026-05-16 12:28:39,978 - INFO - Epoch 89/100 | train_loss=0.036629 | val_f1=0.400000 val_acc=0.666667 val_kappa=0.000000 val_ccc=-0.125174 val_rmse=0.999736 val_mae=0.778243
2026-05-16 12:28:43,102 - INFO - Epoch 90/100 | train_loss=0.035731 | val_f1=0.400000 val_acc=0.666667 val_kappa=0.000000 val_ccc=-0.127082 val_rmse=0.996414 val_mae=0.777188
2026-05-16 12:28:46,259 - INFO - Epoch 91/100 | train_loss=0.018885 | val_f1=0.400000 val_acc=0.666667 val_kappa=0.000000 val_ccc=-0.125174 val_rmse=1.002178 val_mae=0.779222
2026-05-16 12:28:49,492 - INFO - Epoch 92/100 | train_loss=0.020174 | val_f1=0.400000 val_acc=0.666667 val_kappa=0.000000 val_ccc=-0.123920 val_rmse=1.006466 val_mae=0.780178
2026-05-16 12:28:52,683 - INFO - Epoch 93/100 | train_loss=0.030562 | val_f1=0.400000 val_acc=0.666667 val_kappa=0.000000 val_ccc=-0.124539 val_rmse=1.004271 val_mae=0.779598
2026-05-16 12:28:55,969 - INFO - Epoch 94/100 | train_loss=0.037836 | val_f1=0.400000 val_acc=0.666667 val_kappa=0.000000 val_ccc=-0.125168 val_rmse=1.003740 val_mae=0.779618
2026-05-16 12:28:59,170 - INFO - Epoch 95/100 | train_loss=0.028672 | val_f1=0.400000 val_acc=0.666667 val_kappa=0.000000 val_ccc=-0.124824 val_rmse=1.004491 val_mae=0.779980
2026-05-16 12:29:02,293 - INFO - Epoch 96/100 | train_loss=0.024641 | val_f1=0.400000 val_acc=0.666667 val_kappa=0.000000 val_ccc=-0.124649 val_rmse=1.004695 val_mae=0.780065
2026-05-16 12:29:05,283 - INFO - Epoch 97/100 | train_loss=0.028195 | val_f1=0.400000 val_acc=0.666667 val_kappa=0.000000 val_ccc=-0.124253 val_rmse=1.005620 val_mae=0.780289
2026-05-16 12:29:08,352 - INFO - Epoch 98/100 | train_loss=0.025004 | val_f1=0.400000 val_acc=0.666667 val_kappa=0.000000 val_ccc=-0.124173 val_rmse=1.005824 val_mae=0.780343
2026-05-16 12:29:11,506 - INFO - Epoch 99/100 | train_loss=0.031431 | val_f1=0.400000 val_acc=0.666667 val_kappa=0.000000 val_ccc=-0.124207 val_rmse=1.005786 val_mae=0.780342
2026-05-16 12:29:14,739 - INFO - Epoch 100/100 | train_loss=0.021700 | val_f1=0.400000 val_acc=0.666667 val_kappa=0.000000 val_ccc=-0.124205 val_rmse=1.005796 val_mae=0.780347
2026-05-16 12:29:14,748 - INFO - Best checkpoint: checkpoints/Track1/A-V-G+P/binary/avgp_repro_v1_binary_seed123/best_model_2026-05-16-12.23.56.pth
2026-05-16 12:29:14,748 - INFO - Validation metrics saved to: logs/Track1/A-V-G+P/binary/avgp_repro_v1_binary_seed123/train_result_2026-05-16-12.23.56.json
