2026-05-16 12:12:11,693 - INFO - Experiment: avgp_repro_v1_binary_seed2026
2026-05-16 12:12:11,694 - INFO - Device: cuda
2026-05-16 12:12:11,694 - INFO - Train/Val: 78 / 9
2026-05-16 12:12:15,245 - INFO - Epoch 1/100 | train_loss=1.160062 | val_f1=0.400000 val_acc=0.666667 val_kappa=0.000000 val_ccc=-0.005786 val_rmse=0.874198 val_mae=0.707482
2026-05-16 12:12:18,377 - INFO - Epoch 2/100 | train_loss=0.973112 | val_f1=0.400000 val_acc=0.666667 val_kappa=0.000000 val_ccc=0.000166 val_rmse=0.871819 val_mae=0.706063
2026-05-16 12:12:21,406 - INFO - Epoch 3/100 | train_loss=1.018449 | val_f1=0.400000 val_acc=0.666667 val_kappa=0.000000 val_ccc=-0.004717 val_rmse=0.878625 val_mae=0.704861
2026-05-16 12:12:24,391 - INFO - Epoch 4/100 | train_loss=1.014092 | val_f1=0.400000 val_acc=0.666667 val_kappa=0.000000 val_ccc=0.000007 val_rmse=0.877543 val_mae=0.703066
2026-05-16 12:12:27,419 - INFO - Epoch 5/100 | train_loss=0.968498 | val_f1=0.400000 val_acc=0.666667 val_kappa=0.000000 val_ccc=0.004259 val_rmse=0.872957 val_mae=0.703347
2026-05-16 12:12:30,370 - INFO - Epoch 6/100 | train_loss=1.010578 | val_f1=0.400000 val_acc=0.666667 val_kappa=0.000000 val_ccc=0.008928 val_rmse=0.896169 val_mae=0.687895
2026-05-16 12:12:33,314 - INFO - Epoch 7/100 | train_loss=0.959436 | val_f1=0.400000 val_acc=0.666667 val_kappa=0.000000 val_ccc=0.011173 val_rmse=0.873431 val_mae=0.699934
2026-05-16 12:12:36,342 - INFO - Epoch 8/100 | train_loss=0.939702 | val_f1=0.400000 val_acc=0.666667 val_kappa=0.000000 val_ccc=0.020180 val_rmse=0.862429 val_mae=0.704085
2026-05-16 12:12:39,422 - INFO - Epoch 9/100 | train_loss=0.893689 | val_f1=0.400000 val_acc=0.666667 val_kappa=0.000000 val_ccc=0.026775 val_rmse=0.888343 val_mae=0.685571
2026-05-16 12:12:42,523 - INFO - Epoch 10/100 | train_loss=0.888669 | val_f1=0.400000 val_acc=0.666667 val_kappa=0.000000 val_ccc=0.038139 val_rmse=0.866177 val_mae=0.692109
2026-05-16 12:12:45,602 - INFO - Epoch 11/100 | train_loss=0.834565 | val_f1=0.400000 val_acc=0.666667 val_kappa=0.000000 val_ccc=0.056564 val_rmse=0.855824 val_mae=0.688110
2026-05-16 12:12:48,552 - INFO - Epoch 12/100 | train_loss=0.763741 | val_f1=0.400000 val_acc=0.666667 val_kappa=0.000000 val_ccc=0.079452 val_rmse=0.876060 val_mae=0.675286
2026-05-16 12:12:51,593 - INFO - Epoch 13/100 | train_loss=0.654030 | val_f1=0.400000 val_acc=0.666667 val_kappa=0.000000 val_ccc=0.115802 val_rmse=0.854035 val_mae=0.667022
2026-05-16 12:12:54,645 - INFO - Epoch 14/100 | train_loss=0.461101 | val_f1=0.357143 val_acc=0.555556 val_kappa=-0.200000 val_ccc=0.191221 val_rmse=0.828264 val_mae=0.649924
2026-05-16 12:12:57,707 - INFO - Epoch 15/100 | train_loss=0.312498 | val_f1=0.400000 val_acc=0.666667 val_kappa=0.000000 val_ccc=0.211130 val_rmse=0.844277 val_mae=0.679020
2026-05-16 12:13:00,756 - INFO - Epoch 16/100 | train_loss=0.216374 | val_f1=0.357143 val_acc=0.555556 val_kappa=-0.200000 val_ccc=0.221279 val_rmse=0.835256 val_mae=0.662469
2026-05-16 12:13:03,873 - INFO - Epoch 17/100 | train_loss=0.165620 | val_f1=0.357143 val_acc=0.555556 val_kappa=-0.200000 val_ccc=0.178742 val_rmse=0.863423 val_mae=0.683256
2026-05-16 12:13:06,935 - INFO - Epoch 18/100 | train_loss=0.151877 | val_f1=0.357143 val_acc=0.555556 val_kappa=-0.200000 val_ccc=0.171810 val_rmse=0.877618 val_mae=0.664659
2026-05-16 12:13:10,010 - INFO - Epoch 19/100 | train_loss=0.106816 | val_f1=0.357143 val_acc=0.555556 val_kappa=-0.200000 val_ccc=0.194438 val_rmse=0.912095 val_mae=0.705884
2026-05-16 12:13:13,106 - INFO - Epoch 20/100 | train_loss=0.095974 | val_f1=0.584615 val_acc=0.666667 val_kappa=0.181818 val_ccc=0.182637 val_rmse=0.873576 val_mae=0.656009
2026-05-16 12:13:16,183 - INFO - Epoch 21/100 | train_loss=0.078313 | val_f1=0.400000 val_acc=0.666667 val_kappa=0.000000 val_ccc=0.132613 val_rmse=0.916162 val_mae=0.739550
2026-05-16 12:13:19,246 - INFO - Epoch 22/100 | train_loss=0.082972 | val_f1=0.357143 val_acc=0.555556 val_kappa=-0.200000 val_ccc=0.127273 val_rmse=0.894659 val_mae=0.706209
2026-05-16 12:13:22,326 - INFO - Epoch 23/100 | train_loss=0.086596 | val_f1=0.400000 val_acc=0.666667 val_kappa=0.000000 val_ccc=0.118490 val_rmse=0.919693 val_mae=0.716791
2026-05-16 12:13:25,329 - INFO - Epoch 24/100 | train_loss=0.076669 | val_f1=0.400000 val_acc=0.666667 val_kappa=0.000000 val_ccc=0.135754 val_rmse=0.928849 val_mae=0.732463
2026-05-16 12:13:28,384 - INFO - Epoch 25/100 | train_loss=0.072137 | val_f1=0.357143 val_acc=0.555556 val_kappa=-0.200000 val_ccc=0.152051 val_rmse=0.892123 val_mae=0.702137
2026-05-16 12:13:31,400 - INFO - Epoch 26/100 | train_loss=0.066008 | val_f1=0.357143 val_acc=0.555556 val_kappa=-0.200000 val_ccc=0.168433 val_rmse=0.897872 val_mae=0.707300
2026-05-16 12:13:34,533 - INFO - Epoch 27/100 | train_loss=0.066016 | val_f1=0.357143 val_acc=0.555556 val_kappa=-0.200000 val_ccc=0.157916 val_rmse=0.876453 val_mae=0.687732
2026-05-16 12:13:37,573 - INFO - Epoch 28/100 | train_loss=0.052956 | val_f1=0.400000 val_acc=0.666667 val_kappa=0.000000 val_ccc=0.178433 val_rmse=0.890002 val_mae=0.703071
2026-05-16 12:13:40,820 - INFO - Epoch 29/100 | train_loss=0.070165 | val_f1=0.357143 val_acc=0.555556 val_kappa=-0.200000 val_ccc=0.147015 val_rmse=0.869285 val_mae=0.672419
2026-05-16 12:13:44,045 - INFO - Epoch 30/100 | train_loss=0.068438 | val_f1=0.400000 val_acc=0.666667 val_kappa=0.000000 val_ccc=0.157482 val_rmse=0.887401 val_mae=0.709248
2026-05-16 12:13:47,122 - INFO - Epoch 31/100 | train_loss=0.061825 | val_f1=0.400000 val_acc=0.666667 val_kappa=0.000000 val_ccc=0.122110 val_rmse=0.886725 val_mae=0.708499
2026-05-16 12:13:50,186 - INFO - Epoch 32/100 | train_loss=0.043125 | val_f1=0.400000 val_acc=0.666667 val_kappa=0.000000 val_ccc=0.127792 val_rmse=0.891246 val_mae=0.714256
2026-05-16 12:13:53,227 - INFO - Epoch 33/100 | train_loss=0.050347 | val_f1=0.400000 val_acc=0.666667 val_kappa=0.000000 val_ccc=0.127757 val_rmse=0.924988 val_mae=0.749702
2026-05-16 12:13:56,258 - INFO - Epoch 34/100 | train_loss=0.049712 | val_f1=0.400000 val_acc=0.666667 val_kappa=0.000000 val_ccc=0.131329 val_rmse=0.917618 val_mae=0.742094
2026-05-16 12:13:59,313 - INFO - Epoch 35/100 | train_loss=0.048718 | val_f1=0.400000 val_acc=0.666667 val_kappa=0.000000 val_ccc=0.160519 val_rmse=0.888475 val_mae=0.728285
2026-05-16 12:14:03,045 - INFO - Epoch 36/100 | train_loss=0.047770 | val_f1=0.400000 val_acc=0.666667 val_kappa=0.000000 val_ccc=0.125201 val_rmse=0.915140 val_mae=0.741458
2026-05-16 12:14:06,585 - INFO - Epoch 37/100 | train_loss=0.042669 | val_f1=0.400000 val_acc=0.666667 val_kappa=0.000000 val_ccc=0.152183 val_rmse=0.872043 val_mae=0.712544
2026-05-16 12:14:10,203 - INFO - Epoch 38/100 | train_loss=0.045596 | val_f1=0.400000 val_acc=0.666667 val_kappa=0.000000 val_ccc=0.166034 val_rmse=0.902382 val_mae=0.736860
2026-05-16 12:14:13,779 - INFO - Epoch 39/100 | train_loss=0.033377 | val_f1=0.400000 val_acc=0.666667 val_kappa=0.000000 val_ccc=0.192475 val_rmse=0.888295 val_mae=0.732075
2026-05-16 12:14:17,091 - INFO - Epoch 40/100 | train_loss=0.038461 | val_f1=0.357143 val_acc=0.555556 val_kappa=-0.200000 val_ccc=0.213988 val_rmse=0.850909 val_mae=0.703959
2026-05-16 12:14:20,364 - INFO - Epoch 41/100 | train_loss=0.053321 | val_f1=0.400000 val_acc=0.666667 val_kappa=0.000000 val_ccc=0.197687 val_rmse=0.872492 val_mae=0.719850
2026-05-16 12:14:23,644 - INFO - Epoch 42/100 | train_loss=0.036271 | val_f1=0.400000 val_acc=0.666667 val_kappa=0.000000 val_ccc=0.172363 val_rmse=0.884427 val_mae=0.719106
2026-05-16 12:14:26,879 - INFO - Epoch 43/100 | train_loss=0.042316 | val_f1=0.357143 val_acc=0.555556 val_kappa=-0.200000 val_ccc=0.173682 val_rmse=0.869811 val_mae=0.712084
2026-05-16 12:14:30,052 - INFO - Epoch 44/100 | train_loss=0.037269 | val_f1=0.400000 val_acc=0.666667 val_kappa=0.000000 val_ccc=0.166326 val_rmse=0.894856 val_mae=0.728005
2026-05-16 12:14:33,236 - INFO - Epoch 45/100 | train_loss=0.033641 | val_f1=0.357143 val_acc=0.555556 val_kappa=-0.200000 val_ccc=0.162488 val_rmse=0.876285 val_mae=0.715621
2026-05-16 12:14:36,267 - INFO - Epoch 46/100 | train_loss=0.038572 | val_f1=0.400000 val_acc=0.666667 val_kappa=0.000000 val_ccc=0.160453 val_rmse=0.900225 val_mae=0.730192
2026-05-16 12:14:39,303 - INFO - Epoch 47/100 | train_loss=0.034359 | val_f1=0.400000 val_acc=0.666667 val_kappa=0.000000 val_ccc=0.148215 val_rmse=0.909485 val_mae=0.734434
2026-05-16 12:14:42,268 - INFO - Epoch 48/100 | train_loss=0.033275 | val_f1=0.400000 val_acc=0.666667 val_kappa=0.000000 val_ccc=0.134633 val_rmse=0.938880 val_mae=0.750638
2026-05-16 12:14:45,227 - INFO - Epoch 49/100 | train_loss=0.037926 | val_f1=0.400000 val_acc=0.666667 val_kappa=0.000000 val_ccc=0.133381 val_rmse=0.913548 val_mae=0.732651
2026-05-16 12:14:48,300 - INFO - Epoch 50/100 | train_loss=0.025865 | val_f1=0.400000 val_acc=0.666667 val_kappa=0.000000 val_ccc=0.131307 val_rmse=0.921156 val_mae=0.730397
2026-05-16 12:14:51,282 - INFO - Epoch 51/100 | train_loss=0.031909 | val_f1=0.400000 val_acc=0.666667 val_kappa=0.000000 val_ccc=0.154288 val_rmse=0.896981 val_mae=0.726350
2026-05-16 12:14:54,417 - INFO - Epoch 52/100 | train_loss=0.040711 | val_f1=0.400000 val_acc=0.666667 val_kappa=0.000000 val_ccc=0.191086 val_rmse=0.866326 val_mae=0.700964
2026-05-16 12:14:57,583 - INFO - Epoch 53/100 | train_loss=0.023439 | val_f1=0.400000 val_acc=0.666667 val_kappa=0.000000 val_ccc=0.178596 val_rmse=0.889625 val_mae=0.719884
2026-05-16 12:15:00,717 - INFO - Epoch 54/100 | train_loss=0.035497 | val_f1=0.400000 val_acc=0.666667 val_kappa=0.000000 val_ccc=0.162409 val_rmse=0.919379 val_mae=0.742491
2026-05-16 12:15:03,800 - INFO - Epoch 55/100 | train_loss=0.033299 | val_f1=0.400000 val_acc=0.666667 val_kappa=0.000000 val_ccc=0.158593 val_rmse=0.884894 val_mae=0.727351
2026-05-16 12:15:06,878 - INFO - Epoch 56/100 | train_loss=0.031527 | val_f1=0.400000 val_acc=0.666667 val_kappa=0.000000 val_ccc=0.119455 val_rmse=0.933276 val_mae=0.745753
2026-05-16 12:15:09,963 - INFO - Epoch 57/100 | train_loss=0.034690 | val_f1=0.400000 val_acc=0.666667 val_kappa=0.000000 val_ccc=0.132372 val_rmse=0.923643 val_mae=0.741997
2026-05-16 12:15:13,046 - INFO - Epoch 58/100 | train_loss=0.040032 | val_f1=0.357143 val_acc=0.555556 val_kappa=-0.200000 val_ccc=0.143671 val_rmse=0.898622 val_mae=0.734834
2026-05-16 12:15:16,198 - INFO - Epoch 59/100 | train_loss=0.039697 | val_f1=0.400000 val_acc=0.666667 val_kappa=0.000000 val_ccc=0.140326 val_rmse=0.909734 val_mae=0.740946
2026-05-16 12:15:19,412 - INFO - Epoch 60/100 | train_loss=0.029267 | val_f1=0.400000 val_acc=0.666667 val_kappa=0.000000 val_ccc=0.125450 val_rmse=0.923372 val_mae=0.745562
2026-05-16 12:15:22,482 - INFO - Epoch 61/100 | train_loss=0.029023 | val_f1=0.400000 val_acc=0.666667 val_kappa=0.000000 val_ccc=0.136052 val_rmse=0.905087 val_mae=0.740725
2026-05-16 12:15:25,567 - INFO - Epoch 62/100 | train_loss=0.021996 | val_f1=0.400000 val_acc=0.666667 val_kappa=0.000000 val_ccc=0.128148 val_rmse=0.910923 val_mae=0.741478
2026-05-16 12:15:28,687 - INFO - Epoch 63/100 | train_loss=0.036578 | val_f1=0.400000 val_acc=0.666667 val_kappa=0.000000 val_ccc=0.131789 val_rmse=0.909214 val_mae=0.739101
2026-05-16 12:15:31,794 - INFO - Epoch 64/100 | train_loss=0.024693 | val_f1=0.400000 val_acc=0.666667 val_kappa=0.000000 val_ccc=0.137711 val_rmse=0.909859 val_mae=0.740669
2026-05-16 12:15:35,026 - INFO - Epoch 65/100 | train_loss=0.025449 | val_f1=0.400000 val_acc=0.666667 val_kappa=0.000000 val_ccc=0.136316 val_rmse=0.910115 val_mae=0.740162
2026-05-16 12:15:38,109 - INFO - Epoch 66/100 | train_loss=0.029666 | val_f1=0.400000 val_acc=0.666667 val_kappa=0.000000 val_ccc=0.155261 val_rmse=0.881327 val_mae=0.725582
2026-05-16 12:15:41,184 - INFO - Epoch 67/100 | train_loss=0.030954 | val_f1=0.400000 val_acc=0.666667 val_kappa=0.000000 val_ccc=0.136037 val_rmse=0.922245 val_mae=0.740851
2026-05-16 12:15:44,196 - INFO - Epoch 68/100 | train_loss=0.021381 | val_f1=0.400000 val_acc=0.666667 val_kappa=0.000000 val_ccc=0.146808 val_rmse=0.896878 val_mae=0.728674
2026-05-16 12:15:47,237 - INFO - Epoch 69/100 | train_loss=0.020637 | val_f1=0.400000 val_acc=0.666667 val_kappa=0.000000 val_ccc=0.153249 val_rmse=0.873815 val_mae=0.716464
2026-05-16 12:15:50,367 - INFO - Epoch 70/100 | train_loss=0.030339 | val_f1=0.400000 val_acc=0.666667 val_kappa=0.000000 val_ccc=0.141054 val_rmse=0.906433 val_mae=0.731849
2026-05-16 12:15:53,444 - INFO - Epoch 71/100 | train_loss=0.022928 | val_f1=0.400000 val_acc=0.666667 val_kappa=0.000000 val_ccc=0.141738 val_rmse=0.907459 val_mae=0.731443
2026-05-16 12:15:56,513 - INFO - Epoch 72/100 | train_loss=0.022911 | val_f1=0.400000 val_acc=0.666667 val_kappa=0.000000 val_ccc=0.157956 val_rmse=0.886057 val_mae=0.723712
2026-05-16 12:15:59,629 - INFO - Epoch 73/100 | train_loss=0.029326 | val_f1=0.400000 val_acc=0.666667 val_kappa=0.000000 val_ccc=0.154884 val_rmse=0.898905 val_mae=0.730639
2026-05-16 12:16:02,699 - INFO - Epoch 74/100 | train_loss=0.027330 | val_f1=0.400000 val_acc=0.666667 val_kappa=0.000000 val_ccc=0.155693 val_rmse=0.891875 val_mae=0.729061
2026-05-16 12:16:05,890 - INFO - Epoch 75/100 | train_loss=0.026459 | val_f1=0.400000 val_acc=0.666667 val_kappa=0.000000 val_ccc=0.154692 val_rmse=0.888814 val_mae=0.727580
2026-05-16 12:16:09,116 - INFO - Epoch 76/100 | train_loss=0.029923 | val_f1=0.400000 val_acc=0.666667 val_kappa=0.000000 val_ccc=0.148300 val_rmse=0.901709 val_mae=0.732139
2026-05-16 12:16:12,201 - INFO - Epoch 77/100 | train_loss=0.013228 | val_f1=0.400000 val_acc=0.666667 val_kappa=0.000000 val_ccc=0.145082 val_rmse=0.904732 val_mae=0.732344
2026-05-16 12:16:15,254 - INFO - Epoch 78/100 | train_loss=0.020825 | val_f1=0.400000 val_acc=0.666667 val_kappa=0.000000 val_ccc=0.149453 val_rmse=0.899000 val_mae=0.729236
2026-05-16 12:16:18,355 - INFO - Epoch 79/100 | train_loss=0.025698 | val_f1=0.400000 val_acc=0.666667 val_kappa=0.000000 val_ccc=0.152787 val_rmse=0.893969 val_mae=0.727598
2026-05-16 12:16:21,450 - INFO - Epoch 80/100 | train_loss=0.023587 | val_f1=0.400000 val_acc=0.666667 val_kappa=0.000000 val_ccc=0.161432 val_rmse=0.878803 val_mae=0.721035
2026-05-16 12:16:24,539 - INFO - Epoch 81/100 | train_loss=0.026962 | val_f1=0.400000 val_acc=0.666667 val_kappa=0.000000 val_ccc=0.156022 val_rmse=0.890438 val_mae=0.726558
2026-05-16 12:16:27,742 - INFO - Epoch 82/100 | train_loss=0.021057 | val_f1=0.400000 val_acc=0.666667 val_kappa=0.000000 val_ccc=0.158215 val_rmse=0.890653 val_mae=0.725969
2026-05-16 12:16:31,495 - INFO - Epoch 83/100 | train_loss=0.024363 | val_f1=0.400000 val_acc=0.666667 val_kappa=0.000000 val_ccc=0.159142 val_rmse=0.891627 val_mae=0.725686
2026-05-16 12:16:35,090 - INFO - Epoch 84/100 | train_loss=0.020999 | val_f1=0.400000 val_acc=0.666667 val_kappa=0.000000 val_ccc=0.149230 val_rmse=0.909832 val_mae=0.732259
2026-05-16 12:16:38,480 - INFO - Epoch 85/100 | train_loss=0.032639 | val_f1=0.400000 val_acc=0.666667 val_kappa=0.000000 val_ccc=0.154337 val_rmse=0.897425 val_mae=0.727263
2026-05-16 12:16:41,742 - INFO - Epoch 86/100 | train_loss=0.028510 | val_f1=0.400000 val_acc=0.666667 val_kappa=0.000000 val_ccc=0.162792 val_rmse=0.883884 val_mae=0.721752
2026-05-16 12:16:44,971 - INFO - Epoch 87/100 | train_loss=0.024493 | val_f1=0.400000 val_acc=0.666667 val_kappa=0.000000 val_ccc=0.165146 val_rmse=0.880686 val_mae=0.720761
2026-05-16 12:16:48,181 - INFO - Epoch 88/100 | train_loss=0.021132 | val_f1=0.400000 val_acc=0.666667 val_kappa=0.000000 val_ccc=0.159737 val_rmse=0.890676 val_mae=0.725409
2026-05-16 12:16:51,423 - INFO - Epoch 89/100 | train_loss=0.037670 | val_f1=0.400000 val_acc=0.666667 val_kappa=0.000000 val_ccc=0.155051 val_rmse=0.899626 val_mae=0.729429
2026-05-16 12:16:54,766 - INFO - Epoch 90/100 | train_loss=0.023876 | val_f1=0.400000 val_acc=0.666667 val_kappa=0.000000 val_ccc=0.152595 val_rmse=0.903954 val_mae=0.730906
2026-05-16 12:16:58,470 - INFO - Epoch 91/100 | train_loss=0.026123 | val_f1=0.400000 val_acc=0.666667 val_kappa=0.000000 val_ccc=0.154552 val_rmse=0.899358 val_mae=0.728521
2026-05-16 12:17:01,876 - INFO - Epoch 92/100 | train_loss=0.018477 | val_f1=0.400000 val_acc=0.666667 val_kappa=0.000000 val_ccc=0.155896 val_rmse=0.895777 val_mae=0.726972
2026-05-16 12:17:05,300 - INFO - Epoch 93/100 | train_loss=0.021619 | val_f1=0.400000 val_acc=0.666667 val_kappa=0.000000 val_ccc=0.155309 val_rmse=0.895394 val_mae=0.726816
2026-05-16 12:17:08,485 - INFO - Epoch 94/100 | train_loss=0.022620 | val_f1=0.400000 val_acc=0.666667 val_kappa=0.000000 val_ccc=0.155287 val_rmse=0.895416 val_mae=0.726893
2026-05-16 12:17:11,692 - INFO - Epoch 95/100 | train_loss=0.023616 | val_f1=0.400000 val_acc=0.666667 val_kappa=0.000000 val_ccc=0.154343 val_rmse=0.897634 val_mae=0.727782
2026-05-16 12:17:14,952 - INFO - Epoch 96/100 | train_loss=0.023153 | val_f1=0.400000 val_acc=0.666667 val_kappa=0.000000 val_ccc=0.155400 val_rmse=0.895564 val_mae=0.726842
2026-05-16 12:17:18,232 - INFO - Epoch 97/100 | train_loss=0.025888 | val_f1=0.400000 val_acc=0.666667 val_kappa=0.000000 val_ccc=0.155594 val_rmse=0.895371 val_mae=0.726726
2026-05-16 12:17:21,732 - INFO - Epoch 98/100 | train_loss=0.024066 | val_f1=0.400000 val_acc=0.666667 val_kappa=0.000000 val_ccc=0.155750 val_rmse=0.895050 val_mae=0.726606
2026-05-16 12:17:24,849 - INFO - Epoch 99/100 | train_loss=0.030348 | val_f1=0.400000 val_acc=0.666667 val_kappa=0.000000 val_ccc=0.155802 val_rmse=0.894931 val_mae=0.726560
2026-05-16 12:17:27,960 - INFO - Epoch 100/100 | train_loss=0.024944 | val_f1=0.400000 val_acc=0.666667 val_kappa=0.000000 val_ccc=0.155809 val_rmse=0.894925 val_mae=0.726558
2026-05-16 12:17:27,969 - INFO - Best checkpoint: checkpoints/Track1/A-V-G+P/binary/avgp_repro_v1_binary_seed2026/best_model_2026-05-16-12.12.10.pth
2026-05-16 12:17:27,969 - INFO - Validation metrics saved to: logs/Track1/A-V-G+P/binary/avgp_repro_v1_binary_seed2026/train_result_2026-05-16-12.12.10.json
