2026-05-16 12:12:11,584 - INFO - Experiment: avgp_repro_v1_binary_seed7
2026-05-16 12:12:11,585 - INFO - Device: cuda
2026-05-16 12:12:11,585 - INFO - Train/Val: 78 / 9
2026-05-16 12:12:15,068 - INFO - Epoch 1/100 | train_loss=1.147411 | val_f1=0.400000 val_acc=0.666667 val_kappa=0.000000 val_ccc=-0.021451 val_rmse=0.878674 val_mae=0.714923
2026-05-16 12:12:18,296 - INFO - Epoch 2/100 | train_loss=0.969821 | val_f1=0.400000 val_acc=0.666667 val_kappa=0.000000 val_ccc=-0.019218 val_rmse=0.876841 val_mae=0.715503
2026-05-16 12:12:21,408 - INFO - Epoch 3/100 | train_loss=0.988795 | val_f1=0.400000 val_acc=0.666667 val_kappa=0.000000 val_ccc=-0.019922 val_rmse=0.877997 val_mae=0.714435
2026-05-16 12:12:24,539 - INFO - Epoch 4/100 | train_loss=1.027641 | val_f1=0.400000 val_acc=0.666667 val_kappa=0.000000 val_ccc=-0.021661 val_rmse=0.889071 val_mae=0.706841
2026-05-16 12:12:27,734 - INFO - Epoch 5/100 | train_loss=0.993365 | val_f1=0.400000 val_acc=0.666667 val_kappa=0.000000 val_ccc=-0.021090 val_rmse=0.879988 val_mae=0.712960
2026-05-16 12:12:30,945 - INFO - Epoch 6/100 | train_loss=0.957659 | val_f1=0.400000 val_acc=0.666667 val_kappa=0.000000 val_ccc=-0.023109 val_rmse=0.894507 val_mae=0.705254
2026-05-16 12:12:34,086 - INFO - Epoch 7/100 | train_loss=0.934835 | val_f1=0.357143 val_acc=0.555556 val_kappa=-0.200000 val_ccc=-0.029212 val_rmse=0.887708 val_mae=0.714115
2026-05-16 12:12:37,268 - INFO - Epoch 8/100 | train_loss=0.957536 | val_f1=0.400000 val_acc=0.666667 val_kappa=0.000000 val_ccc=-0.037934 val_rmse=0.903042 val_mae=0.711786
2026-05-16 12:12:40,412 - INFO - Epoch 9/100 | train_loss=0.856174 | val_f1=0.400000 val_acc=0.666667 val_kappa=0.000000 val_ccc=-0.042579 val_rmse=0.890271 val_mae=0.724812
2026-05-16 12:12:43,663 - INFO - Epoch 10/100 | train_loss=0.823674 | val_f1=0.400000 val_acc=0.666667 val_kappa=0.000000 val_ccc=-0.053506 val_rmse=0.904604 val_mae=0.724953
2026-05-16 12:12:46,687 - INFO - Epoch 11/100 | train_loss=0.733259 | val_f1=0.400000 val_acc=0.666667 val_kappa=0.000000 val_ccc=-0.067654 val_rmse=0.909252 val_mae=0.733967
2026-05-16 12:12:49,756 - INFO - Epoch 12/100 | train_loss=0.635620 | val_f1=0.400000 val_acc=0.666667 val_kappa=0.000000 val_ccc=-0.083333 val_rmse=0.914900 val_mae=0.746503
2026-05-16 12:12:52,775 - INFO - Epoch 13/100 | train_loss=0.515839 | val_f1=0.400000 val_acc=0.666667 val_kappa=0.000000 val_ccc=-0.084385 val_rmse=1.100741 val_mae=0.848379
2026-05-16 12:12:55,825 - INFO - Epoch 14/100 | train_loss=0.334043 | val_f1=0.357143 val_acc=0.555556 val_kappa=-0.200000 val_ccc=-0.176796 val_rmse=1.001716 val_mae=0.776891
2026-05-16 12:12:58,899 - INFO - Epoch 15/100 | train_loss=0.239936 | val_f1=0.357143 val_acc=0.555556 val_kappa=-0.200000 val_ccc=-0.223359 val_rmse=0.997486 val_mae=0.807778
2026-05-16 12:13:01,986 - INFO - Epoch 16/100 | train_loss=0.194456 | val_f1=0.357143 val_acc=0.555556 val_kappa=-0.200000 val_ccc=-0.156403 val_rmse=0.966483 val_mae=0.793280
2026-05-16 12:13:05,056 - INFO - Epoch 17/100 | train_loss=0.144791 | val_f1=0.357143 val_acc=0.555556 val_kappa=-0.200000 val_ccc=-0.132214 val_rmse=0.953785 val_mae=0.779769
2026-05-16 12:13:08,225 - INFO - Epoch 18/100 | train_loss=0.120099 | val_f1=0.357143 val_acc=0.555556 val_kappa=-0.200000 val_ccc=-0.167001 val_rmse=0.977894 val_mae=0.782447
2026-05-16 12:13:11,422 - INFO - Epoch 19/100 | train_loss=0.093420 | val_f1=0.357143 val_acc=0.555556 val_kappa=-0.200000 val_ccc=-0.195587 val_rmse=0.988083 val_mae=0.790842
2026-05-16 12:13:14,519 - INFO - Epoch 20/100 | train_loss=0.089720 | val_f1=0.357143 val_acc=0.555556 val_kappa=-0.200000 val_ccc=-0.170366 val_rmse=0.997476 val_mae=0.819404
2026-05-16 12:13:17,700 - INFO - Epoch 21/100 | train_loss=0.094948 | val_f1=0.400000 val_acc=0.666667 val_kappa=0.000000 val_ccc=-0.149651 val_rmse=0.970830 val_mae=0.757130
2026-05-16 12:13:20,903 - INFO - Epoch 22/100 | train_loss=0.075052 | val_f1=0.400000 val_acc=0.666667 val_kappa=0.000000 val_ccc=-0.133372 val_rmse=0.971216 val_mae=0.745839
2026-05-16 12:13:24,084 - INFO - Epoch 23/100 | train_loss=0.074951 | val_f1=0.400000 val_acc=0.666667 val_kappa=0.000000 val_ccc=-0.148604 val_rmse=0.975761 val_mae=0.767734
2026-05-16 12:13:27,141 - INFO - Epoch 24/100 | train_loss=0.072317 | val_f1=0.357143 val_acc=0.555556 val_kappa=-0.200000 val_ccc=-0.165008 val_rmse=0.983987 val_mae=0.779663
2026-05-16 12:13:30,191 - INFO - Epoch 25/100 | train_loss=0.081430 | val_f1=0.400000 val_acc=0.666667 val_kappa=0.000000 val_ccc=-0.130665 val_rmse=1.024087 val_mae=0.767938
2026-05-16 12:13:33,269 - INFO - Epoch 26/100 | train_loss=0.056675 | val_f1=0.400000 val_acc=0.666667 val_kappa=0.000000 val_ccc=-0.132658 val_rmse=0.995294 val_mae=0.749523
2026-05-16 12:13:36,288 - INFO - Epoch 27/100 | train_loss=0.041447 | val_f1=0.400000 val_acc=0.666667 val_kappa=0.000000 val_ccc=-0.137609 val_rmse=0.987833 val_mae=0.747954
2026-05-16 12:13:39,347 - INFO - Epoch 28/100 | train_loss=0.064565 | val_f1=0.400000 val_acc=0.666667 val_kappa=0.000000 val_ccc=-0.148205 val_rmse=1.035228 val_mae=0.781552
2026-05-16 12:13:42,408 - INFO - Epoch 29/100 | train_loss=0.077151 | val_f1=0.400000 val_acc=0.666667 val_kappa=0.000000 val_ccc=-0.189091 val_rmse=1.006634 val_mae=0.774712
2026-05-16 12:13:45,413 - INFO - Epoch 30/100 | train_loss=0.047407 | val_f1=0.400000 val_acc=0.666667 val_kappa=0.000000 val_ccc=-0.173717 val_rmse=1.016011 val_mae=0.783555
2026-05-16 12:13:48,550 - INFO - Epoch 31/100 | train_loss=0.035846 | val_f1=0.400000 val_acc=0.666667 val_kappa=0.000000 val_ccc=-0.155589 val_rmse=1.026946 val_mae=0.788595
2026-05-16 12:13:51,606 - INFO - Epoch 32/100 | train_loss=0.038145 | val_f1=0.400000 val_acc=0.666667 val_kappa=0.000000 val_ccc=-0.223658 val_rmse=1.008718 val_mae=0.806337
2026-05-16 12:13:54,684 - INFO - Epoch 33/100 | train_loss=0.056058 | val_f1=0.400000 val_acc=0.666667 val_kappa=0.000000 val_ccc=-0.240489 val_rmse=1.033320 val_mae=0.802075
2026-05-16 12:13:57,831 - INFO - Epoch 34/100 | train_loss=0.048628 | val_f1=0.400000 val_acc=0.666667 val_kappa=0.000000 val_ccc=-0.187837 val_rmse=1.022673 val_mae=0.793039
2026-05-16 12:14:00,894 - INFO - Epoch 35/100 | train_loss=0.044734 | val_f1=0.400000 val_acc=0.666667 val_kappa=0.000000 val_ccc=-0.187683 val_rmse=0.997946 val_mae=0.782164
2026-05-16 12:14:04,052 - INFO - Epoch 36/100 | train_loss=0.037257 | val_f1=0.400000 val_acc=0.666667 val_kappa=0.000000 val_ccc=-0.194017 val_rmse=0.998203 val_mae=0.776228
2026-05-16 12:14:07,183 - INFO - Epoch 37/100 | train_loss=0.038392 | val_f1=0.400000 val_acc=0.666667 val_kappa=0.000000 val_ccc=-0.186515 val_rmse=0.996777 val_mae=0.770835
2026-05-16 12:14:10,254 - INFO - Epoch 38/100 | train_loss=0.042778 | val_f1=0.400000 val_acc=0.666667 val_kappa=0.000000 val_ccc=-0.199795 val_rmse=1.018662 val_mae=0.787020
2026-05-16 12:14:13,298 - INFO - Epoch 39/100 | train_loss=0.046685 | val_f1=0.400000 val_acc=0.666667 val_kappa=0.000000 val_ccc=-0.185862 val_rmse=1.025598 val_mae=0.786828
2026-05-16 12:14:16,339 - INFO - Epoch 40/100 | train_loss=0.056922 | val_f1=0.400000 val_acc=0.666667 val_kappa=0.000000 val_ccc=-0.180334 val_rmse=1.039762 val_mae=0.788365
2026-05-16 12:14:19,479 - INFO - Epoch 41/100 | train_loss=0.037623 | val_f1=0.400000 val_acc=0.666667 val_kappa=0.000000 val_ccc=-0.162295 val_rmse=1.024926 val_mae=0.772192
2026-05-16 12:14:22,663 - INFO - Epoch 42/100 | train_loss=0.040305 | val_f1=0.400000 val_acc=0.666667 val_kappa=0.000000 val_ccc=-0.203512 val_rmse=1.000674 val_mae=0.774541
2026-05-16 12:14:25,752 - INFO - Epoch 43/100 | train_loss=0.033137 | val_f1=0.400000 val_acc=0.666667 val_kappa=0.000000 val_ccc=-0.191496 val_rmse=0.987880 val_mae=0.767404
2026-05-16 12:14:28,827 - INFO - Epoch 44/100 | train_loss=0.034100 | val_f1=0.400000 val_acc=0.666667 val_kappa=0.000000 val_ccc=-0.183933 val_rmse=0.985801 val_mae=0.767950
2026-05-16 12:14:31,868 - INFO - Epoch 45/100 | train_loss=0.037207 | val_f1=0.400000 val_acc=0.666667 val_kappa=0.000000 val_ccc=-0.158137 val_rmse=1.026899 val_mae=0.785129
2026-05-16 12:14:34,885 - INFO - Epoch 46/100 | train_loss=0.033061 | val_f1=0.400000 val_acc=0.666667 val_kappa=0.000000 val_ccc=-0.148066 val_rmse=0.998721 val_mae=0.761338
2026-05-16 12:14:37,899 - INFO - Epoch 47/100 | train_loss=0.039601 | val_f1=0.400000 val_acc=0.666667 val_kappa=0.000000 val_ccc=-0.151495 val_rmse=0.996240 val_mae=0.758327
2026-05-16 12:14:40,968 - INFO - Epoch 48/100 | train_loss=0.040839 | val_f1=0.400000 val_acc=0.666667 val_kappa=0.000000 val_ccc=-0.142302 val_rmse=1.035664 val_mae=0.779883
2026-05-16 12:14:43,944 - INFO - Epoch 49/100 | train_loss=0.038465 | val_f1=0.400000 val_acc=0.666667 val_kappa=0.000000 val_ccc=-0.161847 val_rmse=0.984302 val_mae=0.759322
2026-05-16 12:14:46,936 - INFO - Epoch 50/100 | train_loss=0.033841 | val_f1=0.400000 val_acc=0.666667 val_kappa=0.000000 val_ccc=-0.113991 val_rmse=1.036246 val_mae=0.770240
2026-05-16 12:14:49,970 - INFO - Epoch 51/100 | train_loss=0.038397 | val_f1=0.400000 val_acc=0.666667 val_kappa=0.000000 val_ccc=-0.149658 val_rmse=0.999960 val_mae=0.767474
2026-05-16 12:14:53,071 - INFO - Epoch 52/100 | train_loss=0.042993 | val_f1=0.400000 val_acc=0.666667 val_kappa=0.000000 val_ccc=-0.158872 val_rmse=0.986112 val_mae=0.765540
2026-05-16 12:14:56,028 - INFO - Epoch 53/100 | train_loss=0.029852 | val_f1=0.400000 val_acc=0.666667 val_kappa=0.000000 val_ccc=-0.153715 val_rmse=1.011721 val_mae=0.775714
2026-05-16 12:14:59,056 - INFO - Epoch 54/100 | train_loss=0.028916 | val_f1=0.400000 val_acc=0.666667 val_kappa=0.000000 val_ccc=-0.135135 val_rmse=1.033011 val_mae=0.780324
2026-05-16 12:15:02,002 - INFO - Epoch 55/100 | train_loss=0.029082 | val_f1=0.400000 val_acc=0.666667 val_kappa=0.000000 val_ccc=-0.139767 val_rmse=1.004316 val_mae=0.770710
2026-05-16 12:15:05,079 - INFO - Epoch 56/100 | train_loss=0.026417 | val_f1=0.400000 val_acc=0.666667 val_kappa=0.000000 val_ccc=-0.157427 val_rmse=0.965302 val_mae=0.769096
2026-05-16 12:15:08,066 - INFO - Epoch 57/100 | train_loss=0.030899 | val_f1=0.400000 val_acc=0.666667 val_kappa=0.000000 val_ccc=-0.144370 val_rmse=1.016062 val_mae=0.771374
2026-05-16 12:15:11,064 - INFO - Epoch 58/100 | train_loss=0.028793 | val_f1=0.400000 val_acc=0.666667 val_kappa=0.000000 val_ccc=-0.159339 val_rmse=0.976728 val_mae=0.756906
2026-05-16 12:15:14,073 - INFO - Epoch 59/100 | train_loss=0.032106 | val_f1=0.400000 val_acc=0.666667 val_kappa=0.000000 val_ccc=-0.166161 val_rmse=0.981296 val_mae=0.758880
2026-05-16 12:15:17,024 - INFO - Epoch 60/100 | train_loss=0.030629 | val_f1=0.400000 val_acc=0.666667 val_kappa=0.000000 val_ccc=-0.141711 val_rmse=1.040948 val_mae=0.782998
2026-05-16 12:15:20,099 - INFO - Epoch 61/100 | train_loss=0.035925 | val_f1=0.400000 val_acc=0.666667 val_kappa=0.000000 val_ccc=-0.165149 val_rmse=0.980149 val_mae=0.757849
2026-05-16 12:15:23,117 - INFO - Epoch 62/100 | train_loss=0.051846 | val_f1=0.400000 val_acc=0.666667 val_kappa=0.000000 val_ccc=-0.155064 val_rmse=1.005997 val_mae=0.771067
2026-05-16 12:15:26,154 - INFO - Epoch 63/100 | train_loss=0.035628 | val_f1=0.400000 val_acc=0.666667 val_kappa=0.000000 val_ccc=-0.171679 val_rmse=0.981286 val_mae=0.759106
2026-05-16 12:15:29,181 - INFO - Epoch 64/100 | train_loss=0.029079 | val_f1=0.400000 val_acc=0.666667 val_kappa=0.000000 val_ccc=-0.169220 val_rmse=0.999453 val_mae=0.771118
2026-05-16 12:15:32,183 - INFO - Epoch 65/100 | train_loss=0.024443 | val_f1=0.400000 val_acc=0.666667 val_kappa=0.000000 val_ccc=-0.158500 val_rmse=0.997498 val_mae=0.768622
2026-05-16 12:15:35,216 - INFO - Epoch 66/100 | train_loss=0.037588 | val_f1=0.400000 val_acc=0.666667 val_kappa=0.000000 val_ccc=-0.160224 val_rmse=0.980472 val_mae=0.759118
2026-05-16 12:15:38,249 - INFO - Epoch 67/100 | train_loss=0.028180 | val_f1=0.400000 val_acc=0.666667 val_kappa=0.000000 val_ccc=-0.144355 val_rmse=1.010003 val_mae=0.770652
2026-05-16 12:15:41,228 - INFO - Epoch 68/100 | train_loss=0.037935 | val_f1=0.400000 val_acc=0.666667 val_kappa=0.000000 val_ccc=-0.144664 val_rmse=1.001878 val_mae=0.765714
2026-05-16 12:15:44,231 - INFO - Epoch 69/100 | train_loss=0.027837 | val_f1=0.400000 val_acc=0.666667 val_kappa=0.000000 val_ccc=-0.147882 val_rmse=0.985702 val_mae=0.757257
2026-05-16 12:15:47,409 - INFO - Epoch 70/100 | train_loss=0.022983 | val_f1=0.400000 val_acc=0.666667 val_kappa=0.000000 val_ccc=-0.157125 val_rmse=0.982782 val_mae=0.756815
2026-05-16 12:15:50,530 - INFO - Epoch 71/100 | train_loss=0.033201 | val_f1=0.400000 val_acc=0.666667 val_kappa=0.000000 val_ccc=-0.151279 val_rmse=0.995024 val_mae=0.762816
2026-05-16 12:15:53,680 - INFO - Epoch 72/100 | train_loss=0.027010 | val_f1=0.400000 val_acc=0.666667 val_kappa=0.000000 val_ccc=-0.160951 val_rmse=0.979755 val_mae=0.755823
2026-05-16 12:15:56,755 - INFO - Epoch 73/100 | train_loss=0.023026 | val_f1=0.400000 val_acc=0.666667 val_kappa=0.000000 val_ccc=-0.156227 val_rmse=0.991181 val_mae=0.762055
2026-05-16 12:15:59,849 - INFO - Epoch 74/100 | train_loss=0.028645 | val_f1=0.400000 val_acc=0.666667 val_kappa=0.000000 val_ccc=-0.155826 val_rmse=0.988352 val_mae=0.761065
2026-05-16 12:16:02,950 - INFO - Epoch 75/100 | train_loss=0.032845 | val_f1=0.400000 val_acc=0.666667 val_kappa=0.000000 val_ccc=-0.151231 val_rmse=0.987126 val_mae=0.759516
2026-05-16 12:16:06,013 - INFO - Epoch 76/100 | train_loss=0.025066 | val_f1=0.400000 val_acc=0.666667 val_kappa=0.000000 val_ccc=-0.143400 val_rmse=0.998472 val_mae=0.762742
2026-05-16 12:16:09,046 - INFO - Epoch 77/100 | train_loss=0.032952 | val_f1=0.400000 val_acc=0.666667 val_kappa=0.000000 val_ccc=-0.155518 val_rmse=0.982337 val_mae=0.756458
2026-05-16 12:16:12,057 - INFO - Epoch 78/100 | train_loss=0.033462 | val_f1=0.400000 val_acc=0.666667 val_kappa=0.000000 val_ccc=-0.154234 val_rmse=0.988395 val_mae=0.760623
2026-05-16 12:16:15,122 - INFO - Epoch 79/100 | train_loss=0.027308 | val_f1=0.400000 val_acc=0.666667 val_kappa=0.000000 val_ccc=-0.153032 val_rmse=0.992906 val_mae=0.764114
2026-05-16 12:16:18,205 - INFO - Epoch 80/100 | train_loss=0.035766 | val_f1=0.400000 val_acc=0.666667 val_kappa=0.000000 val_ccc=-0.150207 val_rmse=0.990748 val_mae=0.762338
2026-05-16 12:16:21,192 - INFO - Epoch 81/100 | train_loss=0.032908 | val_f1=0.400000 val_acc=0.666667 val_kappa=0.000000 val_ccc=-0.151908 val_rmse=0.979437 val_mae=0.755815
2026-05-16 12:16:24,265 - INFO - Epoch 82/100 | train_loss=0.023407 | val_f1=0.400000 val_acc=0.666667 val_kappa=0.000000 val_ccc=-0.149173 val_rmse=0.992333 val_mae=0.762860
2026-05-16 12:16:27,362 - INFO - Epoch 83/100 | train_loss=0.027450 | val_f1=0.400000 val_acc=0.666667 val_kappa=0.000000 val_ccc=-0.148258 val_rmse=0.999023 val_mae=0.765995
2026-05-16 12:16:30,407 - INFO - Epoch 84/100 | train_loss=0.029996 | val_f1=0.400000 val_acc=0.666667 val_kappa=0.000000 val_ccc=-0.145253 val_rmse=1.002514 val_mae=0.766992
2026-05-16 12:16:33,426 - INFO - Epoch 85/100 | train_loss=0.036492 | val_f1=0.400000 val_acc=0.666667 val_kappa=0.000000 val_ccc=-0.139866 val_rmse=1.007529 val_mae=0.767652
2026-05-16 12:16:36,408 - INFO - Epoch 86/100 | train_loss=0.026515 | val_f1=0.400000 val_acc=0.666667 val_kappa=0.000000 val_ccc=-0.142821 val_rmse=0.999969 val_mae=0.764884
2026-05-16 12:16:39,496 - INFO - Epoch 87/100 | train_loss=0.033002 | val_f1=0.400000 val_acc=0.666667 val_kappa=0.000000 val_ccc=-0.145408 val_rmse=0.988123 val_mae=0.759512
2026-05-16 12:16:42,569 - INFO - Epoch 88/100 | train_loss=0.025595 | val_f1=0.400000 val_acc=0.666667 val_kappa=0.000000 val_ccc=-0.144124 val_rmse=0.992498 val_mae=0.761151
2026-05-16 12:16:45,627 - INFO - Epoch 89/100 | train_loss=0.033514 | val_f1=0.400000 val_acc=0.666667 val_kappa=0.000000 val_ccc=-0.146824 val_rmse=0.990039 val_mae=0.760346
2026-05-16 12:16:48,709 - INFO - Epoch 90/100 | train_loss=0.020112 | val_f1=0.400000 val_acc=0.666667 val_kappa=0.000000 val_ccc=-0.148878 val_rmse=0.985597 val_mae=0.758190
2026-05-16 12:16:51,725 - INFO - Epoch 91/100 | train_loss=0.027632 | val_f1=0.400000 val_acc=0.666667 val_kappa=0.000000 val_ccc=-0.147684 val_rmse=0.989501 val_mae=0.760004
2026-05-16 12:16:54,946 - INFO - Epoch 92/100 | train_loss=0.030146 | val_f1=0.400000 val_acc=0.666667 val_kappa=0.000000 val_ccc=-0.147974 val_rmse=0.990033 val_mae=0.760200
2026-05-16 12:16:58,100 - INFO - Epoch 93/100 | train_loss=0.018056 | val_f1=0.400000 val_acc=0.666667 val_kappa=0.000000 val_ccc=-0.148088 val_rmse=0.990980 val_mae=0.760542
2026-05-16 12:17:01,161 - INFO - Epoch 94/100 | train_loss=0.025613 | val_f1=0.400000 val_acc=0.666667 val_kappa=0.000000 val_ccc=-0.147882 val_rmse=0.990619 val_mae=0.760293
2026-05-16 12:17:04,460 - INFO - Epoch 95/100 | train_loss=0.025877 | val_f1=0.400000 val_acc=0.666667 val_kappa=0.000000 val_ccc=-0.148420 val_rmse=0.989956 val_mae=0.760097
2026-05-16 12:17:07,740 - INFO - Epoch 96/100 | train_loss=0.036304 | val_f1=0.400000 val_acc=0.666667 val_kappa=0.000000 val_ccc=-0.148584 val_rmse=0.989622 val_mae=0.760001
2026-05-16 12:17:10,935 - INFO - Epoch 97/100 | train_loss=0.021317 | val_f1=0.400000 val_acc=0.666667 val_kappa=0.000000 val_ccc=-0.148499 val_rmse=0.989938 val_mae=0.760148
2026-05-16 12:17:14,037 - INFO - Epoch 98/100 | train_loss=0.033834 | val_f1=0.400000 val_acc=0.666667 val_kappa=0.000000 val_ccc=-0.148277 val_rmse=0.990381 val_mae=0.760318
2026-05-16 12:17:17,077 - INFO - Epoch 99/100 | train_loss=0.032758 | val_f1=0.400000 val_acc=0.666667 val_kappa=0.000000 val_ccc=-0.148201 val_rmse=0.990589 val_mae=0.760404
2026-05-16 12:17:20,210 - INFO - Epoch 100/100 | train_loss=0.027122 | val_f1=0.400000 val_acc=0.666667 val_kappa=0.000000 val_ccc=-0.148189 val_rmse=0.990600 val_mae=0.760407
2026-05-16 12:17:20,219 - INFO - Best checkpoint: checkpoints/Track1/A-V-G+P/binary/avgp_repro_v1_binary_seed7/best_model_2026-05-16-12.12.10.pth
2026-05-16 12:17:20,219 - INFO - Validation metrics saved to: logs/Track1/A-V-G+P/binary/avgp_repro_v1_binary_seed7/train_result_2026-05-16-12.12.10.json
