2026-05-16 12:00:39,198 - INFO - Experiment: avgp_repro_v1_ternary_seed42
2026-05-16 12:00:39,199 - INFO - Device: cuda
2026-05-16 12:00:39,199 - INFO - Train/Val: 78 / 9
2026-05-16 12:00:44,347 - INFO - Epoch 1/150 | train_loss=1.546699 | val_f1=0.266667 val_acc=0.666667 val_kappa=0.000000 val_ccc=0.012447 val_rmse=0.728425 val_mae=0.602478
2026-05-16 12:00:49,014 - INFO - Epoch 2/150 | train_loss=1.403851 | val_f1=0.266667 val_acc=0.666667 val_kappa=0.000000 val_ccc=0.004979 val_rmse=0.722342 val_mae=0.590698
2026-05-16 12:00:53,690 - INFO - Epoch 3/150 | train_loss=1.384317 | val_f1=0.266667 val_acc=0.666667 val_kappa=0.000000 val_ccc=-0.002857 val_rmse=0.727017 val_mae=0.586951
2026-05-16 12:00:58,358 - INFO - Epoch 4/150 | train_loss=1.354884 | val_f1=0.266667 val_acc=0.666667 val_kappa=0.000000 val_ccc=-0.011300 val_rmse=0.732336 val_mae=0.586341
2026-05-16 12:01:03,022 - INFO - Epoch 5/150 | train_loss=1.366376 | val_f1=0.266667 val_acc=0.666667 val_kappa=0.000000 val_ccc=-0.006072 val_rmse=0.726794 val_mae=0.591479
2026-05-16 12:01:07,633 - INFO - Epoch 6/150 | train_loss=1.364569 | val_f1=0.266667 val_acc=0.666667 val_kappa=0.000000 val_ccc=-0.004867 val_rmse=0.727024 val_mae=0.589292
2026-05-16 12:01:12,213 - INFO - Epoch 7/150 | train_loss=1.350911 | val_f1=0.256410 val_acc=0.555556 val_kappa=-0.028571 val_ccc=-0.010044 val_rmse=0.729499 val_mae=0.588825
2026-05-16 12:01:16,833 - INFO - Epoch 8/150 | train_loss=1.382674 | val_f1=0.266667 val_acc=0.666667 val_kappa=0.000000 val_ccc=-0.010880 val_rmse=0.729344 val_mae=0.590400
2026-05-16 12:01:21,434 - INFO - Epoch 9/150 | train_loss=1.382086 | val_f1=0.266667 val_acc=0.666667 val_kappa=0.000000 val_ccc=-0.014056 val_rmse=0.729498 val_mae=0.597898
2026-05-16 12:01:26,319 - INFO - Epoch 10/150 | train_loss=1.332088 | val_f1=0.266667 val_acc=0.666667 val_kappa=0.000000 val_ccc=-0.019051 val_rmse=0.731030 val_mae=0.595172
2026-05-16 12:01:30,919 - INFO - Epoch 11/150 | train_loss=1.339419 | val_f1=0.266667 val_acc=0.666667 val_kappa=0.000000 val_ccc=-0.027013 val_rmse=0.734087 val_mae=0.595271
2026-05-16 12:01:36,119 - INFO - Epoch 12/150 | train_loss=1.336349 | val_f1=0.266667 val_acc=0.666667 val_kappa=0.000000 val_ccc=-0.036045 val_rmse=0.738726 val_mae=0.603308
2026-05-16 12:01:40,722 - INFO - Epoch 13/150 | train_loss=1.351340 | val_f1=0.266667 val_acc=0.666667 val_kappa=0.000000 val_ccc=-0.041200 val_rmse=0.744866 val_mae=0.589936
2026-05-16 12:01:45,305 - INFO - Epoch 14/150 | train_loss=1.359987 | val_f1=0.266667 val_acc=0.666667 val_kappa=0.000000 val_ccc=-0.039055 val_rmse=0.742787 val_mae=0.601164
2026-05-16 12:01:49,931 - INFO - Epoch 15/150 | train_loss=1.283180 | val_f1=0.266667 val_acc=0.666667 val_kappa=0.000000 val_ccc=-0.047525 val_rmse=0.743361 val_mae=0.589539
2026-05-16 12:01:54,491 - INFO - Epoch 16/150 | train_loss=1.312925 | val_f1=0.266667 val_acc=0.666667 val_kappa=0.000000 val_ccc=-0.056074 val_rmse=0.746735 val_mae=0.590261
2026-05-16 12:01:58,997 - INFO - Epoch 17/150 | train_loss=1.266267 | val_f1=0.266667 val_acc=0.666667 val_kappa=0.000000 val_ccc=-0.051180 val_rmse=0.749097 val_mae=0.596771
2026-05-16 12:02:03,549 - INFO - Epoch 18/150 | train_loss=1.327753 | val_f1=0.295238 val_acc=0.444444 val_kappa=0.042553 val_ccc=-0.066658 val_rmse=0.754929 val_mae=0.589919
2026-05-16 12:02:08,113 - INFO - Epoch 19/150 | train_loss=1.324631 | val_f1=0.266667 val_acc=0.666667 val_kappa=0.000000 val_ccc=-0.078523 val_rmse=0.772656 val_mae=0.580488
2026-05-16 12:02:12,610 - INFO - Epoch 20/150 | train_loss=1.272275 | val_f1=0.292929 val_acc=0.444444 val_kappa=-0.046512 val_ccc=-0.074175 val_rmse=0.796693 val_mae=0.611680
2026-05-16 12:02:17,056 - INFO - Epoch 21/150 | train_loss=1.188962 | val_f1=0.266667 val_acc=0.666667 val_kappa=0.000000 val_ccc=-0.098535 val_rmse=0.783852 val_mae=0.570941
2026-05-16 12:02:21,532 - INFO - Epoch 22/150 | train_loss=1.116569 | val_f1=0.238095 val_acc=0.555556 val_kappa=-0.161290 val_ccc=-0.080541 val_rmse=0.794851 val_mae=0.582013
2026-05-16 12:02:25,961 - INFO - Epoch 23/150 | train_loss=1.066640 | val_f1=0.333333 val_acc=0.444444 val_kappa=0.081633 val_ccc=-0.068405 val_rmse=0.897033 val_mae=0.649520
2026-05-16 12:02:30,395 - INFO - Epoch 24/150 | train_loss=1.020700 | val_f1=0.181818 val_acc=0.333333 val_kappa=-0.173913 val_ccc=-0.053318 val_rmse=0.946972 val_mae=0.682956
2026-05-16 12:02:34,824 - INFO - Epoch 25/150 | train_loss=0.960171 | val_f1=0.200000 val_acc=0.333333 val_kappa=-0.080000 val_ccc=-0.109835 val_rmse=0.935906 val_mae=0.675055
2026-05-16 12:02:39,250 - INFO - Epoch 26/150 | train_loss=0.871287 | val_f1=0.181818 val_acc=0.333333 val_kappa=-0.173913 val_ccc=-0.078560 val_rmse=1.062138 val_mae=0.798277
2026-05-16 12:02:43,584 - INFO - Epoch 27/150 | train_loss=0.849746 | val_f1=0.285714 val_acc=0.666667 val_kappa=0.156250 val_ccc=-0.085106 val_rmse=0.911078 val_mae=0.697360
2026-05-16 12:02:47,941 - INFO - Epoch 28/150 | train_loss=0.827650 | val_f1=0.256410 val_acc=0.555556 val_kappa=0.027027 val_ccc=-0.006933 val_rmse=0.837505 val_mae=0.638339
2026-05-16 12:02:52,290 - INFO - Epoch 29/150 | train_loss=0.681515 | val_f1=0.181818 val_acc=0.333333 val_kappa=-0.148936 val_ccc=-0.078699 val_rmse=0.986863 val_mae=0.735971
2026-05-16 12:02:56,634 - INFO - Epoch 30/150 | train_loss=0.646428 | val_f1=0.181818 val_acc=0.333333 val_kappa=-0.173913 val_ccc=-0.085967 val_rmse=0.976329 val_mae=0.750182
2026-05-16 12:03:00,968 - INFO - Epoch 31/150 | train_loss=0.669717 | val_f1=0.181818 val_acc=0.333333 val_kappa=-0.148936 val_ccc=-0.134613 val_rmse=1.031427 val_mae=0.819711
2026-05-16 12:03:05,282 - INFO - Epoch 32/150 | train_loss=0.555302 | val_f1=0.181818 val_acc=0.333333 val_kappa=-0.148936 val_ccc=-0.137197 val_rmse=1.124843 val_mae=0.837408
2026-05-16 12:03:09,587 - INFO - Epoch 33/150 | train_loss=0.457474 | val_f1=0.181818 val_acc=0.333333 val_kappa=-0.148936 val_ccc=-0.122237 val_rmse=1.094668 val_mae=0.795958
2026-05-16 12:03:13,967 - INFO - Epoch 34/150 | train_loss=0.458357 | val_f1=0.181818 val_acc=0.333333 val_kappa=-0.148936 val_ccc=-0.123100 val_rmse=1.047537 val_mae=0.732609
2026-05-16 12:03:18,323 - INFO - Epoch 35/150 | train_loss=0.479809 | val_f1=0.181818 val_acc=0.333333 val_kappa=-0.148936 val_ccc=-0.172935 val_rmse=1.163266 val_mae=0.897619
2026-05-16 12:03:22,673 - INFO - Epoch 36/150 | train_loss=0.495605 | val_f1=0.181818 val_acc=0.333333 val_kappa=-0.148936 val_ccc=-0.241757 val_rmse=1.084129 val_mae=0.789857
2026-05-16 12:03:27,058 - INFO - Epoch 37/150 | train_loss=0.315146 | val_f1=0.200000 val_acc=0.333333 val_kappa=-0.058824 val_ccc=-0.033166 val_rmse=1.132272 val_mae=0.812008
2026-05-16 12:03:31,435 - INFO - Epoch 38/150 | train_loss=0.306772 | val_f1=0.200000 val_acc=0.333333 val_kappa=-0.058824 val_ccc=-0.126369 val_rmse=1.129873 val_mae=0.778137
2026-05-16 12:03:36,873 - INFO - Epoch 39/150 | train_loss=0.291216 | val_f1=0.200000 val_acc=0.333333 val_kappa=-0.058824 val_ccc=-0.103128 val_rmse=1.202963 val_mae=0.871772
2026-05-16 12:03:42,396 - INFO - Epoch 40/150 | train_loss=0.233520 | val_f1=0.200000 val_acc=0.333333 val_kappa=-0.058824 val_ccc=-0.092217 val_rmse=1.259307 val_mae=0.944473
2026-05-16 12:03:46,768 - INFO - Epoch 41/150 | train_loss=0.403414 | val_f1=0.200000 val_acc=0.333333 val_kappa=-0.058824 val_ccc=-0.129265 val_rmse=1.208616 val_mae=0.896944
2026-05-16 12:03:51,138 - INFO - Epoch 42/150 | train_loss=0.201175 | val_f1=0.200000 val_acc=0.333333 val_kappa=-0.058824 val_ccc=-0.144996 val_rmse=1.103824 val_mae=0.807206
2026-05-16 12:03:55,560 - INFO - Epoch 43/150 | train_loss=0.171423 | val_f1=0.181818 val_acc=0.333333 val_kappa=-0.148936 val_ccc=-0.117553 val_rmse=1.080797 val_mae=0.761284
2026-05-16 12:03:59,982 - INFO - Epoch 44/150 | train_loss=0.130700 | val_f1=0.181818 val_acc=0.333333 val_kappa=-0.148936 val_ccc=-0.116395 val_rmse=1.250469 val_mae=0.895027
2026-05-16 12:04:04,454 - INFO - Epoch 45/150 | train_loss=0.142278 | val_f1=0.200000 val_acc=0.333333 val_kappa=-0.058824 val_ccc=-0.096868 val_rmse=1.219583 val_mae=0.908529
2026-05-16 12:04:08,835 - INFO - Epoch 46/150 | train_loss=0.156594 | val_f1=0.181818 val_acc=0.333333 val_kappa=-0.148936 val_ccc=-0.091736 val_rmse=1.064964 val_mae=0.738612
2026-05-16 12:04:13,290 - INFO - Epoch 47/150 | train_loss=0.143810 | val_f1=0.200000 val_acc=0.333333 val_kappa=-0.058824 val_ccc=-0.048683 val_rmse=1.163957 val_mae=0.842834
2026-05-16 12:04:17,759 - INFO - Epoch 48/150 | train_loss=0.166264 | val_f1=0.181818 val_acc=0.333333 val_kappa=-0.148936 val_ccc=-0.050797 val_rmse=1.165972 val_mae=0.845080
2026-05-16 12:04:22,191 - INFO - Epoch 49/150 | train_loss=0.110656 | val_f1=0.181818 val_acc=0.333333 val_kappa=-0.148936 val_ccc=-0.079603 val_rmse=1.149394 val_mae=0.831898
2026-05-16 12:04:26,641 - INFO - Epoch 50/150 | train_loss=0.119106 | val_f1=0.181818 val_acc=0.333333 val_kappa=-0.148936 val_ccc=-0.171961 val_rmse=1.115022 val_mae=0.793008
2026-05-16 12:04:31,129 - INFO - Epoch 51/150 | train_loss=0.080336 | val_f1=0.200000 val_acc=0.333333 val_kappa=-0.058824 val_ccc=-0.168251 val_rmse=1.071137 val_mae=0.765393
2026-05-16 12:04:35,606 - INFO - Epoch 52/150 | train_loss=0.097688 | val_f1=0.200000 val_acc=0.333333 val_kappa=-0.058824 val_ccc=-0.018755 val_rmse=1.123213 val_mae=0.857589
2026-05-16 12:04:40,172 - INFO - Epoch 53/150 | train_loss=0.095782 | val_f1=0.181818 val_acc=0.333333 val_kappa=-0.148936 val_ccc=-0.193475 val_rmse=1.052315 val_mae=0.730328
2026-05-16 12:04:44,726 - INFO - Epoch 54/150 | train_loss=0.073567 | val_f1=0.181818 val_acc=0.333333 val_kappa=-0.148936 val_ccc=-0.136578 val_rmse=1.144350 val_mae=0.804675
2026-05-16 12:04:49,286 - INFO - Epoch 55/150 | train_loss=0.062723 | val_f1=0.181818 val_acc=0.333333 val_kappa=-0.148936 val_ccc=-0.100461 val_rmse=1.158742 val_mae=0.826315
2026-05-16 12:04:53,844 - INFO - Epoch 56/150 | train_loss=0.087338 | val_f1=0.181818 val_acc=0.333333 val_kappa=-0.148936 val_ccc=-0.048589 val_rmse=1.053213 val_mae=0.761407
2026-05-16 12:04:58,373 - INFO - Epoch 57/150 | train_loss=0.051947 | val_f1=0.200000 val_acc=0.333333 val_kappa=-0.058824 val_ccc=-0.113642 val_rmse=1.115180 val_mae=0.783894
2026-05-16 12:05:02,924 - INFO - Epoch 58/150 | train_loss=0.084902 | val_f1=0.200000 val_acc=0.333333 val_kappa=-0.058824 val_ccc=-0.075513 val_rmse=1.255276 val_mae=0.962188
2026-05-16 12:05:07,490 - INFO - Epoch 59/150 | train_loss=0.045113 | val_f1=0.200000 val_acc=0.333333 val_kappa=-0.058824 val_ccc=-0.087323 val_rmse=1.120181 val_mae=0.812448
2026-05-16 12:05:12,076 - INFO - Epoch 60/150 | train_loss=0.060648 | val_f1=0.200000 val_acc=0.333333 val_kappa=-0.058824 val_ccc=-0.105874 val_rmse=1.208571 val_mae=0.888655
2026-05-16 12:05:16,695 - INFO - Epoch 61/150 | train_loss=0.040470 | val_f1=0.181818 val_acc=0.333333 val_kappa=-0.148936 val_ccc=-0.093957 val_rmse=1.135372 val_mae=0.813619
2026-05-16 12:05:21,289 - INFO - Epoch 62/150 | train_loss=0.056871 | val_f1=0.200000 val_acc=0.333333 val_kappa=-0.058824 val_ccc=-0.142836 val_rmse=1.142399 val_mae=0.821075
2026-05-16 12:05:25,823 - INFO - Epoch 63/150 | train_loss=0.089344 | val_f1=0.200000 val_acc=0.333333 val_kappa=-0.058824 val_ccc=-0.084273 val_rmse=1.185347 val_mae=0.872584
2026-05-16 12:05:30,419 - INFO - Epoch 64/150 | train_loss=0.070776 | val_f1=0.181818 val_acc=0.333333 val_kappa=-0.148936 val_ccc=-0.086185 val_rmse=1.111052 val_mae=0.805686
2026-05-16 12:05:34,949 - INFO - Epoch 65/150 | train_loss=0.056235 | val_f1=0.181818 val_acc=0.333333 val_kappa=-0.148936 val_ccc=-0.135988 val_rmse=1.137994 val_mae=0.792492
2026-05-16 12:05:39,512 - INFO - Epoch 66/150 | train_loss=0.052559 | val_f1=0.200000 val_acc=0.333333 val_kappa=-0.058824 val_ccc=-0.105110 val_rmse=1.109707 val_mae=0.775957
2026-05-16 12:05:44,057 - INFO - Epoch 67/150 | train_loss=0.046310 | val_f1=0.200000 val_acc=0.333333 val_kappa=-0.058824 val_ccc=-0.118944 val_rmse=1.257512 val_mae=0.936725
2026-05-16 12:05:48,643 - INFO - Epoch 68/150 | train_loss=0.055627 | val_f1=0.181818 val_acc=0.333333 val_kappa=-0.148936 val_ccc=-0.118782 val_rmse=1.233019 val_mae=0.923978
2026-05-16 12:05:53,232 - INFO - Epoch 69/150 | train_loss=0.053098 | val_f1=0.200000 val_acc=0.333333 val_kappa=-0.058824 val_ccc=-0.134301 val_rmse=1.195761 val_mae=0.874359
2026-05-16 12:05:57,833 - INFO - Epoch 70/150 | train_loss=0.049931 | val_f1=0.200000 val_acc=0.333333 val_kappa=-0.058824 val_ccc=-0.118958 val_rmse=1.398787 val_mae=1.077215
2026-05-16 12:06:02,373 - INFO - Epoch 71/150 | train_loss=0.111354 | val_f1=0.200000 val_acc=0.333333 val_kappa=-0.058824 val_ccc=-0.137897 val_rmse=1.239283 val_mae=0.900785
2026-05-16 12:06:06,988 - INFO - Epoch 72/150 | train_loss=0.056962 | val_f1=0.181818 val_acc=0.333333 val_kappa=-0.148936 val_ccc=-0.120827 val_rmse=1.062248 val_mae=0.760930
2026-05-16 12:06:11,640 - INFO - Epoch 73/150 | train_loss=0.059548 | val_f1=0.200000 val_acc=0.333333 val_kappa=-0.058824 val_ccc=-0.083472 val_rmse=1.058200 val_mae=0.775538
2026-05-16 12:06:16,218 - INFO - Epoch 74/150 | train_loss=0.046040 | val_f1=0.200000 val_acc=0.333333 val_kappa=-0.058824 val_ccc=-0.092366 val_rmse=1.161907 val_mae=0.836442
2026-05-16 12:06:20,789 - INFO - Epoch 75/150 | train_loss=0.046296 | val_f1=0.200000 val_acc=0.333333 val_kappa=-0.058824 val_ccc=-0.098428 val_rmse=1.150541 val_mae=0.832069
2026-05-16 12:06:25,423 - INFO - Epoch 76/150 | train_loss=0.035548 | val_f1=0.200000 val_acc=0.333333 val_kappa=-0.058824 val_ccc=-0.069432 val_rmse=1.090171 val_mae=0.794535
2026-05-16 12:06:30,052 - INFO - Epoch 77/150 | train_loss=0.041208 | val_f1=0.200000 val_acc=0.333333 val_kappa=-0.058824 val_ccc=-0.119609 val_rmse=1.186068 val_mae=0.855779
2026-05-16 12:06:34,673 - INFO - Epoch 78/150 | train_loss=0.037065 | val_f1=0.200000 val_acc=0.333333 val_kappa=-0.058824 val_ccc=-0.119420 val_rmse=1.203078 val_mae=0.872066
2026-05-16 12:06:39,307 - INFO - Epoch 79/150 | train_loss=0.046085 | val_f1=0.200000 val_acc=0.333333 val_kappa=-0.058824 val_ccc=-0.109556 val_rmse=1.177627 val_mae=0.861392
2026-05-16 12:06:43,974 - INFO - Epoch 80/150 | train_loss=0.046856 | val_f1=0.200000 val_acc=0.333333 val_kappa=-0.058824 val_ccc=-0.109716 val_rmse=1.206083 val_mae=0.882508
2026-05-16 12:06:48,598 - INFO - Epoch 81/150 | train_loss=0.029739 | val_f1=0.200000 val_acc=0.333333 val_kappa=-0.058824 val_ccc=-0.095494 val_rmse=1.143715 val_mae=0.831158
2026-05-16 12:06:53,244 - INFO - Epoch 82/150 | train_loss=0.032918 | val_f1=0.200000 val_acc=0.333333 val_kappa=-0.058824 val_ccc=-0.116852 val_rmse=1.131408 val_mae=0.823805
2026-05-16 12:06:57,874 - INFO - Epoch 83/150 | train_loss=0.041647 | val_f1=0.181818 val_acc=0.333333 val_kappa=-0.148936 val_ccc=-0.124748 val_rmse=1.053688 val_mae=0.755487
2026-05-16 12:07:02,517 - INFO - Epoch 84/150 | train_loss=0.040976 | val_f1=0.181818 val_acc=0.333333 val_kappa=-0.148936 val_ccc=-0.140607 val_rmse=1.068127 val_mae=0.765135
2026-05-16 12:07:07,165 - INFO - Epoch 85/150 | train_loss=0.034851 | val_f1=0.200000 val_acc=0.333333 val_kappa=-0.058824 val_ccc=-0.127741 val_rmse=1.179764 val_mae=0.868577
2026-05-16 12:07:11,774 - INFO - Epoch 86/150 | train_loss=0.029729 | val_f1=0.200000 val_acc=0.333333 val_kappa=-0.058824 val_ccc=-0.138475 val_rmse=1.233342 val_mae=0.914061
2026-05-16 12:07:16,315 - INFO - Epoch 87/150 | train_loss=0.037429 | val_f1=0.181818 val_acc=0.333333 val_kappa=-0.148936 val_ccc=-0.123356 val_rmse=1.215539 val_mae=0.895115
2026-05-16 12:07:20,890 - INFO - Epoch 88/150 | train_loss=0.039600 | val_f1=0.200000 val_acc=0.333333 val_kappa=-0.058824 val_ccc=-0.117816 val_rmse=1.231053 val_mae=0.910000
2026-05-16 12:07:25,461 - INFO - Epoch 89/150 | train_loss=0.029505 | val_f1=0.200000 val_acc=0.333333 val_kappa=-0.058824 val_ccc=-0.135428 val_rmse=1.197352 val_mae=0.867181
2026-05-16 12:07:30,055 - INFO - Epoch 90/150 | train_loss=0.026433 | val_f1=0.200000 val_acc=0.333333 val_kappa=-0.058824 val_ccc=-0.144889 val_rmse=1.271164 val_mae=0.942009
2026-05-16 12:07:34,693 - INFO - Epoch 91/150 | train_loss=0.035894 | val_f1=0.200000 val_acc=0.333333 val_kappa=-0.058824 val_ccc=-0.143152 val_rmse=1.211090 val_mae=0.886171
2026-05-16 12:07:39,312 - INFO - Epoch 92/150 | train_loss=0.045269 | val_f1=0.200000 val_acc=0.333333 val_kappa=-0.058824 val_ccc=-0.132433 val_rmse=1.176654 val_mae=0.852907
2026-05-16 12:07:43,916 - INFO - Epoch 93/150 | train_loss=0.023481 | val_f1=0.200000 val_acc=0.333333 val_kappa=-0.058824 val_ccc=-0.090377 val_rmse=1.172082 val_mae=0.849324
2026-05-16 12:07:48,538 - INFO - Epoch 94/150 | train_loss=0.025306 | val_f1=0.181818 val_acc=0.333333 val_kappa=-0.148936 val_ccc=-0.082276 val_rmse=1.094762 val_mae=0.800522
2026-05-16 12:07:53,180 - INFO - Epoch 95/150 | train_loss=0.030444 | val_f1=0.181818 val_acc=0.333333 val_kappa=-0.148936 val_ccc=-0.084435 val_rmse=1.037272 val_mae=0.760511
2026-05-16 12:07:57,798 - INFO - Epoch 96/150 | train_loss=0.026145 | val_f1=0.200000 val_acc=0.333333 val_kappa=-0.058824 val_ccc=-0.082556 val_rmse=1.177139 val_mae=0.869241
2026-05-16 12:08:02,420 - INFO - Epoch 97/150 | train_loss=0.036170 | val_f1=0.200000 val_acc=0.333333 val_kappa=-0.058824 val_ccc=-0.089592 val_rmse=1.197840 val_mae=0.875753
2026-05-16 12:08:07,018 - INFO - Epoch 98/150 | train_loss=0.042672 | val_f1=0.200000 val_acc=0.333333 val_kappa=-0.058824 val_ccc=-0.096641 val_rmse=1.180320 val_mae=0.857751
2026-05-16 12:08:11,603 - INFO - Epoch 99/150 | train_loss=0.027460 | val_f1=0.181818 val_acc=0.333333 val_kappa=-0.148936 val_ccc=-0.122187 val_rmse=1.118019 val_mae=0.802865
2026-05-16 12:08:16,291 - INFO - Epoch 100/150 | train_loss=0.025837 | val_f1=0.181818 val_acc=0.333333 val_kappa=-0.148936 val_ccc=-0.142784 val_rmse=1.106416 val_mae=0.793706
2026-05-16 12:08:20,747 - INFO - Epoch 101/150 | train_loss=0.033248 | val_f1=0.200000 val_acc=0.333333 val_kappa=-0.058824 val_ccc=-0.139165 val_rmse=1.124962 val_mae=0.806647
2026-05-16 12:08:25,304 - INFO - Epoch 102/150 | train_loss=0.028740 | val_f1=0.200000 val_acc=0.333333 val_kappa=-0.058824 val_ccc=-0.131119 val_rmse=1.165808 val_mae=0.853294
2026-05-16 12:08:29,837 - INFO - Epoch 103/150 | train_loss=0.024396 | val_f1=0.200000 val_acc=0.333333 val_kappa=-0.058824 val_ccc=-0.119549 val_rmse=1.105490 val_mae=0.787484
2026-05-16 12:08:34,563 - INFO - Epoch 104/150 | train_loss=0.026927 | val_f1=0.200000 val_acc=0.333333 val_kappa=-0.058824 val_ccc=-0.107690 val_rmse=1.093677 val_mae=0.774234
2026-05-16 12:08:39,142 - INFO - Epoch 105/150 | train_loss=0.033624 | val_f1=0.200000 val_acc=0.333333 val_kappa=-0.058824 val_ccc=-0.110387 val_rmse=1.128932 val_mae=0.809659
2026-05-16 12:08:43,645 - INFO - Epoch 106/150 | train_loss=0.026214 | val_f1=0.200000 val_acc=0.333333 val_kappa=-0.058824 val_ccc=-0.088028 val_rmse=1.152191 val_mae=0.827147
2026-05-16 12:08:48,209 - INFO - Epoch 107/150 | train_loss=0.022496 | val_f1=0.200000 val_acc=0.333333 val_kappa=-0.058824 val_ccc=-0.085000 val_rmse=1.105749 val_mae=0.803268
2026-05-16 12:08:52,810 - INFO - Epoch 108/150 | train_loss=0.029892 | val_f1=0.200000 val_acc=0.333333 val_kappa=-0.058824 val_ccc=-0.102581 val_rmse=1.084973 val_mae=0.791429
2026-05-16 12:08:57,379 - INFO - Epoch 109/150 | train_loss=0.026829 | val_f1=0.200000 val_acc=0.333333 val_kappa=-0.058824 val_ccc=-0.108769 val_rmse=1.191010 val_mae=0.881190
2026-05-16 12:09:01,891 - INFO - Epoch 110/150 | train_loss=0.021662 | val_f1=0.181818 val_acc=0.333333 val_kappa=-0.148936 val_ccc=-0.116919 val_rmse=1.195489 val_mae=0.887606
2026-05-16 12:09:06,387 - INFO - Epoch 111/150 | train_loss=0.020584 | val_f1=0.181818 val_acc=0.333333 val_kappa=-0.148936 val_ccc=-0.137218 val_rmse=1.139234 val_mae=0.825790
2026-05-16 12:09:10,913 - INFO - Epoch 112/150 | train_loss=0.032524 | val_f1=0.181818 val_acc=0.333333 val_kappa=-0.148936 val_ccc=-0.147498 val_rmse=1.131970 val_mae=0.809341
2026-05-16 12:09:15,460 - INFO - Epoch 113/150 | train_loss=0.027885 | val_f1=0.200000 val_acc=0.333333 val_kappa=-0.058824 val_ccc=-0.123455 val_rmse=1.183231 val_mae=0.866750
2026-05-16 12:09:20,061 - INFO - Epoch 114/150 | train_loss=0.023409 | val_f1=0.200000 val_acc=0.333333 val_kappa=-0.058824 val_ccc=-0.118618 val_rmse=1.140821 val_mae=0.828285
2026-05-16 12:09:24,671 - INFO - Epoch 115/150 | train_loss=0.022341 | val_f1=0.200000 val_acc=0.333333 val_kappa=-0.058824 val_ccc=-0.118976 val_rmse=1.116079 val_mae=0.804519
2026-05-16 12:09:29,295 - INFO - Epoch 116/150 | train_loss=0.024664 | val_f1=0.200000 val_acc=0.333333 val_kappa=-0.058824 val_ccc=-0.117904 val_rmse=1.131700 val_mae=0.816573
2026-05-16 12:09:33,997 - INFO - Epoch 117/150 | train_loss=0.029072 | val_f1=0.200000 val_acc=0.333333 val_kappa=-0.058824 val_ccc=-0.119020 val_rmse=1.111986 val_mae=0.797685
2026-05-16 12:09:38,693 - INFO - Epoch 118/150 | train_loss=0.022710 | val_f1=0.200000 val_acc=0.333333 val_kappa=-0.058824 val_ccc=-0.106666 val_rmse=1.110084 val_mae=0.789489
2026-05-16 12:09:43,538 - INFO - Epoch 119/150 | train_loss=0.031625 | val_f1=0.200000 val_acc=0.333333 val_kappa=-0.058824 val_ccc=-0.118828 val_rmse=1.117597 val_mae=0.800136
2026-05-16 12:09:48,545 - INFO - Epoch 120/150 | train_loss=0.021200 | val_f1=0.200000 val_acc=0.333333 val_kappa=-0.058824 val_ccc=-0.114135 val_rmse=1.132594 val_mae=0.816635
2026-05-16 12:09:53,279 - INFO - Epoch 121/150 | train_loss=0.024444 | val_f1=0.200000 val_acc=0.333333 val_kappa=-0.058824 val_ccc=-0.117810 val_rmse=1.110556 val_mae=0.790958
2026-05-16 12:09:57,963 - INFO - Epoch 122/150 | train_loss=0.026274 | val_f1=0.200000 val_acc=0.333333 val_kappa=-0.058824 val_ccc=-0.113134 val_rmse=1.142156 val_mae=0.828219
2026-05-16 12:10:02,542 - INFO - Epoch 123/150 | train_loss=0.020284 | val_f1=0.200000 val_acc=0.333333 val_kappa=-0.058824 val_ccc=-0.119097 val_rmse=1.086882 val_mae=0.778489
2026-05-16 12:10:07,541 - INFO - Epoch 124/150 | train_loss=0.030647 | val_f1=0.200000 val_acc=0.333333 val_kappa=-0.058824 val_ccc=-0.112996 val_rmse=1.141441 val_mae=0.830415
2026-05-16 12:10:12,676 - INFO - Epoch 125/150 | train_loss=0.031359 | val_f1=0.200000 val_acc=0.333333 val_kappa=-0.058824 val_ccc=-0.123553 val_rmse=1.100802 val_mae=0.783526
2026-05-16 12:10:17,183 - INFO - Epoch 126/150 | train_loss=0.025674 | val_f1=0.200000 val_acc=0.333333 val_kappa=-0.058824 val_ccc=-0.117799 val_rmse=1.130320 val_mae=0.813836
2026-05-16 12:10:21,676 - INFO - Epoch 127/150 | train_loss=0.024533 | val_f1=0.200000 val_acc=0.333333 val_kappa=-0.058824 val_ccc=-0.122024 val_rmse=1.099481 val_mae=0.781662
2026-05-16 12:10:26,218 - INFO - Epoch 128/150 | train_loss=0.030422 | val_f1=0.200000 val_acc=0.333333 val_kappa=-0.058824 val_ccc=-0.108494 val_rmse=1.150616 val_mae=0.829733
2026-05-16 12:10:30,708 - INFO - Epoch 129/150 | train_loss=0.033966 | val_f1=0.200000 val_acc=0.333333 val_kappa=-0.058824 val_ccc=-0.115180 val_rmse=1.131613 val_mae=0.803321
2026-05-16 12:10:35,284 - INFO - Epoch 130/150 | train_loss=0.033968 | val_f1=0.200000 val_acc=0.333333 val_kappa=-0.058824 val_ccc=-0.111185 val_rmse=1.135208 val_mae=0.807153
2026-05-16 12:10:39,928 - INFO - Epoch 131/150 | train_loss=0.022882 | val_f1=0.200000 val_acc=0.333333 val_kappa=-0.058824 val_ccc=-0.113773 val_rmse=1.129828 val_mae=0.804649
2026-05-16 12:10:44,462 - INFO - Epoch 132/150 | train_loss=0.027837 | val_f1=0.200000 val_acc=0.333333 val_kappa=-0.058824 val_ccc=-0.112540 val_rmse=1.129424 val_mae=0.803140
2026-05-16 12:10:49,031 - INFO - Epoch 133/150 | train_loss=0.021961 | val_f1=0.200000 val_acc=0.333333 val_kappa=-0.058824 val_ccc=-0.108376 val_rmse=1.140431 val_mae=0.813003
2026-05-16 12:10:53,669 - INFO - Epoch 134/150 | train_loss=0.022762 | val_f1=0.200000 val_acc=0.333333 val_kappa=-0.058824 val_ccc=-0.105750 val_rmse=1.141045 val_mae=0.813220
2026-05-16 12:10:58,292 - INFO - Epoch 135/150 | train_loss=0.022457 | val_f1=0.200000 val_acc=0.333333 val_kappa=-0.058824 val_ccc=-0.104473 val_rmse=1.142603 val_mae=0.814820
2026-05-16 12:11:02,862 - INFO - Epoch 136/150 | train_loss=0.026343 | val_f1=0.200000 val_acc=0.333333 val_kappa=-0.058824 val_ccc=-0.104244 val_rmse=1.144563 val_mae=0.817831
2026-05-16 12:11:07,503 - INFO - Epoch 137/150 | train_loss=0.022932 | val_f1=0.200000 val_acc=0.333333 val_kappa=-0.058824 val_ccc=-0.105291 val_rmse=1.139061 val_mae=0.813267
2026-05-16 12:11:12,116 - INFO - Epoch 138/150 | train_loss=0.022598 | val_f1=0.200000 val_acc=0.333333 val_kappa=-0.058824 val_ccc=-0.108613 val_rmse=1.140220 val_mae=0.814496
2026-05-16 12:11:16,717 - INFO - Epoch 139/150 | train_loss=0.025116 | val_f1=0.200000 val_acc=0.333333 val_kappa=-0.058824 val_ccc=-0.111874 val_rmse=1.137385 val_mae=0.811079
2026-05-16 12:11:21,270 - INFO - Epoch 140/150 | train_loss=0.024964 | val_f1=0.200000 val_acc=0.333333 val_kappa=-0.058824 val_ccc=-0.109882 val_rmse=1.144768 val_mae=0.819316
2026-05-16 12:11:25,888 - INFO - Epoch 141/150 | train_loss=0.015064 | val_f1=0.200000 val_acc=0.333333 val_kappa=-0.058824 val_ccc=-0.108008 val_rmse=1.149833 val_mae=0.825216
2026-05-16 12:11:30,441 - INFO - Epoch 142/150 | train_loss=0.024923 | val_f1=0.200000 val_acc=0.333333 val_kappa=-0.058824 val_ccc=-0.109463 val_rmse=1.149749 val_mae=0.825451
2026-05-16 12:11:35,040 - INFO - Epoch 143/150 | train_loss=0.020966 | val_f1=0.200000 val_acc=0.333333 val_kappa=-0.058824 val_ccc=-0.111901 val_rmse=1.142556 val_mae=0.817207
2026-05-16 12:11:39,664 - INFO - Epoch 144/150 | train_loss=0.030772 | val_f1=0.200000 val_acc=0.333333 val_kappa=-0.058824 val_ccc=-0.113350 val_rmse=1.138089 val_mae=0.812189
2026-05-16 12:11:44,285 - INFO - Epoch 145/150 | train_loss=0.022685 | val_f1=0.200000 val_acc=0.333333 val_kappa=-0.058824 val_ccc=-0.113567 val_rmse=1.137854 val_mae=0.812236
2026-05-16 12:11:48,871 - INFO - Epoch 146/150 | train_loss=0.021654 | val_f1=0.200000 val_acc=0.333333 val_kappa=-0.058824 val_ccc=-0.113388 val_rmse=1.138586 val_mae=0.813069
2026-05-16 12:11:53,562 - INFO - Epoch 147/150 | train_loss=0.025086 | val_f1=0.200000 val_acc=0.333333 val_kappa=-0.058824 val_ccc=-0.113772 val_rmse=1.136984 val_mae=0.811416
2026-05-16 12:11:58,259 - INFO - Epoch 148/150 | train_loss=0.025440 | val_f1=0.200000 val_acc=0.333333 val_kappa=-0.058824 val_ccc=-0.113828 val_rmse=1.136989 val_mae=0.811458
2026-05-16 12:12:02,917 - INFO - Epoch 149/150 | train_loss=0.030071 | val_f1=0.200000 val_acc=0.333333 val_kappa=-0.058824 val_ccc=-0.113787 val_rmse=1.137000 val_mae=0.811454
2026-05-16 12:12:07,489 - INFO - Epoch 150/150 | train_loss=0.025913 | val_f1=0.200000 val_acc=0.333333 val_kappa=-0.058824 val_ccc=-0.113762 val_rmse=1.137075 val_mae=0.811539
2026-05-16 12:12:07,500 - INFO - Best checkpoint: checkpoints/Track1/A-V-G+P/ternary/avgp_repro_v1_ternary_seed42/best_model_2026-05-16-12.00.37.pth
2026-05-16 12:12:07,500 - INFO - Validation metrics saved to: logs/Track1/A-V-G+P/ternary/avgp_repro_v1_ternary_seed42/train_result_2026-05-16-12.00.37.json
