2026-05-16 12:23:57,216 - INFO - Experiment: avgp_repro_v1_ternary_seed123
2026-05-16 12:23:57,216 - INFO - Device: cuda
2026-05-16 12:23:57,216 - INFO - Train/Val: 78 / 9
2026-05-16 12:24:02,001 - INFO - Epoch 1/150 | train_loss=1.491186 | val_f1=0.266667 val_acc=0.666667 val_kappa=0.000000 val_ccc=-0.007607 val_rmse=0.742222 val_mae=0.610883
2026-05-16 12:24:06,514 - INFO - Epoch 2/150 | train_loss=1.423751 | val_f1=0.266667 val_acc=0.666667 val_kappa=0.000000 val_ccc=-0.007467 val_rmse=0.741016 val_mae=0.580369
2026-05-16 12:24:11,125 - INFO - Epoch 3/150 | train_loss=1.398289 | val_f1=0.266667 val_acc=0.666667 val_kappa=0.000000 val_ccc=-0.021512 val_rmse=0.731878 val_mae=0.598351
2026-05-16 12:24:15,707 - INFO - Epoch 4/150 | train_loss=1.385365 | val_f1=0.266667 val_acc=0.666667 val_kappa=0.000000 val_ccc=-0.017842 val_rmse=0.732681 val_mae=0.591030
2026-05-16 12:24:20,219 - INFO - Epoch 5/150 | train_loss=1.369953 | val_f1=0.266667 val_acc=0.666667 val_kappa=0.000000 val_ccc=-0.023764 val_rmse=0.737961 val_mae=0.586617
2026-05-16 12:24:24,655 - INFO - Epoch 6/150 | train_loss=1.388891 | val_f1=0.266667 val_acc=0.666667 val_kappa=0.000000 val_ccc=-0.031822 val_rmse=0.735919 val_mae=0.596668
2026-05-16 12:24:29,178 - INFO - Epoch 7/150 | train_loss=1.376493 | val_f1=0.266667 val_acc=0.666667 val_kappa=0.000000 val_ccc=-0.036845 val_rmse=0.754508 val_mae=0.583165
2026-05-16 12:24:33,631 - INFO - Epoch 8/150 | train_loss=1.368047 | val_f1=0.266667 val_acc=0.666667 val_kappa=0.000000 val_ccc=-0.040391 val_rmse=0.746597 val_mae=0.585410
2026-05-16 12:24:38,141 - INFO - Epoch 9/150 | train_loss=1.365077 | val_f1=0.266667 val_acc=0.666667 val_kappa=0.000000 val_ccc=-0.053849 val_rmse=0.745349 val_mae=0.599405
2026-05-16 12:24:42,791 - INFO - Epoch 10/150 | train_loss=1.378039 | val_f1=0.266667 val_acc=0.666667 val_kappa=0.000000 val_ccc=-0.054310 val_rmse=0.752254 val_mae=0.585319
2026-05-16 12:24:47,371 - INFO - Epoch 11/150 | train_loss=1.383333 | val_f1=0.266667 val_acc=0.666667 val_kappa=0.000000 val_ccc=-0.065691 val_rmse=0.755883 val_mae=0.604414
2026-05-16 12:24:52,003 - INFO - Epoch 12/150 | train_loss=1.301409 | val_f1=0.266667 val_acc=0.666667 val_kappa=0.000000 val_ccc=-0.073994 val_rmse=0.754796 val_mae=0.589827
2026-05-16 12:24:56,609 - INFO - Epoch 13/150 | train_loss=1.389781 | val_f1=0.205128 val_acc=0.444444 val_kappa=-0.285714 val_ccc=-0.070946 val_rmse=0.754357 val_mae=0.585903
2026-05-16 12:25:01,221 - INFO - Epoch 14/150 | train_loss=1.348095 | val_f1=0.266667 val_acc=0.666667 val_kappa=0.000000 val_ccc=-0.089001 val_rmse=0.763366 val_mae=0.585320
2026-05-16 12:25:05,803 - INFO - Epoch 15/150 | train_loss=1.347190 | val_f1=0.266667 val_acc=0.666667 val_kappa=0.000000 val_ccc=-0.095994 val_rmse=0.770522 val_mae=0.581676
2026-05-16 12:25:10,219 - INFO - Epoch 16/150 | train_loss=1.279758 | val_f1=0.266667 val_acc=0.666667 val_kappa=0.000000 val_ccc=-0.095136 val_rmse=0.771489 val_mae=0.582657
2026-05-16 12:25:14,711 - INFO - Epoch 17/150 | train_loss=1.238736 | val_f1=0.266667 val_acc=0.666667 val_kappa=0.000000 val_ccc=-0.127740 val_rmse=0.786439 val_mae=0.586271
2026-05-16 12:25:19,101 - INFO - Epoch 18/150 | train_loss=1.258712 | val_f1=0.266667 val_acc=0.666667 val_kappa=0.000000 val_ccc=-0.129431 val_rmse=0.793330 val_mae=0.594237
2026-05-16 12:25:23,615 - INFO - Epoch 19/150 | train_loss=1.309906 | val_f1=0.266667 val_acc=0.666667 val_kappa=0.000000 val_ccc=-0.098812 val_rmse=0.912539 val_mae=0.696459
2026-05-16 12:25:28,172 - INFO - Epoch 20/150 | train_loss=1.298911 | val_f1=0.266667 val_acc=0.666667 val_kappa=0.000000 val_ccc=-0.140622 val_rmse=0.824114 val_mae=0.649638
2026-05-16 12:25:32,705 - INFO - Epoch 21/150 | train_loss=1.205470 | val_f1=0.266667 val_acc=0.666667 val_kappa=0.000000 val_ccc=-0.141378 val_rmse=0.827823 val_mae=0.602634
2026-05-16 12:25:37,231 - INFO - Epoch 22/150 | train_loss=1.169124 | val_f1=0.266667 val_acc=0.666667 val_kappa=0.000000 val_ccc=-0.132887 val_rmse=0.864280 val_mae=0.624786
2026-05-16 12:25:41,694 - INFO - Epoch 23/150 | train_loss=1.182007 | val_f1=0.266667 val_acc=0.666667 val_kappa=0.000000 val_ccc=-0.159089 val_rmse=0.867722 val_mae=0.659141
2026-05-16 12:25:46,193 - INFO - Epoch 24/150 | train_loss=1.134978 | val_f1=0.238095 val_acc=0.555556 val_kappa=-0.161290 val_ccc=-0.169090 val_rmse=0.893144 val_mae=0.676512
2026-05-16 12:25:50,677 - INFO - Epoch 25/150 | train_loss=1.150464 | val_f1=0.238095 val_acc=0.555556 val_kappa=-0.125000 val_ccc=-0.190204 val_rmse=0.944156 val_mae=0.727217
2026-05-16 12:25:55,218 - INFO - Epoch 26/150 | train_loss=1.058298 | val_f1=0.266667 val_acc=0.666667 val_kappa=0.000000 val_ccc=-0.175040 val_rmse=1.001633 val_mae=0.750264
2026-05-16 12:25:59,810 - INFO - Epoch 27/150 | train_loss=0.987688 | val_f1=0.256410 val_acc=0.555556 val_kappa=0.027027 val_ccc=-0.143851 val_rmse=0.963762 val_mae=0.760304
2026-05-16 12:26:04,184 - INFO - Epoch 28/150 | train_loss=1.031811 | val_f1=0.238095 val_acc=0.555556 val_kappa=-0.125000 val_ccc=-0.154038 val_rmse=0.930147 val_mae=0.707675
2026-05-16 12:26:08,599 - INFO - Epoch 29/150 | train_loss=0.959825 | val_f1=0.181818 val_acc=0.333333 val_kappa=-0.148936 val_ccc=-0.145176 val_rmse=1.013669 val_mae=0.731869
2026-05-16 12:26:13,155 - INFO - Epoch 30/150 | train_loss=0.897211 | val_f1=0.133333 val_acc=0.222222 val_kappa=-0.211538 val_ccc=-0.124855 val_rmse=1.031796 val_mae=0.753000
2026-05-16 12:26:17,656 - INFO - Epoch 31/150 | train_loss=0.801144 | val_f1=0.148148 val_acc=0.222222 val_kappa=-0.105263 val_ccc=-0.069769 val_rmse=1.288550 val_mae=1.029124
2026-05-16 12:26:22,185 - INFO - Epoch 32/150 | train_loss=0.760324 | val_f1=0.148148 val_acc=0.222222 val_kappa=-0.105263 val_ccc=-0.062996 val_rmse=1.216052 val_mae=0.948063
2026-05-16 12:26:26,812 - INFO - Epoch 33/150 | train_loss=0.719735 | val_f1=0.261905 val_acc=0.333333 val_kappa=0.052632 val_ccc=-0.054671 val_rmse=1.003302 val_mae=0.709965
2026-05-16 12:26:31,266 - INFO - Epoch 34/150 | train_loss=0.698839 | val_f1=0.181818 val_acc=0.333333 val_kappa=-0.148936 val_ccc=-0.092608 val_rmse=1.137842 val_mae=0.834028
2026-05-16 12:26:35,715 - INFO - Epoch 35/150 | train_loss=0.642483 | val_f1=0.266667 val_acc=0.666667 val_kappa=0.000000 val_ccc=-0.026709 val_rmse=0.856896 val_mae=0.702234
2026-05-16 12:26:40,247 - INFO - Epoch 36/150 | train_loss=0.677931 | val_f1=0.166667 val_acc=0.222222 val_kappa=-0.032787 val_ccc=-0.037561 val_rmse=1.067193 val_mae=0.767506
2026-05-16 12:26:44,739 - INFO - Epoch 37/150 | train_loss=0.528321 | val_f1=0.181818 val_acc=0.333333 val_kappa=-0.148936 val_ccc=-0.100277 val_rmse=1.247910 val_mae=0.911485
2026-05-16 12:26:49,191 - INFO - Epoch 38/150 | train_loss=0.583242 | val_f1=0.181818 val_acc=0.333333 val_kappa=-0.148936 val_ccc=-0.030656 val_rmse=0.957371 val_mae=0.616836
2026-05-16 12:26:53,764 - INFO - Epoch 39/150 | train_loss=0.420355 | val_f1=0.388889 val_acc=0.444444 val_kappa=0.181818 val_ccc=-0.058279 val_rmse=1.063316 val_mae=0.751314
2026-05-16 12:26:58,443 - INFO - Epoch 40/150 | train_loss=0.321215 | val_f1=0.333333 val_acc=0.333333 val_kappa=0.100000 val_ccc=-0.099093 val_rmse=1.287879 val_mae=0.984969
2026-05-16 12:27:03,004 - INFO - Epoch 41/150 | train_loss=0.359128 | val_f1=0.181818 val_acc=0.333333 val_kappa=-0.148936 val_ccc=-0.066502 val_rmse=1.194868 val_mae=0.892007
2026-05-16 12:27:07,555 - INFO - Epoch 42/150 | train_loss=0.290894 | val_f1=0.166667 val_acc=0.222222 val_kappa=-0.032787 val_ccc=0.004660 val_rmse=1.308439 val_mae=1.042395
2026-05-16 12:27:12,171 - INFO - Epoch 43/150 | train_loss=0.320919 | val_f1=0.200000 val_acc=0.333333 val_kappa=-0.058824 val_ccc=-0.051961 val_rmse=1.203421 val_mae=0.919411
2026-05-16 12:27:16,829 - INFO - Epoch 44/150 | train_loss=0.244111 | val_f1=0.181818 val_acc=0.333333 val_kappa=-0.148936 val_ccc=-0.054198 val_rmse=0.975918 val_mae=0.744147
2026-05-16 12:27:21,580 - INFO - Epoch 45/150 | train_loss=0.214639 | val_f1=0.200000 val_acc=0.333333 val_kappa=-0.058824 val_ccc=-0.062812 val_rmse=1.033611 val_mae=0.732754
2026-05-16 12:27:26,174 - INFO - Epoch 46/150 | train_loss=0.150302 | val_f1=0.200000 val_acc=0.333333 val_kappa=-0.038462 val_ccc=-0.073073 val_rmse=1.182762 val_mae=0.871274
2026-05-16 12:27:30,860 - INFO - Epoch 47/150 | train_loss=0.137509 | val_f1=0.181818 val_acc=0.333333 val_kappa=-0.148936 val_ccc=-0.096807 val_rmse=0.994471 val_mae=0.690199
2026-05-16 12:27:35,468 - INFO - Epoch 48/150 | train_loss=0.135442 | val_f1=0.200000 val_acc=0.333333 val_kappa=-0.058824 val_ccc=-0.138189 val_rmse=1.220642 val_mae=0.915298
2026-05-16 12:27:40,275 - INFO - Epoch 49/150 | train_loss=0.148305 | val_f1=0.200000 val_acc=0.333333 val_kappa=-0.058824 val_ccc=-0.137801 val_rmse=1.142460 val_mae=0.860876
2026-05-16 12:27:44,963 - INFO - Epoch 50/150 | train_loss=0.113788 | val_f1=0.200000 val_acc=0.333333 val_kappa=-0.058824 val_ccc=-0.091764 val_rmse=1.150943 val_mae=0.828576
2026-05-16 12:27:49,681 - INFO - Epoch 51/150 | train_loss=0.104883 | val_f1=0.181818 val_acc=0.333333 val_kappa=-0.148936 val_ccc=-0.183198 val_rmse=1.153972 val_mae=0.859243
2026-05-16 12:27:54,342 - INFO - Epoch 52/150 | train_loss=0.117656 | val_f1=0.200000 val_acc=0.333333 val_kappa=-0.058824 val_ccc=-0.116325 val_rmse=1.308742 val_mae=1.021997
2026-05-16 12:27:58,976 - INFO - Epoch 53/150 | train_loss=0.114649 | val_f1=0.200000 val_acc=0.333333 val_kappa=-0.058824 val_ccc=-0.139483 val_rmse=0.980250 val_mae=0.672160
2026-05-16 12:28:03,475 - INFO - Epoch 54/150 | train_loss=0.073152 | val_f1=0.181818 val_acc=0.333333 val_kappa=-0.148936 val_ccc=-0.182661 val_rmse=1.014451 val_mae=0.673292
2026-05-16 12:28:07,954 - INFO - Epoch 55/150 | train_loss=0.101162 | val_f1=0.200000 val_acc=0.333333 val_kappa=-0.058824 val_ccc=-0.146516 val_rmse=1.208832 val_mae=0.892706
2026-05-16 12:28:12,445 - INFO - Epoch 56/150 | train_loss=0.081802 | val_f1=0.388889 val_acc=0.444444 val_kappa=0.181818 val_ccc=-0.115175 val_rmse=0.982105 val_mae=0.649449
2026-05-16 12:28:16,890 - INFO - Epoch 57/150 | train_loss=0.075627 | val_f1=0.181818 val_acc=0.333333 val_kappa=-0.148936 val_ccc=-0.074450 val_rmse=1.096940 val_mae=0.842412
2026-05-16 12:28:21,354 - INFO - Epoch 58/150 | train_loss=0.125157 | val_f1=0.388889 val_acc=0.444444 val_kappa=0.181818 val_ccc=-0.063686 val_rmse=1.225133 val_mae=0.955321
2026-05-16 12:28:25,782 - INFO - Epoch 59/150 | train_loss=0.084160 | val_f1=0.200000 val_acc=0.333333 val_kappa=-0.058824 val_ccc=-0.094599 val_rmse=1.248105 val_mae=0.947222
2026-05-16 12:28:30,227 - INFO - Epoch 60/150 | train_loss=0.085770 | val_f1=0.181818 val_acc=0.333333 val_kappa=-0.148936 val_ccc=-0.169867 val_rmse=1.172831 val_mae=0.815812
2026-05-16 12:28:34,959 - INFO - Epoch 61/150 | train_loss=0.056104 | val_f1=0.388889 val_acc=0.444444 val_kappa=0.181818 val_ccc=-0.120473 val_rmse=1.230191 val_mae=0.960446
2026-05-16 12:28:39,466 - INFO - Epoch 62/150 | train_loss=0.063465 | val_f1=0.181818 val_acc=0.333333 val_kappa=-0.148936 val_ccc=-0.238706 val_rmse=1.123096 val_mae=0.785511
2026-05-16 12:28:43,927 - INFO - Epoch 63/150 | train_loss=0.065426 | val_f1=0.200000 val_acc=0.333333 val_kappa=-0.058824 val_ccc=-0.092346 val_rmse=1.029521 val_mae=0.722226
2026-05-16 12:28:48,371 - INFO - Epoch 64/150 | train_loss=0.059678 | val_f1=0.181818 val_acc=0.333333 val_kappa=-0.148936 val_ccc=-0.207740 val_rmse=1.088869 val_mae=0.753608
2026-05-16 12:28:52,803 - INFO - Epoch 65/150 | train_loss=0.071549 | val_f1=0.181818 val_acc=0.333333 val_kappa=-0.148936 val_ccc=-0.183103 val_rmse=1.178894 val_mae=0.841848
2026-05-16 12:28:57,236 - INFO - Epoch 66/150 | train_loss=0.050021 | val_f1=0.181818 val_acc=0.333333 val_kappa=-0.148936 val_ccc=-0.153573 val_rmse=1.200768 val_mae=0.901274
2026-05-16 12:29:01,670 - INFO - Epoch 67/150 | train_loss=0.037259 | val_f1=0.200000 val_acc=0.333333 val_kappa=-0.058824 val_ccc=-0.153156 val_rmse=1.169869 val_mae=0.867221
2026-05-16 12:29:06,088 - INFO - Epoch 68/150 | train_loss=0.047152 | val_f1=0.181818 val_acc=0.333333 val_kappa=-0.148936 val_ccc=-0.169143 val_rmse=1.098897 val_mae=0.795448
2026-05-16 12:29:10,452 - INFO - Epoch 69/150 | train_loss=0.046444 | val_f1=0.200000 val_acc=0.333333 val_kappa=-0.058824 val_ccc=-0.112664 val_rmse=0.992468 val_mae=0.685893
2026-05-16 12:29:14,843 - INFO - Epoch 70/150 | train_loss=0.044528 | val_f1=0.200000 val_acc=0.333333 val_kappa=-0.058824 val_ccc=-0.170760 val_rmse=1.124406 val_mae=0.818224
2026-05-16 12:29:19,211 - INFO - Epoch 71/150 | train_loss=0.042795 | val_f1=0.181818 val_acc=0.333333 val_kappa=-0.148936 val_ccc=-0.234764 val_rmse=1.189162 val_mae=0.853367
2026-05-16 12:29:23,704 - INFO - Epoch 72/150 | train_loss=0.034500 | val_f1=0.181818 val_acc=0.333333 val_kappa=-0.148936 val_ccc=-0.171122 val_rmse=1.115155 val_mae=0.784316
2026-05-16 12:29:28,138 - INFO - Epoch 73/150 | train_loss=0.028721 | val_f1=0.200000 val_acc=0.333333 val_kappa=-0.058824 val_ccc=-0.150921 val_rmse=1.118979 val_mae=0.792877
2026-05-16 12:29:32,609 - INFO - Epoch 74/150 | train_loss=0.048513 | val_f1=0.181818 val_acc=0.333333 val_kappa=-0.148936 val_ccc=-0.208122 val_rmse=1.070440 val_mae=0.718645
2026-05-16 12:29:37,016 - INFO - Epoch 75/150 | train_loss=0.034358 | val_f1=0.181818 val_acc=0.333333 val_kappa=-0.148936 val_ccc=-0.156689 val_rmse=1.084893 val_mae=0.759024
2026-05-16 12:29:41,514 - INFO - Epoch 76/150 | train_loss=0.038367 | val_f1=0.200000 val_acc=0.333333 val_kappa=-0.058824 val_ccc=-0.134336 val_rmse=1.140186 val_mae=0.849750
2026-05-16 12:29:46,050 - INFO - Epoch 77/150 | train_loss=0.035627 | val_f1=0.200000 val_acc=0.333333 val_kappa=-0.058824 val_ccc=-0.170149 val_rmse=1.040305 val_mae=0.681993
2026-05-16 12:29:50,623 - INFO - Epoch 78/150 | train_loss=0.032358 | val_f1=0.200000 val_acc=0.333333 val_kappa=-0.058824 val_ccc=-0.135975 val_rmse=1.158919 val_mae=0.833294
2026-05-16 12:29:55,118 - INFO - Epoch 79/150 | train_loss=0.042287 | val_f1=0.200000 val_acc=0.333333 val_kappa=-0.058824 val_ccc=-0.130344 val_rmse=1.186210 val_mae=0.885041
2026-05-16 12:30:00,021 - INFO - Epoch 80/150 | train_loss=0.039345 | val_f1=0.181818 val_acc=0.333333 val_kappa=-0.148936 val_ccc=-0.166184 val_rmse=1.121866 val_mae=0.793467
2026-05-16 12:30:04,627 - INFO - Epoch 81/150 | train_loss=0.038261 | val_f1=0.181818 val_acc=0.333333 val_kappa=-0.148936 val_ccc=-0.085965 val_rmse=1.027814 val_mae=0.739012
2026-05-16 12:30:09,305 - INFO - Epoch 82/150 | train_loss=0.039541 | val_f1=0.200000 val_acc=0.333333 val_kappa=-0.058824 val_ccc=-0.122582 val_rmse=1.077876 val_mae=0.767483
2026-05-16 12:30:14,475 - INFO - Epoch 83/150 | train_loss=0.039683 | val_f1=0.181818 val_acc=0.333333 val_kappa=-0.148936 val_ccc=-0.158167 val_rmse=1.179825 val_mae=0.886825
2026-05-16 12:30:19,639 - INFO - Epoch 84/150 | train_loss=0.029295 | val_f1=0.200000 val_acc=0.333333 val_kappa=-0.058824 val_ccc=-0.129004 val_rmse=1.092648 val_mae=0.799157
2026-05-16 12:30:24,574 - INFO - Epoch 85/150 | train_loss=0.026163 | val_f1=0.200000 val_acc=0.333333 val_kappa=-0.058824 val_ccc=-0.121463 val_rmse=1.111571 val_mae=0.814469
2026-05-16 12:30:29,404 - INFO - Epoch 86/150 | train_loss=0.031019 | val_f1=0.181818 val_acc=0.333333 val_kappa=-0.148936 val_ccc=-0.134435 val_rmse=1.163612 val_mae=0.870916
2026-05-16 12:30:34,388 - INFO - Epoch 87/150 | train_loss=0.037693 | val_f1=0.181818 val_acc=0.333333 val_kappa=-0.148936 val_ccc=-0.134732 val_rmse=1.104845 val_mae=0.791379
2026-05-16 12:30:39,237 - INFO - Epoch 88/150 | train_loss=0.027174 | val_f1=0.181818 val_acc=0.333333 val_kappa=-0.148936 val_ccc=-0.146662 val_rmse=1.045805 val_mae=0.724449
2026-05-16 12:30:43,834 - INFO - Epoch 89/150 | train_loss=0.031023 | val_f1=0.200000 val_acc=0.333333 val_kappa=-0.058824 val_ccc=-0.120555 val_rmse=1.043768 val_mae=0.713771
2026-05-16 12:30:48,491 - INFO - Epoch 90/150 | train_loss=0.038189 | val_f1=0.181818 val_acc=0.333333 val_kappa=-0.148936 val_ccc=-0.128200 val_rmse=1.166825 val_mae=0.857984
2026-05-16 12:30:53,215 - INFO - Epoch 91/150 | train_loss=0.027418 | val_f1=0.181818 val_acc=0.333333 val_kappa=-0.148936 val_ccc=-0.133521 val_rmse=1.159110 val_mae=0.861640
2026-05-16 12:30:57,952 - INFO - Epoch 92/150 | train_loss=0.029770 | val_f1=0.200000 val_acc=0.333333 val_kappa=-0.058824 val_ccc=-0.125523 val_rmse=1.118179 val_mae=0.806345
2026-05-16 12:31:02,669 - INFO - Epoch 93/150 | train_loss=0.031219 | val_f1=0.181818 val_acc=0.333333 val_kappa=-0.148936 val_ccc=-0.142545 val_rmse=1.090969 val_mae=0.778213
2026-05-16 12:31:07,352 - INFO - Epoch 94/150 | train_loss=0.043723 | val_f1=0.200000 val_acc=0.333333 val_kappa=-0.058824 val_ccc=-0.144501 val_rmse=1.091227 val_mae=0.785418
2026-05-16 12:31:12,011 - INFO - Epoch 95/150 | train_loss=0.028078 | val_f1=0.181818 val_acc=0.333333 val_kappa=-0.148936 val_ccc=-0.154732 val_rmse=1.110831 val_mae=0.796266
2026-05-16 12:31:16,557 - INFO - Epoch 96/150 | train_loss=0.033960 | val_f1=0.181818 val_acc=0.333333 val_kappa=-0.148936 val_ccc=-0.203547 val_rmse=1.092547 val_mae=0.764893
2026-05-16 12:31:21,126 - INFO - Epoch 97/150 | train_loss=0.025407 | val_f1=0.181818 val_acc=0.333333 val_kappa=-0.148936 val_ccc=-0.140762 val_rmse=1.108417 val_mae=0.812067
2026-05-16 12:31:25,723 - INFO - Epoch 98/150 | train_loss=0.034630 | val_f1=0.200000 val_acc=0.333333 val_kappa=-0.058824 val_ccc=-0.125222 val_rmse=1.053784 val_mae=0.741561
2026-05-16 12:31:30,399 - INFO - Epoch 99/150 | train_loss=0.030832 | val_f1=0.200000 val_acc=0.333333 val_kappa=-0.058824 val_ccc=-0.127202 val_rmse=1.212019 val_mae=0.933399
2026-05-16 12:31:35,161 - INFO - Epoch 100/150 | train_loss=0.027904 | val_f1=0.200000 val_acc=0.333333 val_kappa=-0.058824 val_ccc=-0.171040 val_rmse=1.128538 val_mae=0.808495
2026-05-16 12:31:39,864 - INFO - Epoch 101/150 | train_loss=0.025564 | val_f1=0.200000 val_acc=0.333333 val_kappa=-0.058824 val_ccc=-0.201974 val_rmse=1.129850 val_mae=0.780285
2026-05-16 12:31:44,573 - INFO - Epoch 102/150 | train_loss=0.023517 | val_f1=0.181818 val_acc=0.333333 val_kappa=-0.148936 val_ccc=-0.211214 val_rmse=1.074915 val_mae=0.730460
2026-05-16 12:31:49,173 - INFO - Epoch 103/150 | train_loss=0.023637 | val_f1=0.181818 val_acc=0.333333 val_kappa=-0.148936 val_ccc=-0.190392 val_rmse=1.109477 val_mae=0.772307
2026-05-16 12:31:53,793 - INFO - Epoch 104/150 | train_loss=0.029199 | val_f1=0.200000 val_acc=0.333333 val_kappa=-0.058824 val_ccc=-0.139018 val_rmse=1.148692 val_mae=0.841654
2026-05-16 12:31:58,564 - INFO - Epoch 105/150 | train_loss=0.025071 | val_f1=0.181818 val_acc=0.333333 val_kappa=-0.148936 val_ccc=-0.157458 val_rmse=1.081067 val_mae=0.726655
2026-05-16 12:32:03,420 - INFO - Epoch 106/150 | train_loss=0.024825 | val_f1=0.181818 val_acc=0.333333 val_kappa=-0.148936 val_ccc=-0.139018 val_rmse=1.119795 val_mae=0.791727
2026-05-16 12:32:08,162 - INFO - Epoch 107/150 | train_loss=0.020011 | val_f1=0.181818 val_acc=0.333333 val_kappa=-0.148936 val_ccc=-0.138314 val_rmse=1.133758 val_mae=0.810900
2026-05-16 12:32:12,732 - INFO - Epoch 108/150 | train_loss=0.031998 | val_f1=0.181818 val_acc=0.333333 val_kappa=-0.148936 val_ccc=-0.165117 val_rmse=1.141468 val_mae=0.789625
2026-05-16 12:32:17,296 - INFO - Epoch 109/150 | train_loss=0.030648 | val_f1=0.200000 val_acc=0.333333 val_kappa=-0.058824 val_ccc=-0.143796 val_rmse=1.137222 val_mae=0.808062
2026-05-16 12:32:21,875 - INFO - Epoch 110/150 | train_loss=0.026333 | val_f1=0.181818 val_acc=0.333333 val_kappa=-0.148936 val_ccc=-0.160372 val_rmse=1.098842 val_mae=0.754330
2026-05-16 12:32:26,451 - INFO - Epoch 111/150 | train_loss=0.029069 | val_f1=0.200000 val_acc=0.333333 val_kappa=-0.058824 val_ccc=-0.152999 val_rmse=1.135155 val_mae=0.814619
2026-05-16 12:32:31,026 - INFO - Epoch 112/150 | train_loss=0.032407 | val_f1=0.200000 val_acc=0.333333 val_kappa=-0.058824 val_ccc=-0.145369 val_rmse=1.134755 val_mae=0.813766
2026-05-16 12:32:35,489 - INFO - Epoch 113/150 | train_loss=0.023023 | val_f1=0.181818 val_acc=0.333333 val_kappa=-0.148936 val_ccc=-0.151560 val_rmse=1.084251 val_mae=0.732122
2026-05-16 12:32:40,155 - INFO - Epoch 114/150 | train_loss=0.025871 | val_f1=0.200000 val_acc=0.333333 val_kappa=-0.058824 val_ccc=-0.142128 val_rmse=1.097593 val_mae=0.757184
2026-05-16 12:32:44,617 - INFO - Epoch 115/150 | train_loss=0.027347 | val_f1=0.200000 val_acc=0.333333 val_kappa=-0.058824 val_ccc=-0.111729 val_rmse=1.170954 val_mae=0.856370
2026-05-16 12:32:49,121 - INFO - Epoch 116/150 | train_loss=0.021733 | val_f1=0.200000 val_acc=0.333333 val_kappa=-0.058824 val_ccc=-0.135101 val_rmse=1.155520 val_mae=0.819876
2026-05-16 12:32:53,617 - INFO - Epoch 117/150 | train_loss=0.020665 | val_f1=0.200000 val_acc=0.333333 val_kappa=-0.058824 val_ccc=-0.136072 val_rmse=1.127612 val_mae=0.798165
2026-05-16 12:32:58,223 - INFO - Epoch 118/150 | train_loss=0.019388 | val_f1=0.200000 val_acc=0.333333 val_kappa=-0.058824 val_ccc=-0.143876 val_rmse=1.094492 val_mae=0.750183
2026-05-16 12:33:02,577 - INFO - Epoch 119/150 | train_loss=0.020090 | val_f1=0.200000 val_acc=0.333333 val_kappa=-0.058824 val_ccc=-0.122495 val_rmse=1.136972 val_mae=0.825397
2026-05-16 12:33:07,152 - INFO - Epoch 120/150 | train_loss=0.026090 | val_f1=0.181818 val_acc=0.333333 val_kappa=-0.148936 val_ccc=-0.145597 val_rmse=1.149391 val_mae=0.822100
2026-05-16 12:33:11,643 - INFO - Epoch 121/150 | train_loss=0.028855 | val_f1=0.181818 val_acc=0.333333 val_kappa=-0.148936 val_ccc=-0.152673 val_rmse=1.175223 val_mae=0.840010
2026-05-16 12:33:16,095 - INFO - Epoch 122/150 | train_loss=0.025086 | val_f1=0.200000 val_acc=0.333333 val_kappa=-0.058824 val_ccc=-0.129251 val_rmse=1.204010 val_mae=0.895549
2026-05-16 12:33:20,568 - INFO - Epoch 123/150 | train_loss=0.032283 | val_f1=0.200000 val_acc=0.333333 val_kappa=-0.058824 val_ccc=-0.143243 val_rmse=1.179443 val_mae=0.857555
2026-05-16 12:33:25,152 - INFO - Epoch 124/150 | train_loss=0.036865 | val_f1=0.200000 val_acc=0.333333 val_kappa=-0.058824 val_ccc=-0.148680 val_rmse=1.136551 val_mae=0.802905
2026-05-16 12:33:29,582 - INFO - Epoch 125/150 | train_loss=0.022743 | val_f1=0.200000 val_acc=0.333333 val_kappa=-0.058824 val_ccc=-0.163561 val_rmse=1.135658 val_mae=0.791735
2026-05-16 12:33:34,109 - INFO - Epoch 126/150 | train_loss=0.023171 | val_f1=0.200000 val_acc=0.333333 val_kappa=-0.058824 val_ccc=-0.156600 val_rmse=1.134436 val_mae=0.798814
2026-05-16 12:33:38,585 - INFO - Epoch 127/150 | train_loss=0.021452 | val_f1=0.200000 val_acc=0.333333 val_kappa=-0.058824 val_ccc=-0.157952 val_rmse=1.131650 val_mae=0.793497
2026-05-16 12:33:43,002 - INFO - Epoch 128/150 | train_loss=0.020660 | val_f1=0.200000 val_acc=0.333333 val_kappa=-0.058824 val_ccc=-0.142902 val_rmse=1.143205 val_mae=0.813556
2026-05-16 12:33:47,446 - INFO - Epoch 129/150 | train_loss=0.020412 | val_f1=0.200000 val_acc=0.333333 val_kappa=-0.058824 val_ccc=-0.145967 val_rmse=1.121751 val_mae=0.778977
2026-05-16 12:33:52,005 - INFO - Epoch 130/150 | train_loss=0.022238 | val_f1=0.200000 val_acc=0.333333 val_kappa=-0.058824 val_ccc=-0.142543 val_rmse=1.131976 val_mae=0.794951
2026-05-16 12:33:56,727 - INFO - Epoch 131/150 | train_loss=0.033358 | val_f1=0.200000 val_acc=0.333333 val_kappa=-0.058824 val_ccc=-0.152899 val_rmse=1.130342 val_mae=0.788521
2026-05-16 12:34:01,401 - INFO - Epoch 132/150 | train_loss=0.022837 | val_f1=0.200000 val_acc=0.333333 val_kappa=-0.058824 val_ccc=-0.152655 val_rmse=1.118072 val_mae=0.774047
2026-05-16 12:34:06,053 - INFO - Epoch 133/150 | train_loss=0.013937 | val_f1=0.200000 val_acc=0.333333 val_kappa=-0.058824 val_ccc=-0.157116 val_rmse=1.109308 val_mae=0.759964
2026-05-16 12:34:10,583 - INFO - Epoch 134/150 | train_loss=0.022760 | val_f1=0.200000 val_acc=0.333333 val_kappa=-0.058824 val_ccc=-0.144963 val_rmse=1.136937 val_mae=0.808262
2026-05-16 12:34:15,138 - INFO - Epoch 135/150 | train_loss=0.025296 | val_f1=0.200000 val_acc=0.333333 val_kappa=-0.058824 val_ccc=-0.144809 val_rmse=1.136660 val_mae=0.809328
2026-05-16 12:34:19,710 - INFO - Epoch 136/150 | train_loss=0.030147 | val_f1=0.200000 val_acc=0.333333 val_kappa=-0.058824 val_ccc=-0.142655 val_rmse=1.141753 val_mae=0.816040
2026-05-16 12:34:24,157 - INFO - Epoch 137/150 | train_loss=0.020006 | val_f1=0.200000 val_acc=0.333333 val_kappa=-0.058824 val_ccc=-0.144544 val_rmse=1.135073 val_mae=0.805171
2026-05-16 12:34:28,588 - INFO - Epoch 138/150 | train_loss=0.028368 | val_f1=0.200000 val_acc=0.333333 val_kappa=-0.058824 val_ccc=-0.144588 val_rmse=1.133900 val_mae=0.804646
2026-05-16 12:34:33,090 - INFO - Epoch 139/150 | train_loss=0.028282 | val_f1=0.200000 val_acc=0.333333 val_kappa=-0.058824 val_ccc=-0.142533 val_rmse=1.138303 val_mae=0.812724
2026-05-16 12:34:37,561 - INFO - Epoch 140/150 | train_loss=0.034417 | val_f1=0.200000 val_acc=0.333333 val_kappa=-0.058824 val_ccc=-0.141604 val_rmse=1.136506 val_mae=0.811010
2026-05-16 12:34:41,891 - INFO - Epoch 141/150 | train_loss=0.020298 | val_f1=0.200000 val_acc=0.333333 val_kappa=-0.058824 val_ccc=-0.142952 val_rmse=1.134720 val_mae=0.807458
2026-05-16 12:34:46,958 - INFO - Epoch 142/150 | train_loss=0.024551 | val_f1=0.200000 val_acc=0.333333 val_kappa=-0.058824 val_ccc=-0.147016 val_rmse=1.128690 val_mae=0.796377
2026-05-16 12:34:51,395 - INFO - Epoch 143/150 | train_loss=0.022532 | val_f1=0.200000 val_acc=0.333333 val_kappa=-0.058824 val_ccc=-0.148239 val_rmse=1.127328 val_mae=0.793188
2026-05-16 12:34:55,822 - INFO - Epoch 144/150 | train_loss=0.019991 | val_f1=0.200000 val_acc=0.333333 val_kappa=-0.058824 val_ccc=-0.149341 val_rmse=1.124055 val_mae=0.787691
2026-05-16 12:35:00,227 - INFO - Epoch 145/150 | train_loss=0.025144 | val_f1=0.200000 val_acc=0.333333 val_kappa=-0.058824 val_ccc=-0.148243 val_rmse=1.125670 val_mae=0.790547
2026-05-16 12:35:04,568 - INFO - Epoch 146/150 | train_loss=0.021359 | val_f1=0.200000 val_acc=0.333333 val_kappa=-0.058824 val_ccc=-0.147882 val_rmse=1.126909 val_mae=0.792682
2026-05-16 12:35:08,876 - INFO - Epoch 147/150 | train_loss=0.023540 | val_f1=0.200000 val_acc=0.333333 val_kappa=-0.058824 val_ccc=-0.148906 val_rmse=1.125506 val_mae=0.789993
2026-05-16 12:35:13,316 - INFO - Epoch 148/150 | train_loss=0.024159 | val_f1=0.200000 val_acc=0.333333 val_kappa=-0.058824 val_ccc=-0.148908 val_rmse=1.125462 val_mae=0.789919
2026-05-16 12:35:17,807 - INFO - Epoch 149/150 | train_loss=0.023093 | val_f1=0.200000 val_acc=0.333333 val_kappa=-0.058824 val_ccc=-0.148764 val_rmse=1.125718 val_mae=0.790390
2026-05-16 12:35:22,184 - INFO - Epoch 150/150 | train_loss=0.020253 | val_f1=0.200000 val_acc=0.333333 val_kappa=-0.058824 val_ccc=-0.148763 val_rmse=1.125695 val_mae=0.790371
2026-05-16 12:35:22,195 - INFO - Best checkpoint: checkpoints/Track1/A-V-G+P/ternary/avgp_repro_v1_ternary_seed123/best_model_2026-05-16-12.23.56.pth
2026-05-16 12:35:22,195 - INFO - Validation metrics saved to: logs/Track1/A-V-G+P/ternary/avgp_repro_v1_ternary_seed123/train_result_2026-05-16-12.23.56.json
