2026-05-16 12:00:39,159 - INFO - Experiment: avgp_repro_v1_ternary_seed3407
2026-05-16 12:00:39,159 - INFO - Device: cuda
2026-05-16 12:00:39,159 - INFO - Train/Val: 78 / 9
2026-05-16 12:00:44,082 - INFO - Epoch 1/150 | train_loss=1.510445 | val_f1=0.266667 val_acc=0.666667 val_kappa=0.000000 val_ccc=-0.003700 val_rmse=0.770004 val_mae=0.632942
2026-05-16 12:00:48,784 - INFO - Epoch 2/150 | train_loss=1.392026 | val_f1=0.266667 val_acc=0.666667 val_kappa=0.000000 val_ccc=-0.001613 val_rmse=0.724372 val_mae=0.602774
2026-05-16 12:00:53,433 - INFO - Epoch 3/150 | train_loss=1.393664 | val_f1=0.266667 val_acc=0.666667 val_kappa=0.000000 val_ccc=-0.005989 val_rmse=0.726298 val_mae=0.601745
2026-05-16 12:00:57,937 - INFO - Epoch 4/150 | train_loss=1.409658 | val_f1=0.266667 val_acc=0.666667 val_kappa=0.000000 val_ccc=-0.006147 val_rmse=0.728817 val_mae=0.597170
2026-05-16 12:01:02,439 - INFO - Epoch 5/150 | train_loss=1.384062 | val_f1=0.266667 val_acc=0.666667 val_kappa=0.000000 val_ccc=-0.002297 val_rmse=0.736180 val_mae=0.585322
2026-05-16 12:01:07,061 - INFO - Epoch 6/150 | train_loss=1.372357 | val_f1=0.266667 val_acc=0.666667 val_kappa=0.000000 val_ccc=-0.007411 val_rmse=0.730099 val_mae=0.592580
2026-05-16 12:01:11,611 - INFO - Epoch 7/150 | train_loss=1.349530 | val_f1=0.266667 val_acc=0.666667 val_kappa=0.000000 val_ccc=-0.014448 val_rmse=0.739208 val_mae=0.588527
2026-05-16 12:01:16,167 - INFO - Epoch 8/150 | train_loss=1.346309 | val_f1=0.266667 val_acc=0.666667 val_kappa=0.000000 val_ccc=-0.020165 val_rmse=0.731197 val_mae=0.600198
2026-05-16 12:01:20,785 - INFO - Epoch 9/150 | train_loss=1.352462 | val_f1=0.266667 val_acc=0.666667 val_kappa=0.000000 val_ccc=-0.024199 val_rmse=0.736529 val_mae=0.593934
2026-05-16 12:01:25,541 - INFO - Epoch 10/150 | train_loss=1.363331 | val_f1=0.266667 val_acc=0.666667 val_kappa=0.000000 val_ccc=-0.028869 val_rmse=0.736050 val_mae=0.607243
2026-05-16 12:01:30,361 - INFO - Epoch 11/150 | train_loss=1.300230 | val_f1=0.266667 val_acc=0.666667 val_kappa=0.000000 val_ccc=-0.042402 val_rmse=0.750501 val_mae=0.593588
2026-05-16 12:01:35,239 - INFO - Epoch 12/150 | train_loss=1.340565 | val_f1=0.266667 val_acc=0.666667 val_kappa=0.000000 val_ccc=-0.043807 val_rmse=0.740646 val_mae=0.602586
2026-05-16 12:01:40,062 - INFO - Epoch 13/150 | train_loss=1.330941 | val_f1=0.266667 val_acc=0.666667 val_kappa=0.000000 val_ccc=-0.051211 val_rmse=0.745807 val_mae=0.597405
2026-05-16 12:01:44,677 - INFO - Epoch 14/150 | train_loss=1.333007 | val_f1=0.266667 val_acc=0.666667 val_kappa=0.000000 val_ccc=-0.057013 val_rmse=0.746837 val_mae=0.600594
2026-05-16 12:01:49,157 - INFO - Epoch 15/150 | train_loss=1.312411 | val_f1=0.266667 val_acc=0.666667 val_kappa=0.000000 val_ccc=-0.063295 val_rmse=0.755618 val_mae=0.605882
2026-05-16 12:01:53,691 - INFO - Epoch 16/150 | train_loss=1.277222 | val_f1=0.266667 val_acc=0.666667 val_kappa=0.000000 val_ccc=-0.069772 val_rmse=0.758413 val_mae=0.602578
2026-05-16 12:01:58,240 - INFO - Epoch 17/150 | train_loss=1.363977 | val_f1=0.121212 val_acc=0.222222 val_kappa=0.000000 val_ccc=-0.069415 val_rmse=0.767311 val_mae=0.604797
2026-05-16 12:02:02,869 - INFO - Epoch 18/150 | train_loss=1.246941 | val_f1=0.266667 val_acc=0.666667 val_kappa=0.000000 val_ccc=-0.091173 val_rmse=0.791500 val_mae=0.614661
2026-05-16 12:02:07,517 - INFO - Epoch 19/150 | train_loss=1.238519 | val_f1=0.256410 val_acc=0.555556 val_kappa=-0.028571 val_ccc=-0.098198 val_rmse=0.810079 val_mae=0.631089
2026-05-16 12:02:12,019 - INFO - Epoch 20/150 | train_loss=1.171849 | val_f1=0.266667 val_acc=0.666667 val_kappa=0.000000 val_ccc=-0.100541 val_rmse=0.796289 val_mae=0.594656
2026-05-16 12:02:16,487 - INFO - Epoch 21/150 | train_loss=1.186124 | val_f1=0.266667 val_acc=0.666667 val_kappa=0.000000 val_ccc=-0.083178 val_rmse=0.800977 val_mae=0.600438
2026-05-16 12:02:20,976 - INFO - Epoch 22/150 | train_loss=1.246775 | val_f1=0.238095 val_acc=0.555556 val_kappa=-0.161290 val_ccc=-0.070110 val_rmse=0.855058 val_mae=0.645356
2026-05-16 12:02:25,527 - INFO - Epoch 23/150 | train_loss=1.065983 | val_f1=0.222222 val_acc=0.444444 val_kappa=-0.097561 val_ccc=-0.067779 val_rmse=0.902036 val_mae=0.662654
2026-05-16 12:02:30,037 - INFO - Epoch 24/150 | train_loss=1.006707 | val_f1=0.222222 val_acc=0.444444 val_kappa=-0.097561 val_ccc=-0.109712 val_rmse=0.895274 val_mae=0.687615
2026-05-16 12:02:34,512 - INFO - Epoch 25/150 | train_loss=0.946559 | val_f1=0.222222 val_acc=0.444444 val_kappa=-0.097561 val_ccc=-0.092348 val_rmse=0.887091 val_mae=0.665904
2026-05-16 12:02:39,044 - INFO - Epoch 26/150 | train_loss=0.894848 | val_f1=0.200000 val_acc=0.333333 val_kappa=-0.080000 val_ccc=-0.058107 val_rmse=0.907923 val_mae=0.672354
2026-05-16 12:02:43,544 - INFO - Epoch 27/150 | train_loss=0.839877 | val_f1=0.181818 val_acc=0.333333 val_kappa=-0.173913 val_ccc=-0.056435 val_rmse=0.950787 val_mae=0.737226
2026-05-16 12:02:48,021 - INFO - Epoch 28/150 | train_loss=0.827914 | val_f1=0.222222 val_acc=0.444444 val_kappa=-0.097561 val_ccc=0.017505 val_rmse=0.895528 val_mae=0.697743
2026-05-16 12:02:52,509 - INFO - Epoch 29/150 | train_loss=0.800987 | val_f1=0.200000 val_acc=0.333333 val_kappa=-0.080000 val_ccc=-0.090678 val_rmse=0.971588 val_mae=0.729818
2026-05-16 12:02:56,964 - INFO - Epoch 30/150 | train_loss=0.617403 | val_f1=0.200000 val_acc=0.333333 val_kappa=-0.080000 val_ccc=-0.100161 val_rmse=1.057622 val_mae=0.824165
2026-05-16 12:03:01,429 - INFO - Epoch 31/150 | train_loss=0.590414 | val_f1=0.200000 val_acc=0.333333 val_kappa=-0.058824 val_ccc=-0.061338 val_rmse=1.080700 val_mae=0.834625
2026-05-16 12:03:05,909 - INFO - Epoch 32/150 | train_loss=0.531538 | val_f1=0.200000 val_acc=0.333333 val_kappa=-0.080000 val_ccc=-0.077434 val_rmse=1.001013 val_mae=0.749754
2026-05-16 12:03:10,383 - INFO - Epoch 33/150 | train_loss=0.468184 | val_f1=0.200000 val_acc=0.333333 val_kappa=-0.058824 val_ccc=-0.109017 val_rmse=1.071714 val_mae=0.821018
2026-05-16 12:03:14,915 - INFO - Epoch 34/150 | train_loss=0.430072 | val_f1=0.200000 val_acc=0.333333 val_kappa=-0.058824 val_ccc=-0.119219 val_rmse=0.987975 val_mae=0.716856
2026-05-16 12:03:19,394 - INFO - Epoch 35/150 | train_loss=0.401280 | val_f1=0.200000 val_acc=0.333333 val_kappa=-0.080000 val_ccc=-0.078422 val_rmse=0.972257 val_mae=0.723885
2026-05-16 12:03:23,723 - INFO - Epoch 36/150 | train_loss=0.428111 | val_f1=0.181818 val_acc=0.333333 val_kappa=-0.148936 val_ccc=-0.165899 val_rmse=1.031869 val_mae=0.810330
2026-05-16 12:03:28,194 - INFO - Epoch 37/150 | train_loss=0.366028 | val_f1=0.200000 val_acc=0.333333 val_kappa=-0.080000 val_ccc=-0.128505 val_rmse=1.172973 val_mae=0.897710
2026-05-16 12:03:32,691 - INFO - Epoch 38/150 | train_loss=0.307668 | val_f1=0.200000 val_acc=0.333333 val_kappa=-0.058824 val_ccc=-0.047479 val_rmse=1.120134 val_mae=0.804604
2026-05-16 12:03:37,152 - INFO - Epoch 39/150 | train_loss=0.448252 | val_f1=0.200000 val_acc=0.333333 val_kappa=-0.058824 val_ccc=-0.082378 val_rmse=1.056697 val_mae=0.761689
2026-05-16 12:03:42,562 - INFO - Epoch 40/150 | train_loss=0.249434 | val_f1=0.200000 val_acc=0.333333 val_kappa=-0.058824 val_ccc=-0.090151 val_rmse=0.998428 val_mae=0.748801
2026-05-16 12:03:47,067 - INFO - Epoch 41/150 | train_loss=0.216074 | val_f1=0.200000 val_acc=0.333333 val_kappa=-0.058824 val_ccc=-0.014118 val_rmse=1.218283 val_mae=0.848821
2026-05-16 12:03:51,498 - INFO - Epoch 42/150 | train_loss=0.193285 | val_f1=0.200000 val_acc=0.333333 val_kappa=-0.058824 val_ccc=-0.074009 val_rmse=1.337350 val_mae=0.964709
2026-05-16 12:03:55,982 - INFO - Epoch 43/150 | train_loss=0.200187 | val_f1=0.200000 val_acc=0.333333 val_kappa=-0.058824 val_ccc=0.004739 val_rmse=1.021131 val_mae=0.758144
2026-05-16 12:04:00,457 - INFO - Epoch 44/150 | train_loss=0.188072 | val_f1=0.200000 val_acc=0.333333 val_kappa=-0.058824 val_ccc=-0.021575 val_rmse=1.076240 val_mae=0.790453
2026-05-16 12:04:04,874 - INFO - Epoch 45/150 | train_loss=0.141251 | val_f1=0.200000 val_acc=0.333333 val_kappa=-0.058824 val_ccc=-0.070528 val_rmse=1.048634 val_mae=0.805751
2026-05-16 12:04:09,288 - INFO - Epoch 46/150 | train_loss=0.146401 | val_f1=0.200000 val_acc=0.333333 val_kappa=-0.058824 val_ccc=-0.048629 val_rmse=1.280977 val_mae=0.959093
2026-05-16 12:04:13,747 - INFO - Epoch 47/150 | train_loss=0.175674 | val_f1=0.200000 val_acc=0.333333 val_kappa=-0.058824 val_ccc=-0.023008 val_rmse=1.097631 val_mae=0.793387
2026-05-16 12:04:18,211 - INFO - Epoch 48/150 | train_loss=0.131628 | val_f1=0.200000 val_acc=0.333333 val_kappa=-0.058824 val_ccc=-0.073595 val_rmse=1.183117 val_mae=0.877781
2026-05-16 12:04:22,647 - INFO - Epoch 49/150 | train_loss=0.114470 | val_f1=0.200000 val_acc=0.333333 val_kappa=-0.058824 val_ccc=-0.023337 val_rmse=1.088207 val_mae=0.786125
2026-05-16 12:04:27,124 - INFO - Epoch 50/150 | train_loss=0.089292 | val_f1=0.181818 val_acc=0.333333 val_kappa=-0.148936 val_ccc=-0.084972 val_rmse=1.045496 val_mae=0.777732
2026-05-16 12:04:31,611 - INFO - Epoch 51/150 | train_loss=0.106489 | val_f1=0.200000 val_acc=0.333333 val_kappa=-0.058824 val_ccc=-0.058995 val_rmse=1.021233 val_mae=0.744575
2026-05-16 12:04:36,075 - INFO - Epoch 52/150 | train_loss=0.084044 | val_f1=0.200000 val_acc=0.333333 val_kappa=-0.058824 val_ccc=-0.090166 val_rmse=1.086982 val_mae=0.855944
2026-05-16 12:04:40,571 - INFO - Epoch 53/150 | train_loss=0.133128 | val_f1=0.200000 val_acc=0.333333 val_kappa=-0.058824 val_ccc=-0.012662 val_rmse=1.063615 val_mae=0.779555
2026-05-16 12:04:45,035 - INFO - Epoch 54/150 | train_loss=0.064782 | val_f1=0.181818 val_acc=0.333333 val_kappa=-0.148936 val_ccc=-0.078421 val_rmse=0.973373 val_mae=0.693271
2026-05-16 12:04:49,483 - INFO - Epoch 55/150 | train_loss=0.075395 | val_f1=0.200000 val_acc=0.333333 val_kappa=-0.058824 val_ccc=-0.022217 val_rmse=1.033006 val_mae=0.739592
2026-05-16 12:04:53,941 - INFO - Epoch 56/150 | train_loss=0.087607 | val_f1=0.200000 val_acc=0.333333 val_kappa=-0.058824 val_ccc=-0.064099 val_rmse=1.053277 val_mae=0.754451
2026-05-16 12:04:58,406 - INFO - Epoch 57/150 | train_loss=0.100310 | val_f1=0.200000 val_acc=0.333333 val_kappa=-0.058824 val_ccc=-0.028816 val_rmse=1.104043 val_mae=0.797338
2026-05-16 12:05:02,934 - INFO - Epoch 58/150 | train_loss=0.082713 | val_f1=0.181818 val_acc=0.333333 val_kappa=-0.148936 val_ccc=-0.035640 val_rmse=1.042950 val_mae=0.776194
2026-05-16 12:05:07,390 - INFO - Epoch 59/150 | train_loss=0.083939 | val_f1=0.200000 val_acc=0.333333 val_kappa=-0.058824 val_ccc=-0.026880 val_rmse=1.041813 val_mae=0.831968
2026-05-16 12:05:11,851 - INFO - Epoch 60/150 | train_loss=0.094410 | val_f1=0.200000 val_acc=0.333333 val_kappa=-0.058824 val_ccc=0.055566 val_rmse=0.928944 val_mae=0.677194
2026-05-16 12:05:16,238 - INFO - Epoch 61/150 | train_loss=0.078551 | val_f1=0.200000 val_acc=0.333333 val_kappa=-0.058824 val_ccc=0.030387 val_rmse=0.919843 val_mae=0.659025
2026-05-16 12:05:20,715 - INFO - Epoch 62/150 | train_loss=0.077156 | val_f1=0.200000 val_acc=0.333333 val_kappa=-0.058824 val_ccc=-0.087761 val_rmse=1.056696 val_mae=0.753564
2026-05-16 12:05:25,222 - INFO - Epoch 63/150 | train_loss=0.056500 | val_f1=0.200000 val_acc=0.333333 val_kappa=-0.058824 val_ccc=-0.028507 val_rmse=1.047052 val_mae=0.724479
2026-05-16 12:05:29,703 - INFO - Epoch 64/150 | train_loss=0.051646 | val_f1=0.200000 val_acc=0.333333 val_kappa=-0.058824 val_ccc=-0.027053 val_rmse=1.012956 val_mae=0.704973
2026-05-16 12:05:34,149 - INFO - Epoch 65/150 | train_loss=0.052338 | val_f1=0.200000 val_acc=0.333333 val_kappa=-0.058824 val_ccc=-0.095624 val_rmse=1.019938 val_mae=0.750332
2026-05-16 12:05:38,587 - INFO - Epoch 66/150 | train_loss=0.057209 | val_f1=0.200000 val_acc=0.333333 val_kappa=-0.058824 val_ccc=-0.043061 val_rmse=0.968280 val_mae=0.720588
2026-05-16 12:05:43,134 - INFO - Epoch 67/150 | train_loss=0.049568 | val_f1=0.222222 val_acc=0.444444 val_kappa=-0.071429 val_ccc=-0.028681 val_rmse=0.947853 val_mae=0.658765
2026-05-16 12:05:47,636 - INFO - Epoch 68/150 | train_loss=0.047657 | val_f1=0.200000 val_acc=0.333333 val_kappa=-0.058824 val_ccc=0.020077 val_rmse=1.008297 val_mae=0.725233
2026-05-16 12:05:52,142 - INFO - Epoch 69/150 | train_loss=0.040449 | val_f1=0.200000 val_acc=0.333333 val_kappa=-0.058824 val_ccc=0.039072 val_rmse=1.066268 val_mae=0.742681
2026-05-16 12:05:56,650 - INFO - Epoch 70/150 | train_loss=0.055647 | val_f1=0.200000 val_acc=0.333333 val_kappa=-0.058824 val_ccc=0.019036 val_rmse=0.953745 val_mae=0.703329
2026-05-16 12:06:01,213 - INFO - Epoch 71/150 | train_loss=0.047390 | val_f1=0.200000 val_acc=0.333333 val_kappa=-0.058824 val_ccc=-0.060845 val_rmse=1.078392 val_mae=0.767147
2026-05-16 12:06:05,754 - INFO - Epoch 72/150 | train_loss=0.081599 | val_f1=0.200000 val_acc=0.333333 val_kappa=-0.058824 val_ccc=-0.093247 val_rmse=1.149872 val_mae=0.795264
2026-05-16 12:06:10,411 - INFO - Epoch 73/150 | train_loss=0.054941 | val_f1=0.200000 val_acc=0.333333 val_kappa=-0.058824 val_ccc=-0.062088 val_rmse=1.122682 val_mae=0.769880
2026-05-16 12:06:15,015 - INFO - Epoch 74/150 | train_loss=0.034828 | val_f1=0.200000 val_acc=0.333333 val_kappa=-0.058824 val_ccc=-0.031788 val_rmse=0.996186 val_mae=0.715458
2026-05-16 12:06:19,541 - INFO - Epoch 75/150 | train_loss=0.041363 | val_f1=0.200000 val_acc=0.333333 val_kappa=-0.058824 val_ccc=-0.091339 val_rmse=1.096503 val_mae=0.769177
2026-05-16 12:06:24,076 - INFO - Epoch 76/150 | train_loss=0.034218 | val_f1=0.200000 val_acc=0.333333 val_kappa=-0.058824 val_ccc=-0.109747 val_rmse=1.113898 val_mae=0.766322
2026-05-16 12:06:28,719 - INFO - Epoch 77/150 | train_loss=0.035281 | val_f1=0.181818 val_acc=0.333333 val_kappa=-0.148936 val_ccc=-0.082107 val_rmse=1.045679 val_mae=0.744105
2026-05-16 12:06:33,291 - INFO - Epoch 78/150 | train_loss=0.031158 | val_f1=0.200000 val_acc=0.333333 val_kappa=-0.058824 val_ccc=-0.079071 val_rmse=1.114935 val_mae=0.766662
2026-05-16 12:06:37,863 - INFO - Epoch 79/150 | train_loss=0.031514 | val_f1=0.200000 val_acc=0.333333 val_kappa=-0.058824 val_ccc=-0.039301 val_rmse=1.043822 val_mae=0.744417
2026-05-16 12:06:42,431 - INFO - Epoch 80/150 | train_loss=0.042134 | val_f1=0.200000 val_acc=0.333333 val_kappa=-0.058824 val_ccc=-0.038373 val_rmse=1.110073 val_mae=0.752212
2026-05-16 12:06:47,019 - INFO - Epoch 81/150 | train_loss=0.033144 | val_f1=0.200000 val_acc=0.333333 val_kappa=-0.058824 val_ccc=0.025708 val_rmse=0.995640 val_mae=0.693926
2026-05-16 12:06:51,566 - INFO - Epoch 82/150 | train_loss=0.029445 | val_f1=0.200000 val_acc=0.333333 val_kappa=-0.058824 val_ccc=-0.037763 val_rmse=1.021722 val_mae=0.748968
2026-05-16 12:06:56,194 - INFO - Epoch 83/150 | train_loss=0.027112 | val_f1=0.200000 val_acc=0.333333 val_kappa=-0.058824 val_ccc=-0.051283 val_rmse=1.069596 val_mae=0.758212
2026-05-16 12:07:00,784 - INFO - Epoch 84/150 | train_loss=0.035455 | val_f1=0.200000 val_acc=0.333333 val_kappa=-0.058824 val_ccc=-0.113079 val_rmse=1.138189 val_mae=0.818855
2026-05-16 12:07:05,320 - INFO - Epoch 85/150 | train_loss=0.023612 | val_f1=0.200000 val_acc=0.333333 val_kappa=-0.058824 val_ccc=-0.106580 val_rmse=1.144273 val_mae=0.805496
2026-05-16 12:07:09,915 - INFO - Epoch 86/150 | train_loss=0.041276 | val_f1=0.200000 val_acc=0.333333 val_kappa=-0.058824 val_ccc=-0.095951 val_rmse=1.213487 val_mae=0.847804
2026-05-16 12:07:14,543 - INFO - Epoch 87/150 | train_loss=0.039706 | val_f1=0.200000 val_acc=0.333333 val_kappa=-0.058824 val_ccc=-0.013978 val_rmse=1.009381 val_mae=0.714239
2026-05-16 12:07:19,100 - INFO - Epoch 88/150 | train_loss=0.037177 | val_f1=0.200000 val_acc=0.333333 val_kappa=-0.058824 val_ccc=-0.011710 val_rmse=1.025020 val_mae=0.716694
2026-05-16 12:07:23,646 - INFO - Epoch 89/150 | train_loss=0.028655 | val_f1=0.200000 val_acc=0.333333 val_kappa=-0.058824 val_ccc=-0.008739 val_rmse=0.999938 val_mae=0.718249
2026-05-16 12:07:28,234 - INFO - Epoch 90/150 | train_loss=0.047046 | val_f1=0.200000 val_acc=0.333333 val_kappa=-0.058824 val_ccc=0.017973 val_rmse=0.933369 val_mae=0.668679
2026-05-16 12:07:32,845 - INFO - Epoch 91/150 | train_loss=0.030196 | val_f1=0.200000 val_acc=0.333333 val_kappa=-0.058824 val_ccc=-0.042515 val_rmse=1.039241 val_mae=0.719376
2026-05-16 12:07:37,407 - INFO - Epoch 92/150 | train_loss=0.034188 | val_f1=0.200000 val_acc=0.333333 val_kappa=-0.058824 val_ccc=-0.050179 val_rmse=1.089247 val_mae=0.745947
2026-05-16 12:07:41,972 - INFO - Epoch 93/150 | train_loss=0.034719 | val_f1=0.200000 val_acc=0.333333 val_kappa=-0.058824 val_ccc=-0.036982 val_rmse=1.016313 val_mae=0.702327
2026-05-16 12:07:46,491 - INFO - Epoch 94/150 | train_loss=0.029274 | val_f1=0.200000 val_acc=0.333333 val_kappa=-0.058824 val_ccc=-0.020943 val_rmse=1.004192 val_mae=0.702364
2026-05-16 12:07:51,035 - INFO - Epoch 95/150 | train_loss=0.026450 | val_f1=0.200000 val_acc=0.333333 val_kappa=-0.058824 val_ccc=-0.077854 val_rmse=1.073844 val_mae=0.759307
2026-05-16 12:07:55,537 - INFO - Epoch 96/150 | train_loss=0.025470 | val_f1=0.200000 val_acc=0.333333 val_kappa=-0.058824 val_ccc=-0.061919 val_rmse=1.046222 val_mae=0.753195
2026-05-16 12:08:00,111 - INFO - Epoch 97/150 | train_loss=0.027766 | val_f1=0.222222 val_acc=0.444444 val_kappa=-0.071429 val_ccc=-0.017166 val_rmse=0.989200 val_mae=0.725314
2026-05-16 12:08:04,705 - INFO - Epoch 98/150 | train_loss=0.028599 | val_f1=0.200000 val_acc=0.333333 val_kappa=-0.058824 val_ccc=-0.111399 val_rmse=1.101097 val_mae=0.787006
2026-05-16 12:08:09,216 - INFO - Epoch 99/150 | train_loss=0.025239 | val_f1=0.200000 val_acc=0.333333 val_kappa=-0.058824 val_ccc=-0.075443 val_rmse=1.091452 val_mae=0.776390
2026-05-16 12:08:13,761 - INFO - Epoch 100/150 | train_loss=0.029644 | val_f1=0.200000 val_acc=0.333333 val_kappa=-0.058824 val_ccc=-0.052818 val_rmse=1.089774 val_mae=0.770487
2026-05-16 12:08:18,314 - INFO - Epoch 101/150 | train_loss=0.026108 | val_f1=0.200000 val_acc=0.333333 val_kappa=-0.058824 val_ccc=-0.091248 val_rmse=1.150247 val_mae=0.793638
2026-05-16 12:08:22,864 - INFO - Epoch 102/150 | train_loss=0.034933 | val_f1=0.200000 val_acc=0.333333 val_kappa=-0.058824 val_ccc=-0.063151 val_rmse=1.061657 val_mae=0.759936
2026-05-16 12:08:27,410 - INFO - Epoch 103/150 | train_loss=0.031966 | val_f1=0.181818 val_acc=0.333333 val_kappa=-0.148936 val_ccc=0.002451 val_rmse=0.962109 val_mae=0.717326
2026-05-16 12:08:31,952 - INFO - Epoch 104/150 | train_loss=0.033202 | val_f1=0.200000 val_acc=0.333333 val_kappa=-0.058824 val_ccc=-0.061637 val_rmse=1.023549 val_mae=0.745712
2026-05-16 12:08:36,419 - INFO - Epoch 105/150 | train_loss=0.023897 | val_f1=0.200000 val_acc=0.333333 val_kappa=-0.058824 val_ccc=-0.034594 val_rmse=1.007352 val_mae=0.727710
2026-05-16 12:08:41,004 - INFO - Epoch 106/150 | train_loss=0.023101 | val_f1=0.200000 val_acc=0.333333 val_kappa=-0.058824 val_ccc=-0.056101 val_rmse=1.068220 val_mae=0.757313
2026-05-16 12:08:45,587 - INFO - Epoch 107/150 | train_loss=0.025164 | val_f1=0.200000 val_acc=0.333333 val_kappa=-0.058824 val_ccc=-0.037966 val_rmse=1.040615 val_mae=0.743945
2026-05-16 12:08:50,169 - INFO - Epoch 108/150 | train_loss=0.026647 | val_f1=0.200000 val_acc=0.333333 val_kappa=-0.058824 val_ccc=-0.081412 val_rmse=1.090478 val_mae=0.761866
2026-05-16 12:08:54,686 - INFO - Epoch 109/150 | train_loss=0.028870 | val_f1=0.200000 val_acc=0.333333 val_kappa=-0.058824 val_ccc=-0.052353 val_rmse=1.096306 val_mae=0.748794
2026-05-16 12:08:59,235 - INFO - Epoch 110/150 | train_loss=0.026962 | val_f1=0.200000 val_acc=0.333333 val_kappa=-0.058824 val_ccc=-0.065156 val_rmse=1.043864 val_mae=0.758164
2026-05-16 12:09:03,817 - INFO - Epoch 111/150 | train_loss=0.026001 | val_f1=0.200000 val_acc=0.333333 val_kappa=-0.058824 val_ccc=-0.065139 val_rmse=1.089116 val_mae=0.757185
2026-05-16 12:09:08,341 - INFO - Epoch 112/150 | train_loss=0.020948 | val_f1=0.200000 val_acc=0.333333 val_kappa=-0.058824 val_ccc=-0.058909 val_rmse=1.014916 val_mae=0.727677
2026-05-16 12:09:12,893 - INFO - Epoch 113/150 | train_loss=0.033961 | val_f1=0.200000 val_acc=0.333333 val_kappa=-0.058824 val_ccc=-0.031559 val_rmse=0.997959 val_mae=0.707873
2026-05-16 12:09:17,386 - INFO - Epoch 114/150 | train_loss=0.021705 | val_f1=0.200000 val_acc=0.333333 val_kappa=-0.058824 val_ccc=-0.053550 val_rmse=1.043986 val_mae=0.735485
2026-05-16 12:09:21,899 - INFO - Epoch 115/150 | train_loss=0.016707 | val_f1=0.200000 val_acc=0.333333 val_kappa=-0.058824 val_ccc=-0.084682 val_rmse=1.062213 val_mae=0.756341
2026-05-16 12:09:26,341 - INFO - Epoch 116/150 | train_loss=0.023460 | val_f1=0.200000 val_acc=0.333333 val_kappa=-0.058824 val_ccc=-0.076613 val_rmse=1.057671 val_mae=0.746338
2026-05-16 12:09:30,968 - INFO - Epoch 117/150 | train_loss=0.027205 | val_f1=0.200000 val_acc=0.333333 val_kappa=-0.058824 val_ccc=-0.063124 val_rmse=1.067180 val_mae=0.755578
2026-05-16 12:09:35,568 - INFO - Epoch 118/150 | train_loss=0.019933 | val_f1=0.200000 val_acc=0.333333 val_kappa=-0.058824 val_ccc=-0.059813 val_rmse=1.099495 val_mae=0.765284
2026-05-16 12:09:40,243 - INFO - Epoch 119/150 | train_loss=0.021000 | val_f1=0.200000 val_acc=0.333333 val_kappa=-0.058824 val_ccc=-0.067922 val_rmse=1.085926 val_mae=0.769853
2026-05-16 12:09:44,733 - INFO - Epoch 120/150 | train_loss=0.027003 | val_f1=0.200000 val_acc=0.333333 val_kappa=-0.058824 val_ccc=-0.058638 val_rmse=1.104184 val_mae=0.771199
2026-05-16 12:09:49,305 - INFO - Epoch 121/150 | train_loss=0.018227 | val_f1=0.200000 val_acc=0.333333 val_kappa=-0.058824 val_ccc=-0.060676 val_rmse=1.104953 val_mae=0.770874
2026-05-16 12:09:53,852 - INFO - Epoch 122/150 | train_loss=0.027814 | val_f1=0.200000 val_acc=0.333333 val_kappa=-0.058824 val_ccc=-0.037444 val_rmse=1.040223 val_mae=0.745438
2026-05-16 12:09:58,352 - INFO - Epoch 123/150 | train_loss=0.019595 | val_f1=0.200000 val_acc=0.333333 val_kappa=-0.058824 val_ccc=-0.053652 val_rmse=1.095540 val_mae=0.753590
2026-05-16 12:10:02,900 - INFO - Epoch 124/150 | train_loss=0.020713 | val_f1=0.200000 val_acc=0.333333 val_kappa=-0.058824 val_ccc=-0.054271 val_rmse=1.061890 val_mae=0.750172
2026-05-16 12:10:07,330 - INFO - Epoch 125/150 | train_loss=0.031737 | val_f1=0.200000 val_acc=0.333333 val_kappa=-0.058824 val_ccc=-0.055952 val_rmse=1.124866 val_mae=0.766775
2026-05-16 12:10:11,700 - INFO - Epoch 126/150 | train_loss=0.018863 | val_f1=0.200000 val_acc=0.333333 val_kappa=-0.058824 val_ccc=-0.056614 val_rmse=1.084581 val_mae=0.755328
2026-05-16 12:10:16,346 - INFO - Epoch 127/150 | train_loss=0.023175 | val_f1=0.200000 val_acc=0.333333 val_kappa=-0.058824 val_ccc=-0.058102 val_rmse=1.060868 val_mae=0.753296
2026-05-16 12:10:20,923 - INFO - Epoch 128/150 | train_loss=0.017897 | val_f1=0.200000 val_acc=0.333333 val_kappa=-0.058824 val_ccc=-0.053045 val_rmse=1.038373 val_mae=0.747140
2026-05-16 12:10:25,440 - INFO - Epoch 129/150 | train_loss=0.015229 | val_f1=0.200000 val_acc=0.333333 val_kappa=-0.058824 val_ccc=-0.052087 val_rmse=1.042428 val_mae=0.740288
2026-05-16 12:10:30,092 - INFO - Epoch 130/150 | train_loss=0.024232 | val_f1=0.200000 val_acc=0.333333 val_kappa=-0.058824 val_ccc=-0.051596 val_rmse=1.067965 val_mae=0.742649
2026-05-16 12:10:34,669 - INFO - Epoch 131/150 | train_loss=0.023085 | val_f1=0.200000 val_acc=0.333333 val_kappa=-0.058824 val_ccc=-0.045536 val_rmse=1.045214 val_mae=0.738229
2026-05-16 12:10:39,266 - INFO - Epoch 132/150 | train_loss=0.031027 | val_f1=0.200000 val_acc=0.333333 val_kappa=-0.058824 val_ccc=-0.034911 val_rmse=1.043952 val_mae=0.736229
2026-05-16 12:10:43,825 - INFO - Epoch 133/150 | train_loss=0.029486 | val_f1=0.200000 val_acc=0.333333 val_kappa=-0.058824 val_ccc=-0.038916 val_rmse=1.050781 val_mae=0.740914
2026-05-16 12:10:48,408 - INFO - Epoch 134/150 | train_loss=0.026696 | val_f1=0.200000 val_acc=0.333333 val_kappa=-0.058824 val_ccc=-0.043609 val_rmse=1.052086 val_mae=0.743693
2026-05-16 12:10:52,987 - INFO - Epoch 135/150 | train_loss=0.022102 | val_f1=0.200000 val_acc=0.333333 val_kappa=-0.058824 val_ccc=-0.055719 val_rmse=1.076304 val_mae=0.752334
2026-05-16 12:10:57,503 - INFO - Epoch 136/150 | train_loss=0.021962 | val_f1=0.200000 val_acc=0.333333 val_kappa=-0.058824 val_ccc=-0.055590 val_rmse=1.067579 val_mae=0.749951
2026-05-16 12:11:02,013 - INFO - Epoch 137/150 | train_loss=0.017680 | val_f1=0.200000 val_acc=0.333333 val_kappa=-0.058824 val_ccc=-0.050790 val_rmse=1.055294 val_mae=0.745787
2026-05-16 12:11:06,593 - INFO - Epoch 138/150 | train_loss=0.028266 | val_f1=0.200000 val_acc=0.333333 val_kappa=-0.058824 val_ccc=-0.047638 val_rmse=1.062396 val_mae=0.747193
2026-05-16 12:11:11,187 - INFO - Epoch 139/150 | train_loss=0.023234 | val_f1=0.200000 val_acc=0.333333 val_kappa=-0.058824 val_ccc=-0.046991 val_rmse=1.056151 val_mae=0.746080
2026-05-16 12:11:15,784 - INFO - Epoch 140/150 | train_loss=0.021130 | val_f1=0.200000 val_acc=0.333333 val_kappa=-0.058824 val_ccc=-0.046886 val_rmse=1.049443 val_mae=0.745818
2026-05-16 12:11:20,340 - INFO - Epoch 141/150 | train_loss=0.033982 | val_f1=0.200000 val_acc=0.333333 val_kappa=-0.058824 val_ccc=-0.050926 val_rmse=1.060317 val_mae=0.749313
2026-05-16 12:11:24,953 - INFO - Epoch 142/150 | train_loss=0.023175 | val_f1=0.200000 val_acc=0.333333 val_kappa=-0.058824 val_ccc=-0.054418 val_rmse=1.071556 val_mae=0.752485
2026-05-16 12:11:29,523 - INFO - Epoch 143/150 | train_loss=0.028579 | val_f1=0.200000 val_acc=0.333333 val_kappa=-0.058824 val_ccc=-0.055783 val_rmse=1.070111 val_mae=0.752854
2026-05-16 12:11:34,072 - INFO - Epoch 144/150 | train_loss=0.021431 | val_f1=0.200000 val_acc=0.333333 val_kappa=-0.058824 val_ccc=-0.056565 val_rmse=1.067501 val_mae=0.752835
2026-05-16 12:11:38,642 - INFO - Epoch 145/150 | train_loss=0.027214 | val_f1=0.200000 val_acc=0.333333 val_kappa=-0.058824 val_ccc=-0.057868 val_rmse=1.071388 val_mae=0.754051
2026-05-16 12:11:43,152 - INFO - Epoch 146/150 | train_loss=0.019414 | val_f1=0.200000 val_acc=0.333333 val_kappa=-0.058824 val_ccc=-0.057646 val_rmse=1.069264 val_mae=0.753645
2026-05-16 12:11:47,690 - INFO - Epoch 147/150 | train_loss=0.022151 | val_f1=0.200000 val_acc=0.333333 val_kappa=-0.058824 val_ccc=-0.057809 val_rmse=1.069718 val_mae=0.753628
2026-05-16 12:11:52,171 - INFO - Epoch 148/150 | train_loss=0.020674 | val_f1=0.200000 val_acc=0.333333 val_kappa=-0.058824 val_ccc=-0.057728 val_rmse=1.069890 val_mae=0.753613
2026-05-16 12:11:56,698 - INFO - Epoch 149/150 | train_loss=0.020550 | val_f1=0.200000 val_acc=0.333333 val_kappa=-0.058824 val_ccc=-0.057600 val_rmse=1.069595 val_mae=0.753511
2026-05-16 12:12:01,189 - INFO - Epoch 150/150 | train_loss=0.027048 | val_f1=0.200000 val_acc=0.333333 val_kappa=-0.058824 val_ccc=-0.057578 val_rmse=1.069479 val_mae=0.753475
2026-05-16 12:12:01,200 - INFO - Best checkpoint: checkpoints/Track1/A-V-G+P/ternary/avgp_repro_v1_ternary_seed3407/best_model_2026-05-16-12.00.37.pth
2026-05-16 12:12:01,200 - INFO - Validation metrics saved to: logs/Track1/A-V-G+P/ternary/avgp_repro_v1_ternary_seed3407/train_result_2026-05-16-12.00.37.json
