2026-05-16 12:12:11,715 - INFO - Experiment: avgp_repro_v1_ternary_seed2026
2026-05-16 12:12:11,715 - INFO - Device: cuda
2026-05-16 12:12:11,715 - INFO - Train/Val: 78 / 9
2026-05-16 12:12:17,071 - INFO - Epoch 1/150 | train_loss=1.562770 | val_f1=0.266667 val_acc=0.666667 val_kappa=0.000000 val_ccc=-0.009761 val_rmse=0.747248 val_mae=0.615775
2026-05-16 12:12:21,565 - INFO - Epoch 2/150 | train_loss=1.371895 | val_f1=0.266667 val_acc=0.666667 val_kappa=0.000000 val_ccc=-0.011196 val_rmse=0.732850 val_mae=0.585596
2026-05-16 12:12:25,930 - INFO - Epoch 3/150 | train_loss=1.364054 | val_f1=0.266667 val_acc=0.666667 val_kappa=0.000000 val_ccc=-0.010915 val_rmse=0.728023 val_mae=0.592669
2026-05-16 12:12:30,208 - INFO - Epoch 4/150 | train_loss=1.388070 | val_f1=0.266667 val_acc=0.666667 val_kappa=0.000000 val_ccc=-0.010228 val_rmse=0.740034 val_mae=0.607009
2026-05-16 12:12:34,428 - INFO - Epoch 5/150 | train_loss=1.400457 | val_f1=0.266667 val_acc=0.666667 val_kappa=0.000000 val_ccc=-0.004620 val_rmse=0.727229 val_mae=0.585142
2026-05-16 12:12:38,630 - INFO - Epoch 6/150 | train_loss=1.399823 | val_f1=0.266667 val_acc=0.666667 val_kappa=0.000000 val_ccc=-0.009557 val_rmse=0.729445 val_mae=0.586028
2026-05-16 12:12:42,895 - INFO - Epoch 7/150 | train_loss=1.371378 | val_f1=0.266667 val_acc=0.666667 val_kappa=0.000000 val_ccc=-0.017098 val_rmse=0.731582 val_mae=0.593174
2026-05-16 12:12:47,118 - INFO - Epoch 8/150 | train_loss=1.368532 | val_f1=0.266667 val_acc=0.666667 val_kappa=0.000000 val_ccc=-0.011086 val_rmse=0.732612 val_mae=0.575995
2026-05-16 12:12:51,319 - INFO - Epoch 9/150 | train_loss=1.315648 | val_f1=0.266667 val_acc=0.666667 val_kappa=0.000000 val_ccc=-0.024434 val_rmse=0.746392 val_mae=0.569659
2026-05-16 12:12:55,522 - INFO - Epoch 10/150 | train_loss=1.317703 | val_f1=0.266667 val_acc=0.666667 val_kappa=0.000000 val_ccc=-0.030227 val_rmse=0.738547 val_mae=0.583872
2026-05-16 12:12:59,766 - INFO - Epoch 11/150 | train_loss=1.347394 | val_f1=0.266667 val_acc=0.666667 val_kappa=0.000000 val_ccc=-0.049914 val_rmse=0.752659 val_mae=0.587219
2026-05-16 12:13:04,088 - INFO - Epoch 12/150 | train_loss=1.262447 | val_f1=0.266667 val_acc=0.666667 val_kappa=0.000000 val_ccc=-0.054819 val_rmse=0.755022 val_mae=0.572028
2026-05-16 12:13:08,443 - INFO - Epoch 13/150 | train_loss=1.307657 | val_f1=0.266667 val_acc=0.666667 val_kappa=0.000000 val_ccc=-0.059840 val_rmse=0.770766 val_mae=0.577639
2026-05-16 12:13:12,985 - INFO - Epoch 14/150 | train_loss=1.204964 | val_f1=0.266667 val_acc=0.666667 val_kappa=0.000000 val_ccc=-0.045645 val_rmse=0.769806 val_mae=0.595008
2026-05-16 12:13:17,318 - INFO - Epoch 15/150 | train_loss=1.288321 | val_f1=0.266667 val_acc=0.666667 val_kappa=0.000000 val_ccc=-0.062419 val_rmse=0.873662 val_mae=0.669227
2026-05-16 12:13:21,597 - INFO - Epoch 16/150 | train_loss=1.291482 | val_f1=0.388889 val_acc=0.555556 val_kappa=0.100000 val_ccc=-0.074432 val_rmse=0.843042 val_mae=0.620773
2026-05-16 12:13:25,910 - INFO - Epoch 17/150 | train_loss=1.123841 | val_f1=0.388889 val_acc=0.555556 val_kappa=0.100000 val_ccc=-0.055636 val_rmse=0.862248 val_mae=0.626355
2026-05-16 12:13:30,222 - INFO - Epoch 18/150 | train_loss=1.272011 | val_f1=0.266667 val_acc=0.666667 val_kappa=0.000000 val_ccc=-0.018734 val_rmse=0.808892 val_mae=0.631433
2026-05-16 12:13:34,558 - INFO - Epoch 19/150 | train_loss=1.093486 | val_f1=0.238095 val_acc=0.555556 val_kappa=-0.161290 val_ccc=-0.051450 val_rmse=0.854641 val_mae=0.673018
2026-05-16 12:13:38,933 - INFO - Epoch 20/150 | train_loss=1.104979 | val_f1=0.277778 val_acc=0.333333 val_kappa=0.068966 val_ccc=-0.029366 val_rmse=1.084621 val_mae=0.825904
2026-05-16 12:13:43,354 - INFO - Epoch 21/150 | train_loss=1.004564 | val_f1=0.222222 val_acc=0.444444 val_kappa=-0.071429 val_ccc=-0.041198 val_rmse=0.975831 val_mae=0.751223
2026-05-16 12:13:47,760 - INFO - Epoch 22/150 | train_loss=1.040819 | val_f1=0.277778 val_acc=0.333333 val_kappa=0.068966 val_ccc=-0.043766 val_rmse=1.093793 val_mae=0.840681
2026-05-16 12:13:52,059 - INFO - Epoch 23/150 | train_loss=0.976356 | val_f1=0.181818 val_acc=0.333333 val_kappa=-0.173913 val_ccc=0.017927 val_rmse=1.035224 val_mae=0.784249
2026-05-16 12:13:56,442 - INFO - Epoch 24/150 | train_loss=0.903109 | val_f1=0.181818 val_acc=0.333333 val_kappa=-0.148936 val_ccc=-0.019679 val_rmse=1.023918 val_mae=0.821883
2026-05-16 12:14:00,810 - INFO - Epoch 25/150 | train_loss=0.833642 | val_f1=0.200000 val_acc=0.333333 val_kappa=-0.058824 val_ccc=0.003937 val_rmse=1.073464 val_mae=0.830771
2026-05-16 12:14:05,152 - INFO - Epoch 26/150 | train_loss=0.801059 | val_f1=0.200000 val_acc=0.333333 val_kappa=-0.058824 val_ccc=0.023575 val_rmse=1.085339 val_mae=0.824307
2026-05-16 12:14:09,525 - INFO - Epoch 27/150 | train_loss=0.670343 | val_f1=0.181818 val_acc=0.333333 val_kappa=-0.148936 val_ccc=0.012341 val_rmse=1.134442 val_mae=0.865132
2026-05-16 12:14:13,836 - INFO - Epoch 28/150 | train_loss=0.606985 | val_f1=0.277778 val_acc=0.333333 val_kappa=0.068966 val_ccc=-0.008144 val_rmse=1.194682 val_mae=0.900072
2026-05-16 12:14:18,224 - INFO - Epoch 29/150 | train_loss=0.637638 | val_f1=0.200000 val_acc=0.333333 val_kappa=-0.080000 val_ccc=-0.014731 val_rmse=1.061551 val_mae=0.832953
2026-05-16 12:14:22,540 - INFO - Epoch 30/150 | train_loss=0.509997 | val_f1=0.256410 val_acc=0.555556 val_kappa=0.027027 val_ccc=0.123796 val_rmse=0.871723 val_mae=0.738774
2026-05-16 12:14:26,905 - INFO - Epoch 31/150 | train_loss=0.592911 | val_f1=0.200000 val_acc=0.333333 val_kappa=-0.080000 val_ccc=-0.032197 val_rmse=1.100339 val_mae=0.871890
2026-05-16 12:14:31,151 - INFO - Epoch 32/150 | train_loss=0.483544 | val_f1=0.181818 val_acc=0.333333 val_kappa=-0.148936 val_ccc=0.062877 val_rmse=0.984063 val_mae=0.757436
2026-05-16 12:14:35,447 - INFO - Epoch 33/150 | train_loss=0.437451 | val_f1=0.181818 val_acc=0.333333 val_kappa=-0.148936 val_ccc=0.096156 val_rmse=0.989605 val_mae=0.830031
2026-05-16 12:14:39,755 - INFO - Epoch 34/150 | train_loss=0.449096 | val_f1=0.200000 val_acc=0.333333 val_kappa=-0.080000 val_ccc=-0.038878 val_rmse=1.164717 val_mae=0.924481
2026-05-16 12:14:44,043 - INFO - Epoch 35/150 | train_loss=0.387010 | val_f1=0.181818 val_acc=0.333333 val_kappa=-0.148936 val_ccc=0.087559 val_rmse=0.961022 val_mae=0.791166
2026-05-16 12:14:48,327 - INFO - Epoch 36/150 | train_loss=0.331052 | val_f1=0.200000 val_acc=0.333333 val_kappa=-0.058824 val_ccc=0.009010 val_rmse=1.087646 val_mae=0.858269
2026-05-16 12:14:52,650 - INFO - Epoch 37/150 | train_loss=0.284948 | val_f1=0.200000 val_acc=0.333333 val_kappa=-0.058824 val_ccc=-0.042393 val_rmse=1.108939 val_mae=0.869814
2026-05-16 12:14:56,998 - INFO - Epoch 38/150 | train_loss=0.238207 | val_f1=0.200000 val_acc=0.333333 val_kappa=-0.080000 val_ccc=0.051530 val_rmse=1.058232 val_mae=0.806729
2026-05-16 12:15:01,320 - INFO - Epoch 39/150 | train_loss=0.289060 | val_f1=0.200000 val_acc=0.333333 val_kappa=-0.058824 val_ccc=0.036534 val_rmse=1.058460 val_mae=0.823327
2026-05-16 12:15:05,723 - INFO - Epoch 40/150 | train_loss=0.168177 | val_f1=0.181818 val_acc=0.333333 val_kappa=-0.148936 val_ccc=0.014860 val_rmse=1.067180 val_mae=0.803962
2026-05-16 12:15:10,026 - INFO - Epoch 41/150 | train_loss=0.206396 | val_f1=0.300000 val_acc=0.333333 val_kappa=0.084746 val_ccc=-0.085286 val_rmse=1.239891 val_mae=0.951451
2026-05-16 12:15:14,353 - INFO - Epoch 42/150 | train_loss=0.230207 | val_f1=0.200000 val_acc=0.333333 val_kappa=-0.058824 val_ccc=0.018052 val_rmse=1.249627 val_mae=0.891000
2026-05-16 12:15:18,682 - INFO - Epoch 43/150 | train_loss=0.192983 | val_f1=0.181818 val_acc=0.333333 val_kappa=-0.148936 val_ccc=-0.036228 val_rmse=1.190851 val_mae=1.000664
2026-05-16 12:15:23,019 - INFO - Epoch 44/150 | train_loss=0.135049 | val_f1=0.200000 val_acc=0.333333 val_kappa=-0.058824 val_ccc=0.008125 val_rmse=1.201889 val_mae=0.856590
2026-05-16 12:15:27,354 - INFO - Epoch 45/150 | train_loss=0.128966 | val_f1=0.181818 val_acc=0.333333 val_kappa=-0.148936 val_ccc=0.047164 val_rmse=1.029174 val_mae=0.823874
2026-05-16 12:15:31,664 - INFO - Epoch 46/150 | train_loss=0.120963 | val_f1=0.181818 val_acc=0.333333 val_kappa=-0.148936 val_ccc=0.064274 val_rmse=1.010611 val_mae=0.801632
2026-05-16 12:15:36,058 - INFO - Epoch 47/150 | train_loss=0.128742 | val_f1=0.181818 val_acc=0.333333 val_kappa=-0.148936 val_ccc=0.099072 val_rmse=0.987841 val_mae=0.814360
2026-05-16 12:15:40,365 - INFO - Epoch 48/150 | train_loss=0.122073 | val_f1=0.200000 val_acc=0.333333 val_kappa=-0.058824 val_ccc=0.053846 val_rmse=1.120361 val_mae=0.800287
2026-05-16 12:15:44,698 - INFO - Epoch 49/150 | train_loss=0.096576 | val_f1=0.181818 val_acc=0.333333 val_kappa=-0.148936 val_ccc=0.067379 val_rmse=0.977971 val_mae=0.836881
2026-05-16 12:15:49,031 - INFO - Epoch 50/150 | train_loss=0.108127 | val_f1=0.200000 val_acc=0.333333 val_kappa=-0.058824 val_ccc=0.049837 val_rmse=1.131206 val_mae=0.818930
2026-05-16 12:15:53,379 - INFO - Epoch 51/150 | train_loss=0.087131 | val_f1=0.200000 val_acc=0.333333 val_kappa=-0.080000 val_ccc=0.007331 val_rmse=1.215405 val_mae=0.891523
2026-05-16 12:15:57,630 - INFO - Epoch 52/150 | train_loss=0.093826 | val_f1=0.181818 val_acc=0.333333 val_kappa=-0.148936 val_ccc=0.094913 val_rmse=1.006317 val_mae=0.786376
2026-05-16 12:16:01,899 - INFO - Epoch 53/150 | train_loss=0.070183 | val_f1=0.200000 val_acc=0.333333 val_kappa=-0.058824 val_ccc=0.135815 val_rmse=0.972035 val_mae=0.828246
2026-05-16 12:16:06,288 - INFO - Epoch 54/150 | train_loss=0.090267 | val_f1=0.256410 val_acc=0.555556 val_kappa=0.027027 val_ccc=0.115540 val_rmse=1.047732 val_mae=0.780219
2026-05-16 12:16:10,580 - INFO - Epoch 55/150 | train_loss=0.154993 | val_f1=0.388889 val_acc=0.444444 val_kappa=0.181818 val_ccc=0.073322 val_rmse=1.068160 val_mae=0.760979
2026-05-16 12:16:14,975 - INFO - Epoch 56/150 | train_loss=0.072798 | val_f1=0.222222 val_acc=0.444444 val_kappa=-0.071429 val_ccc=0.150122 val_rmse=0.975463 val_mae=0.785301
2026-05-16 12:16:19,373 - INFO - Epoch 57/150 | train_loss=0.101398 | val_f1=0.181818 val_acc=0.333333 val_kappa=-0.148936 val_ccc=0.036486 val_rmse=1.085609 val_mae=0.805812
2026-05-16 12:16:23,757 - INFO - Epoch 58/150 | train_loss=0.088726 | val_f1=0.181818 val_acc=0.333333 val_kappa=-0.148936 val_ccc=-0.009975 val_rmse=1.106543 val_mae=0.893229
2026-05-16 12:16:28,375 - INFO - Epoch 59/150 | train_loss=0.043810 | val_f1=0.200000 val_acc=0.333333 val_kappa=-0.058824 val_ccc=-0.022569 val_rmse=1.194733 val_mae=0.903106
2026-05-16 12:16:32,626 - INFO - Epoch 60/150 | train_loss=0.049808 | val_f1=0.200000 val_acc=0.333333 val_kappa=-0.058824 val_ccc=0.093595 val_rmse=1.050889 val_mae=0.822393
2026-05-16 12:16:36,962 - INFO - Epoch 61/150 | train_loss=0.042179 | val_f1=0.181818 val_acc=0.333333 val_kappa=-0.148936 val_ccc=0.050936 val_rmse=0.985726 val_mae=0.834084
2026-05-16 12:16:41,342 - INFO - Epoch 62/150 | train_loss=0.046571 | val_f1=0.200000 val_acc=0.333333 val_kappa=-0.058824 val_ccc=-0.034065 val_rmse=1.162872 val_mae=0.848697
2026-05-16 12:16:45,770 - INFO - Epoch 63/150 | train_loss=0.044191 | val_f1=0.181818 val_acc=0.333333 val_kappa=-0.148936 val_ccc=-0.032998 val_rmse=1.100039 val_mae=0.902514
2026-05-16 12:16:50,210 - INFO - Epoch 64/150 | train_loss=0.052939 | val_f1=0.181818 val_acc=0.333333 val_kappa=-0.148936 val_ccc=0.049834 val_rmse=1.014551 val_mae=0.879137
2026-05-16 12:16:54,645 - INFO - Epoch 65/150 | train_loss=0.064329 | val_f1=0.200000 val_acc=0.333333 val_kappa=-0.058824 val_ccc=0.087778 val_rmse=1.037124 val_mae=0.798366
2026-05-16 12:16:59,085 - INFO - Epoch 66/150 | train_loss=0.060952 | val_f1=0.181818 val_acc=0.333333 val_kappa=-0.148936 val_ccc=0.064838 val_rmse=1.069191 val_mae=0.797674
2026-05-16 12:17:03,502 - INFO - Epoch 67/150 | train_loss=0.032466 | val_f1=0.181818 val_acc=0.333333 val_kappa=-0.148936 val_ccc=0.073525 val_rmse=0.973337 val_mae=0.772136
2026-05-16 12:17:07,917 - INFO - Epoch 68/150 | train_loss=0.046117 | val_f1=0.200000 val_acc=0.333333 val_kappa=-0.058824 val_ccc=0.030265 val_rmse=1.073608 val_mae=0.788556
2026-05-16 12:17:12,287 - INFO - Epoch 69/150 | train_loss=0.053824 | val_f1=0.181818 val_acc=0.333333 val_kappa=-0.148936 val_ccc=0.014291 val_rmse=1.086863 val_mae=0.793541
2026-05-16 12:17:16,711 - INFO - Epoch 70/150 | train_loss=0.040962 | val_f1=0.181818 val_acc=0.333333 val_kappa=-0.148936 val_ccc=-0.009043 val_rmse=1.124346 val_mae=0.870949
2026-05-16 12:17:21,219 - INFO - Epoch 71/150 | train_loss=0.027205 | val_f1=0.181818 val_acc=0.333333 val_kappa=-0.148936 val_ccc=0.000349 val_rmse=1.040594 val_mae=0.844904
2026-05-16 12:17:25,678 - INFO - Epoch 72/150 | train_loss=0.035874 | val_f1=0.181818 val_acc=0.333333 val_kappa=-0.148936 val_ccc=-0.028626 val_rmse=1.156224 val_mae=0.875153
2026-05-16 12:17:30,179 - INFO - Epoch 73/150 | train_loss=0.046953 | val_f1=0.181818 val_acc=0.333333 val_kappa=-0.148936 val_ccc=0.045213 val_rmse=1.055175 val_mae=0.794386
2026-05-16 12:17:34,722 - INFO - Epoch 74/150 | train_loss=0.041326 | val_f1=0.200000 val_acc=0.333333 val_kappa=-0.058824 val_ccc=0.065746 val_rmse=1.056316 val_mae=0.772153
2026-05-16 12:17:39,232 - INFO - Epoch 75/150 | train_loss=0.039338 | val_f1=0.200000 val_acc=0.333333 val_kappa=-0.058824 val_ccc=0.055247 val_rmse=1.058939 val_mae=0.731681
2026-05-16 12:17:43,710 - INFO - Epoch 76/150 | train_loss=0.027658 | val_f1=0.181818 val_acc=0.333333 val_kappa=-0.148936 val_ccc=0.013746 val_rmse=1.014962 val_mae=0.825235
2026-05-16 12:17:48,136 - INFO - Epoch 77/150 | train_loss=0.030729 | val_f1=0.200000 val_acc=0.333333 val_kappa=-0.058824 val_ccc=0.021498 val_rmse=1.117190 val_mae=0.799248
2026-05-16 12:17:52,630 - INFO - Epoch 78/150 | train_loss=0.042643 | val_f1=0.181818 val_acc=0.333333 val_kappa=-0.148936 val_ccc=0.030558 val_rmse=0.994980 val_mae=0.733890
2026-05-16 12:17:57,087 - INFO - Epoch 79/150 | train_loss=0.045473 | val_f1=0.181818 val_acc=0.333333 val_kappa=-0.148936 val_ccc=0.007982 val_rmse=1.010823 val_mae=0.799184
2026-05-16 12:18:01,623 - INFO - Epoch 80/150 | train_loss=0.035576 | val_f1=0.181818 val_acc=0.333333 val_kappa=-0.148936 val_ccc=0.005298 val_rmse=1.020652 val_mae=0.833020
2026-05-16 12:18:06,116 - INFO - Epoch 81/150 | train_loss=0.030695 | val_f1=0.181818 val_acc=0.333333 val_kappa=-0.148936 val_ccc=0.015551 val_rmse=1.015298 val_mae=0.743893
2026-05-16 12:18:10,549 - INFO - Epoch 82/150 | train_loss=0.038226 | val_f1=0.181818 val_acc=0.333333 val_kappa=-0.148936 val_ccc=0.021259 val_rmse=1.028541 val_mae=0.744578
2026-05-16 12:18:14,992 - INFO - Epoch 83/150 | train_loss=0.025483 | val_f1=0.181818 val_acc=0.333333 val_kappa=-0.148936 val_ccc=0.021495 val_rmse=1.107905 val_mae=0.794787
2026-05-16 12:18:19,432 - INFO - Epoch 84/150 | train_loss=0.029943 | val_f1=0.181818 val_acc=0.333333 val_kappa=-0.148936 val_ccc=0.002329 val_rmse=1.082110 val_mae=0.807787
2026-05-16 12:18:23,868 - INFO - Epoch 85/150 | train_loss=0.025114 | val_f1=0.181818 val_acc=0.333333 val_kappa=-0.148936 val_ccc=-0.007466 val_rmse=1.052563 val_mae=0.799257
2026-05-16 12:18:28,282 - INFO - Epoch 86/150 | train_loss=0.041765 | val_f1=0.181818 val_acc=0.333333 val_kappa=-0.148936 val_ccc=-0.001496 val_rmse=1.050604 val_mae=0.776290
2026-05-16 12:18:32,698 - INFO - Epoch 87/150 | train_loss=0.038408 | val_f1=0.181818 val_acc=0.333333 val_kappa=-0.148936 val_ccc=0.010508 val_rmse=1.165146 val_mae=0.851192
2026-05-16 12:18:37,066 - INFO - Epoch 88/150 | train_loss=0.039139 | val_f1=0.181818 val_acc=0.333333 val_kappa=-0.148936 val_ccc=0.008244 val_rmse=1.076451 val_mae=0.780626
2026-05-16 12:18:41,336 - INFO - Epoch 89/150 | train_loss=0.025788 | val_f1=0.181818 val_acc=0.333333 val_kappa=-0.148936 val_ccc=0.086326 val_rmse=0.941233 val_mae=0.720371
2026-05-16 12:18:45,730 - INFO - Epoch 90/150 | train_loss=0.022479 | val_f1=0.181818 val_acc=0.333333 val_kappa=-0.148936 val_ccc=0.054715 val_rmse=1.063819 val_mae=0.777780
2026-05-16 12:18:50,208 - INFO - Epoch 91/150 | train_loss=0.036285 | val_f1=0.200000 val_acc=0.333333 val_kappa=-0.058824 val_ccc=0.044735 val_rmse=1.131009 val_mae=0.827868
2026-05-16 12:18:54,666 - INFO - Epoch 92/150 | train_loss=0.042517 | val_f1=0.222222 val_acc=0.444444 val_kappa=-0.071429 val_ccc=0.158703 val_rmse=0.900753 val_mae=0.673572
2026-05-16 12:18:59,068 - INFO - Epoch 93/150 | train_loss=0.027981 | val_f1=0.200000 val_acc=0.333333 val_kappa=-0.058824 val_ccc=0.044289 val_rmse=1.022494 val_mae=0.741135
2026-05-16 12:19:03,566 - INFO - Epoch 94/150 | train_loss=0.030711 | val_f1=0.200000 val_acc=0.333333 val_kappa=-0.058824 val_ccc=0.042092 val_rmse=1.057916 val_mae=0.760132
2026-05-16 12:19:08,012 - INFO - Epoch 95/150 | train_loss=0.024818 | val_f1=0.181818 val_acc=0.333333 val_kappa=-0.148936 val_ccc=0.092478 val_rmse=1.061025 val_mae=0.739530
2026-05-16 12:19:12,510 - INFO - Epoch 96/150 | train_loss=0.031050 | val_f1=0.181818 val_acc=0.333333 val_kappa=-0.148936 val_ccc=0.136682 val_rmse=0.931383 val_mae=0.704575
2026-05-16 12:19:16,894 - INFO - Epoch 97/150 | train_loss=0.031279 | val_f1=0.200000 val_acc=0.333333 val_kappa=-0.058824 val_ccc=0.029474 val_rmse=1.039048 val_mae=0.751305
2026-05-16 12:19:21,310 - INFO - Epoch 98/150 | train_loss=0.023658 | val_f1=0.200000 val_acc=0.333333 val_kappa=-0.058824 val_ccc=0.021622 val_rmse=1.153162 val_mae=0.824906
2026-05-16 12:19:25,715 - INFO - Epoch 99/150 | train_loss=0.026196 | val_f1=0.181818 val_acc=0.333333 val_kappa=-0.148936 val_ccc=0.080762 val_rmse=1.014863 val_mae=0.750579
2026-05-16 12:19:30,102 - INFO - Epoch 100/150 | train_loss=0.022113 | val_f1=0.181818 val_acc=0.333333 val_kappa=-0.148936 val_ccc=0.053499 val_rmse=0.991151 val_mae=0.779701
2026-05-16 12:19:34,507 - INFO - Epoch 101/150 | train_loss=0.026324 | val_f1=0.181818 val_acc=0.333333 val_kappa=-0.148936 val_ccc=0.026885 val_rmse=1.059694 val_mae=0.794937
2026-05-16 12:19:38,973 - INFO - Epoch 102/150 | train_loss=0.025423 | val_f1=0.181818 val_acc=0.333333 val_kappa=-0.148936 val_ccc=0.058219 val_rmse=1.014872 val_mae=0.803226
2026-05-16 12:19:43,424 - INFO - Epoch 103/150 | train_loss=0.017393 | val_f1=0.181818 val_acc=0.333333 val_kappa=-0.148936 val_ccc=0.054742 val_rmse=1.024818 val_mae=0.788257
2026-05-16 12:19:47,870 - INFO - Epoch 104/150 | train_loss=0.022514 | val_f1=0.181818 val_acc=0.333333 val_kappa=-0.148936 val_ccc=0.064870 val_rmse=1.053993 val_mae=0.775924
2026-05-16 12:19:52,436 - INFO - Epoch 105/150 | train_loss=0.028163 | val_f1=0.181818 val_acc=0.333333 val_kappa=-0.148936 val_ccc=0.075639 val_rmse=0.998518 val_mae=0.774545
2026-05-16 12:19:56,851 - INFO - Epoch 106/150 | train_loss=0.025893 | val_f1=0.181818 val_acc=0.333333 val_kappa=-0.148936 val_ccc=0.052670 val_rmse=1.020389 val_mae=0.802684
2026-05-16 12:20:01,282 - INFO - Epoch 107/150 | train_loss=0.021120 | val_f1=0.181818 val_acc=0.333333 val_kappa=-0.148936 val_ccc=0.043066 val_rmse=1.051541 val_mae=0.806090
2026-05-16 12:20:05,675 - INFO - Epoch 108/150 | train_loss=0.015305 | val_f1=0.181818 val_acc=0.333333 val_kappa=-0.148936 val_ccc=0.082255 val_rmse=1.009517 val_mae=0.778946
2026-05-16 12:20:10,074 - INFO - Epoch 109/150 | train_loss=0.015138 | val_f1=0.181818 val_acc=0.333333 val_kappa=-0.148936 val_ccc=0.071750 val_rmse=1.012460 val_mae=0.792591
2026-05-16 12:20:14,438 - INFO - Epoch 110/150 | train_loss=0.019727 | val_f1=0.181818 val_acc=0.333333 val_kappa=-0.148936 val_ccc=0.060661 val_rmse=1.028000 val_mae=0.781525
2026-05-16 12:20:18,852 - INFO - Epoch 111/150 | train_loss=0.023015 | val_f1=0.181818 val_acc=0.333333 val_kappa=-0.148936 val_ccc=0.067502 val_rmse=1.014973 val_mae=0.779559
2026-05-16 12:20:23,228 - INFO - Epoch 112/150 | train_loss=0.016687 | val_f1=0.181818 val_acc=0.333333 val_kappa=-0.148936 val_ccc=0.058546 val_rmse=1.016618 val_mae=0.766499
2026-05-16 12:20:27,599 - INFO - Epoch 113/150 | train_loss=0.017975 | val_f1=0.181818 val_acc=0.333333 val_kappa=-0.148936 val_ccc=0.063257 val_rmse=0.977127 val_mae=0.779986
2026-05-16 12:20:32,011 - INFO - Epoch 114/150 | train_loss=0.024344 | val_f1=0.181818 val_acc=0.333333 val_kappa=-0.148936 val_ccc=0.073246 val_rmse=0.961203 val_mae=0.770072
2026-05-16 12:20:36,432 - INFO - Epoch 115/150 | train_loss=0.024067 | val_f1=0.181818 val_acc=0.333333 val_kappa=-0.148936 val_ccc=0.042088 val_rmse=1.037509 val_mae=0.773449
2026-05-16 12:20:40,851 - INFO - Epoch 116/150 | train_loss=0.024472 | val_f1=0.181818 val_acc=0.333333 val_kappa=-0.148936 val_ccc=0.036849 val_rmse=1.033332 val_mae=0.801677
2026-05-16 12:20:45,273 - INFO - Epoch 117/150 | train_loss=0.017206 | val_f1=0.181818 val_acc=0.333333 val_kappa=-0.148936 val_ccc=0.063467 val_rmse=1.016671 val_mae=0.776771
2026-05-16 12:20:49,697 - INFO - Epoch 118/150 | train_loss=0.017063 | val_f1=0.181818 val_acc=0.333333 val_kappa=-0.148936 val_ccc=0.056701 val_rmse=1.017301 val_mae=0.780641
2026-05-16 12:20:54,143 - INFO - Epoch 119/150 | train_loss=0.023221 | val_f1=0.181818 val_acc=0.333333 val_kappa=-0.148936 val_ccc=0.038472 val_rmse=1.011626 val_mae=0.794170
2026-05-16 12:20:58,605 - INFO - Epoch 120/150 | train_loss=0.027694 | val_f1=0.181818 val_acc=0.333333 val_kappa=-0.148936 val_ccc=0.034232 val_rmse=1.048435 val_mae=0.785495
2026-05-16 12:21:03,034 - INFO - Epoch 121/150 | train_loss=0.019321 | val_f1=0.181818 val_acc=0.333333 val_kappa=-0.148936 val_ccc=0.036256 val_rmse=1.034567 val_mae=0.787364
2026-05-16 12:21:07,445 - INFO - Epoch 122/150 | train_loss=0.020540 | val_f1=0.181818 val_acc=0.333333 val_kappa=-0.148936 val_ccc=0.055753 val_rmse=1.019384 val_mae=0.769457
2026-05-16 12:21:11,863 - INFO - Epoch 123/150 | train_loss=0.021579 | val_f1=0.181818 val_acc=0.333333 val_kappa=-0.148936 val_ccc=0.065426 val_rmse=0.997033 val_mae=0.772125
2026-05-16 12:21:16,300 - INFO - Epoch 124/150 | train_loss=0.025831 | val_f1=0.181818 val_acc=0.333333 val_kappa=-0.148936 val_ccc=0.040591 val_rmse=1.042647 val_mae=0.772404
2026-05-16 12:21:20,777 - INFO - Epoch 125/150 | train_loss=0.018906 | val_f1=0.181818 val_acc=0.333333 val_kappa=-0.148936 val_ccc=0.054591 val_rmse=1.002508 val_mae=0.779808
2026-05-16 12:21:25,216 - INFO - Epoch 126/150 | train_loss=0.019707 | val_f1=0.181818 val_acc=0.333333 val_kappa=-0.148936 val_ccc=0.056158 val_rmse=1.002745 val_mae=0.770639
2026-05-16 12:21:29,889 - INFO - Epoch 127/150 | train_loss=0.022751 | val_f1=0.181818 val_acc=0.333333 val_kappa=-0.148936 val_ccc=0.036057 val_rmse=1.040991 val_mae=0.769366
2026-05-16 12:21:34,509 - INFO - Epoch 128/150 | train_loss=0.016358 | val_f1=0.181818 val_acc=0.333333 val_kappa=-0.148936 val_ccc=0.030600 val_rmse=1.031361 val_mae=0.787400
2026-05-16 12:21:39,180 - INFO - Epoch 129/150 | train_loss=0.021623 | val_f1=0.181818 val_acc=0.333333 val_kappa=-0.148936 val_ccc=0.025182 val_rmse=1.036036 val_mae=0.790356
2026-05-16 12:21:43,704 - INFO - Epoch 130/150 | train_loss=0.023464 | val_f1=0.181818 val_acc=0.333333 val_kappa=-0.148936 val_ccc=0.024974 val_rmse=1.026243 val_mae=0.791597
2026-05-16 12:21:48,194 - INFO - Epoch 131/150 | train_loss=0.018884 | val_f1=0.181818 val_acc=0.333333 val_kappa=-0.148936 val_ccc=0.024337 val_rmse=1.029332 val_mae=0.790912
2026-05-16 12:21:52,645 - INFO - Epoch 132/150 | train_loss=0.015250 | val_f1=0.181818 val_acc=0.333333 val_kappa=-0.148936 val_ccc=0.014177 val_rmse=1.054262 val_mae=0.792223
2026-05-16 12:21:57,150 - INFO - Epoch 133/150 | train_loss=0.015538 | val_f1=0.181818 val_acc=0.333333 val_kappa=-0.148936 val_ccc=0.011297 val_rmse=1.069478 val_mae=0.799212
2026-05-16 12:22:01,596 - INFO - Epoch 134/150 | train_loss=0.024351 | val_f1=0.181818 val_acc=0.333333 val_kappa=-0.148936 val_ccc=0.021209 val_rmse=1.043349 val_mae=0.804576
2026-05-16 12:22:06,014 - INFO - Epoch 135/150 | train_loss=0.014721 | val_f1=0.181818 val_acc=0.333333 val_kappa=-0.148936 val_ccc=0.026812 val_rmse=1.045154 val_mae=0.795816
2026-05-16 12:22:10,441 - INFO - Epoch 136/150 | train_loss=0.019808 | val_f1=0.181818 val_acc=0.333333 val_kappa=-0.148936 val_ccc=0.027450 val_rmse=1.047046 val_mae=0.791755
2026-05-16 12:22:14,857 - INFO - Epoch 137/150 | train_loss=0.020527 | val_f1=0.181818 val_acc=0.333333 val_kappa=-0.148936 val_ccc=0.025500 val_rmse=1.041443 val_mae=0.795780
2026-05-16 12:22:19,322 - INFO - Epoch 138/150 | train_loss=0.016603 | val_f1=0.181818 val_acc=0.333333 val_kappa=-0.148936 val_ccc=0.024213 val_rmse=1.041757 val_mae=0.796360
2026-05-16 12:22:23,739 - INFO - Epoch 139/150 | train_loss=0.018468 | val_f1=0.181818 val_acc=0.333333 val_kappa=-0.148936 val_ccc=0.021847 val_rmse=1.046106 val_mae=0.795231
2026-05-16 12:22:28,110 - INFO - Epoch 140/150 | train_loss=0.023873 | val_f1=0.181818 val_acc=0.333333 val_kappa=-0.148936 val_ccc=0.022618 val_rmse=1.041506 val_mae=0.795938
2026-05-16 12:22:32,480 - INFO - Epoch 141/150 | train_loss=0.012467 | val_f1=0.181818 val_acc=0.333333 val_kappa=-0.148936 val_ccc=0.022603 val_rmse=1.042156 val_mae=0.794683
2026-05-16 12:22:36,929 - INFO - Epoch 142/150 | train_loss=0.024433 | val_f1=0.181818 val_acc=0.333333 val_kappa=-0.148936 val_ccc=0.020642 val_rmse=1.049567 val_mae=0.792520
2026-05-16 12:22:41,348 - INFO - Epoch 143/150 | train_loss=0.024357 | val_f1=0.181818 val_acc=0.333333 val_kappa=-0.148936 val_ccc=0.022255 val_rmse=1.047086 val_mae=0.792081
2026-05-16 12:22:45,875 - INFO - Epoch 144/150 | train_loss=0.022447 | val_f1=0.181818 val_acc=0.333333 val_kappa=-0.148936 val_ccc=0.022977 val_rmse=1.047362 val_mae=0.791791
2026-05-16 12:22:50,180 - INFO - Epoch 145/150 | train_loss=0.017626 | val_f1=0.181818 val_acc=0.333333 val_kappa=-0.148936 val_ccc=0.023011 val_rmse=1.048039 val_mae=0.791935
2026-05-16 12:22:54,604 - INFO - Epoch 146/150 | train_loss=0.019220 | val_f1=0.181818 val_acc=0.333333 val_kappa=-0.148936 val_ccc=0.023148 val_rmse=1.049452 val_mae=0.790862
2026-05-16 12:22:59,029 - INFO - Epoch 147/150 | train_loss=0.022695 | val_f1=0.181818 val_acc=0.333333 val_kappa=-0.148936 val_ccc=0.023200 val_rmse=1.049354 val_mae=0.790424
2026-05-16 12:23:03,447 - INFO - Epoch 148/150 | train_loss=0.020938 | val_f1=0.181818 val_acc=0.333333 val_kappa=-0.148936 val_ccc=0.023281 val_rmse=1.048818 val_mae=0.790551
2026-05-16 12:23:07,807 - INFO - Epoch 149/150 | train_loss=0.020027 | val_f1=0.181818 val_acc=0.333333 val_kappa=-0.148936 val_ccc=0.023276 val_rmse=1.048707 val_mae=0.790668
2026-05-16 12:23:12,204 - INFO - Epoch 150/150 | train_loss=0.023427 | val_f1=0.181818 val_acc=0.333333 val_kappa=-0.148936 val_ccc=0.023260 val_rmse=1.048768 val_mae=0.790638
2026-05-16 12:23:12,215 - INFO - Best checkpoint: checkpoints/Track1/A-V-G+P/ternary/avgp_repro_v1_ternary_seed2026/best_model_2026-05-16-12.12.10.pth
2026-05-16 12:23:12,215 - INFO - Validation metrics saved to: logs/Track1/A-V-G+P/ternary/avgp_repro_v1_ternary_seed2026/train_result_2026-05-16-12.12.10.json
