2026-05-16 12:12:11,663 - INFO - Experiment: avgp_repro_v1_ternary_seed7
2026-05-16 12:12:11,663 - INFO - Device: cuda
2026-05-16 12:12:11,663 - INFO - Train/Val: 78 / 9
2026-05-16 12:12:16,448 - INFO - Epoch 1/150 | train_loss=1.516305 | val_f1=0.266667 val_acc=0.666667 val_kappa=0.000000 val_ccc=0.007215 val_rmse=0.768024 val_mae=0.625032
2026-05-16 12:12:21,424 - INFO - Epoch 2/150 | train_loss=1.398118 | val_f1=0.266667 val_acc=0.666667 val_kappa=0.000000 val_ccc=0.002480 val_rmse=0.731170 val_mae=0.579471
2026-05-16 12:12:26,595 - INFO - Epoch 3/150 | train_loss=1.347475 | val_f1=0.266667 val_acc=0.666667 val_kappa=0.000000 val_ccc=0.000384 val_rmse=0.723762 val_mae=0.591897
2026-05-16 12:12:31,789 - INFO - Epoch 4/150 | train_loss=1.438985 | val_f1=0.266667 val_acc=0.666667 val_kappa=0.000000 val_ccc=-0.001665 val_rmse=0.724825 val_mae=0.592376
2026-05-16 12:12:36,816 - INFO - Epoch 5/150 | train_loss=1.423739 | val_f1=0.266667 val_acc=0.666667 val_kappa=0.000000 val_ccc=0.004106 val_rmse=0.722377 val_mae=0.592806
2026-05-16 12:12:41,884 - INFO - Epoch 6/150 | train_loss=1.400971 | val_f1=0.222222 val_acc=0.444444 val_kappa=-0.153846 val_ccc=-0.007197 val_rmse=0.726652 val_mae=0.594590
2026-05-16 12:12:46,943 - INFO - Epoch 7/150 | train_loss=1.393574 | val_f1=0.266667 val_acc=0.666667 val_kappa=0.000000 val_ccc=-0.014444 val_rmse=0.730686 val_mae=0.592507
2026-05-16 12:12:52,057 - INFO - Epoch 8/150 | train_loss=1.403913 | val_f1=0.266667 val_acc=0.666667 val_kappa=0.000000 val_ccc=-0.016222 val_rmse=0.730261 val_mae=0.597512
2026-05-16 12:12:57,137 - INFO - Epoch 9/150 | train_loss=1.353565 | val_f1=0.266667 val_acc=0.666667 val_kappa=0.000000 val_ccc=-0.012580 val_rmse=0.736447 val_mae=0.582011
2026-05-16 12:13:02,125 - INFO - Epoch 10/150 | train_loss=1.303205 | val_f1=0.266667 val_acc=0.666667 val_kappa=0.000000 val_ccc=-0.024052 val_rmse=0.733482 val_mae=0.591389
2026-05-16 12:13:07,248 - INFO - Epoch 11/150 | train_loss=1.355414 | val_f1=0.266667 val_acc=0.666667 val_kappa=0.000000 val_ccc=-0.030112 val_rmse=0.738350 val_mae=0.585041
2026-05-16 12:13:12,123 - INFO - Epoch 12/150 | train_loss=1.348055 | val_f1=0.266667 val_acc=0.666667 val_kappa=0.000000 val_ccc=-0.040486 val_rmse=0.750036 val_mae=0.600942
2026-05-16 12:13:17,021 - INFO - Epoch 13/150 | train_loss=1.353683 | val_f1=0.266667 val_acc=0.666667 val_kappa=0.000000 val_ccc=-0.066362 val_rmse=0.752776 val_mae=0.588296
2026-05-16 12:13:21,778 - INFO - Epoch 14/150 | train_loss=1.354074 | val_f1=0.266667 val_acc=0.666667 val_kappa=0.000000 val_ccc=-0.070728 val_rmse=0.761956 val_mae=0.604233
2026-05-16 12:13:26,672 - INFO - Epoch 15/150 | train_loss=1.321451 | val_f1=0.266667 val_acc=0.666667 val_kappa=0.000000 val_ccc=-0.086768 val_rmse=0.771658 val_mae=0.587608
2026-05-16 12:13:31,632 - INFO - Epoch 16/150 | train_loss=1.284119 | val_f1=0.266667 val_acc=0.666667 val_kappa=0.000000 val_ccc=-0.106016 val_rmse=0.774229 val_mae=0.592757
2026-05-16 12:13:36,309 - INFO - Epoch 17/150 | train_loss=1.303262 | val_f1=0.266667 val_acc=0.666667 val_kappa=0.000000 val_ccc=-0.116791 val_rmse=0.782023 val_mae=0.585255
2026-05-16 12:13:41,033 - INFO - Epoch 18/150 | train_loss=1.265799 | val_f1=0.266667 val_acc=0.666667 val_kappa=0.000000 val_ccc=-0.108670 val_rmse=0.783801 val_mae=0.583939
2026-05-16 12:13:45,779 - INFO - Epoch 19/150 | train_loss=1.255598 | val_f1=0.266667 val_acc=0.666667 val_kappa=0.000000 val_ccc=-0.136694 val_rmse=0.833914 val_mae=0.647081
2026-05-16 12:13:50,498 - INFO - Epoch 20/150 | train_loss=1.254719 | val_f1=0.266667 val_acc=0.666667 val_kappa=0.000000 val_ccc=-0.157238 val_rmse=0.838412 val_mae=0.635732
2026-05-16 12:13:55,060 - INFO - Epoch 21/150 | train_loss=1.151276 | val_f1=0.266667 val_acc=0.666667 val_kappa=0.000000 val_ccc=-0.168080 val_rmse=0.838095 val_mae=0.629607
2026-05-16 12:13:59,771 - INFO - Epoch 22/150 | train_loss=1.173949 | val_f1=0.266667 val_acc=0.666667 val_kappa=0.000000 val_ccc=-0.176144 val_rmse=0.868061 val_mae=0.661153
2026-05-16 12:14:04,292 - INFO - Epoch 23/150 | train_loss=1.119826 | val_f1=0.266667 val_acc=0.666667 val_kappa=0.000000 val_ccc=-0.155166 val_rmse=0.885230 val_mae=0.680389
2026-05-16 12:14:08,955 - INFO - Epoch 24/150 | train_loss=1.032942 | val_f1=0.200000 val_acc=0.333333 val_kappa=-0.080000 val_ccc=-0.110430 val_rmse=0.976970 val_mae=0.730977
2026-05-16 12:14:13,537 - INFO - Epoch 25/150 | train_loss=1.059765 | val_f1=0.148148 val_acc=0.222222 val_kappa=-0.166667 val_ccc=-0.089642 val_rmse=1.136126 val_mae=0.863090
2026-05-16 12:14:18,221 - INFO - Epoch 26/150 | train_loss=0.981118 | val_f1=0.181818 val_acc=0.333333 val_kappa=-0.173913 val_ccc=-0.155972 val_rmse=1.011174 val_mae=0.773428
2026-05-16 12:14:22,816 - INFO - Epoch 27/150 | train_loss=0.972949 | val_f1=0.222222 val_acc=0.444444 val_kappa=-0.071429 val_ccc=-0.143440 val_rmse=0.927042 val_mae=0.729945
2026-05-16 12:14:27,983 - INFO - Epoch 28/150 | train_loss=0.812017 | val_f1=0.133333 val_acc=0.222222 val_kappa=-0.211538 val_ccc=-0.097282 val_rmse=1.117083 val_mae=0.858654
2026-05-16 12:14:33,229 - INFO - Epoch 29/150 | train_loss=0.685900 | val_f1=0.190476 val_acc=0.222222 val_kappa=-0.016129 val_ccc=-0.085876 val_rmse=1.156993 val_mae=0.877256
2026-05-16 12:14:38,483 - INFO - Epoch 30/150 | train_loss=0.691554 | val_f1=0.148148 val_acc=0.222222 val_kappa=-0.125000 val_ccc=-0.091580 val_rmse=1.130048 val_mae=0.862738
2026-05-16 12:14:43,739 - INFO - Epoch 31/150 | train_loss=0.732033 | val_f1=0.148148 val_acc=0.222222 val_kappa=-0.145455 val_ccc=-0.099549 val_rmse=1.125471 val_mae=0.890097
2026-05-16 12:14:48,968 - INFO - Epoch 32/150 | train_loss=0.499543 | val_f1=0.148148 val_acc=0.222222 val_kappa=-0.125000 val_ccc=-0.063869 val_rmse=1.269297 val_mae=0.966337
2026-05-16 12:14:54,050 - INFO - Epoch 33/150 | train_loss=0.647384 | val_f1=0.222222 val_acc=0.444444 val_kappa=-0.071429 val_ccc=-0.006766 val_rmse=0.856359 val_mae=0.630364
2026-05-16 12:14:59,021 - INFO - Epoch 34/150 | train_loss=0.482984 | val_f1=0.222222 val_acc=0.444444 val_kappa=-0.071429 val_ccc=-0.010500 val_rmse=0.911461 val_mae=0.720682
2026-05-16 12:15:04,013 - INFO - Epoch 35/150 | train_loss=0.481915 | val_f1=0.200000 val_acc=0.333333 val_kappa=-0.058824 val_ccc=-0.027648 val_rmse=1.149803 val_mae=0.892707
2026-05-16 12:15:09,080 - INFO - Epoch 36/150 | train_loss=0.375992 | val_f1=0.200000 val_acc=0.333333 val_kappa=-0.058824 val_ccc=-0.013104 val_rmse=1.197772 val_mae=0.904255
2026-05-16 12:15:13,929 - INFO - Epoch 37/150 | train_loss=0.290638 | val_f1=0.200000 val_acc=0.333333 val_kappa=-0.058824 val_ccc=-0.070272 val_rmse=1.104133 val_mae=0.865657
2026-05-16 12:15:18,722 - INFO - Epoch 38/150 | train_loss=0.319002 | val_f1=0.148148 val_acc=0.222222 val_kappa=-0.125000 val_ccc=-0.063712 val_rmse=1.134850 val_mae=0.891571
2026-05-16 12:15:23,534 - INFO - Epoch 39/150 | train_loss=0.267599 | val_f1=0.148148 val_acc=0.222222 val_kappa=-0.166667 val_ccc=-0.043401 val_rmse=1.341622 val_mae=1.026512
2026-05-16 12:15:28,440 - INFO - Epoch 40/150 | train_loss=0.297218 | val_f1=0.200000 val_acc=0.333333 val_kappa=-0.058824 val_ccc=-0.068805 val_rmse=1.079059 val_mae=0.841638
2026-05-16 12:15:33,319 - INFO - Epoch 41/150 | train_loss=0.212293 | val_f1=0.256410 val_acc=0.555556 val_kappa=0.027027 val_ccc=-0.000945 val_rmse=0.971358 val_mae=0.777584
2026-05-16 12:15:38,119 - INFO - Epoch 42/150 | train_loss=0.168192 | val_f1=0.256410 val_acc=0.555556 val_kappa=0.027027 val_ccc=-0.049229 val_rmse=0.981432 val_mae=0.774145
2026-05-16 12:15:42,924 - INFO - Epoch 43/150 | train_loss=0.198971 | val_f1=0.200000 val_acc=0.333333 val_kappa=-0.058824 val_ccc=-0.142325 val_rmse=1.139438 val_mae=0.915279
2026-05-16 12:15:47,758 - INFO - Epoch 44/150 | train_loss=0.165725 | val_f1=0.200000 val_acc=0.333333 val_kappa=-0.058824 val_ccc=-0.074401 val_rmse=1.120345 val_mae=0.867702
2026-05-16 12:15:52,579 - INFO - Epoch 45/150 | train_loss=0.194994 | val_f1=0.200000 val_acc=0.333333 val_kappa=-0.058824 val_ccc=-0.035257 val_rmse=1.166391 val_mae=0.907708
2026-05-16 12:15:57,395 - INFO - Epoch 46/150 | train_loss=0.132509 | val_f1=0.200000 val_acc=0.333333 val_kappa=-0.058824 val_ccc=-0.081559 val_rmse=1.182400 val_mae=0.926856
2026-05-16 12:16:02,178 - INFO - Epoch 47/150 | train_loss=0.104226 | val_f1=0.242424 val_acc=0.444444 val_kappa=0.021739 val_ccc=-0.065262 val_rmse=1.009143 val_mae=0.791475
2026-05-16 12:16:06,936 - INFO - Epoch 48/150 | train_loss=0.157736 | val_f1=0.200000 val_acc=0.333333 val_kappa=-0.058824 val_ccc=-0.058506 val_rmse=1.158199 val_mae=0.851568
2026-05-16 12:16:11,780 - INFO - Epoch 49/150 | train_loss=0.097665 | val_f1=0.200000 val_acc=0.333333 val_kappa=-0.080000 val_ccc=-0.037798 val_rmse=1.191316 val_mae=0.906223
2026-05-16 12:16:16,543 - INFO - Epoch 50/150 | train_loss=0.111691 | val_f1=0.200000 val_acc=0.333333 val_kappa=-0.058824 val_ccc=-0.128884 val_rmse=1.233746 val_mae=0.941059
2026-05-16 12:16:21,368 - INFO - Epoch 51/150 | train_loss=0.098525 | val_f1=0.200000 val_acc=0.333333 val_kappa=-0.058824 val_ccc=-0.071383 val_rmse=1.186758 val_mae=0.915580
2026-05-16 12:16:26,335 - INFO - Epoch 52/150 | train_loss=0.163760 | val_f1=0.148148 val_acc=0.222222 val_kappa=-0.145455 val_ccc=-0.046641 val_rmse=1.350783 val_mae=1.101384
2026-05-16 12:16:30,922 - INFO - Epoch 53/150 | train_loss=0.087842 | val_f1=0.200000 val_acc=0.333333 val_kappa=-0.058824 val_ccc=-0.056009 val_rmse=1.172785 val_mae=0.869764
2026-05-16 12:16:35,520 - INFO - Epoch 54/150 | train_loss=0.149019 | val_f1=0.200000 val_acc=0.333333 val_kappa=-0.058824 val_ccc=-0.052215 val_rmse=1.129607 val_mae=0.840861
2026-05-16 12:16:40,144 - INFO - Epoch 55/150 | train_loss=0.080107 | val_f1=0.200000 val_acc=0.333333 val_kappa=-0.058824 val_ccc=-0.105810 val_rmse=1.122347 val_mae=0.848037
2026-05-16 12:16:44,727 - INFO - Epoch 56/150 | train_loss=0.113359 | val_f1=0.148148 val_acc=0.222222 val_kappa=-0.145455 val_ccc=-0.095042 val_rmse=1.077144 val_mae=0.788269
2026-05-16 12:16:49,407 - INFO - Epoch 57/150 | train_loss=0.095910 | val_f1=0.200000 val_acc=0.333333 val_kappa=-0.058824 val_ccc=-0.130425 val_rmse=1.055369 val_mae=0.799968
2026-05-16 12:16:54,084 - INFO - Epoch 58/150 | train_loss=0.086288 | val_f1=0.200000 val_acc=0.333333 val_kappa=-0.058824 val_ccc=-0.130282 val_rmse=1.233338 val_mae=0.939452
2026-05-16 12:16:58,667 - INFO - Epoch 59/150 | train_loss=0.050312 | val_f1=0.200000 val_acc=0.333333 val_kappa=-0.058824 val_ccc=-0.109840 val_rmse=1.140259 val_mae=0.843764
2026-05-16 12:17:03,303 - INFO - Epoch 60/150 | train_loss=0.049574 | val_f1=0.200000 val_acc=0.333333 val_kappa=-0.058824 val_ccc=-0.141211 val_rmse=1.152029 val_mae=0.858033
2026-05-16 12:17:08,075 - INFO - Epoch 61/150 | train_loss=0.055035 | val_f1=0.148148 val_acc=0.222222 val_kappa=-0.145455 val_ccc=-0.092131 val_rmse=1.326403 val_mae=1.014706
2026-05-16 12:17:12,719 - INFO - Epoch 62/150 | train_loss=0.102186 | val_f1=0.200000 val_acc=0.333333 val_kappa=-0.058824 val_ccc=-0.101651 val_rmse=1.248088 val_mae=0.938470
2026-05-16 12:17:17,328 - INFO - Epoch 63/150 | train_loss=0.064482 | val_f1=0.200000 val_acc=0.333333 val_kappa=-0.058824 val_ccc=-0.037263 val_rmse=1.084578 val_mae=0.793456
2026-05-16 12:17:21,959 - INFO - Epoch 64/150 | train_loss=0.045500 | val_f1=0.148148 val_acc=0.222222 val_kappa=-0.145455 val_ccc=-0.062636 val_rmse=1.253627 val_mae=0.926034
2026-05-16 12:17:26,593 - INFO - Epoch 65/150 | train_loss=0.060679 | val_f1=0.148148 val_acc=0.222222 val_kappa=-0.145455 val_ccc=-0.046696 val_rmse=1.237538 val_mae=0.956846
2026-05-16 12:17:31,251 - INFO - Epoch 66/150 | train_loss=0.064506 | val_f1=0.200000 val_acc=0.333333 val_kappa=-0.058824 val_ccc=-0.067926 val_rmse=1.125156 val_mae=0.864655
2026-05-16 12:17:35,817 - INFO - Epoch 67/150 | train_loss=0.054875 | val_f1=0.148148 val_acc=0.222222 val_kappa=-0.145455 val_ccc=-0.077843 val_rmse=1.352353 val_mae=1.023966
2026-05-16 12:17:40,421 - INFO - Epoch 68/150 | train_loss=0.068160 | val_f1=0.200000 val_acc=0.333333 val_kappa=-0.058824 val_ccc=-0.090916 val_rmse=1.293932 val_mae=0.949975
2026-05-16 12:17:44,977 - INFO - Epoch 69/150 | train_loss=0.078503 | val_f1=0.200000 val_acc=0.333333 val_kappa=-0.058824 val_ccc=-0.082145 val_rmse=1.235387 val_mae=0.912987
2026-05-16 12:17:49,570 - INFO - Epoch 70/150 | train_loss=0.044456 | val_f1=0.200000 val_acc=0.333333 val_kappa=-0.058824 val_ccc=-0.067682 val_rmse=1.230114 val_mae=0.914936
2026-05-16 12:17:54,161 - INFO - Epoch 71/150 | train_loss=0.048347 | val_f1=0.200000 val_acc=0.333333 val_kappa=-0.058824 val_ccc=-0.082807 val_rmse=1.068453 val_mae=0.805928
2026-05-16 12:17:58,755 - INFO - Epoch 72/150 | train_loss=0.043942 | val_f1=0.200000 val_acc=0.333333 val_kappa=-0.058824 val_ccc=-0.016695 val_rmse=0.994744 val_mae=0.709423
2026-05-16 12:18:03,334 - INFO - Epoch 73/150 | train_loss=0.041561 | val_f1=0.148148 val_acc=0.222222 val_kappa=-0.145455 val_ccc=-0.055668 val_rmse=1.279006 val_mae=0.946032
2026-05-16 12:18:07,892 - INFO - Epoch 74/150 | train_loss=0.041617 | val_f1=0.148148 val_acc=0.222222 val_kappa=-0.145455 val_ccc=-0.053423 val_rmse=1.222571 val_mae=0.903310
2026-05-16 12:18:12,449 - INFO - Epoch 75/150 | train_loss=0.050943 | val_f1=0.148148 val_acc=0.222222 val_kappa=-0.145455 val_ccc=-0.017607 val_rmse=1.002176 val_mae=0.682241
2026-05-16 12:18:16,950 - INFO - Epoch 76/150 | train_loss=0.051492 | val_f1=0.200000 val_acc=0.333333 val_kappa=-0.058824 val_ccc=-0.064685 val_rmse=0.967241 val_mae=0.670594
2026-05-16 12:18:21,497 - INFO - Epoch 77/150 | train_loss=0.040704 | val_f1=0.200000 val_acc=0.333333 val_kappa=-0.058824 val_ccc=-0.116458 val_rmse=1.069937 val_mae=0.780679
2026-05-16 12:18:26,058 - INFO - Epoch 78/150 | train_loss=0.036358 | val_f1=0.148148 val_acc=0.222222 val_kappa=-0.145455 val_ccc=-0.105477 val_rmse=1.080043 val_mae=0.764694
2026-05-16 12:18:30,621 - INFO - Epoch 79/150 | train_loss=0.031894 | val_f1=0.200000 val_acc=0.333333 val_kappa=-0.058824 val_ccc=-0.055254 val_rmse=1.063579 val_mae=0.768438
2026-05-16 12:18:35,213 - INFO - Epoch 80/150 | train_loss=0.033457 | val_f1=0.148148 val_acc=0.222222 val_kappa=-0.145455 val_ccc=-0.101978 val_rmse=1.079287 val_mae=0.767199
2026-05-16 12:18:39,745 - INFO - Epoch 81/150 | train_loss=0.028729 | val_f1=0.200000 val_acc=0.333333 val_kappa=-0.058824 val_ccc=-0.111939 val_rmse=1.187059 val_mae=0.879322
2026-05-16 12:18:44,251 - INFO - Epoch 82/150 | train_loss=0.042788 | val_f1=0.148148 val_acc=0.222222 val_kappa=-0.145455 val_ccc=-0.134811 val_rmse=1.215975 val_mae=0.903582
2026-05-16 12:18:48,793 - INFO - Epoch 83/150 | train_loss=0.032196 | val_f1=0.200000 val_acc=0.333333 val_kappa=-0.058824 val_ccc=-0.086378 val_rmse=1.152879 val_mae=0.865737
2026-05-16 12:18:53,348 - INFO - Epoch 84/150 | train_loss=0.028872 | val_f1=0.200000 val_acc=0.333333 val_kappa=-0.058824 val_ccc=-0.069222 val_rmse=1.155459 val_mae=0.876383
2026-05-16 12:18:57,943 - INFO - Epoch 85/150 | train_loss=0.030781 | val_f1=0.200000 val_acc=0.333333 val_kappa=-0.058824 val_ccc=-0.116469 val_rmse=1.036377 val_mae=0.758591
2026-05-16 12:19:02,477 - INFO - Epoch 86/150 | train_loss=0.038593 | val_f1=0.148148 val_acc=0.222222 val_kappa=-0.145455 val_ccc=-0.121374 val_rmse=1.250214 val_mae=0.956917
2026-05-16 12:19:07,034 - INFO - Epoch 87/150 | train_loss=0.039535 | val_f1=0.148148 val_acc=0.222222 val_kappa=-0.145455 val_ccc=-0.107986 val_rmse=1.203868 val_mae=0.920342
2026-05-16 12:19:11,708 - INFO - Epoch 88/150 | train_loss=0.033585 | val_f1=0.200000 val_acc=0.333333 val_kappa=-0.058824 val_ccc=-0.108380 val_rmse=1.053244 val_mae=0.771389
2026-05-16 12:19:16,269 - INFO - Epoch 89/150 | train_loss=0.030253 | val_f1=0.148148 val_acc=0.222222 val_kappa=-0.145455 val_ccc=-0.064752 val_rmse=1.217357 val_mae=0.927112
2026-05-16 12:19:20,902 - INFO - Epoch 90/150 | train_loss=0.032770 | val_f1=0.200000 val_acc=0.333333 val_kappa=-0.058824 val_ccc=-0.077079 val_rmse=1.294000 val_mae=0.980663
2026-05-16 12:19:25,464 - INFO - Epoch 91/150 | train_loss=0.030917 | val_f1=0.200000 val_acc=0.333333 val_kappa=-0.058824 val_ccc=-0.094129 val_rmse=1.205498 val_mae=0.896701
2026-05-16 12:19:30,043 - INFO - Epoch 92/150 | train_loss=0.030187 | val_f1=0.200000 val_acc=0.333333 val_kappa=-0.058824 val_ccc=-0.077193 val_rmse=1.133109 val_mae=0.826536
2026-05-16 12:19:34,614 - INFO - Epoch 93/150 | train_loss=0.028822 | val_f1=0.200000 val_acc=0.333333 val_kappa=-0.058824 val_ccc=-0.068028 val_rmse=1.196076 val_mae=0.893395
2026-05-16 12:19:39,139 - INFO - Epoch 94/150 | train_loss=0.019956 | val_f1=0.200000 val_acc=0.333333 val_kappa=-0.058824 val_ccc=-0.098236 val_rmse=1.182709 val_mae=0.892283
2026-05-16 12:19:43,702 - INFO - Epoch 95/150 | train_loss=0.029140 | val_f1=0.148148 val_acc=0.222222 val_kappa=-0.145455 val_ccc=-0.099546 val_rmse=1.211002 val_mae=0.929038
2026-05-16 12:19:48,286 - INFO - Epoch 96/150 | train_loss=0.027178 | val_f1=0.200000 val_acc=0.333333 val_kappa=-0.058824 val_ccc=-0.073979 val_rmse=1.115550 val_mae=0.846220
2026-05-16 12:19:52,821 - INFO - Epoch 97/150 | train_loss=0.028238 | val_f1=0.148148 val_acc=0.222222 val_kappa=-0.145455 val_ccc=-0.065246 val_rmse=1.206833 val_mae=0.905325
2026-05-16 12:19:57,289 - INFO - Epoch 98/150 | train_loss=0.024564 | val_f1=0.148148 val_acc=0.222222 val_kappa=-0.145455 val_ccc=-0.083500 val_rmse=1.183877 val_mae=0.887710
2026-05-16 12:20:01,857 - INFO - Epoch 99/150 | train_loss=0.028962 | val_f1=0.200000 val_acc=0.333333 val_kappa=-0.058824 val_ccc=-0.083423 val_rmse=1.119319 val_mae=0.835139
2026-05-16 12:20:06,386 - INFO - Epoch 100/150 | train_loss=0.019433 | val_f1=0.148148 val_acc=0.222222 val_kappa=-0.145455 val_ccc=-0.095579 val_rmse=1.144888 val_mae=0.833926
2026-05-16 12:20:10,953 - INFO - Epoch 101/150 | train_loss=0.017937 | val_f1=0.200000 val_acc=0.333333 val_kappa=-0.058824 val_ccc=-0.103248 val_rmse=1.147155 val_mae=0.840355
2026-05-16 12:20:15,460 - INFO - Epoch 102/150 | train_loss=0.030178 | val_f1=0.148148 val_acc=0.222222 val_kappa=-0.145455 val_ccc=-0.087182 val_rmse=1.171174 val_mae=0.872969
2026-05-16 12:20:20,039 - INFO - Epoch 103/150 | train_loss=0.026699 | val_f1=0.148148 val_acc=0.222222 val_kappa=-0.145455 val_ccc=-0.103592 val_rmse=1.183156 val_mae=0.883366
2026-05-16 12:20:24,488 - INFO - Epoch 104/150 | train_loss=0.030093 | val_f1=0.200000 val_acc=0.333333 val_kappa=-0.058824 val_ccc=-0.084893 val_rmse=1.069401 val_mae=0.780320
2026-05-16 12:20:28,962 - INFO - Epoch 105/150 | train_loss=0.026219 | val_f1=0.200000 val_acc=0.333333 val_kappa=-0.058824 val_ccc=-0.082585 val_rmse=1.145797 val_mae=0.850773
2026-05-16 12:20:33,613 - INFO - Epoch 106/150 | train_loss=0.028989 | val_f1=0.200000 val_acc=0.333333 val_kappa=-0.058824 val_ccc=-0.075359 val_rmse=1.142716 val_mae=0.853626
2026-05-16 12:20:38,162 - INFO - Epoch 107/150 | train_loss=0.018071 | val_f1=0.148148 val_acc=0.222222 val_kappa=-0.145455 val_ccc=-0.085882 val_rmse=1.169028 val_mae=0.870616
2026-05-16 12:20:42,694 - INFO - Epoch 108/150 | train_loss=0.029391 | val_f1=0.200000 val_acc=0.333333 val_kappa=-0.058824 val_ccc=-0.089384 val_rmse=1.156761 val_mae=0.860306
2026-05-16 12:20:47,219 - INFO - Epoch 109/150 | train_loss=0.035623 | val_f1=0.148148 val_acc=0.222222 val_kappa=-0.145455 val_ccc=-0.111052 val_rmse=1.245048 val_mae=0.946594
2026-05-16 12:20:51,696 - INFO - Epoch 110/150 | train_loss=0.019742 | val_f1=0.148148 val_acc=0.222222 val_kappa=-0.145455 val_ccc=-0.122852 val_rmse=1.217245 val_mae=0.916692
2026-05-16 12:20:56,230 - INFO - Epoch 111/150 | train_loss=0.029025 | val_f1=0.148148 val_acc=0.222222 val_kappa=-0.145455 val_ccc=-0.099932 val_rmse=1.229383 val_mae=0.938381
2026-05-16 12:21:00,806 - INFO - Epoch 112/150 | train_loss=0.029820 | val_f1=0.148148 val_acc=0.222222 val_kappa=-0.145455 val_ccc=-0.099394 val_rmse=1.181231 val_mae=0.890051
2026-05-16 12:21:05,326 - INFO - Epoch 113/150 | train_loss=0.028810 | val_f1=0.148148 val_acc=0.222222 val_kappa=-0.145455 val_ccc=-0.098880 val_rmse=1.179504 val_mae=0.879396
2026-05-16 12:21:09,878 - INFO - Epoch 114/150 | train_loss=0.026002 | val_f1=0.148148 val_acc=0.222222 val_kappa=-0.145455 val_ccc=-0.087684 val_rmse=1.154911 val_mae=0.858455
2026-05-16 12:21:14,393 - INFO - Epoch 115/150 | train_loss=0.029441 | val_f1=0.148148 val_acc=0.222222 val_kappa=-0.145455 val_ccc=-0.095499 val_rmse=1.181939 val_mae=0.878587
2026-05-16 12:21:18,973 - INFO - Epoch 116/150 | train_loss=0.032071 | val_f1=0.148148 val_acc=0.222222 val_kappa=-0.145455 val_ccc=-0.096036 val_rmse=1.208917 val_mae=0.899606
2026-05-16 12:21:23,520 - INFO - Epoch 117/150 | train_loss=0.024709 | val_f1=0.148148 val_acc=0.222222 val_kappa=-0.145455 val_ccc=-0.103767 val_rmse=1.165035 val_mae=0.865085
2026-05-16 12:21:27,979 - INFO - Epoch 118/150 | train_loss=0.023362 | val_f1=0.148148 val_acc=0.222222 val_kappa=-0.145455 val_ccc=-0.101020 val_rmse=1.159976 val_mae=0.869671
2026-05-16 12:21:32,515 - INFO - Epoch 119/150 | train_loss=0.026805 | val_f1=0.148148 val_acc=0.222222 val_kappa=-0.145455 val_ccc=-0.097764 val_rmse=1.176647 val_mae=0.886375
2026-05-16 12:21:37,059 - INFO - Epoch 120/150 | train_loss=0.017336 | val_f1=0.148148 val_acc=0.222222 val_kappa=-0.145455 val_ccc=-0.098376 val_rmse=1.158429 val_mae=0.869941
2026-05-16 12:21:41,635 - INFO - Epoch 121/150 | train_loss=0.027985 | val_f1=0.148148 val_acc=0.222222 val_kappa=-0.145455 val_ccc=-0.095506 val_rmse=1.149169 val_mae=0.858023
2026-05-16 12:21:46,055 - INFO - Epoch 122/150 | train_loss=0.028339 | val_f1=0.148148 val_acc=0.222222 val_kappa=-0.145455 val_ccc=-0.092822 val_rmse=1.170752 val_mae=0.876108
2026-05-16 12:21:50,607 - INFO - Epoch 123/150 | train_loss=0.026988 | val_f1=0.148148 val_acc=0.222222 val_kappa=-0.145455 val_ccc=-0.093928 val_rmse=1.181947 val_mae=0.891647
2026-05-16 12:21:55,173 - INFO - Epoch 124/150 | train_loss=0.023611 | val_f1=0.148148 val_acc=0.222222 val_kappa=-0.145455 val_ccc=-0.095898 val_rmse=1.176346 val_mae=0.879368
2026-05-16 12:21:59,764 - INFO - Epoch 125/150 | train_loss=0.017919 | val_f1=0.148148 val_acc=0.222222 val_kappa=-0.145455 val_ccc=-0.089928 val_rmse=1.160183 val_mae=0.868032
2026-05-16 12:22:04,288 - INFO - Epoch 126/150 | train_loss=0.022417 | val_f1=0.148148 val_acc=0.222222 val_kappa=-0.145455 val_ccc=-0.087307 val_rmse=1.206674 val_mae=0.913250
2026-05-16 12:22:08,836 - INFO - Epoch 127/150 | train_loss=0.021977 | val_f1=0.148148 val_acc=0.222222 val_kappa=-0.145455 val_ccc=-0.096654 val_rmse=1.149153 val_mae=0.857857
2026-05-16 12:22:13,387 - INFO - Epoch 128/150 | train_loss=0.023406 | val_f1=0.148148 val_acc=0.222222 val_kappa=-0.145455 val_ccc=-0.096861 val_rmse=1.166557 val_mae=0.876758
2026-05-16 12:22:17,870 - INFO - Epoch 129/150 | train_loss=0.021971 | val_f1=0.148148 val_acc=0.222222 val_kappa=-0.145455 val_ccc=-0.102867 val_rmse=1.166126 val_mae=0.874859
2026-05-16 12:22:22,370 - INFO - Epoch 130/150 | train_loss=0.017148 | val_f1=0.148148 val_acc=0.222222 val_kappa=-0.145455 val_ccc=-0.103289 val_rmse=1.173831 val_mae=0.882063
2026-05-16 12:22:26,919 - INFO - Epoch 131/150 | train_loss=0.026956 | val_f1=0.148148 val_acc=0.222222 val_kappa=-0.145455 val_ccc=-0.106486 val_rmse=1.168826 val_mae=0.876755
2026-05-16 12:22:31,452 - INFO - Epoch 132/150 | train_loss=0.018205 | val_f1=0.148148 val_acc=0.222222 val_kappa=-0.145455 val_ccc=-0.108114 val_rmse=1.179591 val_mae=0.887479
2026-05-16 12:22:35,996 - INFO - Epoch 133/150 | train_loss=0.027904 | val_f1=0.148148 val_acc=0.222222 val_kappa=-0.145455 val_ccc=-0.110541 val_rmse=1.161742 val_mae=0.870476
2026-05-16 12:22:40,534 - INFO - Epoch 134/150 | train_loss=0.025579 | val_f1=0.148148 val_acc=0.222222 val_kappa=-0.145455 val_ccc=-0.112798 val_rmse=1.162877 val_mae=0.871391
2026-05-16 12:22:45,111 - INFO - Epoch 135/150 | train_loss=0.018337 | val_f1=0.148148 val_acc=0.222222 val_kappa=-0.145455 val_ccc=-0.111050 val_rmse=1.163772 val_mae=0.873018
2026-05-16 12:22:49,650 - INFO - Epoch 136/150 | train_loss=0.020822 | val_f1=0.148148 val_acc=0.222222 val_kappa=-0.145455 val_ccc=-0.107127 val_rmse=1.183336 val_mae=0.891518
2026-05-16 12:22:54,153 - INFO - Epoch 137/150 | train_loss=0.019247 | val_f1=0.148148 val_acc=0.222222 val_kappa=-0.145455 val_ccc=-0.108107 val_rmse=1.185748 val_mae=0.894036
2026-05-16 12:22:58,687 - INFO - Epoch 138/150 | train_loss=0.020055 | val_f1=0.148148 val_acc=0.222222 val_kappa=-0.145455 val_ccc=-0.108030 val_rmse=1.193342 val_mae=0.900884
2026-05-16 12:23:03,260 - INFO - Epoch 139/150 | train_loss=0.020993 | val_f1=0.148148 val_acc=0.222222 val_kappa=-0.145455 val_ccc=-0.113419 val_rmse=1.175894 val_mae=0.882568
2026-05-16 12:23:07,822 - INFO - Epoch 140/150 | train_loss=0.019022 | val_f1=0.148148 val_acc=0.222222 val_kappa=-0.145455 val_ccc=-0.115395 val_rmse=1.177218 val_mae=0.883616
2026-05-16 12:23:12,311 - INFO - Epoch 141/150 | train_loss=0.022515 | val_f1=0.148148 val_acc=0.222222 val_kappa=-0.145455 val_ccc=-0.114162 val_rmse=1.185758 val_mae=0.891570
2026-05-16 12:23:16,867 - INFO - Epoch 142/150 | train_loss=0.018658 | val_f1=0.148148 val_acc=0.222222 val_kappa=-0.145455 val_ccc=-0.112891 val_rmse=1.192161 val_mae=0.897199
2026-05-16 12:23:21,377 - INFO - Epoch 143/150 | train_loss=0.021333 | val_f1=0.148148 val_acc=0.222222 val_kappa=-0.145455 val_ccc=-0.110660 val_rmse=1.199069 val_mae=0.904140
2026-05-16 12:23:25,911 - INFO - Epoch 144/150 | train_loss=0.016168 | val_f1=0.148148 val_acc=0.222222 val_kappa=-0.145455 val_ccc=-0.110842 val_rmse=1.197919 val_mae=0.903365
2026-05-16 12:23:30,510 - INFO - Epoch 145/150 | train_loss=0.018539 | val_f1=0.148148 val_acc=0.222222 val_kappa=-0.145455 val_ccc=-0.110887 val_rmse=1.196878 val_mae=0.902400
2026-05-16 12:23:35,087 - INFO - Epoch 146/150 | train_loss=0.022001 | val_f1=0.148148 val_acc=0.222222 val_kappa=-0.145455 val_ccc=-0.111022 val_rmse=1.196605 val_mae=0.902180
2026-05-16 12:23:39,688 - INFO - Epoch 147/150 | train_loss=0.021881 | val_f1=0.148148 val_acc=0.222222 val_kappa=-0.145455 val_ccc=-0.111423 val_rmse=1.194303 val_mae=0.899970
2026-05-16 12:23:44,337 - INFO - Epoch 148/150 | train_loss=0.019419 | val_f1=0.148148 val_acc=0.222222 val_kappa=-0.145455 val_ccc=-0.111474 val_rmse=1.193514 val_mae=0.899164
2026-05-16 12:23:48,928 - INFO - Epoch 149/150 | train_loss=0.021079 | val_f1=0.148148 val_acc=0.222222 val_kappa=-0.145455 val_ccc=-0.111457 val_rmse=1.193617 val_mae=0.899245
2026-05-16 12:23:53,484 - INFO - Epoch 150/150 | train_loss=0.027837 | val_f1=0.148148 val_acc=0.222222 val_kappa=-0.145455 val_ccc=-0.111471 val_rmse=1.193519 val_mae=0.899153
2026-05-16 12:23:53,495 - INFO - Best checkpoint: checkpoints/Track1/A-V-G+P/ternary/avgp_repro_v1_ternary_seed7/best_model_2026-05-16-12.12.10.pth
2026-05-16 12:23:53,495 - INFO - Validation metrics saved to: logs/Track1/A-V-G+P/ternary/avgp_repro_v1_ternary_seed7/train_result_2026-05-16-12.12.10.json
