2026-05-16 13:06:26,723 - INFO - Experiment: avgp_baseline_clean_binary
2026-05-16 13:06:26,723 - INFO - Device: cuda
2026-05-16 13:06:26,723 - INFO - Train/Val: 78 / 9
2026-05-16 13:06:30,185 - INFO - Epoch 1/100 | train_loss=2.045497 | val_f1=0.400000 val_acc=0.666667 val_kappa=0.000000 val_ccc=-0.006290 val_rmse=0.821357 val_mae=0.686594
2026-05-16 13:06:33,348 - INFO - Epoch 2/100 | train_loss=1.522021 | val_f1=0.400000 val_acc=0.666667 val_kappa=0.000000 val_ccc=-0.008106 val_rmse=0.829336 val_mae=0.649650
2026-05-16 13:06:36,513 - INFO - Epoch 3/100 | train_loss=1.390047 | val_f1=0.400000 val_acc=0.666667 val_kappa=0.000000 val_ccc=-0.008917 val_rmse=0.823682 val_mae=0.695263
2026-05-16 13:06:39,486 - INFO - Epoch 4/100 | train_loss=1.452342 | val_f1=0.400000 val_acc=0.666667 val_kappa=0.000000 val_ccc=-0.007398 val_rmse=0.825884 val_mae=0.703698
2026-05-16 13:06:42,417 - INFO - Epoch 5/100 | train_loss=1.435553 | val_f1=0.400000 val_acc=0.666667 val_kappa=0.000000 val_ccc=-0.003453 val_rmse=0.821908 val_mae=0.694357
2026-05-16 13:06:45,410 - INFO - Epoch 6/100 | train_loss=1.390221 | val_f1=0.400000 val_acc=0.666667 val_kappa=0.000000 val_ccc=0.001627 val_rmse=0.838525 val_mae=0.731017
2026-05-16 13:06:48,387 - INFO - Epoch 7/100 | train_loss=1.406228 | val_f1=0.400000 val_acc=0.666667 val_kappa=0.000000 val_ccc=-0.001799 val_rmse=0.818120 val_mae=0.677518
2026-05-16 13:06:51,363 - INFO - Epoch 8/100 | train_loss=1.322610 | val_f1=0.400000 val_acc=0.666667 val_kappa=0.000000 val_ccc=-0.004717 val_rmse=0.820947 val_mae=0.690306
2026-05-16 13:06:54,275 - INFO - Epoch 9/100 | train_loss=1.269239 | val_f1=0.400000 val_acc=0.666667 val_kappa=0.000000 val_ccc=0.002179 val_rmse=0.819772 val_mae=0.695253
2026-05-16 13:06:57,145 - INFO - Epoch 10/100 | train_loss=1.226952 | val_f1=0.400000 val_acc=0.666667 val_kappa=0.000000 val_ccc=0.017636 val_rmse=0.810637 val_mae=0.657893
2026-05-16 13:06:59,987 - INFO - Epoch 11/100 | train_loss=1.155328 | val_f1=0.400000 val_acc=0.666667 val_kappa=0.000000 val_ccc=0.028614 val_rmse=0.818121 val_mae=0.708858
2026-05-16 13:07:02,803 - INFO - Epoch 12/100 | train_loss=1.041156 | val_f1=0.400000 val_acc=0.666667 val_kappa=0.000000 val_ccc=0.049237 val_rmse=0.813609 val_mae=0.706836
2026-05-16 13:07:05,605 - INFO - Epoch 13/100 | train_loss=0.838134 | val_f1=0.678571 val_acc=0.777778 val_kappa=0.400000 val_ccc=0.117950 val_rmse=0.792140 val_mae=0.585619
2026-05-16 13:07:08,452 - INFO - Epoch 14/100 | train_loss=0.697381 | val_f1=0.584615 val_acc=0.666667 val_kappa=0.181818 val_ccc=0.155060 val_rmse=0.783992 val_mae=0.598018
2026-05-16 13:07:11,202 - INFO - Epoch 15/100 | train_loss=0.457130 | val_f1=0.500000 val_acc=0.555556 val_kappa=0.000000 val_ccc=0.172047 val_rmse=0.834576 val_mae=0.602438
2026-05-16 13:07:14,011 - INFO - Epoch 16/100 | train_loss=0.418491 | val_f1=0.584615 val_acc=0.666667 val_kappa=0.181818 val_ccc=0.224733 val_rmse=0.765840 val_mae=0.578883
2026-05-16 13:07:16,803 - INFO - Epoch 17/100 | train_loss=0.341031 | val_f1=0.678571 val_acc=0.777778 val_kappa=0.400000 val_ccc=0.249367 val_rmse=0.746732 val_mae=0.585475
2026-05-16 13:07:19,638 - INFO - Epoch 18/100 | train_loss=0.314924 | val_f1=0.584615 val_acc=0.666667 val_kappa=0.181818 val_ccc=0.269126 val_rmse=0.754159 val_mae=0.573357
2026-05-16 13:07:22,486 - INFO - Epoch 19/100 | train_loss=0.229763 | val_f1=0.584615 val_acc=0.666667 val_kappa=0.181818 val_ccc=0.266312 val_rmse=0.754292 val_mae=0.569505
2026-05-16 13:07:25,369 - INFO - Epoch 20/100 | train_loss=0.246650 | val_f1=0.584615 val_acc=0.666667 val_kappa=0.181818 val_ccc=0.275963 val_rmse=0.772345 val_mae=0.570206
2026-05-16 13:07:28,505 - INFO - Epoch 21/100 | train_loss=0.205455 | val_f1=0.678571 val_acc=0.777778 val_kappa=0.400000 val_ccc=0.293214 val_rmse=0.745024 val_mae=0.565926
2026-05-16 13:07:31,699 - INFO - Epoch 22/100 | train_loss=0.151399 | val_f1=0.584615 val_acc=0.666667 val_kappa=0.181818 val_ccc=0.267314 val_rmse=0.764414 val_mae=0.591814
2026-05-16 13:07:34,738 - INFO - Epoch 23/100 | train_loss=0.155184 | val_f1=0.584615 val_acc=0.666667 val_kappa=0.181818 val_ccc=0.219201 val_rmse=0.813789 val_mae=0.617811
2026-05-16 13:07:37,779 - INFO - Epoch 24/100 | train_loss=0.169452 | val_f1=0.584615 val_acc=0.666667 val_kappa=0.181818 val_ccc=0.240531 val_rmse=0.812342 val_mae=0.609949
2026-05-16 13:07:40,720 - INFO - Epoch 25/100 | train_loss=0.175446 | val_f1=0.584615 val_acc=0.666667 val_kappa=0.181818 val_ccc=0.294912 val_rmse=0.741093 val_mae=0.583081
2026-05-16 13:07:43,586 - INFO - Epoch 26/100 | train_loss=0.167130 | val_f1=0.584615 val_acc=0.666667 val_kappa=0.181818 val_ccc=0.275663 val_rmse=0.754665 val_mae=0.591197
2026-05-16 13:07:46,579 - INFO - Epoch 27/100 | train_loss=0.156668 | val_f1=0.584615 val_acc=0.666667 val_kappa=0.181818 val_ccc=0.292052 val_rmse=0.744190 val_mae=0.589904
2026-05-16 13:07:49,508 - INFO - Epoch 28/100 | train_loss=0.100510 | val_f1=0.584615 val_acc=0.666667 val_kappa=0.181818 val_ccc=0.280645 val_rmse=0.751221 val_mae=0.587430
2026-05-16 13:07:52,587 - INFO - Epoch 29/100 | train_loss=0.113287 | val_f1=0.584615 val_acc=0.666667 val_kappa=0.181818 val_ccc=0.278264 val_rmse=0.756452 val_mae=0.593521
2026-05-16 13:07:55,590 - INFO - Epoch 30/100 | train_loss=0.121882 | val_f1=0.584615 val_acc=0.666667 val_kappa=0.181818 val_ccc=0.260345 val_rmse=0.781339 val_mae=0.609198
2026-05-16 13:07:58,620 - INFO - Epoch 31/100 | train_loss=0.170813 | val_f1=0.584615 val_acc=0.666667 val_kappa=0.181818 val_ccc=0.292706 val_rmse=0.741044 val_mae=0.584180
2026-05-16 13:08:01,572 - INFO - Epoch 32/100 | train_loss=0.155134 | val_f1=0.678571 val_acc=0.777778 val_kappa=0.400000 val_ccc=0.307928 val_rmse=0.737532 val_mae=0.584839
2026-05-16 13:08:04,505 - INFO - Epoch 33/100 | train_loss=0.124593 | val_f1=0.584615 val_acc=0.666667 val_kappa=0.181818 val_ccc=0.337650 val_rmse=0.716204 val_mae=0.577809
2026-05-16 13:08:07,493 - INFO - Epoch 34/100 | train_loss=0.124087 | val_f1=0.584615 val_acc=0.666667 val_kappa=0.181818 val_ccc=0.318909 val_rmse=0.719102 val_mae=0.569146
2026-05-16 13:08:10,506 - INFO - Epoch 35/100 | train_loss=0.091686 | val_f1=0.584615 val_acc=0.666667 val_kappa=0.181818 val_ccc=0.298977 val_rmse=0.741280 val_mae=0.577019
2026-05-16 13:08:13,426 - INFO - Epoch 36/100 | train_loss=0.092793 | val_f1=0.584615 val_acc=0.666667 val_kappa=0.181818 val_ccc=0.277661 val_rmse=0.790917 val_mae=0.594070
2026-05-16 13:08:16,423 - INFO - Epoch 37/100 | train_loss=0.078132 | val_f1=0.584615 val_acc=0.666667 val_kappa=0.181818 val_ccc=0.279856 val_rmse=0.779832 val_mae=0.601733
2026-05-16 13:08:19,463 - INFO - Epoch 38/100 | train_loss=0.097938 | val_f1=0.584615 val_acc=0.666667 val_kappa=0.181818 val_ccc=0.289515 val_rmse=0.751027 val_mae=0.593641
2026-05-16 13:08:22,511 - INFO - Epoch 39/100 | train_loss=0.107373 | val_f1=0.678571 val_acc=0.777778 val_kappa=0.400000 val_ccc=0.283175 val_rmse=0.778913 val_mae=0.600016
2026-05-16 13:08:25,503 - INFO - Epoch 40/100 | train_loss=0.116101 | val_f1=0.750000 val_acc=0.777778 val_kappa=0.500000 val_ccc=0.232167 val_rmse=0.841626 val_mae=0.629751
2026-05-16 13:08:28,507 - INFO - Epoch 41/100 | train_loss=0.112928 | val_f1=0.678571 val_acc=0.777778 val_kappa=0.400000 val_ccc=0.285171 val_rmse=0.742312 val_mae=0.605868
2026-05-16 13:08:31,457 - INFO - Epoch 42/100 | train_loss=0.118997 | val_f1=0.584615 val_acc=0.666667 val_kappa=0.181818 val_ccc=0.265699 val_rmse=0.765659 val_mae=0.594834
2026-05-16 13:08:34,524 - INFO - Epoch 43/100 | train_loss=0.074178 | val_f1=0.584615 val_acc=0.666667 val_kappa=0.181818 val_ccc=0.263685 val_rmse=0.779538 val_mae=0.593228
2026-05-16 13:08:37,552 - INFO - Epoch 44/100 | train_loss=0.075001 | val_f1=0.584615 val_acc=0.666667 val_kappa=0.181818 val_ccc=0.234855 val_rmse=0.811101 val_mae=0.608491
2026-05-16 13:08:40,549 - INFO - Epoch 45/100 | train_loss=0.123120 | val_f1=0.678571 val_acc=0.777778 val_kappa=0.400000 val_ccc=0.278236 val_rmse=0.760254 val_mae=0.590405
2026-05-16 13:08:43,467 - INFO - Epoch 46/100 | train_loss=0.082689 | val_f1=0.678571 val_acc=0.777778 val_kappa=0.400000 val_ccc=0.287373 val_rmse=0.736531 val_mae=0.601546
2026-05-16 13:08:46,359 - INFO - Epoch 47/100 | train_loss=0.091493 | val_f1=0.584615 val_acc=0.666667 val_kappa=0.181818 val_ccc=0.256324 val_rmse=0.761565 val_mae=0.601594
2026-05-16 13:08:49,328 - INFO - Epoch 48/100 | train_loss=0.092037 | val_f1=0.584615 val_acc=0.666667 val_kappa=0.181818 val_ccc=0.253462 val_rmse=0.793722 val_mae=0.610721
2026-05-16 13:08:52,289 - INFO - Epoch 49/100 | train_loss=0.080732 | val_f1=0.584615 val_acc=0.666667 val_kappa=0.181818 val_ccc=0.274242 val_rmse=0.759055 val_mae=0.612475
2026-05-16 13:08:55,411 - INFO - Epoch 50/100 | train_loss=0.072991 | val_f1=0.678571 val_acc=0.777778 val_kappa=0.400000 val_ccc=0.279910 val_rmse=0.757350 val_mae=0.609461
2026-05-16 13:08:58,490 - INFO - Epoch 51/100 | train_loss=0.082987 | val_f1=0.584615 val_acc=0.666667 val_kappa=0.181818 val_ccc=0.276181 val_rmse=0.747215 val_mae=0.619729
2026-05-16 13:09:01,613 - INFO - Epoch 52/100 | train_loss=0.061208 | val_f1=0.678571 val_acc=0.777778 val_kappa=0.400000 val_ccc=0.315716 val_rmse=0.734610 val_mae=0.600719
2026-05-16 13:09:04,759 - INFO - Epoch 53/100 | train_loss=0.105027 | val_f1=0.678571 val_acc=0.777778 val_kappa=0.400000 val_ccc=0.304697 val_rmse=0.731822 val_mae=0.602166
2026-05-16 13:09:07,874 - INFO - Epoch 54/100 | train_loss=0.078398 | val_f1=0.584615 val_acc=0.666667 val_kappa=0.181818 val_ccc=0.309631 val_rmse=0.753450 val_mae=0.579134
2026-05-16 13:09:11,010 - INFO - Epoch 55/100 | train_loss=0.076098 | val_f1=0.584615 val_acc=0.666667 val_kappa=0.181818 val_ccc=0.323178 val_rmse=0.727317 val_mae=0.592177
2026-05-16 13:09:13,901 - INFO - Epoch 56/100 | train_loss=0.069279 | val_f1=0.584615 val_acc=0.666667 val_kappa=0.181818 val_ccc=0.289625 val_rmse=0.758254 val_mae=0.591017
2026-05-16 13:09:16,924 - INFO - Epoch 57/100 | train_loss=0.102517 | val_f1=0.584615 val_acc=0.666667 val_kappa=0.181818 val_ccc=0.311416 val_rmse=0.733098 val_mae=0.598215
2026-05-16 13:09:19,927 - INFO - Epoch 58/100 | train_loss=0.067781 | val_f1=0.584615 val_acc=0.666667 val_kappa=0.181818 val_ccc=0.323823 val_rmse=0.742351 val_mae=0.572453
2026-05-16 13:09:22,869 - INFO - Epoch 59/100 | train_loss=0.063332 | val_f1=0.584615 val_acc=0.666667 val_kappa=0.181818 val_ccc=0.326775 val_rmse=0.736579 val_mae=0.570314
2026-05-16 13:09:25,867 - INFO - Epoch 60/100 | train_loss=0.078058 | val_f1=0.584615 val_acc=0.666667 val_kappa=0.181818 val_ccc=0.302279 val_rmse=0.773553 val_mae=0.582387
2026-05-16 13:09:28,804 - INFO - Epoch 61/100 | train_loss=0.101531 | val_f1=0.678571 val_acc=0.777778 val_kappa=0.400000 val_ccc=0.338470 val_rmse=0.728040 val_mae=0.578703
2026-05-16 13:09:31,669 - INFO - Epoch 62/100 | train_loss=0.080961 | val_f1=0.678571 val_acc=0.777778 val_kappa=0.400000 val_ccc=0.340823 val_rmse=0.739600 val_mae=0.571161
2026-05-16 13:09:34,654 - INFO - Epoch 63/100 | train_loss=0.133999 | val_f1=0.584615 val_acc=0.666667 val_kappa=0.181818 val_ccc=0.324624 val_rmse=0.741769 val_mae=0.579650
2026-05-16 13:09:37,835 - INFO - Epoch 64/100 | train_loss=0.087662 | val_f1=0.584615 val_acc=0.666667 val_kappa=0.181818 val_ccc=0.327770 val_rmse=0.733172 val_mae=0.581960
2026-05-16 13:09:40,930 - INFO - Epoch 65/100 | train_loss=0.076606 | val_f1=0.584615 val_acc=0.666667 val_kappa=0.181818 val_ccc=0.329041 val_rmse=0.728578 val_mae=0.586860
2026-05-16 13:09:44,099 - INFO - Epoch 66/100 | train_loss=0.064891 | val_f1=0.750000 val_acc=0.777778 val_kappa=0.500000 val_ccc=0.323708 val_rmse=0.736283 val_mae=0.576594
2026-05-16 13:09:47,120 - INFO - Epoch 67/100 | train_loss=0.055640 | val_f1=0.584615 val_acc=0.666667 val_kappa=0.181818 val_ccc=0.330061 val_rmse=0.726659 val_mae=0.580221
2026-05-16 13:09:50,097 - INFO - Epoch 68/100 | train_loss=0.073588 | val_f1=0.750000 val_acc=0.777778 val_kappa=0.500000 val_ccc=0.319147 val_rmse=0.748590 val_mae=0.571485
2026-05-16 13:09:53,212 - INFO - Epoch 69/100 | train_loss=0.072962 | val_f1=0.750000 val_acc=0.777778 val_kappa=0.500000 val_ccc=0.316480 val_rmse=0.744471 val_mae=0.575570
2026-05-16 13:09:56,208 - INFO - Epoch 70/100 | train_loss=0.071155 | val_f1=0.584615 val_acc=0.666667 val_kappa=0.181818 val_ccc=0.326934 val_rmse=0.734655 val_mae=0.584650
2026-05-16 13:09:59,249 - INFO - Epoch 71/100 | train_loss=0.054581 | val_f1=0.584615 val_acc=0.666667 val_kappa=0.181818 val_ccc=0.318487 val_rmse=0.743735 val_mae=0.585516
2026-05-16 13:10:02,302 - INFO - Epoch 72/100 | train_loss=0.074387 | val_f1=0.584615 val_acc=0.666667 val_kappa=0.181818 val_ccc=0.322681 val_rmse=0.734074 val_mae=0.590090
2026-05-16 13:10:05,280 - INFO - Epoch 73/100 | train_loss=0.059218 | val_f1=0.750000 val_acc=0.777778 val_kappa=0.500000 val_ccc=0.303866 val_rmse=0.761786 val_mae=0.579773
2026-05-16 13:10:08,365 - INFO - Epoch 74/100 | train_loss=0.092276 | val_f1=0.584615 val_acc=0.666667 val_kappa=0.181818 val_ccc=0.317607 val_rmse=0.741493 val_mae=0.591227
2026-05-16 13:10:11,514 - INFO - Epoch 75/100 | train_loss=0.092937 | val_f1=0.584615 val_acc=0.666667 val_kappa=0.181818 val_ccc=0.326223 val_rmse=0.731174 val_mae=0.600612
2026-05-16 13:10:14,713 - INFO - Epoch 76/100 | train_loss=0.079141 | val_f1=0.584615 val_acc=0.666667 val_kappa=0.181818 val_ccc=0.311581 val_rmse=0.766424 val_mae=0.583180
2026-05-16 13:10:17,860 - INFO - Epoch 77/100 | train_loss=0.056442 | val_f1=0.584615 val_acc=0.666667 val_kappa=0.181818 val_ccc=0.329077 val_rmse=0.736831 val_mae=0.600190
2026-05-16 13:10:20,915 - INFO - Epoch 78/100 | train_loss=0.050206 | val_f1=0.678571 val_acc=0.777778 val_kappa=0.400000 val_ccc=0.334131 val_rmse=0.729675 val_mae=0.602977
2026-05-16 13:10:23,955 - INFO - Epoch 79/100 | train_loss=0.060773 | val_f1=0.584615 val_acc=0.666667 val_kappa=0.181818 val_ccc=0.326624 val_rmse=0.752577 val_mae=0.585747
2026-05-16 13:10:27,054 - INFO - Epoch 80/100 | train_loss=0.062296 | val_f1=0.584615 val_acc=0.666667 val_kappa=0.181818 val_ccc=0.325756 val_rmse=0.750206 val_mae=0.587641
2026-05-16 13:10:30,182 - INFO - Epoch 81/100 | train_loss=0.059375 | val_f1=0.584615 val_acc=0.666667 val_kappa=0.181818 val_ccc=0.326556 val_rmse=0.739560 val_mae=0.595606
2026-05-16 13:10:33,187 - INFO - Epoch 82/100 | train_loss=0.054100 | val_f1=0.584615 val_acc=0.666667 val_kappa=0.181818 val_ccc=0.325845 val_rmse=0.739703 val_mae=0.595470
2026-05-16 13:10:36,239 - INFO - Epoch 83/100 | train_loss=0.050423 | val_f1=0.584615 val_acc=0.666667 val_kappa=0.181818 val_ccc=0.324109 val_rmse=0.746901 val_mae=0.590920
2026-05-16 13:10:39,180 - INFO - Epoch 84/100 | train_loss=0.069604 | val_f1=0.584615 val_acc=0.666667 val_kappa=0.181818 val_ccc=0.322762 val_rmse=0.750976 val_mae=0.587798
2026-05-16 13:10:42,260 - INFO - Epoch 85/100 | train_loss=0.054251 | val_f1=0.584615 val_acc=0.666667 val_kappa=0.181818 val_ccc=0.325239 val_rmse=0.750018 val_mae=0.586594
2026-05-16 13:10:45,541 - INFO - Epoch 86/100 | train_loss=0.062268 | val_f1=0.584615 val_acc=0.666667 val_kappa=0.181818 val_ccc=0.323425 val_rmse=0.752789 val_mae=0.585165
2026-05-16 13:10:48,823 - INFO - Epoch 87/100 | train_loss=0.062787 | val_f1=0.584615 val_acc=0.666667 val_kappa=0.181818 val_ccc=0.322781 val_rmse=0.753114 val_mae=0.585791
2026-05-16 13:10:51,768 - INFO - Epoch 88/100 | train_loss=0.065078 | val_f1=0.584615 val_acc=0.666667 val_kappa=0.181818 val_ccc=0.320049 val_rmse=0.755698 val_mae=0.585478
2026-05-16 13:10:54,690 - INFO - Epoch 89/100 | train_loss=0.047325 | val_f1=0.584615 val_acc=0.666667 val_kappa=0.181818 val_ccc=0.320415 val_rmse=0.750837 val_mae=0.588836
2026-05-16 13:10:57,662 - INFO - Epoch 90/100 | train_loss=0.059358 | val_f1=0.584615 val_acc=0.666667 val_kappa=0.181818 val_ccc=0.318008 val_rmse=0.754298 val_mae=0.587420
2026-05-16 13:11:00,718 - INFO - Epoch 91/100 | train_loss=0.070571 | val_f1=0.584615 val_acc=0.666667 val_kappa=0.181818 val_ccc=0.318689 val_rmse=0.753230 val_mae=0.587866
2026-05-16 13:11:03,740 - INFO - Epoch 92/100 | train_loss=0.085166 | val_f1=0.584615 val_acc=0.666667 val_kappa=0.181818 val_ccc=0.318288 val_rmse=0.753018 val_mae=0.588212
2026-05-16 13:11:06,878 - INFO - Epoch 93/100 | train_loss=0.118534 | val_f1=0.584615 val_acc=0.666667 val_kappa=0.181818 val_ccc=0.318876 val_rmse=0.752118 val_mae=0.589071
2026-05-16 13:11:09,723 - INFO - Epoch 94/100 | train_loss=0.063494 | val_f1=0.584615 val_acc=0.666667 val_kappa=0.181818 val_ccc=0.318255 val_rmse=0.754039 val_mae=0.588044
2026-05-16 13:11:12,642 - INFO - Epoch 95/100 | train_loss=0.070757 | val_f1=0.584615 val_acc=0.666667 val_kappa=0.181818 val_ccc=0.317425 val_rmse=0.755521 val_mae=0.587361
2026-05-16 13:11:15,568 - INFO - Epoch 96/100 | train_loss=0.069767 | val_f1=0.584615 val_acc=0.666667 val_kappa=0.181818 val_ccc=0.317556 val_rmse=0.755090 val_mae=0.587502
2026-05-16 13:11:18,499 - INFO - Epoch 97/100 | train_loss=0.064399 | val_f1=0.584615 val_acc=0.666667 val_kappa=0.181818 val_ccc=0.318085 val_rmse=0.754356 val_mae=0.587787
2026-05-16 13:11:21,415 - INFO - Epoch 98/100 | train_loss=0.049764 | val_f1=0.584615 val_acc=0.666667 val_kappa=0.181818 val_ccc=0.318254 val_rmse=0.754196 val_mae=0.587771
2026-05-16 13:11:24,370 - INFO - Epoch 99/100 | train_loss=0.079257 | val_f1=0.584615 val_acc=0.666667 val_kappa=0.181818 val_ccc=0.318257 val_rmse=0.754202 val_mae=0.587743
2026-05-16 13:11:27,422 - INFO - Epoch 100/100 | train_loss=0.056329 | val_f1=0.584615 val_acc=0.666667 val_kappa=0.181818 val_ccc=0.318274 val_rmse=0.754172 val_mae=0.587754
2026-05-16 13:11:27,425 - INFO - Best checkpoint: checkpoints/Track1/A-V-G+P/binary/avgp_baseline_clean_binary/best_model_2026-05-16-13.06.25.pth
2026-05-16 13:11:27,425 - INFO - Validation metrics saved to: logs/Track1/A-V-G+P/binary/avgp_baseline_clean_binary/train_result_2026-05-16-13.06.25.json
