2026-05-16 13:06:26,903 - INFO - Experiment: avgp_baseline_clean_ternary
2026-05-16 13:06:26,904 - INFO - Device: cuda
2026-05-16 13:06:26,904 - INFO - Train/Val: 78 / 9
2026-05-16 13:06:31,694 - INFO - Epoch 1/150 | train_loss=2.154055 | val_f1=0.266667 val_acc=0.666667 val_kappa=0.000000 val_ccc=0.011701 val_rmse=0.607576 val_mae=0.494652
2026-05-16 13:06:36,307 - INFO - Epoch 2/150 | train_loss=1.777319 | val_f1=0.266667 val_acc=0.666667 val_kappa=0.000000 val_ccc=0.001887 val_rmse=0.723209 val_mae=0.615885
2026-05-16 13:06:40,704 - INFO - Epoch 3/150 | train_loss=1.820710 | val_f1=0.266667 val_acc=0.666667 val_kappa=0.000000 val_ccc=0.001821 val_rmse=0.667644 val_mae=0.554489
2026-05-16 13:06:45,119 - INFO - Epoch 4/150 | train_loss=1.721885 | val_f1=0.266667 val_acc=0.666667 val_kappa=0.000000 val_ccc=-0.007007 val_rmse=0.674170 val_mae=0.559946
2026-05-16 13:06:49,467 - INFO - Epoch 5/150 | train_loss=1.623717 | val_f1=0.266667 val_acc=0.666667 val_kappa=0.000000 val_ccc=-0.011478 val_rmse=0.681991 val_mae=0.568091
2026-05-16 13:06:54,011 - INFO - Epoch 6/150 | train_loss=1.710838 | val_f1=0.266667 val_acc=0.666667 val_kappa=0.000000 val_ccc=-0.019431 val_rmse=0.702173 val_mae=0.588148
2026-05-16 13:06:58,547 - INFO - Epoch 7/150 | train_loss=1.709795 | val_f1=0.266667 val_acc=0.666667 val_kappa=0.000000 val_ccc=-0.017636 val_rmse=0.692147 val_mae=0.577236
2026-05-16 13:07:03,209 - INFO - Epoch 8/150 | train_loss=1.800452 | val_f1=0.266667 val_acc=0.666667 val_kappa=0.000000 val_ccc=-0.025081 val_rmse=0.674228 val_mae=0.552638
2026-05-16 13:07:07,753 - INFO - Epoch 9/150 | train_loss=1.732388 | val_f1=0.266667 val_acc=0.666667 val_kappa=0.000000 val_ccc=-0.026189 val_rmse=0.706547 val_mae=0.588973
2026-05-16 13:07:12,276 - INFO - Epoch 10/150 | train_loss=1.647832 | val_f1=0.266667 val_acc=0.666667 val_kappa=0.000000 val_ccc=-0.030100 val_rmse=0.668664 val_mae=0.541354
2026-05-16 13:07:16,596 - INFO - Epoch 11/150 | train_loss=1.749440 | val_f1=0.266667 val_acc=0.666667 val_kappa=0.000000 val_ccc=-0.030784 val_rmse=0.679572 val_mae=0.554961
2026-05-16 13:07:21,036 - INFO - Epoch 12/150 | train_loss=1.732349 | val_f1=0.266667 val_acc=0.666667 val_kappa=0.000000 val_ccc=-0.027860 val_rmse=0.678541 val_mae=0.553357
2026-05-16 13:07:25,483 - INFO - Epoch 13/150 | train_loss=1.636230 | val_f1=0.266667 val_acc=0.666667 val_kappa=0.000000 val_ccc=-0.031614 val_rmse=0.721123 val_mae=0.601058
2026-05-16 13:07:29,863 - INFO - Epoch 14/150 | train_loss=1.714471 | val_f1=0.266667 val_acc=0.666667 val_kappa=0.000000 val_ccc=-0.047317 val_rmse=0.653150 val_mae=0.528010
2026-05-16 13:07:34,314 - INFO - Epoch 15/150 | train_loss=1.669098 | val_f1=0.266667 val_acc=0.666667 val_kappa=0.000000 val_ccc=-0.046042 val_rmse=0.740178 val_mae=0.615676
2026-05-16 13:07:38,932 - INFO - Epoch 16/150 | train_loss=1.667999 | val_f1=0.266667 val_acc=0.666667 val_kappa=0.000000 val_ccc=-0.059431 val_rmse=0.655373 val_mae=0.534476
2026-05-16 13:07:43,335 - INFO - Epoch 17/150 | train_loss=1.613930 | val_f1=0.266667 val_acc=0.666667 val_kappa=0.000000 val_ccc=-0.061223 val_rmse=0.723824 val_mae=0.590630
2026-05-16 13:07:47,584 - INFO - Epoch 18/150 | train_loss=1.615523 | val_f1=0.266667 val_acc=0.666667 val_kappa=0.000000 val_ccc=-0.080636 val_rmse=0.736054 val_mae=0.600842
2026-05-16 13:07:51,861 - INFO - Epoch 19/150 | train_loss=1.528444 | val_f1=0.238095 val_acc=0.555556 val_kappa=-0.161290 val_ccc=-0.094907 val_rmse=0.663966 val_mae=0.554439
2026-05-16 13:07:56,193 - INFO - Epoch 20/150 | train_loss=1.538614 | val_f1=0.238095 val_acc=0.555556 val_kappa=-0.161290 val_ccc=-0.077799 val_rmse=0.704277 val_mae=0.583397
2026-05-16 13:08:00,688 - INFO - Epoch 21/150 | train_loss=1.426603 | val_f1=0.266667 val_acc=0.666667 val_kappa=0.000000 val_ccc=-0.107018 val_rmse=0.733986 val_mae=0.611285
2026-05-16 13:08:05,182 - INFO - Epoch 22/150 | train_loss=1.383894 | val_f1=0.266667 val_acc=0.666667 val_kappa=0.000000 val_ccc=-0.076041 val_rmse=0.813633 val_mae=0.672337
2026-05-16 13:08:09,677 - INFO - Epoch 23/150 | train_loss=1.327497 | val_f1=0.423077 val_acc=0.666667 val_kappa=0.228571 val_ccc=-0.099558 val_rmse=0.670993 val_mae=0.589195
2026-05-16 13:08:14,197 - INFO - Epoch 24/150 | train_loss=1.423588 | val_f1=0.266667 val_acc=0.666667 val_kappa=0.000000 val_ccc=-0.066993 val_rmse=0.823764 val_mae=0.685379
2026-05-16 13:08:18,660 - INFO - Epoch 25/150 | train_loss=1.225089 | val_f1=0.266667 val_acc=0.666667 val_kappa=0.000000 val_ccc=-0.044468 val_rmse=1.116229 val_mae=0.873503
2026-05-16 13:08:23,052 - INFO - Epoch 26/150 | train_loss=1.347379 | val_f1=0.238095 val_acc=0.555556 val_kappa=-0.161290 val_ccc=-0.116942 val_rmse=0.787619 val_mae=0.658429
2026-05-16 13:08:27,551 - INFO - Epoch 27/150 | train_loss=1.193080 | val_f1=0.238095 val_acc=0.555556 val_kappa=-0.161290 val_ccc=-0.049062 val_rmse=0.664317 val_mae=0.586012
2026-05-16 13:08:32,094 - INFO - Epoch 28/150 | train_loss=1.081514 | val_f1=0.238095 val_acc=0.555556 val_kappa=-0.125000 val_ccc=0.006865 val_rmse=0.665485 val_mae=0.582950
2026-05-16 13:08:36,479 - INFO - Epoch 29/150 | train_loss=1.030097 | val_f1=0.238095 val_acc=0.555556 val_kappa=-0.161290 val_ccc=-0.180433 val_rmse=0.744717 val_mae=0.653365
2026-05-16 13:08:40,932 - INFO - Epoch 30/150 | train_loss=0.993889 | val_f1=0.238095 val_acc=0.555556 val_kappa=-0.125000 val_ccc=-0.097761 val_rmse=0.879144 val_mae=0.751017
2026-05-16 13:08:45,343 - INFO - Epoch 31/150 | train_loss=1.048023 | val_f1=0.238095 val_acc=0.555556 val_kappa=-0.161290 val_ccc=-0.075986 val_rmse=0.879398 val_mae=0.751483
2026-05-16 13:08:49,775 - INFO - Epoch 32/150 | train_loss=0.900971 | val_f1=0.238095 val_acc=0.555556 val_kappa=-0.161290 val_ccc=-0.193210 val_rmse=0.752824 val_mae=0.673331
2026-05-16 13:08:54,277 - INFO - Epoch 33/150 | train_loss=0.868011 | val_f1=0.238095 val_acc=0.555556 val_kappa=-0.161290 val_ccc=-0.155854 val_rmse=0.843356 val_mae=0.720049
2026-05-16 13:08:58,877 - INFO - Epoch 34/150 | train_loss=0.846304 | val_f1=0.266667 val_acc=0.666667 val_kappa=0.000000 val_ccc=-0.100104 val_rmse=0.979581 val_mae=0.806081
2026-05-16 13:09:03,314 - INFO - Epoch 35/150 | train_loss=0.829722 | val_f1=0.238095 val_acc=0.555556 val_kappa=-0.161290 val_ccc=-0.174978 val_rmse=0.907394 val_mae=0.779169
2026-05-16 13:09:07,877 - INFO - Epoch 36/150 | train_loss=0.690931 | val_f1=0.238095 val_acc=0.555556 val_kappa=-0.161290 val_ccc=-0.195529 val_rmse=0.845705 val_mae=0.742192
2026-05-16 13:09:12,474 - INFO - Epoch 37/150 | train_loss=0.640715 | val_f1=0.238095 val_acc=0.555556 val_kappa=-0.161290 val_ccc=-0.118863 val_rmse=0.748674 val_mae=0.651592
2026-05-16 13:09:16,858 - INFO - Epoch 38/150 | train_loss=0.516531 | val_f1=0.238095 val_acc=0.555556 val_kappa=-0.161290 val_ccc=-0.096630 val_rmse=0.860362 val_mae=0.753814
2026-05-16 13:09:21,233 - INFO - Epoch 39/150 | train_loss=0.552245 | val_f1=0.238095 val_acc=0.555556 val_kappa=-0.125000 val_ccc=-0.140463 val_rmse=0.846124 val_mae=0.754274
2026-05-16 13:09:25,573 - INFO - Epoch 40/150 | train_loss=0.454839 | val_f1=0.238095 val_acc=0.555556 val_kappa=-0.161290 val_ccc=-0.121882 val_rmse=0.764239 val_mae=0.672715
2026-05-16 13:09:29,924 - INFO - Epoch 41/150 | train_loss=0.439562 | val_f1=0.238095 val_acc=0.555556 val_kappa=-0.125000 val_ccc=-0.099123 val_rmse=0.774864 val_mae=0.702060
2026-05-16 13:09:34,275 - INFO - Epoch 42/150 | train_loss=0.461431 | val_f1=0.238095 val_acc=0.555556 val_kappa=-0.125000 val_ccc=-0.152979 val_rmse=0.864307 val_mae=0.774905
2026-05-16 13:09:38,676 - INFO - Epoch 43/150 | train_loss=0.410870 | val_f1=0.238095 val_acc=0.555556 val_kappa=-0.161290 val_ccc=-0.076857 val_rmse=0.745079 val_mae=0.675122
2026-05-16 13:09:43,132 - INFO - Epoch 44/150 | train_loss=0.452382 | val_f1=0.238095 val_acc=0.555556 val_kappa=-0.161290 val_ccc=-0.128061 val_rmse=0.786452 val_mae=0.718544
2026-05-16 13:09:47,544 - INFO - Epoch 45/150 | train_loss=0.349786 | val_f1=0.238095 val_acc=0.555556 val_kappa=-0.161290 val_ccc=-0.086627 val_rmse=0.764049 val_mae=0.696493
2026-05-16 13:09:52,029 - INFO - Epoch 46/150 | train_loss=0.311281 | val_f1=0.238095 val_acc=0.555556 val_kappa=-0.125000 val_ccc=-0.111185 val_rmse=0.804541 val_mae=0.722442
2026-05-16 13:09:56,623 - INFO - Epoch 47/150 | train_loss=0.365621 | val_f1=0.238095 val_acc=0.555556 val_kappa=-0.161290 val_ccc=-0.023298 val_rmse=0.716629 val_mae=0.659652
2026-05-16 13:10:01,139 - INFO - Epoch 48/150 | train_loss=0.337111 | val_f1=0.238095 val_acc=0.555556 val_kappa=-0.125000 val_ccc=-0.042073 val_rmse=0.737569 val_mae=0.692538
2026-05-16 13:10:05,783 - INFO - Epoch 49/150 | train_loss=0.270476 | val_f1=0.238095 val_acc=0.555556 val_kappa=-0.161290 val_ccc=-0.095752 val_rmse=0.766659 val_mae=0.696472
2026-05-16 13:10:10,663 - INFO - Epoch 50/150 | train_loss=0.231329 | val_f1=0.238095 val_acc=0.555556 val_kappa=-0.125000 val_ccc=-0.078160 val_rmse=0.751865 val_mae=0.669313
2026-05-16 13:10:15,462 - INFO - Epoch 51/150 | train_loss=0.332317 | val_f1=0.238095 val_acc=0.555556 val_kappa=-0.161290 val_ccc=-0.130815 val_rmse=0.816440 val_mae=0.732994
2026-05-16 13:10:20,027 - INFO - Epoch 52/150 | train_loss=0.225674 | val_f1=0.238095 val_acc=0.555556 val_kappa=-0.161290 val_ccc=-0.198560 val_rmse=0.850220 val_mae=0.761405
2026-05-16 13:10:24,491 - INFO - Epoch 53/150 | train_loss=0.209979 | val_f1=0.238095 val_acc=0.555556 val_kappa=-0.161290 val_ccc=-0.196687 val_rmse=0.857912 val_mae=0.767669
2026-05-16 13:10:28,989 - INFO - Epoch 54/150 | train_loss=0.211554 | val_f1=0.238095 val_acc=0.555556 val_kappa=-0.125000 val_ccc=-0.154992 val_rmse=0.788951 val_mae=0.706853
2026-05-16 13:10:33,404 - INFO - Epoch 55/150 | train_loss=0.165322 | val_f1=0.238095 val_acc=0.555556 val_kappa=-0.161290 val_ccc=-0.121433 val_rmse=0.766985 val_mae=0.697731
2026-05-16 13:10:37,855 - INFO - Epoch 56/150 | train_loss=0.182086 | val_f1=0.238095 val_acc=0.555556 val_kappa=-0.161290 val_ccc=-0.203256 val_rmse=0.913143 val_mae=0.807766
2026-05-16 13:10:42,662 - INFO - Epoch 57/150 | train_loss=0.139415 | val_f1=0.238095 val_acc=0.555556 val_kappa=-0.161290 val_ccc=-0.164077 val_rmse=0.936709 val_mae=0.805481
2026-05-16 13:10:47,199 - INFO - Epoch 58/150 | train_loss=0.200723 | val_f1=0.238095 val_acc=0.555556 val_kappa=-0.161290 val_ccc=-0.114769 val_rmse=0.741401 val_mae=0.676346
2026-05-16 13:10:51,525 - INFO - Epoch 59/150 | train_loss=0.123628 | val_f1=0.238095 val_acc=0.555556 val_kappa=-0.125000 val_ccc=-0.127138 val_rmse=0.741326 val_mae=0.659711
2026-05-16 13:10:55,815 - INFO - Epoch 60/150 | train_loss=0.119953 | val_f1=0.238095 val_acc=0.555556 val_kappa=-0.125000 val_ccc=-0.159281 val_rmse=0.765870 val_mae=0.684155
2026-05-16 13:11:00,242 - INFO - Epoch 61/150 | train_loss=0.109892 | val_f1=0.238095 val_acc=0.555556 val_kappa=-0.161290 val_ccc=-0.187173 val_rmse=0.802730 val_mae=0.721633
2026-05-16 13:11:04,551 - INFO - Epoch 62/150 | train_loss=0.104355 | val_f1=0.238095 val_acc=0.555556 val_kappa=-0.125000 val_ccc=-0.237911 val_rmse=0.814176 val_mae=0.730896
2026-05-16 13:11:08,900 - INFO - Epoch 63/150 | train_loss=0.158663 | val_f1=0.238095 val_acc=0.555556 val_kappa=-0.161290 val_ccc=-0.174107 val_rmse=0.840680 val_mae=0.761169
2026-05-16 13:11:13,193 - INFO - Epoch 64/150 | train_loss=0.120429 | val_f1=0.238095 val_acc=0.555556 val_kappa=-0.161290 val_ccc=-0.172602 val_rmse=0.825428 val_mae=0.746850
2026-05-16 13:11:17,679 - INFO - Epoch 65/150 | train_loss=0.108893 | val_f1=0.238095 val_acc=0.555556 val_kappa=-0.161290 val_ccc=-0.138561 val_rmse=0.744896 val_mae=0.674530
2026-05-16 13:11:22,180 - INFO - Epoch 66/150 | train_loss=0.099710 | val_f1=0.238095 val_acc=0.555556 val_kappa=-0.125000 val_ccc=-0.285348 val_rmse=0.844844 val_mae=0.747806
2026-05-16 13:11:26,720 - INFO - Epoch 67/150 | train_loss=0.081644 | val_f1=0.238095 val_acc=0.555556 val_kappa=-0.161290 val_ccc=-0.192466 val_rmse=0.768040 val_mae=0.686880
2026-05-16 13:11:31,129 - INFO - Epoch 68/150 | train_loss=0.081781 | val_f1=0.238095 val_acc=0.555556 val_kappa=-0.125000 val_ccc=-0.213558 val_rmse=0.822097 val_mae=0.740910
2026-05-16 13:11:35,490 - INFO - Epoch 69/150 | train_loss=0.100760 | val_f1=0.238095 val_acc=0.555556 val_kappa=-0.161290 val_ccc=-0.160998 val_rmse=0.756834 val_mae=0.679824
2026-05-16 13:11:39,827 - INFO - Epoch 70/150 | train_loss=0.094557 | val_f1=0.256410 val_acc=0.555556 val_kappa=0.000000 val_ccc=-0.045080 val_rmse=0.737411 val_mae=0.658988
2026-05-16 13:11:44,165 - INFO - Epoch 71/150 | train_loss=0.139153 | val_f1=0.238095 val_acc=0.555556 val_kappa=-0.161290 val_ccc=-0.202883 val_rmse=0.802346 val_mae=0.709798
2026-05-16 13:11:48,529 - INFO - Epoch 72/150 | train_loss=0.118231 | val_f1=0.238095 val_acc=0.555556 val_kappa=-0.125000 val_ccc=-0.142188 val_rmse=0.783401 val_mae=0.702943
2026-05-16 13:11:52,837 - INFO - Epoch 73/150 | train_loss=0.149635 | val_f1=0.238095 val_acc=0.555556 val_kappa=-0.161290 val_ccc=-0.130916 val_rmse=0.751046 val_mae=0.683141
2026-05-16 13:11:57,162 - INFO - Epoch 74/150 | train_loss=0.092790 | val_f1=0.238095 val_acc=0.555556 val_kappa=-0.161290 val_ccc=-0.198344 val_rmse=0.817651 val_mae=0.729657
2026-05-16 13:12:01,553 - INFO - Epoch 75/150 | train_loss=0.076657 | val_f1=0.238095 val_acc=0.555556 val_kappa=-0.125000 val_ccc=-0.250903 val_rmse=0.832437 val_mae=0.748746
2026-05-16 13:12:05,910 - INFO - Epoch 76/150 | train_loss=0.088359 | val_f1=0.238095 val_acc=0.555556 val_kappa=-0.161290 val_ccc=-0.245506 val_rmse=0.821004 val_mae=0.727186
2026-05-16 13:12:10,259 - INFO - Epoch 77/150 | train_loss=0.079265 | val_f1=0.238095 val_acc=0.555556 val_kappa=-0.125000 val_ccc=-0.216370 val_rmse=0.824881 val_mae=0.745506
2026-05-16 13:12:14,593 - INFO - Epoch 78/150 | train_loss=0.090538 | val_f1=0.238095 val_acc=0.555556 val_kappa=-0.125000 val_ccc=-0.189926 val_rmse=0.828427 val_mae=0.739906
2026-05-16 13:12:18,950 - INFO - Epoch 79/150 | train_loss=0.071882 | val_f1=0.238095 val_acc=0.555556 val_kappa=-0.161290 val_ccc=-0.177574 val_rmse=0.837209 val_mae=0.749768
2026-05-16 13:12:23,306 - INFO - Epoch 80/150 | train_loss=0.086149 | val_f1=0.238095 val_acc=0.555556 val_kappa=-0.161290 val_ccc=-0.084554 val_rmse=0.727556 val_mae=0.668149
2026-05-16 13:12:27,666 - INFO - Epoch 81/150 | train_loss=0.070065 | val_f1=0.238095 val_acc=0.555556 val_kappa=-0.161290 val_ccc=-0.081003 val_rmse=0.735337 val_mae=0.668030
2026-05-16 13:12:31,969 - INFO - Epoch 82/150 | train_loss=0.079085 | val_f1=0.238095 val_acc=0.555556 val_kappa=-0.125000 val_ccc=-0.184411 val_rmse=0.854007 val_mae=0.761010
2026-05-16 13:12:36,309 - INFO - Epoch 83/150 | train_loss=0.087541 | val_f1=0.238095 val_acc=0.555556 val_kappa=-0.161290 val_ccc=-0.171452 val_rmse=0.814594 val_mae=0.726110
2026-05-16 13:12:40,638 - INFO - Epoch 84/150 | train_loss=0.071763 | val_f1=0.238095 val_acc=0.555556 val_kappa=-0.161290 val_ccc=-0.107676 val_rmse=0.800858 val_mae=0.718283
2026-05-16 13:12:44,980 - INFO - Epoch 85/150 | train_loss=0.047066 | val_f1=0.238095 val_acc=0.555556 val_kappa=-0.161290 val_ccc=-0.152754 val_rmse=0.782718 val_mae=0.701924
2026-05-16 13:12:49,300 - INFO - Epoch 86/150 | train_loss=0.077483 | val_f1=0.238095 val_acc=0.555556 val_kappa=-0.161290 val_ccc=-0.186260 val_rmse=0.796175 val_mae=0.706110
2026-05-16 13:12:53,609 - INFO - Epoch 87/150 | train_loss=0.080236 | val_f1=0.238095 val_acc=0.555556 val_kappa=-0.161290 val_ccc=-0.202199 val_rmse=0.812735 val_mae=0.723949
2026-05-16 13:12:57,926 - INFO - Epoch 88/150 | train_loss=0.094983 | val_f1=0.238095 val_acc=0.555556 val_kappa=-0.161290 val_ccc=-0.196485 val_rmse=0.802386 val_mae=0.710688
2026-05-16 13:13:02,462 - INFO - Epoch 89/150 | train_loss=0.050926 | val_f1=0.238095 val_acc=0.555556 val_kappa=-0.161290 val_ccc=-0.168244 val_rmse=0.793335 val_mae=0.709603
2026-05-16 13:13:06,876 - INFO - Epoch 90/150 | train_loss=0.063368 | val_f1=0.238095 val_acc=0.555556 val_kappa=-0.161290 val_ccc=-0.198144 val_rmse=0.807062 val_mae=0.720901
2026-05-16 13:13:11,363 - INFO - Epoch 91/150 | train_loss=0.066680 | val_f1=0.238095 val_acc=0.555556 val_kappa=-0.161290 val_ccc=-0.169789 val_rmse=0.795264 val_mae=0.703822
2026-05-16 13:13:15,924 - INFO - Epoch 92/150 | train_loss=0.061652 | val_f1=0.238095 val_acc=0.555556 val_kappa=-0.161290 val_ccc=-0.151690 val_rmse=0.773929 val_mae=0.675905
2026-05-16 13:13:20,264 - INFO - Epoch 93/150 | train_loss=0.098389 | val_f1=0.238095 val_acc=0.555556 val_kappa=-0.161290 val_ccc=-0.176288 val_rmse=0.829198 val_mae=0.739429
2026-05-16 13:13:24,589 - INFO - Epoch 94/150 | train_loss=0.067547 | val_f1=0.238095 val_acc=0.555556 val_kappa=-0.161290 val_ccc=-0.187647 val_rmse=0.866310 val_mae=0.771808
2026-05-16 13:13:28,966 - INFO - Epoch 95/150 | train_loss=0.053778 | val_f1=0.238095 val_acc=0.555556 val_kappa=-0.161290 val_ccc=-0.214983 val_rmse=0.880794 val_mae=0.781135
2026-05-16 13:13:33,366 - INFO - Epoch 96/150 | train_loss=0.058830 | val_f1=0.238095 val_acc=0.555556 val_kappa=-0.161290 val_ccc=-0.218648 val_rmse=0.829781 val_mae=0.730663
2026-05-16 13:13:37,706 - INFO - Epoch 97/150 | train_loss=0.047853 | val_f1=0.238095 val_acc=0.555556 val_kappa=-0.161290 val_ccc=-0.182528 val_rmse=0.797730 val_mae=0.711782
2026-05-16 13:13:42,085 - INFO - Epoch 98/150 | train_loss=0.075085 | val_f1=0.238095 val_acc=0.555556 val_kappa=-0.161290 val_ccc=-0.213583 val_rmse=0.822031 val_mae=0.728038
2026-05-16 13:13:46,466 - INFO - Epoch 99/150 | train_loss=0.059222 | val_f1=0.238095 val_acc=0.555556 val_kappa=-0.161290 val_ccc=-0.181806 val_rmse=0.803237 val_mae=0.715797
2026-05-16 13:13:50,884 - INFO - Epoch 100/150 | train_loss=0.067763 | val_f1=0.238095 val_acc=0.555556 val_kappa=-0.161290 val_ccc=-0.171721 val_rmse=0.799329 val_mae=0.709972
2026-05-16 13:13:55,240 - INFO - Epoch 101/150 | train_loss=0.064391 | val_f1=0.238095 val_acc=0.555556 val_kappa=-0.161290 val_ccc=-0.155134 val_rmse=0.814454 val_mae=0.727575
2026-05-16 13:13:59,600 - INFO - Epoch 102/150 | train_loss=0.046506 | val_f1=0.238095 val_acc=0.555556 val_kappa=-0.161290 val_ccc=-0.210052 val_rmse=0.866113 val_mae=0.767778
2026-05-16 13:14:03,934 - INFO - Epoch 103/150 | train_loss=0.060172 | val_f1=0.238095 val_acc=0.555556 val_kappa=-0.161290 val_ccc=-0.206032 val_rmse=0.843931 val_mae=0.744914
2026-05-16 13:14:08,307 - INFO - Epoch 104/150 | train_loss=0.057124 | val_f1=0.238095 val_acc=0.555556 val_kappa=-0.161290 val_ccc=-0.178765 val_rmse=0.868527 val_mae=0.772303
2026-05-16 13:14:12,692 - INFO - Epoch 105/150 | train_loss=0.074472 | val_f1=0.238095 val_acc=0.555556 val_kappa=-0.161290 val_ccc=-0.181288 val_rmse=0.820328 val_mae=0.726060
2026-05-16 13:14:17,030 - INFO - Epoch 106/150 | train_loss=0.074176 | val_f1=0.238095 val_acc=0.555556 val_kappa=-0.161290 val_ccc=-0.201889 val_rmse=0.833716 val_mae=0.741338
2026-05-16 13:14:21,370 - INFO - Epoch 107/150 | train_loss=0.061768 | val_f1=0.238095 val_acc=0.555556 val_kappa=-0.161290 val_ccc=-0.205555 val_rmse=0.861321 val_mae=0.767388
2026-05-16 13:14:25,787 - INFO - Epoch 108/150 | train_loss=0.070502 | val_f1=0.238095 val_acc=0.555556 val_kappa=-0.161290 val_ccc=-0.166315 val_rmse=0.816775 val_mae=0.730443
2026-05-16 13:14:30,157 - INFO - Epoch 109/150 | train_loss=0.044017 | val_f1=0.238095 val_acc=0.555556 val_kappa=-0.161290 val_ccc=-0.197748 val_rmse=0.858554 val_mae=0.762418
2026-05-16 13:14:34,519 - INFO - Epoch 110/150 | train_loss=0.043736 | val_f1=0.238095 val_acc=0.555556 val_kappa=-0.161290 val_ccc=-0.189638 val_rmse=0.832578 val_mae=0.741081
2026-05-16 13:14:38,874 - INFO - Epoch 111/150 | train_loss=0.056856 | val_f1=0.238095 val_acc=0.555556 val_kappa=-0.161290 val_ccc=-0.170980 val_rmse=0.804573 val_mae=0.716505
2026-05-16 13:14:43,192 - INFO - Epoch 112/150 | train_loss=0.074928 | val_f1=0.238095 val_acc=0.555556 val_kappa=-0.161290 val_ccc=-0.163756 val_rmse=0.803176 val_mae=0.713894
2026-05-16 13:14:47,537 - INFO - Epoch 113/150 | train_loss=0.049393 | val_f1=0.238095 val_acc=0.555556 val_kappa=-0.161290 val_ccc=-0.155884 val_rmse=0.796630 val_mae=0.713954
2026-05-16 13:14:51,890 - INFO - Epoch 114/150 | train_loss=0.055991 | val_f1=0.238095 val_acc=0.555556 val_kappa=-0.161290 val_ccc=-0.181864 val_rmse=0.806768 val_mae=0.718919
2026-05-16 13:14:56,256 - INFO - Epoch 115/150 | train_loss=0.046725 | val_f1=0.238095 val_acc=0.555556 val_kappa=-0.161290 val_ccc=-0.186146 val_rmse=0.808602 val_mae=0.718053
2026-05-16 13:15:00,551 - INFO - Epoch 116/150 | train_loss=0.057103 | val_f1=0.238095 val_acc=0.555556 val_kappa=-0.161290 val_ccc=-0.178126 val_rmse=0.799041 val_mae=0.707305
2026-05-16 13:15:04,820 - INFO - Epoch 117/150 | train_loss=0.059205 | val_f1=0.238095 val_acc=0.555556 val_kappa=-0.161290 val_ccc=-0.184641 val_rmse=0.839565 val_mae=0.749762
2026-05-16 13:15:09,098 - INFO - Epoch 118/150 | train_loss=0.059765 | val_f1=0.238095 val_acc=0.555556 val_kappa=-0.161290 val_ccc=-0.177479 val_rmse=0.819894 val_mae=0.725883
2026-05-16 13:15:13,337 - INFO - Epoch 119/150 | train_loss=0.054268 | val_f1=0.238095 val_acc=0.555556 val_kappa=-0.161290 val_ccc=-0.174757 val_rmse=0.817132 val_mae=0.723883
2026-05-16 13:15:17,657 - INFO - Epoch 120/150 | train_loss=0.032017 | val_f1=0.238095 val_acc=0.555556 val_kappa=-0.161290 val_ccc=-0.163633 val_rmse=0.815755 val_mae=0.728725
2026-05-16 13:15:21,956 - INFO - Epoch 121/150 | train_loss=0.041329 | val_f1=0.238095 val_acc=0.555556 val_kappa=-0.161290 val_ccc=-0.141657 val_rmse=0.790856 val_mae=0.702903
2026-05-16 13:15:26,224 - INFO - Epoch 122/150 | train_loss=0.058098 | val_f1=0.238095 val_acc=0.555556 val_kappa=-0.161290 val_ccc=-0.149575 val_rmse=0.806229 val_mae=0.719222
2026-05-16 13:15:30,558 - INFO - Epoch 123/150 | train_loss=0.057161 | val_f1=0.238095 val_acc=0.555556 val_kappa=-0.161290 val_ccc=-0.157570 val_rmse=0.824881 val_mae=0.737114
2026-05-16 13:15:34,878 - INFO - Epoch 124/150 | train_loss=0.055913 | val_f1=0.238095 val_acc=0.555556 val_kappa=-0.161290 val_ccc=-0.155063 val_rmse=0.815024 val_mae=0.726173
2026-05-16 13:15:39,207 - INFO - Epoch 125/150 | train_loss=0.046026 | val_f1=0.238095 val_acc=0.555556 val_kappa=-0.161290 val_ccc=-0.168184 val_rmse=0.829573 val_mae=0.740089
2026-05-16 13:15:43,533 - INFO - Epoch 126/150 | train_loss=0.054479 | val_f1=0.238095 val_acc=0.555556 val_kappa=-0.161290 val_ccc=-0.170168 val_rmse=0.814145 val_mae=0.722353
2026-05-16 13:15:47,854 - INFO - Epoch 127/150 | train_loss=0.044949 | val_f1=0.238095 val_acc=0.555556 val_kappa=-0.161290 val_ccc=-0.175386 val_rmse=0.835516 val_mae=0.744055
2026-05-16 13:15:52,195 - INFO - Epoch 128/150 | train_loss=0.076799 | val_f1=0.238095 val_acc=0.555556 val_kappa=-0.161290 val_ccc=-0.168260 val_rmse=0.825507 val_mae=0.733413
2026-05-16 13:15:56,534 - INFO - Epoch 129/150 | train_loss=0.035790 | val_f1=0.238095 val_acc=0.555556 val_kappa=-0.161290 val_ccc=-0.163436 val_rmse=0.811835 val_mae=0.727240
2026-05-16 13:16:00,863 - INFO - Epoch 130/150 | train_loss=0.080513 | val_f1=0.238095 val_acc=0.555556 val_kappa=-0.161290 val_ccc=-0.159086 val_rmse=0.807376 val_mae=0.724029
2026-05-16 13:16:05,207 - INFO - Epoch 131/150 | train_loss=0.055109 | val_f1=0.238095 val_acc=0.555556 val_kappa=-0.161290 val_ccc=-0.168404 val_rmse=0.825475 val_mae=0.734661
2026-05-16 13:16:09,618 - INFO - Epoch 132/150 | train_loss=0.046530 | val_f1=0.238095 val_acc=0.555556 val_kappa=-0.161290 val_ccc=-0.159777 val_rmse=0.806562 val_mae=0.721043
2026-05-16 13:16:13,893 - INFO - Epoch 133/150 | train_loss=0.046615 | val_f1=0.238095 val_acc=0.555556 val_kappa=-0.161290 val_ccc=-0.164439 val_rmse=0.808388 val_mae=0.719969
2026-05-16 13:16:18,211 - INFO - Epoch 134/150 | train_loss=0.052548 | val_f1=0.238095 val_acc=0.555556 val_kappa=-0.161290 val_ccc=-0.169372 val_rmse=0.809664 val_mae=0.721037
2026-05-16 13:16:22,525 - INFO - Epoch 135/150 | train_loss=0.042552 | val_f1=0.238095 val_acc=0.555556 val_kappa=-0.161290 val_ccc=-0.173626 val_rmse=0.813460 val_mae=0.722751
2026-05-16 13:16:26,904 - INFO - Epoch 136/150 | train_loss=0.058333 | val_f1=0.238095 val_acc=0.555556 val_kappa=-0.161290 val_ccc=-0.178703 val_rmse=0.814297 val_mae=0.723333
2026-05-16 13:16:31,236 - INFO - Epoch 137/150 | train_loss=0.045507 | val_f1=0.238095 val_acc=0.555556 val_kappa=-0.161290 val_ccc=-0.183697 val_rmse=0.821201 val_mae=0.728741
2026-05-16 13:16:35,601 - INFO - Epoch 138/150 | train_loss=0.040508 | val_f1=0.238095 val_acc=0.555556 val_kappa=-0.161290 val_ccc=-0.182553 val_rmse=0.821534 val_mae=0.729918
2026-05-16 13:16:40,031 - INFO - Epoch 139/150 | train_loss=0.057702 | val_f1=0.238095 val_acc=0.555556 val_kappa=-0.161290 val_ccc=-0.182349 val_rmse=0.823476 val_mae=0.732335
2026-05-16 13:16:44,405 - INFO - Epoch 140/150 | train_loss=0.045896 | val_f1=0.238095 val_acc=0.555556 val_kappa=-0.161290 val_ccc=-0.180071 val_rmse=0.822388 val_mae=0.731185
2026-05-16 13:16:49,060 - INFO - Epoch 141/150 | train_loss=0.046124 | val_f1=0.238095 val_acc=0.555556 val_kappa=-0.161290 val_ccc=-0.176035 val_rmse=0.815498 val_mae=0.724024
2026-05-16 13:16:53,783 - INFO - Epoch 142/150 | train_loss=0.046330 | val_f1=0.238095 val_acc=0.555556 val_kappa=-0.161290 val_ccc=-0.176525 val_rmse=0.816863 val_mae=0.725094
2026-05-16 13:16:58,359 - INFO - Epoch 143/150 | train_loss=0.049878 | val_f1=0.238095 val_acc=0.555556 val_kappa=-0.161290 val_ccc=-0.177582 val_rmse=0.818846 val_mae=0.727073
2026-05-16 13:17:02,900 - INFO - Epoch 144/150 | train_loss=0.054312 | val_f1=0.238095 val_acc=0.555556 val_kappa=-0.161290 val_ccc=-0.178300 val_rmse=0.819930 val_mae=0.728467
2026-05-16 13:17:07,427 - INFO - Epoch 145/150 | train_loss=0.038841 | val_f1=0.238095 val_acc=0.555556 val_kappa=-0.161290 val_ccc=-0.177374 val_rmse=0.817655 val_mae=0.725810
2026-05-16 13:17:11,852 - INFO - Epoch 146/150 | train_loss=0.042404 | val_f1=0.238095 val_acc=0.555556 val_kappa=-0.161290 val_ccc=-0.177976 val_rmse=0.818663 val_mae=0.726760
2026-05-16 13:17:16,258 - INFO - Epoch 147/150 | train_loss=0.051142 | val_f1=0.238095 val_acc=0.555556 val_kappa=-0.161290 val_ccc=-0.178533 val_rmse=0.819971 val_mae=0.728305
2026-05-16 13:17:20,710 - INFO - Epoch 148/150 | train_loss=0.047103 | val_f1=0.238095 val_acc=0.555556 val_kappa=-0.161290 val_ccc=-0.178626 val_rmse=0.819996 val_mae=0.728349
2026-05-16 13:17:25,077 - INFO - Epoch 149/150 | train_loss=0.052134 | val_f1=0.238095 val_acc=0.555556 val_kappa=-0.161290 val_ccc=-0.178494 val_rmse=0.819844 val_mae=0.728181
2026-05-16 13:17:29,570 - INFO - Epoch 150/150 | train_loss=0.067895 | val_f1=0.238095 val_acc=0.555556 val_kappa=-0.161290 val_ccc=-0.178480 val_rmse=0.819821 val_mae=0.728155
2026-05-16 13:17:29,573 - INFO - Best checkpoint: checkpoints/Track1/A-V-G+P/ternary/avgp_baseline_clean_ternary/best_model_2026-05-16-13.06.25.pth
2026-05-16 13:17:29,573 - INFO - Validation metrics saved to: logs/Track1/A-V-G+P/ternary/avgp_baseline_clean_ternary/train_result_2026-05-16-13.06.25.json
