
=========================================================
  Ablation: Track2 / A-V-G+P / ternary
  4 configs × 3 seeds = 12 trainings
  GPUs: [0, 1, 4, 5, 6, 7] × 3/GPU = 18 slots
=========================================================

[gpu0][baseline/seed3407] starting …
[gpu1][baseline/seed42] starting …
[gpu4][baseline/seed1234] starting …
[gpu5][h128/seed3407] starting …
[gpu6][h128/seed42] starting …
[gpu7][h128/seed1234] starting …
[gpu0][drop03/seed3407] starting …
[gpu1][drop03/seed42] starting …
[gpu4][drop03/seed1234] starting …
[gpu5][h128+drop03/seed3407] starting …
[gpu6][h128+drop03/seed42] starting …
[gpu7][h128+drop03/seed1234] starting …
[gpu7][h128/seed1234] done in 493.7s
[gpu5][h128+drop03/seed3407] done in 494.8s
[gpu4][drop03/seed1234] done in 499.1s
[gpu7][h128+drop03/seed1234] done in 510.7s
[gpu1][drop03/seed42] done in 525.6s
[gpu6][h128/seed42] done in 526.2s
[gpu5][h128/seed3407] done in 587.0s
[gpu4][baseline/seed1234] done in 597.5s
[gpu1][baseline/seed42] done in 650.2s
[gpu0][baseline/seed3407] done in 679.9s
[gpu6][h128+drop03/seed42] done in 696.7s
[gpu0][drop03/seed3407] done in 859.3s

=== Evaluating on test set (n=22) ===

Config           hd    do  seed          F1      ACC    Kappa
----------------------------------------------------------------------
baseline         64  0.50  3407      0.3881   0.5455   0.1912
baseline         64  0.50    42      0.1481   0.2727  -0.3538
baseline         64  0.50  1234      0.2828   0.5000   0.0359
h128            128  0.50  3407      0.2625   0.4545  -0.0394
h128            128  0.50    42      0.4069   0.5000   0.0833
h128            128  0.50  1234      0.2222   0.5000   0.0000
drop03           64  0.30  3407      0.2928   0.4545  -0.0154
drop03           64  0.30    42      0.2000   0.4091  -0.1394
drop03           64  0.30  1234      0.3905   0.5455   0.2086
h128+drop03     128  0.30  3407      0.3222   0.4545   0.0400
h128+drop03     128  0.30    42      0.2843   0.4091  -0.0632
h128+drop03     128  0.30  1234      0.2000   0.4091  -0.1394

=== Per-config aggregate (mean ± std across 3 seeds) ===

Config           hd    do                  F1              ACC            Kappa
--------------------------------------------------------------------------------
baseline         64  0.50     0.2730±0.098    0.4394±0.119   -0.0423±0.229
h128            128  0.50     0.2972±0.079    0.4848±0.021    0.0147±0.051
drop03           64  0.30     0.2944±0.078    0.4697±0.057    0.0179±0.144
h128+drop03     128  0.30     0.2688±0.051    0.4242±0.021   -0.0542±0.074

→ Saved: ablation_logs/ablation_ternary_A-V-G+P.json
