
========= Phase: BINARY (60 trainings, 36 workers) =========

[gpu0][A-V-P/binary/h64_do50/seed3407] starting …
[gpu1][A-V-P/binary/h64_do50/seed42] starting …
[gpu4][A-V-P/binary/h64_do50/seed1234] starting …
[gpu5][A-V-P/binary/h64_do50/seed2024] starting …
[gpu6][A-V-P/binary/h64_do50/seed9527] starting …
[gpu7][A-V-P/binary/h64_do30/seed3407] starting …
[gpu0][A-V-P/binary/h64_do30/seed42] starting …
[gpu1][A-V-P/binary/h64_do30/seed1234] starting …
[gpu4][A-V-P/binary/h64_do30/seed2024] starting …
[gpu5][A-V-P/binary/h64_do30/seed9527] starting …
[gpu6][A-V-P/binary/h64_do40/seed3407] starting …
[gpu0][A-V-P/binary/h64_do40/seed1234] starting …
[gpu7][A-V-P/binary/h64_do40/seed42] starting …
[gpu1][A-V-P/binary/h64_do40/seed2024] starting …
[gpu4][A-V-P/binary/h64_do40/seed9527] starting …
[gpu5][A-V-P/binary/h128_do50/seed3407] starting …
[gpu6][A-V-P/binary/h128_do50/seed42] starting …
[gpu7][A-V-P/binary/h128_do50/seed1234] starting …
[gpu0][A-V-P/binary/h128_do50/seed2024] starting …
[gpu1][A-V-P/binary/h128_do50/seed9527] starting …
[gpu4][A-V-P/binary/h128_do30/seed3407] starting …
[gpu5][A-V-P/binary/h128_do30/seed42] starting …
[gpu6][A-V-P/binary/h128_do30/seed1234] starting …
[gpu7][A-V-P/binary/h128_do30/seed2024] starting …
[gpu0][A-V-P/binary/h128_do30/seed9527] starting …
[gpu1][A-V-P/binary/h128_do40/seed3407] starting …
[gpu4][A-V-P/binary/h128_do40/seed42] starting …
[gpu5][A-V-P/binary/h128_do40/seed1234] starting …
[gpu7][A-V-P/binary/h128_do40/seed9527] starting …
[gpu0][A-V-G+P/binary/h64_do50/seed3407] starting …
[gpu6][A-V-P/binary/h128_do40/seed2024] starting …
[gpu1][A-V-G+P/binary/h64_do50/seed42] starting …
[gpu4][A-V-G+P/binary/h64_do50/seed1234] starting …
[gpu5][A-V-G+P/binary/h64_do50/seed2024] starting …
[gpu6][A-V-G+P/binary/h64_do50/seed9527] starting …
[gpu7][A-V-G+P/binary/h64_do30/seed3407] starting …
[gpu0][A-V-P/binary/h64_do40/seed1234] done in 672.1s
[gpu0][A-V-G+P/binary/h64_do30/seed42] starting …
[gpu4][A-V-P/binary/h64_do40/seed9527] done in 1208.0s
[gpu4][A-V-G+P/binary/h64_do30/seed1234] starting …
[gpu5][A-V-P/binary/h128_do30/seed42] done in 1242.3s
[gpu5][A-V-G+P/binary/h64_do30/seed2024] starting …
[gpu7][A-V-G+P/binary/h64_do30/seed3407] done in 1274.7s
[gpu7][A-V-G+P/binary/h64_do30/seed9527] starting …
[gpu5][A-V-P/binary/h64_do50/seed2024] done in 1315.6s
[gpu5][A-V-G+P/binary/h64_do40/seed3407] starting …
[gpu7][A-V-P/binary/h128_do30/seed2024] done in 1318.7s
[gpu7][A-V-G+P/binary/h64_do40/seed42] starting …
[gpu6][A-V-P/binary/h128_do50/seed42] done in 1349.5s
[gpu6][A-V-G+P/binary/h64_do40/seed1234] starting …
[gpu7][A-V-P/binary/h64_do30/seed3407] done in 1430.3s
[gpu7][A-V-G+P/binary/h64_do40/seed2024] starting …
[gpu5][A-V-G+P/binary/h64_do50/seed2024] done in 1440.0s
[gpu5][A-V-G+P/binary/h64_do40/seed9527] starting …
[gpu1][A-V-P/binary/h128_do40/seed3407] done in 1465.2s
[gpu1][A-V-G+P/binary/h128_do50/seed3407] starting …
[gpu5][A-V-P/binary/h128_do40/seed1234] done in 1523.8s
[gpu5][A-V-G+P/binary/h128_do50/seed42] starting …
[gpu4][A-V-P/binary/h64_do30/seed2024] done in 1550.4s
[gpu4][A-V-G+P/binary/h128_do50/seed1234] starting …
[gpu0][A-V-G+P/binary/h64_do50/seed3407] done in 1588.3s
[gpu0][A-V-G+P/binary/h128_do50/seed2024] starting …
[gpu0][A-V-P/binary/h128_do50/seed2024] done in 1595.1s
[gpu0][A-V-G+P/binary/h128_do50/seed9527] starting …
[gpu1][A-V-P/binary/h64_do40/seed2024] done in 1617.1s
[gpu1][A-V-G+P/binary/h128_do30/seed3407] starting …
[gpu0][A-V-P/binary/h64_do50/seed3407] done in 1618.4s
[gpu0][A-V-G+P/binary/h128_do30/seed42] starting …
[gpu0][A-V-P/binary/h128_do30/seed9527] done in 1664.6s
[gpu0][A-V-G+P/binary/h128_do30/seed1234] starting …
[gpu5][A-V-P/binary/h64_do30/seed9527] done in 1673.4s
[gpu5][A-V-G+P/binary/h128_do30/seed2024] starting …
[gpu4][A-V-P/binary/h64_do50/seed1234] done in 1679.4s
[gpu4][A-V-G+P/binary/h128_do30/seed9527] starting …
[gpu5][A-V-P/binary/h128_do50/seed3407] done in 1853.7s
[gpu5][A-V-G+P/binary/h128_do40/seed3407] starting …
[gpu6][A-V-G+P/binary/h64_do50/seed9527] done in 1860.3s
[gpu6][A-V-G+P/binary/h128_do40/seed42] starting …
[gpu6][A-V-P/binary/h128_do40/seed2024] done in 2019.0s
[gpu6][A-V-G+P/binary/h128_do40/seed1234] starting …
[gpu4][A-V-G+P/binary/h128_do50/seed1234] done in 631.7s
[gpu4][A-V-G+P/binary/h128_do40/seed2024] starting …
[gpu6][A-V-P/binary/h128_do30/seed1234] done in 2205.9s
[gpu6][A-V-G+P/binary/h128_do40/seed9527] starting …
[gpu7][A-V-P/binary/h128_do50/seed1234] done in 2216.6s
[gpu4][A-V-P/binary/h128_do40/seed42] done in 2235.7s
[gpu1][A-V-P/binary/h64_do50/seed42] done in 2236.3s
[gpu6][A-V-P/binary/h64_do40/seed3407] done in 2247.1s
[gpu1][A-V-P/binary/h128_do50/seed9527] done in 2320.8s
[gpu4][A-V-G+P/binary/h64_do50/seed1234] done in 2401.2s
[gpu4][A-V-G+P/binary/h64_do30/seed1234] done in 1207.9s
[gpu0][A-V-P/binary/h64_do30/seed42] done in 2474.1s
[gpu0][A-V-G+P/binary/h64_do30/seed42] done in 1815.6s
[gpu7][A-V-P/binary/h64_do40/seed42] done in 2571.0s
[gpu0][A-V-G+P/binary/h128_do30/seed42] done in 1067.7s
[gpu1][A-V-P/binary/h64_do30/seed1234] done in 2712.2s
[gpu6][A-V-G+P/binary/h64_do40/seed1234] done in 1363.4s
[gpu0][A-V-G+P/binary/h128_do50/seed2024] done in 1153.6s
[gpu7][A-V-P/binary/h128_do40/seed9527] done in 2822.0s
[gpu5][A-V-G+P/binary/h128_do50/seed42] done in 1334.1s
[gpu7][A-V-G+P/binary/h64_do30/seed9527] done in 1596.8s
[gpu5][A-V-G+P/binary/h64_do30/seed2024] done in 1645.0s
[gpu5][A-V-G+P/binary/h128_do40/seed3407] done in 1058.8s
[gpu0][A-V-G+P/binary/h128_do50/seed9527] done in 1324.6s
[gpu4][A-V-P/binary/h128_do30/seed3407] done in 2933.7s
[gpu5][A-V-G+P/binary/h64_do40/seed9527] done in 1503.4s
[gpu0][A-V-G+P/binary/h128_do30/seed1234] done in 1287.2s
[gpu5][A-V-G+P/binary/h128_do30/seed2024] done in 1295.0s
[gpu4][A-V-G+P/binary/h128_do30/seed9527] done in 1329.6s
[gpu1][A-V-G+P/binary/h128_do50/seed3407] done in 1569.9s
[gpu6][A-V-G+P/binary/h128_do40/seed9527] done in 863.2s
[gpu7][A-V-G+P/binary/h64_do40/seed2024] done in 1647.7s
[gpu5][A-V-G+P/binary/h64_do40/seed3407] done in 1791.6s
[gpu6][A-V-G+P/binary/h128_do40/seed1234] done in 1225.0s
[gpu7][A-V-G+P/binary/h64_do40/seed42] done in 1972.7s
[gpu6][A-V-G+P/binary/h128_do40/seed42] done in 1432.7s
[gpu6][A-V-P/binary/h64_do50/seed9527] done in 3302.5s
[gpu1][A-V-G+P/binary/h128_do30/seed3407] done in 1697.3s
[gpu1][A-V-G+P/binary/h64_do50/seed42] done in 3355.9s
[gpu4][A-V-G+P/binary/h128_do40/seed2024] done in 1269.6s

========= Phase: TERNARY (60 trainings, 36 workers) =========

[gpu0][A-V-P/ternary/h64_do50/seed3407] starting …
[gpu1][A-V-P/ternary/h64_do50/seed42] starting …
[gpu4][A-V-P/ternary/h64_do50/seed1234] starting …
[gpu5][A-V-P/ternary/h64_do50/seed2024] starting …
[gpu6][A-V-P/ternary/h64_do50/seed9527] starting …
[gpu7][A-V-P/ternary/h64_do30/seed3407] starting …
[gpu0][A-V-P/ternary/h64_do30/seed42] starting …
[gpu1][A-V-P/ternary/h64_do30/seed1234] starting …
[gpu4][A-V-P/ternary/h64_do30/seed2024] starting …
[gpu6][A-V-P/ternary/h64_do40/seed3407] starting …
[gpu5][A-V-P/ternary/h64_do30/seed9527] starting …
[gpu7][A-V-P/ternary/h64_do40/seed42] starting …
[gpu0][A-V-P/ternary/h64_do40/seed1234] starting …
[gpu1][A-V-P/ternary/h64_do40/seed2024] starting …
[gpu4][A-V-P/ternary/h64_do40/seed9527] starting …
[gpu5][A-V-P/ternary/h128_do50/seed3407] starting …
[gpu6][A-V-P/ternary/h128_do50/seed42] starting …
[gpu7][A-V-P/ternary/h128_do50/seed1234] starting …
[gpu0][A-V-P/ternary/h128_do50/seed2024] starting …
[gpu1][A-V-P/ternary/h128_do50/seed9527] starting …
[gpu4][A-V-P/ternary/h128_do30/seed3407] starting …
[gpu5][A-V-P/ternary/h128_do30/seed42] starting …
[gpu6][A-V-P/ternary/h128_do30/seed1234] starting …
[gpu7][A-V-P/ternary/h128_do30/seed2024] starting …
[gpu0][A-V-P/ternary/h128_do30/seed9527] starting …
[gpu1][A-V-P/ternary/h128_do40/seed3407] starting …
[gpu4][A-V-P/ternary/h128_do40/seed42] starting …
[gpu5][A-V-P/ternary/h128_do40/seed1234] starting …
[gpu6][A-V-P/ternary/h128_do40/seed2024] starting …
[gpu7][A-V-P/ternary/h128_do40/seed9527] starting …
[gpu0][A-V-G+P/ternary/h64_do50/seed3407] starting …
[gpu1][A-V-G+P/ternary/h64_do50/seed42] starting …
[gpu4][A-V-G+P/ternary/h64_do50/seed1234] starting …
[gpu5][A-V-G+P/ternary/h64_do50/seed2024] starting …
[gpu6][A-V-G+P/ternary/h64_do50/seed9527] starting …
[gpu7][A-V-G+P/ternary/h64_do30/seed3407] starting …
[gpu1][A-V-G+P/ternary/h64_do50/seed42] done in 1200.3s
[gpu1][A-V-G+P/ternary/h64_do30/seed42] starting …
[gpu7][A-V-P/ternary/h128_do50/seed1234] done in 1284.0s
[gpu7][A-V-G+P/ternary/h64_do30/seed1234] starting …
[gpu6][A-V-G+P/ternary/h64_do50/seed9527] done in 1426.3s
[gpu6][A-V-G+P/ternary/h64_do30/seed2024] starting …
[gpu0][A-V-P/ternary/h64_do30/seed42] done in 1480.6s
[gpu0][A-V-G+P/ternary/h64_do30/seed9527] starting …
[gpu4][A-V-P/ternary/h64_do30/seed2024] done in 1529.6s
[gpu4][A-V-G+P/ternary/h64_do40/seed3407] starting …
[gpu0][A-V-G+P/ternary/h64_do50/seed3407] done in 1553.3s
[gpu0][A-V-G+P/ternary/h64_do40/seed42] starting …
[gpu7][A-V-P/ternary/h64_do40/seed42] done in 1629.7s
[gpu7][A-V-G+P/ternary/h64_do40/seed1234] starting …
[gpu0][A-V-P/ternary/h128_do30/seed9527] done in 1691.2s
[gpu0][A-V-G+P/ternary/h64_do40/seed2024] starting …
[gpu5][A-V-P/ternary/h128_do30/seed42] done in 1692.6s
[gpu5][A-V-G+P/ternary/h64_do40/seed9527] starting …
[gpu4][A-V-P/ternary/h128_do30/seed3407] done in 1700.0s
[gpu4][A-V-G+P/ternary/h128_do50/seed3407] starting …
[gpu4][A-V-P/ternary/h64_do40/seed9527] done in 1730.0s
[gpu4][A-V-G+P/ternary/h128_do50/seed42] starting …
[gpu7][A-V-P/ternary/h64_do30/seed3407] done in 1742.6s
[gpu7][A-V-G+P/ternary/h128_do50/seed1234] starting …
[gpu5][A-V-G+P/ternary/h64_do50/seed2024] done in 1745.2s
[gpu5][A-V-G+P/ternary/h128_do50/seed2024] starting …
[gpu7][A-V-P/ternary/h128_do30/seed2024] done in 1826.7s
[gpu7][A-V-G+P/ternary/h128_do50/seed9527] starting …
[gpu4][A-V-G+P/ternary/h64_do50/seed1234] done in 1828.2s
[gpu4][A-V-G+P/ternary/h128_do30/seed3407] starting …
[gpu0][A-V-P/ternary/h64_do50/seed3407] done in 1881.9s
[gpu0][A-V-G+P/ternary/h128_do30/seed42] starting …
[gpu0][A-V-P/ternary/h64_do40/seed1234] done in 1921.8s
[gpu0][A-V-G+P/ternary/h128_do30/seed1234] starting …
[gpu5][A-V-P/ternary/h128_do50/seed3407] done in 1978.1s
[gpu5][A-V-G+P/ternary/h128_do30/seed2024] starting …
[gpu6][A-V-P/ternary/h128_do40/seed2024] done in 2012.8s
[gpu6][A-V-G+P/ternary/h128_do30/seed9527] starting …
[gpu7][A-V-P/ternary/h128_do40/seed9527] done in 2055.6s
[gpu7][A-V-G+P/ternary/h128_do40/seed3407] starting …
[gpu6][A-V-P/ternary/h128_do50/seed42] done in 2079.1s
[gpu6][A-V-G+P/ternary/h128_do40/seed42] starting …
[gpu1][A-V-P/ternary/h64_do30/seed1234] done in 2113.7s
[gpu1][A-V-G+P/ternary/h128_do40/seed1234] starting …
[gpu1][A-V-P/ternary/h64_do40/seed2024] done in 2137.8s
[gpu1][A-V-G+P/ternary/h128_do40/seed2024] starting …
[gpu1][A-V-P/ternary/h128_do50/seed9527] done in 2167.1s
[gpu1][A-V-G+P/ternary/h128_do40/seed9527] starting …
[gpu0][A-V-P/ternary/h128_do50/seed2024] done in 2173.6s
[gpu4][A-V-P/ternary/h64_do50/seed1234] done in 2182.2s
[gpu5][A-V-P/ternary/h128_do40/seed1234] done in 2325.1s
[gpu7][A-V-G+P/ternary/h64_do30/seed1234] done in 1124.0s
[gpu1][A-V-G+P/ternary/h64_do30/seed42] done in 1221.1s
[gpu7][A-V-G+P/ternary/h64_do30/seed3407] done in 2432.1s
[gpu6][A-V-P/ternary/h128_do30/seed1234] done in 2460.7s
[gpu6][A-V-G+P/ternary/h64_do30/seed2024] done in 1110.7s
[gpu1][A-V-P/ternary/h64_do50/seed42] done in 2543.2s
[gpu5][A-V-P/ternary/h64_do30/seed9527] done in 2586.1s
[gpu0][A-V-G+P/ternary/h64_do30/seed9527] done in 1151.8s
[gpu6][A-V-P/ternary/h64_do50/seed9527] done in 2643.3s
[gpu1][A-V-P/ternary/h128_do40/seed3407] done in 2656.1s
[gpu0][A-V-G+P/ternary/h64_do40/seed42] done in 1152.0s
[gpu0][A-V-G+P/ternary/h64_do40/seed2024] done in 1061.3s
[gpu6][A-V-P/ternary/h64_do40/seed3407] done in 2754.7s
[gpu4][A-V-G+P/ternary/h128_do50/seed42] done in 1025.2s
[gpu5][A-V-G+P/ternary/h128_do50/seed2024] done in 1116.7s
[gpu6][A-V-G+P/ternary/h128_do30/seed9527] done in 872.4s
[gpu7][A-V-G+P/ternary/h128_do50/seed1234] done in 1192.9s
[gpu5][A-V-G+P/ternary/h64_do40/seed9527] done in 1245.0s
[gpu7][A-V-G+P/ternary/h128_do50/seed9527] done in 1117.0s
[gpu6][A-V-G+P/ternary/h128_do40/seed42] done in 880.4s
[gpu5][A-V-G+P/ternary/h128_do30/seed2024] done in 1004.1s
[gpu4][A-V-P/ternary/h128_do40/seed42] done in 2992.8s
[gpu5][A-V-P/ternary/h64_do50/seed2024] done in 3005.7s
[gpu1][A-V-G+P/ternary/h128_do40/seed2024] done in 899.7s
[gpu0][A-V-G+P/ternary/h128_do30/seed42] done in 1204.6s
[gpu7][A-V-G+P/ternary/h128_do40/seed3407] done in 1045.3s
[gpu4][A-V-G+P/ternary/h128_do50/seed3407] done in 1423.4s
[gpu0][A-V-G+P/ternary/h128_do30/seed1234] done in 1231.9s
[gpu1][A-V-G+P/ternary/h128_do40/seed9527] done in 1017.9s
[gpu4][A-V-G+P/ternary/h64_do40/seed3407] done in 1683.2s
[gpu7][A-V-G+P/ternary/h64_do40/seed1234] done in 1591.7s
[gpu4][A-V-G+P/ternary/h128_do30/seed3407] done in 1457.1s
[gpu1][A-V-G+P/ternary/h128_do40/seed1234] done in 1185.9s

========= Evaluating all ckpts on internal-val (9) + test (22) =========


========= Picking winners + packing 12 submission.zip =========

  zip: submissions_ablation_v2/Track2_A-V-P_h64_do50/submission.zip    bin seed=1234 (F1=0.768)  ter seed=9527 (F1=0.521)
  zip: submissions_ablation_v2/Track2_A-V-P_h64_do30/submission.zip    bin seed=2024 (F1=0.772)  ter seed=1234 (F1=0.500)
  zip: submissions_ablation_v2/Track2_A-V-P_h64_do40/submission.zip    bin seed=3407 (F1=0.772)  ter seed=2024 (F1=0.521)
  zip: submissions_ablation_v2/Track2_A-V-P_h128_do50/submission.zip    bin seed=1234 (F1=0.772)  ter seed=42 (F1=0.487)
  zip: submissions_ablation_v2/Track2_A-V-P_h128_do30/submission.zip    bin seed=42 (F1=0.727)  ter seed=9527 (F1=0.487)
  zip: submissions_ablation_v2/Track2_A-V-P_h128_do40/submission.zip    bin seed=9527 (F1=0.861)  ter seed=1234 (F1=0.479)
  zip: submissions_ablation_v2/Track2_A-V-G+P_h64_do50/submission.zip    bin seed=9527 (F1=0.817)  ter seed=9527 (F1=0.522)
  zip: submissions_ablation_v2/Track2_A-V-G+P_h64_do30/submission.zip    bin seed=9527 (F1=0.817)  ter seed=1234 (F1=0.437)
  zip: submissions_ablation_v2/Track2_A-V-G+P_h64_do40/submission.zip    bin seed=42 (F1=0.817)  ter seed=9527 (F1=0.543)
  zip: submissions_ablation_v2/Track2_A-V-G+P_h128_do50/submission.zip    bin seed=42 (F1=0.863)  ter seed=9527 (F1=0.458)
  zip: submissions_ablation_v2/Track2_A-V-G+P_h128_do30/submission.zip    bin seed=1234 (F1=0.768)  ter seed=3407 (F1=0.571)
  zip: submissions_ablation_v2/Track2_A-V-G+P_h128_do40/submission.zip    bin seed=3407 (F1=0.772)  ter seed=3407 (F1=0.454)

→ Full table: ablation_v2_logs/all_runs.csv
→ Winners: ablation_v2_logs/winners.json
→ Submission zips: submissions_ablation_v2/Track2_*_<config>/submission.zip
