================================================================
  Route 1 (ordinal_v1 clean baseline)  GPU=4  TRACK=Track2
  thresholds=5,10,15,20  pos_weight_clamp=5.0
  mask_min_pos=0  empirical_midpoints=off
  EPOCHS=30  FOLDS='0'  LOG=parallel_logs/route1_ordinal_v1_smoke_Track2_2026-05-15_15.53.19.log
================================================================
  [OK] fold CSV 已存在: kfold_splits/Track2_Young_binary
  [OK] fold CSV 已存在: kfold_splits/Track2_Young_ternary
  [OK] fold CSV 已存在: kfold_splits/Track2_Young_regression

################################################################
##  route1_ordinal_v1 | Track2 | Fold 0
################################################################
2026-05-15 15:53:22,525 - INFO - Experiment: fold_0_route1_ordinal_v1_smoke
2026-05-15 15:53:22,526 - INFO - Device: cuda
2026-05-15 15:53:22,526 - INFO - Train/Val: 70 / 18
2026-05-15 15:53:29,391 - INFO - Epoch 1/30 | train_loss=0.694923 | val_f1=0.333333 val_acc=0.500000 val_kappa=0.000000 val_ccc=0.000000 val_rmse=0.707107 val_mae=0.500000
2026-05-15 15:53:30,330 - INFO - Epoch 2/30 | train_loss=0.689222 | val_f1=0.333333 val_acc=0.500000 val_kappa=0.000000 val_ccc=0.000000 val_rmse=0.707107 val_mae=0.500000
2026-05-15 15:53:30,926 - INFO - Epoch 3/30 | train_loss=0.692949 | val_f1=0.333333 val_acc=0.500000 val_kappa=0.000000 val_ccc=0.000000 val_rmse=0.707107 val_mae=0.500000
2026-05-15 15:53:31,762 - INFO - Epoch 4/30 | train_loss=0.690107 | val_f1=0.333333 val_acc=0.500000 val_kappa=0.000000 val_ccc=0.000000 val_rmse=0.707107 val_mae=0.500000
2026-05-15 15:53:32,525 - INFO - Epoch 5/30 | train_loss=0.694726 | val_f1=0.333333 val_acc=0.500000 val_kappa=0.000000 val_ccc=0.000000 val_rmse=0.707107 val_mae=0.500000
2026-05-15 15:53:33,116 - INFO - Epoch 6/30 | train_loss=0.695194 | val_f1=0.333333 val_acc=0.500000 val_kappa=0.000000 val_ccc=0.000000 val_rmse=0.707107 val_mae=0.500000
2026-05-15 15:53:33,702 - INFO - Epoch 7/30 | train_loss=0.696881 | val_f1=0.333333 val_acc=0.500000 val_kappa=0.000000 val_ccc=0.000000 val_rmse=0.707107 val_mae=0.500000
2026-05-15 15:53:34,298 - INFO - Epoch 8/30 | train_loss=0.703358 | val_f1=0.333333 val_acc=0.500000 val_kappa=0.000000 val_ccc=0.000000 val_rmse=0.707107 val_mae=0.500000
2026-05-15 15:53:34,918 - INFO - Epoch 9/30 | train_loss=0.698258 | val_f1=0.333333 val_acc=0.500000 val_kappa=0.000000 val_ccc=0.000000 val_rmse=0.707107 val_mae=0.500000
2026-05-15 15:53:35,537 - INFO - Epoch 10/30 | train_loss=0.692830 | val_f1=0.333333 val_acc=0.500000 val_kappa=0.000000 val_ccc=0.000000 val_rmse=0.707107 val_mae=0.500000
2026-05-15 15:53:36,063 - INFO - Epoch 11/30 | train_loss=0.691785 | val_f1=0.333333 val_acc=0.500000 val_kappa=0.000000 val_ccc=0.000000 val_rmse=0.707107 val_mae=0.500000
2026-05-15 15:53:36,717 - INFO - Epoch 12/30 | train_loss=0.693344 | val_f1=0.437500 val_acc=0.444444 val_kappa=-0.111111 val_ccc=-0.111111 val_rmse=0.745356 val_mae=0.555556
2026-05-15 15:53:37,322 - INFO - Epoch 13/30 | train_loss=0.693451 | val_f1=0.333333 val_acc=0.500000 val_kappa=0.000000 val_ccc=0.000000 val_rmse=0.707107 val_mae=0.500000
2026-05-15 15:53:37,906 - INFO - Epoch 14/30 | train_loss=0.692279 | val_f1=0.307692 val_acc=0.444444 val_kappa=-0.111111 val_ccc=-0.111111 val_rmse=0.745356 val_mae=0.555556
2026-05-15 15:53:38,530 - INFO - Epoch 15/30 | train_loss=0.685187 | val_f1=0.555556 val_acc=0.555556 val_kappa=0.111111 val_ccc=0.111111 val_rmse=0.666667 val_mae=0.444444
2026-05-15 15:53:39,244 - INFO - Epoch 16/30 | train_loss=0.683916 | val_f1=0.333333 val_acc=0.500000 val_kappa=0.000000 val_ccc=0.000000 val_rmse=0.707107 val_mae=0.500000
2026-05-15 15:53:40,109 - INFO - Epoch 17/30 | train_loss=0.693047 | val_f1=0.333333 val_acc=0.500000 val_kappa=0.000000 val_ccc=0.000000 val_rmse=0.707107 val_mae=0.500000
2026-05-15 15:53:40,829 - INFO - Epoch 18/30 | train_loss=0.687647 | val_f1=0.307692 val_acc=0.444444 val_kappa=-0.111111 val_ccc=-0.111111 val_rmse=0.745356 val_mae=0.555556
2026-05-15 15:53:41,614 - INFO - Epoch 19/30 | train_loss=0.696737 | val_f1=0.532468 val_acc=0.555556 val_kappa=0.111111 val_ccc=0.111111 val_rmse=0.666667 val_mae=0.444444
2026-05-15 15:53:42,384 - INFO - Epoch 20/30 | train_loss=0.688479 | val_f1=0.280000 val_acc=0.388889 val_kappa=-0.222222 val_ccc=-0.222222 val_rmse=0.781736 val_mae=0.611111
2026-05-15 15:53:43,037 - INFO - Epoch 21/30 | train_loss=0.697349 | val_f1=0.307692 val_acc=0.444444 val_kappa=-0.111111 val_ccc=-0.111111 val_rmse=0.745356 val_mae=0.555556
2026-05-15 15:53:43,686 - INFO - Epoch 22/30 | train_loss=0.690758 | val_f1=0.307692 val_acc=0.444444 val_kappa=-0.111111 val_ccc=-0.111111 val_rmse=0.745356 val_mae=0.555556
2026-05-15 15:53:44,475 - INFO - Epoch 23/30 | train_loss=0.690875 | val_f1=0.307692 val_acc=0.444444 val_kappa=-0.111111 val_ccc=-0.111111 val_rmse=0.745356 val_mae=0.555556
2026-05-15 15:53:45,335 - INFO - Epoch 24/30 | train_loss=0.687346 | val_f1=0.307692 val_acc=0.444444 val_kappa=-0.111111 val_ccc=-0.111111 val_rmse=0.745356 val_mae=0.555556
2026-05-15 15:53:46,109 - INFO - Epoch 25/30 | train_loss=0.688927 | val_f1=0.307692 val_acc=0.444444 val_kappa=-0.111111 val_ccc=-0.111111 val_rmse=0.745356 val_mae=0.555556
2026-05-15 15:53:46,828 - INFO - Epoch 26/30 | train_loss=0.696366 | val_f1=0.307692 val_acc=0.444444 val_kappa=-0.111111 val_ccc=-0.111111 val_rmse=0.745356 val_mae=0.555556
2026-05-15 15:53:47,832 - INFO - Epoch 27/30 | train_loss=0.693568 | val_f1=0.307692 val_acc=0.444444 val_kappa=-0.111111 val_ccc=-0.111111 val_rmse=0.745356 val_mae=0.555556
2026-05-15 15:53:48,671 - INFO - Epoch 28/30 | train_loss=0.697241 | val_f1=0.307692 val_acc=0.444444 val_kappa=-0.111111 val_ccc=-0.111111 val_rmse=0.745356 val_mae=0.555556
2026-05-15 15:53:49,485 - INFO - Epoch 29/30 | train_loss=0.690512 | val_f1=0.307692 val_acc=0.444444 val_kappa=-0.111111 val_ccc=-0.111111 val_rmse=0.745356 val_mae=0.555556
2026-05-15 15:53:50,488 - INFO - Epoch 30/30 | train_loss=0.691901 | val_f1=0.307692 val_acc=0.444444 val_kappa=-0.111111 val_ccc=-0.111111 val_rmse=0.745356 val_mae=0.555556
2026-05-15 15:53:50,490 - INFO - Best checkpoint: checkpoints/Track2/A-V-P/binary/fold_0_route1_ordinal_v1_smoke/best_model_2026-05-15-15.53.21.pth
2026-05-15 15:53:50,490 - INFO - Validation metrics saved to: logs/Track2/A-V-P/binary/fold_0_route1_ordinal_v1_smoke/train_result_2026-05-15-15.53.21.json
2026-05-15 15:53:54,671 - INFO - Experiment: fold_0_route1_ordinal_v1_smoke
2026-05-15 15:53:54,672 - INFO - Device: cuda
2026-05-15 15:53:54,672 - INFO - Train/Val: 70 / 18
2026-05-15 15:54:05,859 - INFO - Epoch 1/30 | train_loss=1.188775 | val_f1=0.066667 val_acc=0.111111 val_kappa=0.000000 val_ccc=0.000000 val_rmse=1.545603 val_mae=1.388889
2026-05-15 15:54:07,453 - INFO - Epoch 2/30 | train_loss=1.179079 | val_f1=0.186667 val_acc=0.388889 val_kappa=-0.125000 val_ccc=-0.269939 val_rmse=1.130388 val_mae=0.833333
2026-05-15 15:54:08,700 - INFO - Epoch 3/30 | train_loss=1.181051 | val_f1=0.222222 val_acc=0.500000 val_kappa=0.000000 val_ccc=0.000000 val_rmse=0.912871 val_mae=0.611111
2026-05-15 15:54:09,879 - INFO - Epoch 4/30 | train_loss=1.179800 | val_f1=0.222222 val_acc=0.500000 val_kappa=0.000000 val_ccc=0.000000 val_rmse=0.912871 val_mae=0.611111
2026-05-15 15:54:11,082 - INFO - Epoch 5/30 | train_loss=1.174610 | val_f1=0.222222 val_acc=0.500000 val_kappa=0.000000 val_ccc=0.000000 val_rmse=0.912871 val_mae=0.611111
2026-05-15 15:54:12,685 - INFO - Epoch 6/30 | train_loss=1.183212 | val_f1=0.222222 val_acc=0.500000 val_kappa=0.000000 val_ccc=0.000000 val_rmse=0.912871 val_mae=0.611111
2026-05-15 15:54:13,993 - INFO - Epoch 7/30 | train_loss=1.182899 | val_f1=0.222222 val_acc=0.500000 val_kappa=0.000000 val_ccc=0.000000 val_rmse=0.912871 val_mae=0.611111
2026-05-15 15:54:15,134 - INFO - Epoch 8/30 | train_loss=1.177148 | val_f1=0.222222 val_acc=0.500000 val_kappa=0.000000 val_ccc=0.000000 val_rmse=0.912871 val_mae=0.611111
2026-05-15 15:54:16,393 - INFO - Epoch 9/30 | train_loss=1.177057 | val_f1=0.222222 val_acc=0.500000 val_kappa=0.000000 val_ccc=0.000000 val_rmse=0.912871 val_mae=0.611111
2026-05-15 15:54:17,711 - INFO - Epoch 10/30 | train_loss=1.170788 | val_f1=0.222222 val_acc=0.500000 val_kappa=0.000000 val_ccc=0.000000 val_rmse=0.912871 val_mae=0.611111
2026-05-15 15:54:19,138 - INFO - Epoch 11/30 | train_loss=1.170647 | val_f1=0.222222 val_acc=0.500000 val_kappa=0.000000 val_ccc=0.000000 val_rmse=0.912871 val_mae=0.611111
2026-05-15 15:54:19,982 - INFO - Epoch 12/30 | train_loss=1.164991 | val_f1=0.222222 val_acc=0.500000 val_kappa=0.000000 val_ccc=0.000000 val_rmse=0.912871 val_mae=0.611111
2026-05-15 15:54:20,744 - INFO - Epoch 13/30 | train_loss=1.164791 | val_f1=0.222222 val_acc=0.500000 val_kappa=0.000000 val_ccc=0.000000 val_rmse=0.912871 val_mae=0.611111
2026-05-15 15:54:21,504 - INFO - Epoch 14/30 | train_loss=1.181647 | val_f1=0.222222 val_acc=0.500000 val_kappa=0.000000 val_ccc=0.000000 val_rmse=0.912871 val_mae=0.611111
2026-05-15 15:54:22,235 - INFO - Epoch 15/30 | train_loss=1.175104 | val_f1=0.222222 val_acc=0.500000 val_kappa=0.000000 val_ccc=0.000000 val_rmse=0.912871 val_mae=0.611111
2026-05-15 15:54:22,975 - INFO - Epoch 16/30 | train_loss=1.165666 | val_f1=0.222222 val_acc=0.500000 val_kappa=0.000000 val_ccc=0.000000 val_rmse=0.912871 val_mae=0.611111
2026-05-15 15:54:23,660 - INFO - Epoch 17/30 | train_loss=1.159239 | val_f1=0.222222 val_acc=0.500000 val_kappa=0.000000 val_ccc=0.000000 val_rmse=0.912871 val_mae=0.611111
2026-05-15 15:54:24,529 - INFO - Epoch 18/30 | train_loss=1.164958 | val_f1=0.222222 val_acc=0.500000 val_kappa=0.000000 val_ccc=0.000000 val_rmse=0.912871 val_mae=0.611111
2026-05-15 15:54:25,388 - INFO - Epoch 19/30 | train_loss=1.165890 | val_f1=0.222222 val_acc=0.500000 val_kappa=0.000000 val_ccc=0.000000 val_rmse=0.912871 val_mae=0.611111
2026-05-15 15:54:26,257 - INFO - Epoch 20/30 | train_loss=1.167016 | val_f1=0.222222 val_acc=0.500000 val_kappa=0.000000 val_ccc=0.000000 val_rmse=0.912871 val_mae=0.611111
2026-05-15 15:54:27,394 - INFO - Epoch 21/30 | train_loss=1.160142 | val_f1=0.222222 val_acc=0.500000 val_kappa=0.000000 val_ccc=0.000000 val_rmse=0.912871 val_mae=0.611111
2026-05-15 15:54:28,539 - INFO - Epoch 22/30 | train_loss=1.160365 | val_f1=0.222222 val_acc=0.500000 val_kappa=0.000000 val_ccc=0.000000 val_rmse=0.912871 val_mae=0.611111
2026-05-15 15:54:29,623 - INFO - Epoch 23/30 | train_loss=1.167301 | val_f1=0.222222 val_acc=0.500000 val_kappa=0.000000 val_ccc=0.000000 val_rmse=0.912871 val_mae=0.611111
2026-05-15 15:54:30,637 - INFO - Epoch 24/30 | train_loss=1.176446 | val_f1=0.222222 val_acc=0.500000 val_kappa=0.000000 val_ccc=0.000000 val_rmse=0.912871 val_mae=0.611111
2026-05-15 15:54:31,624 - INFO - Epoch 25/30 | train_loss=1.165406 | val_f1=0.222222 val_acc=0.500000 val_kappa=0.000000 val_ccc=0.000000 val_rmse=0.912871 val_mae=0.611111
2026-05-15 15:54:32,806 - INFO - Epoch 26/30 | train_loss=1.173187 | val_f1=0.222222 val_acc=0.500000 val_kappa=0.000000 val_ccc=0.000000 val_rmse=0.912871 val_mae=0.611111
2026-05-15 15:54:33,856 - INFO - Epoch 27/30 | train_loss=1.188631 | val_f1=0.222222 val_acc=0.500000 val_kappa=0.000000 val_ccc=0.000000 val_rmse=0.912871 val_mae=0.611111
2026-05-15 15:54:34,857 - INFO - Epoch 28/30 | train_loss=1.166897 | val_f1=0.222222 val_acc=0.500000 val_kappa=0.000000 val_ccc=0.000000 val_rmse=0.912871 val_mae=0.611111
2026-05-15 15:54:36,082 - INFO - Epoch 29/30 | train_loss=1.156119 | val_f1=0.222222 val_acc=0.500000 val_kappa=0.000000 val_ccc=0.000000 val_rmse=0.912871 val_mae=0.611111
2026-05-15 15:54:37,380 - INFO - Epoch 30/30 | train_loss=1.162266 | val_f1=0.222222 val_acc=0.500000 val_kappa=0.000000 val_ccc=0.000000 val_rmse=0.912871 val_mae=0.611111
2026-05-15 15:54:37,382 - INFO - Best checkpoint: checkpoints/Track2/A-V-P/ternary/fold_0_route1_ordinal_v1_smoke/best_model_2026-05-15-15.53.53.pth
2026-05-15 15:54:37,383 - INFO - Validation metrics saved to: logs/Track2/A-V-P/ternary/fold_0_route1_ordinal_v1_smoke/train_result_2026-05-15-15.53.53.json
2026-05-15 15:54:40,677 - INFO - [Ordinal] thresholds=[5.0, 10.0, 15.0, 20.0]  pos_weight=[1.12, 5.00, 5.00, 5.00] (clamp=[0.50,5.00])  active_head_mask=[1.0, 1.0, 1.0, 1.0]  midpoints=geometric  multitask=off  train_phq min=0.0 max=17.0 mean=4.84
2026-05-15 15:54:41,407 - INFO - Experiment: fold_0_route1_ordinal_v1_smoke
2026-05-15 15:54:41,408 - INFO - Device: cuda
2026-05-15 15:54:41,408 - INFO - Train/Val: 70 / 18
2026-05-15 15:54:49,420 - INFO - Epoch 1/30 [Ordinal-BCE] | train_loss=0.800367 | [log1p] ccc=0.0001 rmse=8.6290 mae=8.0374 | [PHQ-9] ccc=0.0001 rmse=8.63 mae=8.04 pred_mean=12.76 pred_std=0.01
2026-05-15 15:54:50,457 - INFO - Epoch 2/30 [Ordinal-BCE] | train_loss=0.788447 | [log1p] ccc=0.0000 rmse=8.5747 mae=7.9787 | [PHQ-9] ccc=0.0000 rmse=8.57 mae=7.98 pred_mean=12.70 pred_std=0.01
2026-05-15 15:54:51,191 - INFO - Epoch 3/30 [Ordinal-BCE] | train_loss=0.780584 | [log1p] ccc=0.0001 rmse=8.4546 mae=7.8500 | [PHQ-9] ccc=0.0001 rmse=8.45 mae=7.85 pred_mean=12.57 pred_std=0.01
2026-05-15 15:54:51,924 - INFO - Epoch 4/30 [Ordinal-BCE] | train_loss=0.768383 | [log1p] ccc=0.0002 rmse=8.3394 mae=7.7262 | [PHQ-9] ccc=0.0002 rmse=8.34 mae=7.73 pred_mean=12.45 pred_std=0.01
2026-05-15 15:54:52,580 - INFO - Epoch 5/30 [Ordinal-BCE] | train_loss=0.747792 | [log1p] ccc=0.0005 rmse=8.1509 mae=7.5235 | [PHQ-9] ccc=0.0005 rmse=8.15 mae=7.52 pred_mean=12.25 pred_std=0.02
2026-05-15 15:54:53,248 - INFO - Epoch 6/30 [Ordinal-BCE] | train_loss=0.720469 | [log1p] ccc=0.0010 rmse=7.7500 mae=7.0890 | [PHQ-9] ccc=0.0010 rmse=7.75 mae=7.09 pred_mean=11.81 pred_std=0.03
2026-05-15 15:54:53,901 - INFO - Epoch 7/30 [Ordinal-BCE] | train_loss=0.690117 | [log1p] ccc=0.0016 rmse=7.2200 mae=6.5073 | [PHQ-9] ccc=0.0016 rmse=7.22 mae=6.51 pred_mean=11.23 pred_std=0.05
2026-05-15 15:54:54,593 - INFO - Epoch 8/30 [Ordinal-BCE] | train_loss=0.663087 | [log1p] ccc=0.0025 rmse=6.5285 mae=5.8335 | [PHQ-9] ccc=0.0025 rmse=6.53 mae=5.83 pred_mean=10.45 pred_std=0.07
2026-05-15 15:54:55,311 - INFO - Epoch 9/30 [Ordinal-BCE] | train_loss=0.640642 | [log1p] ccc=0.0035 rmse=5.8228 mae=5.1932 | [PHQ-9] ccc=0.0035 rmse=5.82 mae=5.19 pred_mean=9.64 pred_std=0.08
2026-05-15 15:54:55,963 - INFO - Epoch 10/30 [Ordinal-BCE] | train_loss=0.583049 | [log1p] ccc=0.0041 rmse=5.3596 mae=4.7571 | [PHQ-9] ccc=0.0041 rmse=5.36 mae=4.76 pred_mean=9.08 pred_std=0.08
2026-05-15 15:54:56,557 - INFO - Epoch 11/30 [Ordinal-BCE] | train_loss=0.615843 | [log1p] ccc=0.0049 rmse=4.8913 mae=4.2968 | [PHQ-9] ccc=0.0049 rmse=4.89 mae=4.30 pred_mean=8.49 pred_std=0.09
2026-05-15 15:54:57,185 - INFO - Epoch 12/30 [Ordinal-BCE] | train_loss=0.546782 | [log1p] ccc=0.0056 rmse=4.5644 mae=3.9580 | [PHQ-9] ccc=0.0056 rmse=4.56 mae=3.96 pred_mean=8.05 pred_std=0.09
2026-05-15 15:54:57,746 - INFO - Epoch 13/30 [Ordinal-BCE] | train_loss=0.623150 | [log1p] ccc=0.0060 rmse=4.3029 mae=3.7092 | [PHQ-9] ccc=0.0060 rmse=4.30 mae=3.71 pred_mean=7.68 pred_std=0.08
2026-05-15 15:54:58,421 - INFO - Epoch 14/30 [Ordinal-BCE] | train_loss=0.598803 | [log1p] ccc=0.0065 rmse=4.0996 mae=3.5065 | [PHQ-9] ccc=0.0065 rmse=4.10 mae=3.51 pred_mean=7.38 pred_std=0.08
2026-05-15 15:54:59,247 - INFO - Epoch 15/30 [Ordinal-BCE] | train_loss=0.603761 | [log1p] ccc=0.0067 rmse=3.9355 mae=3.3331 | [PHQ-9] ccc=0.0067 rmse=3.94 mae=3.33 pred_mean=7.11 pred_std=0.08
2026-05-15 15:55:00,246 - INFO - Epoch 16/30 [Ordinal-BCE] | train_loss=0.590063 | [log1p] ccc=0.0069 rmse=3.8041 mae=3.2042 | [PHQ-9] ccc=0.0069 rmse=3.80 mae=3.20 pred_mean=6.89 pred_std=0.08
2026-05-15 15:55:00,837 - INFO - Epoch 17/30 [Ordinal-BCE] | train_loss=0.640239 | [log1p] ccc=0.0070 rmse=3.7309 mae=3.1314 | [PHQ-9] ccc=0.0070 rmse=3.73 mae=3.13 pred_mean=6.76 pred_std=0.08
2026-05-15 15:55:01,491 - INFO - Epoch 18/30 [Ordinal-BCE] | train_loss=0.689023 | [log1p] ccc=0.0070 rmse=3.6805 mae=3.0793 | [PHQ-9] ccc=0.0070 rmse=3.68 mae=3.08 pred_mean=6.66 pred_std=0.08
2026-05-15 15:55:02,147 - INFO - Epoch 19/30 [Ordinal-BCE] | train_loss=0.599104 | [log1p] ccc=0.0070 rmse=3.6119 mae=3.0050 | [PHQ-9] ccc=0.0070 rmse=3.61 mae=3.00 pred_mean=6.53 pred_std=0.07
2026-05-15 15:55:02,783 - INFO - Epoch 20/30 [Ordinal-BCE] | train_loss=0.611821 | [log1p] ccc=0.0070 rmse=3.5815 mae=2.9707 | [PHQ-9] ccc=0.0070 rmse=3.58 mae=2.97 pred_mean=6.47 pred_std=0.07
2026-05-15 15:55:03,395 - INFO - Epoch 21/30 [Ordinal-BCE] | train_loss=0.569557 | [log1p] ccc=0.0069 rmse=3.5507 mae=2.9348 | [PHQ-9] ccc=0.0069 rmse=3.55 mae=2.93 pred_mean=6.40 pred_std=0.07
2026-05-15 15:55:04,024 - INFO - Epoch 22/30 [Ordinal-BCE] | train_loss=0.624313 | [log1p] ccc=0.0069 rmse=3.5377 mae=2.9194 | [PHQ-9] ccc=0.0069 rmse=3.54 mae=2.92 pred_mean=6.37 pred_std=0.07
2026-05-15 15:55:04,624 - INFO - Epoch 23/30 [Ordinal-BCE] | train_loss=0.676801 | [log1p] ccc=0.0068 rmse=3.5168 mae=2.8942 | [PHQ-9] ccc=0.0068 rmse=3.52 mae=2.89 pred_mean=6.33 pred_std=0.07
2026-05-15 15:55:05,396 - INFO - Epoch 24/30 [Ordinal-BCE] | train_loss=0.690139 | [log1p] ccc=0.0068 rmse=3.5084 mae=2.8838 | [PHQ-9] ccc=0.0068 rmse=3.51 mae=2.88 pred_mean=6.31 pred_std=0.07
2026-05-15 15:55:06,157 - INFO - Epoch 25/30 [Ordinal-BCE] | train_loss=0.620262 | [log1p] ccc=0.0068 rmse=3.4956 mae=2.8679 | [PHQ-9] ccc=0.0068 rmse=3.50 mae=2.87 pred_mean=6.28 pred_std=0.07
2026-05-15 15:55:06,851 - INFO - Epoch 26/30 [Ordinal-BCE] | train_loss=0.708352 | [log1p] ccc=0.0068 rmse=3.4891 mae=2.8598 | [PHQ-9] ccc=0.0068 rmse=3.49 mae=2.86 pred_mean=6.27 pred_std=0.07
2026-05-15 15:55:07,518 - INFO - Epoch 27/30 [Ordinal-BCE] | train_loss=0.688319 | [log1p] ccc=0.0068 rmse=3.4854 mae=2.8551 | [PHQ-9] ccc=0.0068 rmse=3.49 mae=2.86 pred_mean=6.26 pred_std=0.07
2026-05-15 15:55:08,294 - INFO - Epoch 28/30 [Ordinal-BCE] | train_loss=0.726560 | [log1p] ccc=0.0068 rmse=3.4847 mae=2.8542 | [PHQ-9] ccc=0.0068 rmse=3.48 mae=2.85 pred_mean=6.26 pred_std=0.07
2026-05-15 15:55:09,065 - INFO - Epoch 29/30 [Ordinal-BCE] | train_loss=0.664504 | [log1p] ccc=0.0068 rmse=3.4841 mae=2.8535 | [PHQ-9] ccc=0.0068 rmse=3.48 mae=2.85 pred_mean=6.26 pred_std=0.07
2026-05-15 15:55:09,727 - INFO - Epoch 30/30 [Ordinal-BCE] | train_loss=0.683958 | [log1p] ccc=0.0068 rmse=3.4839 mae=2.8532 | [PHQ-9] ccc=0.0068 rmse=3.48 mae=2.85 pred_mean=6.25 pred_std=0.07
2026-05-15 15:55:09,729 - INFO - Best checkpoint: checkpoints/Track2/A-V-P/regression/fold_0_route1_ordinal_v1_smoke/best_model_2026-05-15-15.54.40.pth
2026-05-15 15:55:09,730 - INFO - Validation metrics saved to: logs/Track2/A-V-P/regression/fold_0_route1_ordinal_v1_smoke/train_result_2026-05-15-15.54.40.json
[smoke] 跳过 ensemble，仅完成 fold_0 训练验证
