================================================================
  Route 3 (multitask)  GPU=6  TRACK=Track2
  thresholds=3,5,8,10  pos_weight=[0.5,8.0]
  mask_min_pos=5  multitask_mode=ord_bin_ter
  loss_weights=1.0,0.15,0.30,0.05,0.10  phq_warmup=30
  bin_boundary=5  ter_boundaries=5,10
  EPOCHS=300  FOLDS='0 1 2 3 4'  LOG=parallel_logs/route3_multitask_Track2_2026-05-15_15.59.56.log
================================================================
  [OK] fold CSV: kfold_splits/Track2_Young_regression

## route3_multitask | Track2 | Fold 0
2026-05-15 15:59:58,562 - INFO - [Ordinal] thresholds=[3.0, 5.0, 8.0, 10.0]  pos_weight=[0.50, 1.12, 4.38, 7.75] (clamp=[0.50,8.00])  active_head_mask=[1.0, 1.0, 1.0, 1.0]  midpoints=['1.10', '3.53', '5.90', '8.80', '11.88']  multitask=ord_bin_ter  train_phq min=0.0 max=17.0 mean=4.84
2026-05-15 15:59:58,563 - INFO - [Multitask] loss_weights (ord,bin,ter,phq,cons)=[1.0, 0.15, 0.3, 0.05, 0.1]  bin_boundary=5.0  ter_boundaries=[5.0, 10.0]  phq_warmup=30
2026-05-15 15:59:59,437 - INFO - Experiment: fold_0_route3_multitask
2026-05-15 15:59:59,438 - INFO - Device: cuda
2026-05-15 15:59:59,438 - INFO - Train/Val: 70 / 18
2026-05-15 16:00:11,141 - INFO - Epoch 1/300 [Multitask] | train_loss=1.324195 | parts ord=0.8861 bin=0.6989 ter=1.1027 phq=0.0000 cons=0.0243 | [log1p] ccc=-0.0000 rmse=3.5476 mae=2.9280 | [PHQ-9] ccc=-0.0000 rmse=3.55 mae=2.93 pred_mean=6.37 pred_std=0.00
2026-05-15 16:00:12,612 - INFO - Epoch 2/300 [Multitask] | train_loss=1.319666 | parts ord=0.8842 bin=0.6947 ter=1.0959 phq=0.0000 cons=0.0243 | [log1p] ccc=-0.0003 rmse=3.5612 mae=2.9439 | [PHQ-9] ccc=-0.0003 rmse=3.56 mae=2.94 pred_mean=6.40 pred_std=0.00
2026-05-15 16:00:14,035 - INFO - Epoch 3/300 [Multitask] | train_loss=1.319515 | parts ord=0.8885 bin=0.6906 ter=1.0836 phq=0.0000 cons=0.0238 | [log1p] ccc=0.0002 rmse=3.5586 mae=2.9411 | [PHQ-9] ccc=0.0002 rmse=3.56 mae=2.94 pred_mean=6.40 pred_std=0.00
2026-05-15 16:00:15,505 - INFO - Epoch 4/300 [Multitask] | train_loss=1.315919 | parts ord=0.8886 bin=0.6956 ter=1.0689 phq=0.0000 cons=0.0231 | [log1p] ccc=0.0001 rmse=3.5540 mae=2.9359 | [PHQ-9] ccc=0.0001 rmse=3.55 mae=2.94 pred_mean=6.38 pred_std=0.00
2026-05-15 16:00:16,732 - INFO - Epoch 5/300 [Multitask] | train_loss=1.307892 | parts ord=0.8890 bin=0.6954 ter=1.0414 phq=0.0000 cons=0.0215 | [log1p] ccc=0.0002 rmse=3.5505 mae=2.9319 | [PHQ-9] ccc=0.0002 rmse=3.55 mae=2.93 pred_mean=6.38 pred_std=0.00
2026-05-15 16:00:17,875 - INFO - Epoch 6/300 [Multitask] | train_loss=1.304024 | parts ord=0.8874 bin=0.6974 ter=1.0327 phq=0.0000 cons=0.0218 | [log1p] ccc=0.0003 rmse=3.5522 mae=2.9339 | [PHQ-9] ccc=0.0003 rmse=3.55 mae=2.93 pred_mean=6.38 pred_std=0.00
2026-05-15 16:00:19,376 - INFO - Epoch 7/300 [Multitask] | train_loss=1.300919 | parts ord=0.8918 bin=0.7009 ter=1.0064 phq=0.0000 cons=0.0204 | [log1p] ccc=0.0005 rmse=3.5397 mae=2.9190 | [PHQ-9] ccc=0.0005 rmse=3.54 mae=2.92 pred_mean=6.36 pred_std=0.00
2026-05-15 16:00:20,854 - INFO - Epoch 8/300 [Multitask] | train_loss=1.287635 | parts ord=0.8855 bin=0.6940 ter=0.9865 phq=0.0000 cons=0.0207 | [log1p] ccc=0.0006 rmse=3.5311 mae=2.9088 | [PHQ-9] ccc=0.0006 rmse=3.53 mae=2.91 pred_mean=6.34 pred_std=0.00
2026-05-15 16:00:22,179 - INFO - Epoch 9/300 [Multitask] | train_loss=1.292009 | parts ord=0.8912 bin=0.7012 ter=0.9790 phq=0.0000 cons=0.0195 | [log1p] ccc=0.0007 rmse=3.4986 mae=2.8688 | [PHQ-9] ccc=0.0007 rmse=3.50 mae=2.87 pred_mean=6.27 pred_std=0.01
2026-05-15 16:00:23,483 - INFO - Epoch 10/300 [Multitask] | train_loss=1.305909 | parts ord=0.9031 bin=0.6841 ter=0.9937 phq=0.0000 cons=0.0206 | [log1p] ccc=0.0008 rmse=3.4757 mae=2.8398 | [PHQ-9] ccc=0.0008 rmse=3.48 mae=2.84 pred_mean=6.21 pred_std=0.01
2026-05-15 16:00:24,800 - INFO - Epoch 11/300 [Multitask] | train_loss=1.297720 | parts ord=0.8959 bin=0.6940 ter=0.9854 phq=0.0000 cons=0.0214 | [log1p] ccc=0.0009 rmse=3.4583 mae=2.8170 | [PHQ-9] ccc=0.0009 rmse=3.46 mae=2.82 pred_mean=6.17 pred_std=0.01
2026-05-15 16:00:26,116 - INFO - Epoch 12/300 [Multitask] | train_loss=1.281588 | parts ord=0.8943 bin=0.6859 ter=0.9410 phq=0.0000 cons=0.0213 | [log1p] ccc=0.0011 rmse=3.4311 mae=2.7806 | [PHQ-9] ccc=0.0011 rmse=3.43 mae=2.78 pred_mean=6.11 pred_std=0.01
2026-05-15 16:00:27,463 - INFO - Epoch 13/300 [Multitask] | train_loss=1.292041 | parts ord=0.8968 bin=0.6893 ter=0.9657 phq=0.0000 cons=0.0215 | [log1p] ccc=0.0013 rmse=3.4019 mae=2.7397 | [PHQ-9] ccc=0.0013 rmse=3.40 mae=2.74 pred_mean=6.03 pred_std=0.01
2026-05-15 16:00:28,569 - INFO - Epoch 14/300 [Multitask] | train_loss=1.315722 | parts ord=0.9192 bin=0.6941 ter=0.9676 phq=0.0000 cons=0.0208 | [log1p] ccc=0.0016 rmse=3.3744 mae=2.7144 | [PHQ-9] ccc=0.0016 rmse=3.37 mae=2.71 pred_mean=5.96 pred_std=0.01
2026-05-15 16:00:29,876 - INFO - Epoch 15/300 [Multitask] | train_loss=1.331616 | parts ord=0.9290 bin=0.6906 ter=0.9884 phq=0.0000 cons=0.0248 | [log1p] ccc=0.0018 rmse=3.3484 mae=2.6984 | [PHQ-9] ccc=0.0018 rmse=3.35 mae=2.70 pred_mean=5.89 pred_std=0.02
2026-05-15 16:00:31,265 - INFO - Epoch 16/300 [Multitask] | train_loss=1.311148 | parts ord=0.9086 bin=0.7031 ter=0.9828 phq=0.0000 cons=0.0220 | [log1p] ccc=0.0019 rmse=3.3321 mae=2.6879 | [PHQ-9] ccc=0.0019 rmse=3.33 mae=2.69 pred_mean=5.84 pred_std=0.02
2026-05-15 16:00:32,522 - INFO - Epoch 17/300 [Multitask] | train_loss=1.339535 | parts ord=0.9331 bin=0.7104 ter=0.9925 phq=0.0000 cons=0.0217 | [log1p] ccc=0.0018 rmse=3.3227 mae=2.6817 | [PHQ-9] ccc=0.0018 rmse=3.32 mae=2.68 pred_mean=5.81 pred_std=0.02
2026-05-15 16:00:33,757 - INFO - Epoch 18/300 [Multitask] | train_loss=1.318681 | parts ord=0.9061 bin=0.6827 ter=1.0267 phq=0.0000 cons=0.0215 | [log1p] ccc=0.0019 rmse=3.2993 mae=2.6657 | [PHQ-9] ccc=0.0019 rmse=3.30 mae=2.67 pred_mean=5.74 pred_std=0.02
2026-05-15 16:00:35,067 - INFO - Epoch 19/300 [Multitask] | train_loss=1.339259 | parts ord=0.9398 bin=0.6942 ter=0.9772 phq=0.0000 cons=0.0222 | [log1p] ccc=0.0019 rmse=3.2922 mae=2.6605 | [PHQ-9] ccc=0.0019 rmse=3.29 mae=2.66 pred_mean=5.72 pred_std=0.02
2026-05-15 16:00:36,345 - INFO - Epoch 20/300 [Multitask] | train_loss=1.385671 | parts ord=0.9670 bin=0.7076 ter=1.0347 phq=0.0000 cons=0.0214 | [log1p] ccc=0.0020 rmse=3.2808 mae=2.6521 | [PHQ-9] ccc=0.0020 rmse=3.28 mae=2.65 pred_mean=5.68 pred_std=0.02
2026-05-15 16:00:37,654 - INFO - Epoch 21/300 [Multitask] | train_loss=1.336736 | parts ord=0.9404 bin=0.6944 ter=0.9681 phq=0.0000 cons=0.0177 | [log1p] ccc=0.0021 rmse=3.2581 mae=2.6345 | [PHQ-9] ccc=0.0021 rmse=3.26 mae=2.63 pred_mean=5.60 pred_std=0.02
2026-05-15 16:00:38,875 - INFO - Epoch 22/300 [Multitask] | train_loss=1.388017 | parts ord=0.9824 bin=0.6854 ter=1.0030 phq=0.0000 cons=0.0187 | [log1p] ccc=0.0020 rmse=3.2462 mae=2.6244 | [PHQ-9] ccc=0.0020 rmse=3.25 mae=2.62 pred_mean=5.55 pred_std=0.02
2026-05-15 16:00:40,179 - INFO - Epoch 23/300 [Multitask] | train_loss=1.360131 | parts ord=0.9516 bin=0.7169 ter=0.9977 phq=0.0000 cons=0.0171 | [log1p] ccc=0.0019 rmse=3.2402 mae=2.6191 | [PHQ-9] ccc=0.0019 rmse=3.24 mae=2.62 pred_mean=5.53 pred_std=0.02
2026-05-15 16:00:41,563 - INFO - Epoch 24/300 [Multitask] | train_loss=1.387389 | parts ord=0.9836 bin=0.6865 ter=0.9969 phq=0.0000 cons=0.0174 | [log1p] ccc=0.0018 rmse=3.2264 mae=2.6065 | [PHQ-9] ccc=0.0018 rmse=3.23 mae=2.61 pred_mean=5.47 pred_std=0.03
2026-05-15 16:00:42,919 - INFO - Epoch 25/300 [Multitask] | train_loss=1.364201 | parts ord=0.9494 bin=0.6987 ter=1.0275 phq=0.0000 cons=0.0178 | [log1p] ccc=0.0016 rmse=3.2209 mae=2.6011 | [PHQ-9] ccc=0.0016 rmse=3.22 mae=2.60 pred_mean=5.45 pred_std=0.03
2026-05-15 16:00:44,294 - INFO - Epoch 26/300 [Multitask] | train_loss=1.364789 | parts ord=0.9504 bin=0.7074 ter=1.0211 phq=0.0000 cons=0.0191 | [log1p] ccc=0.0013 rmse=3.2239 mae=2.6039 | [PHQ-9] ccc=0.0013 rmse=3.22 mae=2.60 pred_mean=5.46 pred_std=0.03
2026-05-15 16:00:45,553 - INFO - Epoch 27/300 [Multitask] | train_loss=1.356444 | parts ord=0.9418 bin=0.6805 ter=1.0361 phq=0.0000 cons=0.0176 | [log1p] ccc=0.0011 rmse=3.2111 mae=2.5911 | [PHQ-9] ccc=0.0011 rmse=3.21 mae=2.59 pred_mean=5.40 pred_std=0.03
2026-05-15 16:00:46,834 - INFO - Epoch 28/300 [Multitask] | train_loss=1.352242 | parts ord=0.9383 bin=0.6845 ter=1.0320 phq=0.0000 cons=0.0165 | [log1p] ccc=0.0010 rmse=3.2027 mae=2.5821 | [PHQ-9] ccc=0.0010 rmse=3.20 mae=2.58 pred_mean=5.35 pred_std=0.03
2026-05-15 16:00:48,152 - INFO - Epoch 29/300 [Multitask] | train_loss=1.458616 | parts ord=1.0371 bin=0.7003 ter=1.0489 phq=0.0000 cons=0.0183 | [log1p] ccc=0.0006 rmse=3.2024 mae=2.5815 | [PHQ-9] ccc=0.0006 rmse=3.20 mae=2.58 pred_mean=5.35 pred_std=0.03
2026-05-15 16:00:49,564 - INFO - Epoch 30/300 [Multitask] | train_loss=1.455406 | parts ord=0.9469 bin=0.6854 ter=0.9510 phq=2.3704 cons=0.0192 | [log1p] ccc=0.0003 rmse=3.1961 mae=2.5741 | [PHQ-9] ccc=0.0003 rmse=3.20 mae=2.57 pred_mean=5.31 pred_std=0.03
2026-05-15 16:00:50,878 - INFO - Epoch 31/300 [Multitask] | train_loss=1.539266 | parts ord=1.0114 bin=0.7148 ter=1.0031 phq=2.3624 cons=0.0163 | [log1p] ccc=-0.0001 rmse=3.1860 mae=2.5610 | [PHQ-9] ccc=-0.0001 rmse=3.19 mae=2.56 pred_mean=5.25 pred_std=0.03
2026-05-15 16:00:52,272 - INFO - Epoch 32/300 [Multitask] | train_loss=1.523736 | parts ord=0.9984 bin=0.6814 ter=1.0194 phq=2.3128 cons=0.0170 | [log1p] ccc=-0.0001 rmse=3.1735 mae=2.5433 | [PHQ-9] ccc=-0.0001 rmse=3.17 mae=2.54 pred_mean=5.17 pred_std=0.03
2026-05-15 16:00:53,536 - INFO - Epoch 33/300 [Multitask] | train_loss=1.538093 | parts ord=1.0053 bin=0.6891 ter=1.0334 phq=2.3577 cons=0.0152 | [log1p] ccc=-0.0005 rmse=3.1700 mae=2.5368 | [PHQ-9] ccc=-0.0005 rmse=3.17 mae=2.54 pred_mean=5.14 pred_std=0.04
2026-05-15 16:00:54,870 - INFO - Epoch 34/300 [Multitask] | train_loss=1.512859 | parts ord=0.9918 bin=0.7150 ter=0.9843 phq=2.3421 cons=0.0146 | [log1p] ccc=-0.0008 rmse=3.1691 mae=2.5349 | [PHQ-9] ccc=-0.0008 rmse=3.17 mae=2.53 pred_mean=5.13 pred_std=0.04
2026-05-15 16:00:56,030 - INFO - Epoch 35/300 [Multitask] | train_loss=1.463344 | parts ord=0.9494 bin=0.6856 ter=0.9908 phq=2.2511 cons=0.0134 | [log1p] ccc=-0.0009 rmse=3.1628 mae=2.5231 | [PHQ-9] ccc=-0.0009 rmse=3.16 mae=2.52 pred_mean=5.08 pred_std=0.04
2026-05-15 16:00:56,633 - INFO - Epoch 36/300 [Multitask] | train_loss=1.522510 | parts ord=0.9965 bin=0.6872 ter=1.0310 phq=2.2429 cons=0.0148 | [log1p] ccc=-0.0007 rmse=3.1526 mae=2.5140 | [PHQ-9] ccc=-0.0007 rmse=3.15 mae=2.51 pred_mean=4.97 pred_std=0.04
2026-05-15 16:00:57,354 - INFO - Epoch 37/300 [Multitask] | train_loss=1.578602 | parts ord=1.0353 bin=0.7198 ter=1.0684 phq=2.2662 cons=0.0153 | [log1p] ccc=-0.0010 rmse=3.1480 mae=2.5210 | [PHQ-9] ccc=-0.0010 rmse=3.15 mae=2.52 pred_mean=4.90 pred_std=0.04
2026-05-15 16:00:58,242 - INFO - Epoch 38/300 [Multitask] | train_loss=1.530330 | parts ord=1.0015 bin=0.6984 ter=1.0200 phq=2.3311 cons=0.0152 | [log1p] ccc=-0.0019 rmse=3.1520 mae=2.5174 | [PHQ-9] ccc=-0.0019 rmse=3.15 mae=2.52 pred_mean=4.94 pred_std=0.04
2026-05-15 16:00:58,887 - INFO - Epoch 39/300 [Multitask] | train_loss=1.529531 | parts ord=1.0010 bin=0.6985 ter=1.0341 phq=2.2398 cons=0.0158 | [log1p] ccc=-0.0025 rmse=3.1544 mae=2.5162 | [PHQ-9] ccc=-0.0025 rmse=3.15 mae=2.52 pred_mean=4.96 pred_std=0.04
2026-05-15 16:00:59,498 - INFO - Epoch 40/300 [Multitask] | train_loss=1.559037 | parts ord=1.0372 bin=0.6932 ter=1.0067 phq=2.2859 cons=0.0153 | [log1p] ccc=-0.0031 rmse=3.1560 mae=2.5171 | [PHQ-9] ccc=-0.0031 rmse=3.16 mae=2.52 pred_mean=4.97 pred_std=0.04
2026-05-15 16:01:00,095 - INFO - Epoch 41/300 [Multitask] | train_loss=1.543093 | parts ord=1.0245 bin=0.7056 ter=1.0049 phq=2.2022 cons=0.0117 | [log1p] ccc=-0.0041 rmse=3.1560 mae=2.5191 | [PHQ-9] ccc=-0.0041 rmse=3.16 mae=2.52 pred_mean=4.95 pred_std=0.04
2026-05-15 16:01:00,836 - INFO - Epoch 42/300 [Multitask] | train_loss=1.594248 | parts ord=1.0861 bin=0.6996 ter=0.9657 phq=2.2448 cons=0.0121 | [log1p] ccc=-0.0046 rmse=3.1538 mae=2.5246 | [PHQ-9] ccc=-0.0046 rmse=3.15 mae=2.52 pred_mean=4.90 pred_std=0.04
2026-05-15 16:01:01,443 - INFO - Epoch 43/300 [Multitask] | train_loss=1.540626 | parts ord=1.0156 bin=0.6914 ter=1.0287 phq=2.2262 cons=0.0143 | [log1p] ccc=-0.0052 rmse=3.1535 mae=2.5279 | [PHQ-9] ccc=-0.0052 rmse=3.15 mae=2.53 pred_mean=4.88 pred_std=0.05
2026-05-15 16:01:02,491 - INFO - Epoch 44/300 [Multitask] | train_loss=1.578847 | parts ord=1.0631 bin=0.6950 ter=0.9817 phq=2.3130 cons=0.0131 | [log1p] ccc=-0.0054 rmse=3.1535 mae=2.5291 | [PHQ-9] ccc=-0.0054 rmse=3.15 mae=2.53 pred_mean=4.87 pred_std=0.05
2026-05-15 16:01:03,460 - INFO - Epoch 45/300 [Multitask] | train_loss=1.598772 | parts ord=1.0864 bin=0.6937 ter=0.9832 phq=2.2420 cons=0.0130 | [log1p] ccc=-0.0059 rmse=3.1531 mae=2.5328 | [PHQ-9] ccc=-0.0059 rmse=3.15 mae=2.53 pred_mean=4.84 pred_std=0.05
2026-05-15 16:01:04,481 - INFO - Epoch 46/300 [Multitask] | train_loss=1.521953 | parts ord=1.0060 bin=0.6945 ter=0.9899 phq=2.2681 cons=0.0137 | [log1p] ccc=-0.0075 rmse=3.1586 mae=2.5273 | [PHQ-9] ccc=-0.0075 rmse=3.16 mae=2.53 pred_mean=4.90 pred_std=0.05
2026-05-15 16:01:05,579 - INFO - Epoch 47/300 [Multitask] | train_loss=1.516242 | parts ord=1.0131 bin=0.6915 ter=0.9517 phq=2.2461 cons=0.0158 | [log1p] ccc=-0.0079 rmse=3.1572 mae=2.5336 | [PHQ-9] ccc=-0.0079 rmse=3.16 mae=2.53 pred_mean=4.86 pred_std=0.06
2026-05-15 16:01:06,617 - INFO - Epoch 48/300 [Multitask] | train_loss=1.547030 | parts ord=1.0397 bin=0.6640 ter=0.9702 phq=2.3031 cons=0.0151 | [log1p] ccc=-0.0081 rmse=3.1575 mae=2.5331 | [PHQ-9] ccc=-0.0081 rmse=3.16 mae=2.53 pred_mean=4.86 pred_std=0.06
2026-05-15 16:01:07,578 - INFO - Epoch 49/300 [Multitask] | train_loss=1.551143 | parts ord=1.0337 bin=0.7025 ter=0.9857 phq=2.3017 cons=0.0129 | [log1p] ccc=-0.0106 rmse=3.1669 mae=2.5272 | [PHQ-9] ccc=-0.0106 rmse=3.17 mae=2.53 pred_mean=4.95 pred_std=0.06
2026-05-15 16:01:08,650 - INFO - Epoch 50/300 [Multitask] | train_loss=1.558265 | parts ord=1.0522 bin=0.6732 ter=0.9695 phq=2.2600 cons=0.0120 | [log1p] ccc=-0.0124 rmse=3.1723 mae=2.5288 | [PHQ-9] ccc=-0.0124 rmse=3.17 mae=2.53 pred_mean=4.98 pred_std=0.06
2026-05-15 16:01:09,306 - INFO - Epoch 51/300 [Multitask] | train_loss=1.443268 | parts ord=0.9462 bin=0.6673 ter=0.9507 phq=2.2076 cons=0.0143 | [log1p] ccc=-0.0133 rmse=3.1735 mae=2.5306 | [PHQ-9] ccc=-0.0133 rmse=3.17 mae=2.53 pred_mean=4.98 pred_std=0.07
2026-05-15 16:01:10,007 - INFO - Epoch 52/300 [Multitask] | train_loss=1.514215 | parts ord=1.0260 bin=0.6626 ter=0.9184 phq=2.2416 cons=0.0124 | [log1p] ccc=-0.0131 rmse=3.1669 mae=2.5377 | [PHQ-9] ccc=-0.0131 rmse=3.17 mae=2.54 pred_mean=4.89 pred_std=0.08
2026-05-15 16:01:10,652 - INFO - Epoch 53/300 [Multitask] | train_loss=1.483483 | parts ord=0.9793 bin=0.6783 ter=0.9629 phq=2.2478 cons=0.0119 | [log1p] ccc=-0.0171 rmse=3.1738 mae=2.5411 | [PHQ-9] ccc=-0.0171 rmse=3.17 mae=2.54 pred_mean=4.89 pred_std=0.08
2026-05-15 16:01:11,309 - INFO - Epoch 54/300 [Multitask] | train_loss=1.541643 | parts ord=1.0379 bin=0.6649 ter=0.9669 phq=2.2498 cons=0.0145 | [log1p] ccc=-0.0180 rmse=3.1729 mae=2.5484 | [PHQ-9] ccc=-0.0180 rmse=3.17 mae=2.55 pred_mean=4.84 pred_std=0.09
2026-05-15 16:01:12,050 - INFO - Epoch 55/300 [Multitask] | train_loss=1.496142 | parts ord=0.9976 bin=0.6370 ter=0.9762 phq=2.1750 cons=0.0140 | [log1p] ccc=-0.0222 rmse=3.1841 mae=2.5419 | [PHQ-9] ccc=-0.0222 rmse=3.18 mae=2.54 pred_mean=4.93 pred_std=0.10
2026-05-15 16:01:12,708 - INFO - Epoch 56/300 [Multitask] | train_loss=1.455135 | parts ord=0.9517 bin=0.6554 ter=0.9785 phq=2.2060 cons=0.0122 | [log1p] ccc=-0.0230 rmse=3.1829 mae=2.5489 | [PHQ-9] ccc=-0.0230 rmse=3.18 mae=2.55 pred_mean=4.88 pred_std=0.10
2026-05-15 16:01:13,400 - INFO - Epoch 57/300 [Multitask] | train_loss=1.485123 | parts ord=0.9908 bin=0.6218 ter=0.9606 phq=2.2281 cons=0.0151 | [log1p] ccc=-0.0276 rmse=3.1919 mae=2.5525 | [PHQ-9] ccc=-0.0276 rmse=3.19 mae=2.55 pred_mean=4.91 pred_std=0.12
2026-05-15 16:01:14,091 - INFO - Epoch 58/300 [Multitask] | train_loss=1.416624 | parts ord=0.9242 bin=0.6308 ter=0.9464 phq=2.2473 cons=0.0154 | [log1p] ccc=-0.0324 rmse=3.2012 mae=2.5551 | [PHQ-9] ccc=-0.0324 rmse=3.20 mae=2.56 pred_mean=4.93 pred_std=0.13
2026-05-15 16:01:15,062 - INFO - Epoch 59/300 [Multitask] | train_loss=1.406081 | parts ord=0.9318 bin=0.6220 ter=0.9143 phq=2.1080 cons=0.0129 | [log1p] ccc=-0.0360 rmse=3.2034 mae=2.5712 | [PHQ-9] ccc=-0.0360 rmse=3.20 mae=2.57 pred_mean=4.86 pred_std=0.14
2026-05-15 16:01:16,075 - INFO - Epoch 60/300 [Multitask] | train_loss=1.402082 | parts ord=0.9305 bin=0.6201 ter=0.8970 phq=2.1592 cons=0.0147 | [log1p] ccc=-0.0405 rmse=3.2119 mae=2.5730 | [PHQ-9] ccc=-0.0405 rmse=3.21 mae=2.57 pred_mean=4.87 pred_std=0.16
2026-05-15 16:01:17,179 - INFO - Epoch 61/300 [Multitask] | train_loss=1.403462 | parts ord=0.9332 bin=0.6065 ter=0.9127 phq=2.0792 cons=0.0149 | [log1p] ccc=-0.0457 rmse=3.2214 mae=2.5794 | [PHQ-9] ccc=-0.0457 rmse=3.22 mae=2.58 pred_mean=4.88 pred_std=0.17
2026-05-15 16:01:17,179 - INFO - Early stopping at epoch 61
2026-05-15 16:01:17,181 - INFO - Best checkpoint: checkpoints/Track2/A-V-P/regression/fold_0_route3_multitask/best_model_2026-05-15-15.59.58.pth
2026-05-15 16:01:17,182 - INFO - Validation metrics saved to: logs/Track2/A-V-P/regression/fold_0_route3_multitask/train_result_2026-05-15-15.59.58.json

## route3_multitask | Track2 | Fold 1
2026-05-15 16:01:20,483 - INFO - [Ordinal] thresholds=[3.0, 5.0, 8.0, 10.0]  pos_weight=[0.50, 1.06, 4.38, 7.75] (clamp=[0.50,8.00])  active_head_mask=[1.0, 1.0, 1.0, 1.0]  midpoints=['1.15', '3.50', '5.90', '8.80', '12.00']  multitask=ord_bin_ter  train_phq min=0.0 max=17.0 mean=4.90
2026-05-15 16:01:20,483 - INFO - [Multitask] loss_weights (ord,bin,ter,phq,cons)=[1.0, 0.15, 0.3, 0.05, 0.1]  bin_boundary=5.0  ter_boundaries=[5.0, 10.0]  phq_warmup=30
2026-05-15 16:01:21,268 - INFO - Experiment: fold_1_route3_multitask
2026-05-15 16:01:21,268 - INFO - Device: cuda
2026-05-15 16:01:21,268 - INFO - Train/Val: 70 / 18
2026-05-15 16:01:32,626 - INFO - Epoch 1/300 [Multitask] | train_loss=1.317811 | parts ord=0.8793 bin=0.6977 ter=1.1046 phq=0.0000 cons=0.0248 | [log1p] ccc=-0.0003 rmse=3.6521 mae=3.0325 | [PHQ-9] ccc=-0.0003 rmse=3.65 mae=3.03 pred_mean=6.47 pred_std=0.00
2026-05-15 16:01:33,958 - INFO - Epoch 2/300 [Multitask] | train_loss=1.314500 | parts ord=0.8813 bin=0.6983 ter=1.0869 phq=0.0000 cons=0.0241 | [log1p] ccc=-0.0001 rmse=3.6586 mae=3.0407 | [PHQ-9] ccc=-0.0001 rmse=3.66 mae=3.04 pred_mean=6.48 pred_std=0.00
2026-05-15 16:01:35,295 - INFO - Epoch 3/300 [Multitask] | train_loss=1.305315 | parts ord=0.8789 bin=0.6957 ter=1.0658 phq=0.0000 cons=0.0232 | [log1p] ccc=0.0001 rmse=3.6686 mae=3.0530 | [PHQ-9] ccc=0.0001 rmse=3.67 mae=3.05 pred_mean=6.50 pred_std=0.00
2026-05-15 16:01:36,858 - INFO - Epoch 4/300 [Multitask] | train_loss=1.297596 | parts ord=0.8785 bin=0.6942 ter=1.0423 phq=0.0000 cons=0.0229 | [log1p] ccc=0.0001 rmse=3.6550 mae=3.0366 | [PHQ-9] ccc=0.0001 rmse=3.65 mae=3.04 pred_mean=6.47 pred_std=0.00
2026-05-15 16:01:38,253 - INFO - Epoch 5/300 [Multitask] | train_loss=1.297167 | parts ord=0.8782 bin=0.7014 ter=1.0387 phq=0.0000 cons=0.0211 | [log1p] ccc=0.0002 rmse=3.6445 mae=3.0235 | [PHQ-9] ccc=0.0002 rmse=3.64 mae=3.02 pred_mean=6.45 pred_std=0.00
2026-05-15 16:01:39,437 - INFO - Epoch 6/300 [Multitask] | train_loss=1.302840 | parts ord=0.8901 bin=0.7013 ter=1.0180 phq=0.0000 cons=0.0217 | [log1p] ccc=-0.0004 rmse=3.6304 mae=3.0053 | [PHQ-9] ccc=-0.0004 rmse=3.63 mae=3.01 pred_mean=6.42 pred_std=0.00
2026-05-15 16:01:40,775 - INFO - Epoch 7/300 [Multitask] | train_loss=1.304415 | parts ord=0.8928 bin=0.6890 ter=1.0207 phq=0.0000 cons=0.0210 | [log1p] ccc=-0.0010 rmse=3.6004 mae=2.9665 | [PHQ-9] ccc=-0.0010 rmse=3.60 mae=2.97 pred_mean=6.36 pred_std=0.00
2026-05-15 16:01:42,170 - INFO - Epoch 8/300 [Multitask] | train_loss=1.280461 | parts ord=0.8840 bin=0.6883 ter=0.9705 phq=0.0000 cons=0.0213 | [log1p] ccc=-0.0013 rmse=3.5813 mae=2.9414 | [PHQ-9] ccc=-0.0013 rmse=3.58 mae=2.94 pred_mean=6.33 pred_std=0.01
2026-05-15 16:01:43,541 - INFO - Epoch 9/300 [Multitask] | train_loss=1.278551 | parts ord=0.8799 bin=0.6953 ter=0.9746 phq=0.0000 cons=0.0199 | [log1p] ccc=-0.0016 rmse=3.5537 mae=2.9046 | [PHQ-9] ccc=-0.0016 rmse=3.55 mae=2.90 pred_mean=6.27 pred_std=0.01
2026-05-15 16:01:44,852 - INFO - Epoch 10/300 [Multitask] | train_loss=1.269450 | parts ord=0.8738 bin=0.7020 ter=0.9612 phq=0.0000 cons=0.0200 | [log1p] ccc=-0.0020 rmse=3.5124 mae=2.8477 | [PHQ-9] ccc=-0.0020 rmse=3.51 mae=2.85 pred_mean=6.19 pred_std=0.01
2026-05-15 16:01:46,208 - INFO - Epoch 11/300 [Multitask] | train_loss=1.307306 | parts ord=0.8986 bin=0.6911 ter=1.0099 phq=0.0000 cons=0.0204 | [log1p] ccc=-0.0027 rmse=3.4756 mae=2.7949 | [PHQ-9] ccc=-0.0027 rmse=3.48 mae=2.79 pred_mean=6.10 pred_std=0.01
2026-05-15 16:01:47,453 - INFO - Epoch 12/300 [Multitask] | train_loss=1.295969 | parts ord=0.9073 bin=0.6854 ter=0.9462 phq=0.0000 cons=0.0200 | [log1p] ccc=-0.0029 rmse=3.4594 mae=2.7713 | [PHQ-9] ccc=-0.0029 rmse=3.46 mae=2.77 pred_mean=6.07 pred_std=0.01
2026-05-15 16:01:48,666 - INFO - Epoch 13/300 [Multitask] | train_loss=1.286076 | parts ord=0.8848 bin=0.6996 ter=0.9811 phq=0.0000 cons=0.0201 | [log1p] ccc=-0.0041 rmse=3.4078 mae=2.7161 | [PHQ-9] ccc=-0.0041 rmse=3.41 mae=2.72 pred_mean=5.95 pred_std=0.02
2026-05-15 16:01:49,989 - INFO - Epoch 14/300 [Multitask] | train_loss=1.320440 | parts ord=0.9051 bin=0.7048 ter=1.0255 phq=0.0000 cons=0.0197 | [log1p] ccc=-0.0047 rmse=3.3839 mae=2.7038 | [PHQ-9] ccc=-0.0047 rmse=3.38 mae=2.70 pred_mean=5.89 pred_std=0.02
2026-05-15 16:01:51,263 - INFO - Epoch 15/300 [Multitask] | train_loss=1.301057 | parts ord=0.9023 bin=0.7016 ter=0.9711 phq=0.0000 cons=0.0220 | [log1p] ccc=-0.0051 rmse=3.3613 mae=2.6914 | [PHQ-9] ccc=-0.0051 rmse=3.36 mae=2.69 pred_mean=5.83 pred_std=0.02
2026-05-15 16:01:52,562 - INFO - Epoch 16/300 [Multitask] | train_loss=1.302258 | parts ord=0.8977 bin=0.7011 ter=0.9914 phq=0.0000 cons=0.0194 | [log1p] ccc=-0.0057 rmse=3.3481 mae=2.6841 | [PHQ-9] ccc=-0.0057 rmse=3.35 mae=2.68 pred_mean=5.79 pred_std=0.02
2026-05-15 16:01:53,979 - INFO - Epoch 17/300 [Multitask] | train_loss=1.313984 | parts ord=0.9102 bin=0.6993 ter=0.9902 phq=0.0000 cons=0.0186 | [log1p] ccc=-0.0064 rmse=3.3115 mae=2.6627 | [PHQ-9] ccc=-0.0064 rmse=3.31 mae=2.66 pred_mean=5.69 pred_std=0.02
2026-05-15 16:01:55,362 - INFO - Epoch 18/300 [Multitask] | train_loss=1.356739 | parts ord=0.9512 bin=0.7025 ter=0.9943 phq=0.0000 cons=0.0187 | [log1p] ccc=-0.0064 rmse=3.3138 mae=2.6639 | [PHQ-9] ccc=-0.0064 rmse=3.31 mae=2.66 pred_mean=5.70 pred_std=0.02
2026-05-15 16:01:56,692 - INFO - Epoch 19/300 [Multitask] | train_loss=1.365283 | parts ord=0.9647 bin=0.6881 ter=0.9845 phq=0.0000 cons=0.0204 | [log1p] ccc=-0.0068 rmse=3.2939 mae=2.6515 | [PHQ-9] ccc=-0.0068 rmse=3.29 mae=2.65 pred_mean=5.64 pred_std=0.02
2026-05-15 16:01:58,119 - INFO - Epoch 20/300 [Multitask] | train_loss=1.357332 | parts ord=0.9538 bin=0.7013 ter=0.9879 phq=0.0000 cons=0.0193 | [log1p] ccc=-0.0074 rmse=3.2823 mae=2.6442 | [PHQ-9] ccc=-0.0074 rmse=3.28 mae=2.64 pred_mean=5.61 pred_std=0.02
2026-05-15 16:01:59,497 - INFO - Epoch 21/300 [Multitask] | train_loss=1.357489 | parts ord=0.9396 bin=0.6942 ter=1.0405 phq=0.0000 cons=0.0162 | [log1p] ccc=-0.0076 rmse=3.2769 mae=2.6409 | [PHQ-9] ccc=-0.0076 rmse=3.28 mae=2.64 pred_mean=5.59 pred_std=0.02
2026-05-15 16:02:00,868 - INFO - Epoch 22/300 [Multitask] | train_loss=1.385121 | parts ord=0.9794 bin=0.6970 ter=0.9985 phq=0.0000 cons=0.0164 | [log1p] ccc=-0.0079 rmse=3.2720 mae=2.6375 | [PHQ-9] ccc=-0.0079 rmse=3.27 mae=2.64 pred_mean=5.57 pred_std=0.02
2026-05-15 16:02:02,190 - INFO - Epoch 23/300 [Multitask] | train_loss=1.407769 | parts ord=0.9910 bin=0.7040 ter=1.0323 phq=0.0000 cons=0.0153 | [log1p] ccc=-0.0085 rmse=3.2471 mae=2.6203 | [PHQ-9] ccc=-0.0085 rmse=3.25 mae=2.62 pred_mean=5.49 pred_std=0.03
2026-05-15 16:02:03,471 - INFO - Epoch 24/300 [Multitask] | train_loss=1.388764 | parts ord=0.9862 bin=0.7116 ter=0.9811 phq=0.0000 cons=0.0148 | [log1p] ccc=-0.0088 rmse=3.2387 mae=2.6142 | [PHQ-9] ccc=-0.0088 rmse=3.24 mae=2.61 pred_mean=5.46 pred_std=0.03
2026-05-15 16:02:04,781 - INFO - Epoch 25/300 [Multitask] | train_loss=1.304522 | parts ord=0.9146 bin=0.6982 ter=0.9454 phq=0.0000 cons=0.0161 | [log1p] ccc=-0.0090 rmse=3.2246 mae=2.6035 | [PHQ-9] ccc=-0.0090 rmse=3.22 mae=2.60 pred_mean=5.41 pred_std=0.03
2026-05-15 16:02:06,110 - INFO - Epoch 26/300 [Multitask] | train_loss=1.362541 | parts ord=0.9563 bin=0.6950 ter=1.0007 phq=0.0000 cons=0.0182 | [log1p] ccc=-0.0096 rmse=3.2151 mae=2.5959 | [PHQ-9] ccc=-0.0096 rmse=3.22 mae=2.60 pred_mean=5.38 pred_std=0.03
2026-05-15 16:02:07,344 - INFO - Epoch 27/300 [Multitask] | train_loss=1.403669 | parts ord=1.0007 bin=0.6916 ter=0.9920 phq=0.0000 cons=0.0164 | [log1p] ccc=-0.0103 rmse=3.2106 mae=2.5921 | [PHQ-9] ccc=-0.0103 rmse=3.21 mae=2.59 pred_mean=5.35 pred_std=0.03
2026-05-15 16:02:08,796 - INFO - Epoch 28/300 [Multitask] | train_loss=1.410096 | parts ord=0.9865 bin=0.7028 ter=1.0560 phq=0.0000 cons=0.0139 | [log1p] ccc=-0.0108 rmse=3.1956 mae=2.5792 | [PHQ-9] ccc=-0.0108 rmse=3.20 mae=2.58 pred_mean=5.29 pred_std=0.03
2026-05-15 16:02:10,194 - INFO - Epoch 29/300 [Multitask] | train_loss=1.377063 | parts ord=0.9761 bin=0.7049 ter=0.9784 phq=0.0000 cons=0.0168 | [log1p] ccc=-0.0114 rmse=3.1891 mae=2.5732 | [PHQ-9] ccc=-0.0114 rmse=3.19 mae=2.57 pred_mean=5.26 pred_std=0.03
2026-05-15 16:02:11,440 - INFO - Epoch 30/300 [Multitask] | train_loss=1.509226 | parts ord=0.9550 bin=0.6955 ter=1.0982 phq=2.3733 cons=0.0175 | [log1p] ccc=-0.0120 rmse=3.1778 mae=2.5625 | [PHQ-9] ccc=-0.0120 rmse=3.18 mae=2.56 pred_mean=5.21 pred_std=0.03
2026-05-15 16:02:12,705 - INFO - Epoch 31/300 [Multitask] | train_loss=1.557010 | parts ord=1.0036 bin=0.6917 ter=1.1008 phq=2.3595 cons=0.0145 | [log1p] ccc=-0.0124 rmse=3.1807 mae=2.5653 | [PHQ-9] ccc=-0.0124 rmse=3.18 mae=2.57 pred_mean=5.22 pred_std=0.04
2026-05-15 16:02:14,115 - INFO - Epoch 32/300 [Multitask] | train_loss=1.523023 | parts ord=0.9976 bin=0.7190 ter=1.0082 phq=2.2716 cons=0.0157 | [log1p] ccc=-0.0131 rmse=3.1681 mae=2.5524 | [PHQ-9] ccc=-0.0131 rmse=3.17 mae=2.55 pred_mean=5.16 pred_std=0.04
2026-05-15 16:02:15,464 - INFO - Epoch 33/300 [Multitask] | train_loss=1.434884 | parts ord=0.9138 bin=0.7031 ter=0.9936 phq=2.3220 cons=0.0147 | [log1p] ccc=-0.0138 rmse=3.1740 mae=2.5578 | [PHQ-9] ccc=-0.0138 rmse=3.17 mae=2.56 pred_mean=5.18 pred_std=0.04
2026-05-15 16:02:16,787 - INFO - Epoch 34/300 [Multitask] | train_loss=1.493285 | parts ord=0.9602 bin=0.7146 ter=1.0335 phq=2.2871 cons=0.0148 | [log1p] ccc=-0.0145 rmse=3.1726 mae=2.5560 | [PHQ-9] ccc=-0.0145 rmse=3.17 mae=2.56 pred_mean=5.17 pred_std=0.04
2026-05-15 16:02:18,179 - INFO - Epoch 35/300 [Multitask] | train_loss=1.468092 | parts ord=0.9547 bin=0.7018 ter=0.9759 phq=2.2812 cons=0.0125 | [log1p] ccc=-0.0156 rmse=3.1729 mae=2.5558 | [PHQ-9] ccc=-0.0156 rmse=3.17 mae=2.56 pred_mean=5.16 pred_std=0.04
2026-05-15 16:02:19,641 - INFO - Epoch 36/300 [Multitask] | train_loss=1.503889 | parts ord=0.9931 bin=0.7069 ter=0.9572 phq=2.3210 cons=0.0151 | [log1p] ccc=-0.0169 rmse=3.1579 mae=2.5381 | [PHQ-9] ccc=-0.0169 rmse=3.16 mae=2.54 pred_mean=5.08 pred_std=0.04
2026-05-15 16:02:20,989 - INFO - Epoch 37/300 [Multitask] | train_loss=1.491510 | parts ord=0.9774 bin=0.6773 ter=0.9899 phq=2.2823 cons=0.0140 | [log1p] ccc=-0.0181 rmse=3.1615 mae=2.5412 | [PHQ-9] ccc=-0.0181 rmse=3.16 mae=2.54 pred_mean=5.09 pred_std=0.05
2026-05-15 16:02:22,331 - INFO - Epoch 38/300 [Multitask] | train_loss=1.457747 | parts ord=0.9369 bin=0.7058 ter=1.0062 phq=2.2342 cons=0.0144 | [log1p] ccc=-0.0195 rmse=3.1575 mae=2.5349 | [PHQ-9] ccc=-0.0195 rmse=3.16 mae=2.53 pred_mean=5.05 pred_std=0.05
2026-05-15 16:02:23,754 - INFO - Epoch 39/300 [Multitask] | train_loss=1.528329 | parts ord=1.0156 bin=0.6937 ter=0.9670 phq=2.3425 cons=0.0146 | [log1p] ccc=-0.0207 rmse=3.1466 mae=2.5261 | [PHQ-9] ccc=-0.0207 rmse=3.15 mae=2.53 pred_mean=4.98 pred_std=0.05
2026-05-15 16:02:25,033 - INFO - Epoch 40/300 [Multitask] | train_loss=1.506176 | parts ord=0.9736 bin=0.7026 ter=1.0328 phq=2.3163 cons=0.0156 | [log1p] ccc=-0.0222 rmse=3.1463 mae=2.5255 | [PHQ-9] ccc=-0.0222 rmse=3.15 mae=2.53 pred_mean=4.96 pred_std=0.05
2026-05-15 16:02:26,370 - INFO - Epoch 41/300 [Multitask] | train_loss=1.565061 | parts ord=1.0513 bin=0.6996 ter=0.9706 phq=2.3295 cons=0.0115 | [log1p] ccc=-0.0235 rmse=3.1482 mae=2.5265 | [PHQ-9] ccc=-0.0235 rmse=3.15 mae=2.53 pred_mean=4.96 pred_std=0.06
2026-05-15 16:02:27,809 - INFO - Epoch 42/300 [Multitask] | train_loss=1.534833 | parts ord=1.0165 bin=0.6846 ter=0.9919 phq=2.3367 cons=0.0121 | [log1p] ccc=-0.0252 rmse=3.1538 mae=2.5304 | [PHQ-9] ccc=-0.0252 rmse=3.15 mae=2.53 pred_mean=4.98 pred_std=0.06
2026-05-15 16:02:29,221 - INFO - Epoch 43/300 [Multitask] | train_loss=1.507811 | parts ord=0.9853 bin=0.7037 ter=0.9898 phq=2.3716 cons=0.0144 | [log1p] ccc=-0.0264 rmse=3.1580 mae=2.5340 | [PHQ-9] ccc=-0.0264 rmse=3.16 mae=2.53 pred_mean=4.99 pred_std=0.06
2026-05-15 16:02:29,221 - INFO - Early stopping at epoch 43
2026-05-15 16:02:29,224 - INFO - Best checkpoint: checkpoints/Track2/A-V-P/regression/fold_1_route3_multitask/best_model_2026-05-15-16.01.20.pth
2026-05-15 16:02:29,224 - INFO - Validation metrics saved to: logs/Track2/A-V-P/regression/fold_1_route3_multitask/train_result_2026-05-15-16.01.20.json

## route3_multitask | Track2 | Fold 2
2026-05-15 16:02:32,506 - INFO - [Ordinal] thresholds=[3.0, 5.0, 8.0, 10.0]  pos_weight=[0.50, 1.06, 4.38, 6.78] (clamp=[0.50,8.00])  active_head_mask=[1.0, 1.0, 1.0, 1.0]  midpoints=['1.00', '3.50', '5.76', '8.50', '11.89']  multitask=ord_bin_ter  train_phq min=0.0 max=17.0 mean=4.83
2026-05-15 16:02:32,507 - INFO - [Multitask] loss_weights (ord,bin,ter,phq,cons)=[1.0, 0.15, 0.3, 0.05, 0.1]  bin_boundary=5.0  ter_boundaries=[5.0, 10.0]  phq_warmup=30
2026-05-15 16:02:33,346 - INFO - Experiment: fold_2_route3_multitask
2026-05-15 16:02:33,346 - INFO - Device: cuda
2026-05-15 16:02:33,346 - INFO - Train/Val: 70 / 18
2026-05-15 16:02:46,076 - INFO - Epoch 1/300 [Multitask] | train_loss=1.313638 | parts ord=0.8752 bin=0.6966 ter=1.1049 phq=0.0000 cons=0.0247 | [log1p] ccc=-0.0005 rmse=3.2587 mae=2.7802 | [PHQ-9] ccc=-0.0005 rmse=3.26 mae=2.78 pred_mean=6.34 pred_std=0.00
2026-05-15 16:02:47,454 - INFO - Epoch 2/300 [Multitask] | train_loss=1.311878 | parts ord=0.8760 bin=0.6926 ter=1.0986 phq=0.0000 cons=0.0242 | [log1p] ccc=-0.0004 rmse=3.2547 mae=2.7774 | [PHQ-9] ccc=-0.0004 rmse=3.25 mae=2.78 pred_mean=6.33 pred_std=0.00
2026-05-15 16:02:48,929 - INFO - Epoch 3/300 [Multitask] | train_loss=1.309291 | parts ord=0.8789 bin=0.7008 ter=1.0764 phq=0.0000 cons=0.0236 | [log1p] ccc=-0.0003 rmse=3.2578 mae=2.7799 | [PHQ-9] ccc=-0.0003 rmse=3.26 mae=2.78 pred_mean=6.34 pred_std=0.00
2026-05-15 16:02:50,289 - INFO - Epoch 4/300 [Multitask] | train_loss=1.306169 | parts ord=0.8782 bin=0.6930 ter=1.0724 phq=0.0000 cons=0.0234 | [log1p] ccc=-0.0001 rmse=3.2571 mae=2.7787 | [PHQ-9] ccc=-0.0001 rmse=3.26 mae=2.78 pred_mean=6.34 pred_std=0.00
2026-05-15 16:02:51,654 - INFO - Epoch 5/300 [Multitask] | train_loss=1.293800 | parts ord=0.8732 bin=0.6907 ter=1.0494 phq=0.0000 cons=0.0219 | [log1p] ccc=0.0000 rmse=3.2716 mae=2.7887 | [PHQ-9] ccc=0.0000 rmse=3.27 mae=2.79 pred_mean=6.37 pred_std=0.00
2026-05-15 16:02:52,616 - INFO - Epoch 6/300 [Multitask] | train_loss=1.296007 | parts ord=0.8748 bin=0.6985 ter=1.0474 phq=0.0000 cons=0.0220 | [log1p] ccc=0.0004 rmse=3.2663 mae=2.7853 | [PHQ-9] ccc=0.0004 rmse=3.27 mae=2.79 pred_mean=6.36 pred_std=0.00
2026-05-15 16:02:53,197 - INFO - Epoch 7/300 [Multitask] | train_loss=1.305946 | parts ord=0.8891 bin=0.6963 ter=1.0343 phq=0.0000 cons=0.0211 | [log1p] ccc=0.0005 rmse=3.2453 mae=2.7710 | [PHQ-9] ccc=0.0005 rmse=3.25 mae=2.77 pred_mean=6.32 pred_std=0.00
2026-05-15 16:02:53,855 - INFO - Epoch 8/300 [Multitask] | train_loss=1.278454 | parts ord=0.8724 bin=0.6879 ter=1.0027 phq=0.0000 cons=0.0210 | [log1p] ccc=0.0003 rmse=3.2338 mae=2.7630 | [PHQ-9] ccc=0.0003 rmse=3.23 mae=2.76 pred_mean=6.29 pred_std=0.00
2026-05-15 16:02:54,410 - INFO - Epoch 9/300 [Multitask] | train_loss=1.288997 | parts ord=0.8804 bin=0.6917 ter=1.0093 phq=0.0000 cons=0.0204 | [log1p] ccc=-0.0000 rmse=3.2245 mae=2.7567 | [PHQ-9] ccc=-0.0000 rmse=3.22 mae=2.76 pred_mean=6.27 pred_std=0.00
2026-05-15 16:02:55,199 - INFO - Epoch 10/300 [Multitask] | train_loss=1.276919 | parts ord=0.8718 bin=0.6944 ter=0.9965 phq=0.0000 cons=0.0206 | [log1p] ccc=-0.0004 rmse=3.2096 mae=2.7462 | [PHQ-9] ccc=-0.0004 rmse=3.21 mae=2.75 pred_mean=6.24 pred_std=0.01
2026-05-15 16:02:55,914 - INFO - Epoch 11/300 [Multitask] | train_loss=1.278733 | parts ord=0.8710 bin=0.6891 ter=1.0073 phq=0.0000 cons=0.0215 | [log1p] ccc=-0.0011 rmse=3.1847 mae=2.7282 | [PHQ-9] ccc=-0.0011 rmse=3.18 mae=2.73 pred_mean=6.18 pred_std=0.01
2026-05-15 16:02:56,557 - INFO - Epoch 12/300 [Multitask] | train_loss=1.292863 | parts ord=0.8967 bin=0.6845 ter=0.9710 phq=0.0000 cons=0.0216 | [log1p] ccc=-0.0021 rmse=3.1504 mae=2.7026 | [PHQ-9] ccc=-0.0021 rmse=3.15 mae=2.70 pred_mean=6.09 pred_std=0.01
2026-05-15 16:02:57,280 - INFO - Epoch 13/300 [Multitask] | train_loss=1.296322 | parts ord=0.8943 bin=0.6946 ter=0.9855 phq=0.0000 cons=0.0219 | [log1p] ccc=-0.0029 rmse=3.1284 mae=2.6855 | [PHQ-9] ccc=-0.0029 rmse=3.13 mae=2.69 pred_mean=6.04 pred_std=0.02
2026-05-15 16:02:58,163 - INFO - Epoch 14/300 [Multitask] | train_loss=1.290165 | parts ord=0.8817 bin=0.7005 ter=1.0043 phq=0.0000 cons=0.0208 | [log1p] ccc=-0.0034 rmse=3.0904 mae=2.6619 | [PHQ-9] ccc=-0.0034 rmse=3.09 mae=2.66 pred_mean=5.94 pred_std=0.02
2026-05-15 16:02:59,191 - INFO - Epoch 15/300 [Multitask] | train_loss=1.313665 | parts ord=0.9077 bin=0.6936 ter=0.9986 phq=0.0000 cons=0.0235 | [log1p] ccc=-0.0042 rmse=3.0716 mae=2.6514 | [PHQ-9] ccc=-0.0042 rmse=3.07 mae=2.65 pred_mean=5.88 pred_std=0.02
2026-05-15 16:03:00,256 - INFO - Epoch 16/300 [Multitask] | train_loss=1.304367 | parts ord=0.9027 bin=0.6928 ter=0.9858 phq=0.0000 cons=0.0202 | [log1p] ccc=-0.0044 rmse=3.0559 mae=2.6419 | [PHQ-9] ccc=-0.0044 rmse=3.06 mae=2.64 pred_mean=5.84 pred_std=0.03
2026-05-15 16:03:01,262 - INFO - Epoch 17/300 [Multitask] | train_loss=1.291520 | parts ord=0.8905 bin=0.6979 ter=0.9808 phq=0.0000 cons=0.0204 | [log1p] ccc=-0.0044 rmse=3.0374 mae=2.6300 | [PHQ-9] ccc=-0.0044 rmse=3.04 mae=2.63 pred_mean=5.78 pred_std=0.03
2026-05-15 16:03:02,388 - INFO - Epoch 18/300 [Multitask] | train_loss=1.339700 | parts ord=0.9217 bin=0.6894 ter=1.0419 phq=0.0000 cons=0.0201 | [log1p] ccc=-0.0046 rmse=3.0220 mae=2.6196 | [PHQ-9] ccc=-0.0046 rmse=3.02 mae=2.62 pred_mean=5.74 pred_std=0.03
2026-05-15 16:03:03,579 - INFO - Epoch 19/300 [Multitask] | train_loss=1.340334 | parts ord=0.9291 bin=0.6952 ter=1.0159 phq=0.0000 cons=0.0221 | [log1p] ccc=-0.0053 rmse=3.0140 mae=2.6142 | [PHQ-9] ccc=-0.0053 rmse=3.01 mae=2.61 pred_mean=5.71 pred_std=0.03
2026-05-15 16:03:04,474 - INFO - Epoch 20/300 [Multitask] | train_loss=1.340601 | parts ord=0.9318 bin=0.7018 ter=1.0045 phq=0.0000 cons=0.0218 | [log1p] ccc=-0.0056 rmse=3.0047 mae=2.6076 | [PHQ-9] ccc=-0.0056 rmse=3.00 mae=2.61 pred_mean=5.67 pred_std=0.03
2026-05-15 16:03:05,119 - INFO - Epoch 21/300 [Multitask] | train_loss=1.317230 | parts ord=0.9047 bin=0.7044 ter=1.0170 phq=0.0000 cons=0.0177 | [log1p] ccc=-0.0061 rmse=2.9893 mae=2.5962 | [PHQ-9] ccc=-0.0061 rmse=2.99 mae=2.60 pred_mean=5.62 pred_std=0.03
2026-05-15 16:03:05,713 - INFO - Epoch 22/300 [Multitask] | train_loss=1.349800 | parts ord=0.9404 bin=0.7118 ter=1.0027 phq=0.0000 cons=0.0184 | [log1p] ccc=-0.0066 rmse=2.9811 mae=2.5898 | [PHQ-9] ccc=-0.0066 rmse=2.98 mae=2.59 pred_mean=5.59 pred_std=0.03
2026-05-15 16:03:06,537 - INFO - Epoch 23/300 [Multitask] | train_loss=1.338604 | parts ord=0.9313 bin=0.7096 ter=0.9973 phq=0.0000 cons=0.0164 | [log1p] ccc=-0.0072 rmse=2.9625 mae=2.5742 | [PHQ-9] ccc=-0.0072 rmse=2.96 mae=2.57 pred_mean=5.51 pred_std=0.04
2026-05-15 16:03:07,179 - INFO - Epoch 24/300 [Multitask] | train_loss=1.343680 | parts ord=0.9321 bin=0.7035 ter=1.0146 phq=0.0000 cons=0.0171 | [log1p] ccc=-0.0078 rmse=2.9486 mae=2.5613 | [PHQ-9] ccc=-0.0078 rmse=2.95 mae=2.56 pred_mean=5.45 pred_std=0.04
2026-05-15 16:03:07,801 - INFO - Epoch 25/300 [Multitask] | train_loss=1.333555 | parts ord=0.9277 bin=0.7052 ter=0.9944 phq=0.0000 cons=0.0177 | [log1p] ccc=-0.0087 rmse=2.9476 mae=2.5604 | [PHQ-9] ccc=-0.0087 rmse=2.95 mae=2.56 pred_mean=5.44 pred_std=0.04
2026-05-15 16:03:08,330 - INFO - Epoch 26/300 [Multitask] | train_loss=1.323359 | parts ord=0.8951 bin=0.7069 ter=1.0677 phq=0.0000 cons=0.0190 | [log1p] ccc=-0.0092 rmse=2.9310 mae=2.5431 | [PHQ-9] ccc=-0.0092 rmse=2.93 mae=2.54 pred_mean=5.36 pred_std=0.04
2026-05-15 16:03:08,945 - INFO - Epoch 27/300 [Multitask] | train_loss=1.386574 | parts ord=0.9864 bin=0.6862 ter=0.9850 phq=0.0000 cons=0.0175 | [log1p] ccc=-0.0097 rmse=2.9228 mae=2.5335 | [PHQ-9] ccc=-0.0097 rmse=2.92 mae=2.53 pred_mean=5.31 pred_std=0.04
2026-05-15 16:03:10,036 - INFO - Epoch 28/300 [Multitask] | train_loss=1.352877 | parts ord=0.9363 bin=0.6926 ter=1.0373 phq=0.0000 cons=0.0155 | [log1p] ccc=-0.0102 rmse=2.9049 mae=2.5096 | [PHQ-9] ccc=-0.0102 rmse=2.90 mae=2.51 pred_mean=5.20 pred_std=0.05
2026-05-15 16:03:11,000 - INFO - Epoch 29/300 [Multitask] | train_loss=1.409437 | parts ord=0.9869 bin=0.6873 ter=1.0589 phq=0.0000 cons=0.0176 | [log1p] ccc=-0.0110 rmse=2.9032 mae=2.5061 | [PHQ-9] ccc=-0.0110 rmse=2.90 mae=2.51 pred_mean=5.18 pred_std=0.05
2026-05-15 16:03:11,958 - INFO - Epoch 30/300 [Multitask] | train_loss=1.443345 | parts ord=0.9279 bin=0.7035 ter=0.9687 phq=2.3522 cons=0.0169 | [log1p] ccc=-0.0114 rmse=2.8963 mae=2.4939 | [PHQ-9] ccc=-0.0114 rmse=2.90 mae=2.49 pred_mean=5.12 pred_std=0.05
2026-05-15 16:03:13,103 - INFO - Epoch 31/300 [Multitask] | train_loss=1.518124 | parts ord=0.9771 bin=0.7038 ter=1.0570 phq=2.3403 cons=0.0139 | [log1p] ccc=-0.0122 rmse=2.8944 mae=2.4887 | [PHQ-9] ccc=-0.0122 rmse=2.89 mae=2.49 pred_mean=5.10 pred_std=0.05
2026-05-15 16:03:14,137 - INFO - Epoch 32/300 [Multitask] | train_loss=1.492445 | parts ord=0.9595 bin=0.6847 ter=1.0450 phq=2.3054 cons=0.0145 | [log1p] ccc=-0.0130 rmse=2.8942 mae=2.4869 | [PHQ-9] ccc=-0.0130 rmse=2.89 mae=2.49 pred_mean=5.08 pred_std=0.05
2026-05-15 16:03:15,333 - INFO - Epoch 33/300 [Multitask] | train_loss=1.492863 | parts ord=0.9457 bin=0.7001 ter=1.0810 phq=2.3281 cons=0.0141 | [log1p] ccc=-0.0141 rmse=2.8900 mae=2.4753 | [PHQ-9] ccc=-0.0141 rmse=2.89 mae=2.48 pred_mean=5.02 pred_std=0.06
2026-05-15 16:03:16,259 - INFO - Epoch 34/300 [Multitask] | train_loss=1.478633 | parts ord=0.9598 bin=0.7000 ter=0.9960 phq=2.2740 cons=0.0129 | [log1p] ccc=-0.0145 rmse=2.8874 mae=2.4665 | [PHQ-9] ccc=-0.0145 rmse=2.89 mae=2.47 pred_mean=4.98 pred_std=0.06
2026-05-15 16:03:17,349 - INFO - Epoch 35/300 [Multitask] | train_loss=1.486121 | parts ord=0.9501 bin=0.6975 ter=1.0540 phq=2.2815 cons=0.0115 | [log1p] ccc=-0.0157 rmse=2.8837 mae=2.4612 | [PHQ-9] ccc=-0.0157 rmse=2.88 mae=2.46 pred_mean=4.88 pred_std=0.06
2026-05-15 16:03:18,506 - INFO - Epoch 36/300 [Multitask] | train_loss=1.492459 | parts ord=0.9558 bin=0.7071 ter=1.0573 phq=2.2420 cons=0.0132 | [log1p] ccc=-0.0161 rmse=2.8845 mae=2.4619 | [PHQ-9] ccc=-0.0161 rmse=2.88 mae=2.46 pred_mean=4.89 pred_std=0.06
2026-05-15 16:03:19,410 - INFO - Epoch 37/300 [Multitask] | train_loss=1.463914 | parts ord=0.9572 bin=0.6987 ter=0.9692 phq=2.1979 cons=0.0127 | [log1p] ccc=-0.0167 rmse=2.8840 mae=2.4627 | [PHQ-9] ccc=-0.0167 rmse=2.88 mae=2.46 pred_mean=4.84 pred_std=0.06
2026-05-15 16:03:20,758 - INFO - Epoch 38/300 [Multitask] | train_loss=1.469489 | parts ord=0.9515 bin=0.7032 ter=0.9835 phq=2.3238 cons=0.0127 | [log1p] ccc=-0.0175 rmse=2.8844 mae=2.4643 | [PHQ-9] ccc=-0.0175 rmse=2.88 mae=2.46 pred_mean=4.79 pred_std=0.06
2026-05-15 16:03:22,124 - INFO - Epoch 39/300 [Multitask] | train_loss=1.514540 | parts ord=0.9770 bin=0.7169 ter=1.0501 phq=2.2711 cons=0.0138 | [log1p] ccc=-0.0189 rmse=2.8867 mae=2.4667 | [PHQ-9] ccc=-0.0189 rmse=2.89 mae=2.47 pred_mean=4.80 pred_std=0.07
2026-05-15 16:03:23,334 - INFO - Epoch 40/300 [Multitask] | train_loss=1.482180 | parts ord=0.9664 bin=0.6721 ter=1.0027 phq=2.2551 cons=0.0139 | [log1p] ccc=-0.0206 rmse=2.8891 mae=2.4694 | [PHQ-9] ccc=-0.0206 rmse=2.89 mae=2.47 pred_mean=4.80 pred_std=0.07
2026-05-15 16:03:24,683 - INFO - Epoch 41/300 [Multitask] | train_loss=1.514746 | parts ord=0.9954 bin=0.7107 ter=1.0103 phq=2.1710 cons=0.0110 | [log1p] ccc=-0.0215 rmse=2.8908 mae=2.4704 | [PHQ-9] ccc=-0.0215 rmse=2.89 mae=2.47 pred_mean=4.73 pred_std=0.07
2026-05-15 16:03:25,992 - INFO - Epoch 42/300 [Multitask] | train_loss=1.528267 | parts ord=1.0081 bin=0.6864 ter=0.9997 phq=2.3245 cons=0.0106 | [log1p] ccc=-0.0223 rmse=2.8916 mae=2.4725 | [PHQ-9] ccc=-0.0223 rmse=2.89 mae=2.47 pred_mean=4.75 pred_std=0.07
2026-05-15 16:03:27,385 - INFO - Epoch 43/300 [Multitask] | train_loss=1.498280 | parts ord=0.9928 bin=0.6997 ter=0.9607 phq=2.2200 cons=0.0131 | [log1p] ccc=-0.0235 rmse=2.8938 mae=2.4735 | [PHQ-9] ccc=-0.0235 rmse=2.89 mae=2.47 pred_mean=4.73 pred_std=0.08
2026-05-15 16:03:28,781 - INFO - Epoch 44/300 [Multitask] | train_loss=1.581261 | parts ord=1.0541 bin=0.6800 ter=1.0301 phq=2.2992 cons=0.0117 | [log1p] ccc=-0.0270 rmse=2.8989 mae=2.4798 | [PHQ-9] ccc=-0.0270 rmse=2.90 mae=2.48 pred_mean=4.72 pred_std=0.08
2026-05-15 16:03:30,127 - INFO - Epoch 45/300 [Multitask] | train_loss=1.426265 | parts ord=0.9147 bin=0.6941 ter=0.9874 phq=2.2010 cons=0.0114 | [log1p] ccc=-0.0285 rmse=2.9023 mae=2.4818 | [PHQ-9] ccc=-0.0285 rmse=2.90 mae=2.48 pred_mean=4.68 pred_std=0.09
2026-05-15 16:03:31,429 - INFO - Epoch 46/300 [Multitask] | train_loss=1.488530 | parts ord=0.9741 bin=0.6868 ter=0.9977 phq=2.2168 cons=0.0122 | [log1p] ccc=-0.0279 rmse=2.9002 mae=2.4829 | [PHQ-9] ccc=-0.0279 rmse=2.90 mae=2.48 pred_mean=4.73 pred_std=0.09
2026-05-15 16:03:31,430 - INFO - Early stopping at epoch 46
2026-05-15 16:03:31,432 - INFO - Best checkpoint: checkpoints/Track2/A-V-P/regression/fold_2_route3_multitask/best_model_2026-05-15-16.02.32.pth
2026-05-15 16:03:31,432 - INFO - Validation metrics saved to: logs/Track2/A-V-P/regression/fold_2_route3_multitask/train_result_2026-05-15-16.02.32.json

## route3_multitask | Track2 | Fold 3
2026-05-15 16:03:34,738 - INFO - [Ordinal] thresholds=[3.0, 5.0, 8.0, 10.0]  pos_weight=[0.50, 1.03, 4.92, 8.00] (clamp=[0.50,8.00])  active_head_mask=[1.0, 1.0, 1.0, 1.0]  midpoints=['1.00', '3.50', '5.87', '8.60', '11.43']  multitask=ord_bin_ter  train_phq min=0.0 max=17.0 mean=4.70
2026-05-15 16:03:34,738 - INFO - [Multitask] loss_weights (ord,bin,ter,phq,cons)=[1.0, 0.15, 0.3, 0.05, 0.1]  bin_boundary=5.0  ter_boundaries=[5.0, 10.0]  phq_warmup=30
2026-05-15 16:03:35,513 - INFO - Experiment: fold_3_route3_multitask
2026-05-15 16:03:35,514 - INFO - Device: cuda
2026-05-15 16:03:35,514 - INFO - Train/Val: 71 / 17
2026-05-15 16:03:48,156 - INFO - Epoch 1/300 [Multitask] | train_loss=1.307255 | parts ord=0.8713 bin=0.6982 ter=1.0958 phq=0.0000 cons=0.0248 | [log1p] ccc=0.0005 rmse=4.1216 mae=3.3534 | [PHQ-9] ccc=0.0005 rmse=4.12 mae=3.35 pred_mean=6.11 pred_std=0.00
2026-05-15 16:03:49,684 - INFO - Epoch 2/300 [Multitask] | train_loss=1.301154 | parts ord=0.8688 bin=0.7030 ter=1.0815 phq=0.0000 cons=0.0250 | [log1p] ccc=0.0006 rmse=4.1278 mae=3.3700 | [PHQ-9] ccc=0.0006 rmse=4.13 mae=3.37 pred_mean=6.15 pred_std=0.00
2026-05-15 16:03:51,070 - INFO - Epoch 3/300 [Multitask] | train_loss=1.294045 | parts ord=0.8694 bin=0.6973 ter=1.0585 phq=0.0000 cons=0.0248 | [log1p] ccc=0.0010 rmse=4.1262 mae=3.3673 | [PHQ-9] ccc=0.0010 rmse=4.13 mae=3.37 pred_mean=6.14 pred_std=0.00
2026-05-15 16:03:52,327 - INFO - Epoch 4/300 [Multitask] | train_loss=1.297008 | parts ord=0.8724 bin=0.7006 ter=1.0567 phq=0.0000 cons=0.0245 | [log1p] ccc=0.0006 rmse=4.1256 mae=3.3641 | [PHQ-9] ccc=0.0006 rmse=4.13 mae=3.36 pred_mean=6.13 pred_std=0.00
2026-05-15 16:03:53,476 - INFO - Epoch 5/300 [Multitask] | train_loss=1.287714 | parts ord=0.8717 bin=0.6948 ter=1.0316 phq=0.0000 cons=0.0233 | [log1p] ccc=0.0003 rmse=4.1201 mae=3.3483 | [PHQ-9] ccc=0.0003 rmse=4.12 mae=3.35 pred_mean=6.10 pred_std=0.00
2026-05-15 16:03:54,741 - INFO - Epoch 6/300 [Multitask] | train_loss=1.277391 | parts ord=0.8657 bin=0.6908 ter=1.0194 phq=0.0000 cons=0.0229 | [log1p] ccc=0.0003 rmse=4.1169 mae=3.3395 | [PHQ-9] ccc=0.0003 rmse=4.12 mae=3.34 pred_mean=6.09 pred_std=0.00
2026-05-15 16:03:56,055 - INFO - Epoch 7/300 [Multitask] | train_loss=1.276927 | parts ord=0.8704 bin=0.7000 ter=0.9981 phq=0.0000 cons=0.0210 | [log1p] ccc=0.0002 rmse=4.1080 mae=3.3141 | [PHQ-9] ccc=0.0002 rmse=4.11 mae=3.31 pred_mean=6.04 pred_std=0.00
2026-05-15 16:03:57,451 - INFO - Epoch 8/300 [Multitask] | train_loss=1.258342 | parts ord=0.8601 bin=0.6955 ter=0.9729 phq=0.0000 cons=0.0206 | [log1p] ccc=-0.0003 rmse=4.1038 mae=3.2999 | [PHQ-9] ccc=-0.0003 rmse=4.10 mae=3.30 pred_mean=6.01 pred_std=0.00
2026-05-15 16:03:58,764 - INFO - Epoch 9/300 [Multitask] | train_loss=1.272601 | parts ord=0.8741 bin=0.6929 ter=0.9750 phq=0.0000 cons=0.0202 | [log1p] ccc=-0.0005 rmse=4.0931 mae=3.2843 | [PHQ-9] ccc=-0.0005 rmse=4.09 mae=3.28 pred_mean=5.94 pred_std=0.01
2026-05-15 16:04:00,052 - INFO - Epoch 10/300 [Multitask] | train_loss=1.261318 | parts ord=0.8728 bin=0.6973 ter=0.9399 phq=0.0000 cons=0.0196 | [log1p] ccc=-0.0009 rmse=4.0854 mae=3.2748 | [PHQ-9] ccc=-0.0009 rmse=4.09 mae=3.27 pred_mean=5.89 pred_std=0.01
2026-05-15 16:04:01,355 - INFO - Epoch 11/300 [Multitask] | train_loss=1.286847 | parts ord=0.8848 bin=0.7032 ter=0.9818 phq=0.0000 cons=0.0198 | [log1p] ccc=-0.0008 rmse=4.0728 mae=3.2584 | [PHQ-9] ccc=-0.0008 rmse=4.07 mae=3.26 pred_mean=5.79 pred_std=0.01
2026-05-15 16:04:02,510 - INFO - Epoch 12/300 [Multitask] | train_loss=1.293934 | parts ord=0.8992 bin=0.7052 ter=0.9571 phq=0.0000 cons=0.0183 | [log1p] ccc=-0.0010 rmse=4.0653 mae=3.2461 | [PHQ-9] ccc=-0.0010 rmse=4.07 mae=3.25 pred_mean=5.72 pred_std=0.01
2026-05-15 16:04:03,736 - INFO - Epoch 13/300 [Multitask] | train_loss=1.304123 | parts ord=0.9049 bin=0.6975 ter=0.9762 phq=0.0000 cons=0.0178 | [log1p] ccc=-0.0012 rmse=4.0580 mae=3.2319 | [PHQ-9] ccc=-0.0012 rmse=4.06 mae=3.23 pred_mean=5.64 pred_std=0.01
2026-05-15 16:04:05,075 - INFO - Epoch 14/300 [Multitask] | train_loss=1.309528 | parts ord=0.9111 bin=0.6927 ter=0.9757 phq=0.0000 cons=0.0178 | [log1p] ccc=-0.0015 rmse=4.0528 mae=3.2190 | [PHQ-9] ccc=-0.0015 rmse=4.05 mae=3.22 pred_mean=5.57 pred_std=0.02
2026-05-15 16:04:06,192 - INFO - Epoch 15/300 [Multitask] | train_loss=1.299826 | parts ord=0.9058 bin=0.7069 ter=0.9536 phq=0.0000 cons=0.0194 | [log1p] ccc=-0.0016 rmse=4.0502 mae=3.2113 | [PHQ-9] ccc=-0.0016 rmse=4.05 mae=3.21 pred_mean=5.52 pred_std=0.02
2026-05-15 16:04:06,925 - INFO - Epoch 16/300 [Multitask] | train_loss=1.289040 | parts ord=0.9065 bin=0.6882 ter=0.9256 phq=0.0000 cons=0.0163 | [log1p] ccc=-0.0018 rmse=4.0459 mae=3.1924 | [PHQ-9] ccc=-0.0018 rmse=4.05 mae=3.19 pred_mean=5.42 pred_std=0.02
2026-05-15 16:04:07,813 - INFO - Epoch 17/300 [Multitask] | train_loss=1.311078 | parts ord=0.9033 bin=0.7206 ter=0.9929 phq=0.0000 cons=0.0179 | [log1p] ccc=-0.0017 rmse=4.0449 mae=3.1861 | [PHQ-9] ccc=-0.0017 rmse=4.04 mae=3.19 pred_mean=5.38 pred_std=0.02
2026-05-15 16:04:08,458 - INFO - Epoch 18/300 [Multitask] | train_loss=1.274912 | parts ord=0.8816 bin=0.6973 ter=0.9571 phq=0.0000 cons=0.0159 | [log1p] ccc=-0.0015 rmse=4.0436 mae=3.1711 | [PHQ-9] ccc=-0.0015 rmse=4.04 mae=3.17 pred_mean=5.30 pred_std=0.02
2026-05-15 16:04:09,178 - INFO - Epoch 19/300 [Multitask] | train_loss=1.365115 | parts ord=0.9510 bin=0.7044 ter=1.0219 phq=0.0000 cons=0.0185 | [log1p] ccc=-0.0016 rmse=4.0439 mae=3.1653 | [PHQ-9] ccc=-0.0016 rmse=4.04 mae=3.17 pred_mean=5.27 pred_std=0.02
2026-05-15 16:04:09,872 - INFO - Epoch 20/300 [Multitask] | train_loss=1.316526 | parts ord=0.9205 bin=0.7037 ter=0.9633 phq=0.0000 cons=0.0150 | [log1p] ccc=-0.0017 rmse=4.0444 mae=3.1606 | [PHQ-9] ccc=-0.0017 rmse=4.04 mae=3.16 pred_mean=5.24 pred_std=0.02
2026-05-15 16:04:10,584 - INFO - Epoch 21/300 [Multitask] | train_loss=1.354704 | parts ord=0.9524 bin=0.7037 ter=0.9844 phq=0.0000 cons=0.0141 | [log1p] ccc=-0.0019 rmse=4.0456 mae=3.1529 | [PHQ-9] ccc=-0.0019 rmse=4.05 mae=3.15 pred_mean=5.19 pred_std=0.02
2026-05-15 16:04:11,234 - INFO - Epoch 22/300 [Multitask] | train_loss=1.401335 | parts ord=1.0056 bin=0.7027 ter=0.9629 phq=0.0000 cons=0.0151 | [log1p] ccc=-0.0024 rmse=4.0473 mae=3.1489 | [PHQ-9] ccc=-0.0024 rmse=4.05 mae=3.15 pred_mean=5.17 pred_std=0.02
2026-05-15 16:04:12,120 - INFO - Epoch 23/300 [Multitask] | train_loss=1.370948 | parts ord=0.9690 bin=0.6976 ter=0.9860 phq=0.0000 cons=0.0147 | [log1p] ccc=-0.0025 rmse=4.0482 mae=3.1453 | [PHQ-9] ccc=-0.0025 rmse=4.05 mae=3.15 pred_mean=5.15 pred_std=0.03
2026-05-15 16:04:13,212 - INFO - Epoch 24/300 [Multitask] | train_loss=1.387571 | parts ord=0.9814 bin=0.7075 ter=0.9956 phq=0.0000 cons=0.0141 | [log1p] ccc=-0.0026 rmse=4.0514 mae=3.1340 | [PHQ-9] ccc=-0.0026 rmse=4.05 mae=3.13 pred_mean=5.08 pred_std=0.03
2026-05-15 16:04:14,408 - INFO - Epoch 25/300 [Multitask] | train_loss=1.411329 | parts ord=0.9849 bin=0.7073 ter=1.0629 phq=0.0000 cons=0.0147 | [log1p] ccc=-0.0027 rmse=4.0523 mae=3.1318 | [PHQ-9] ccc=-0.0027 rmse=4.05 mae=3.13 pred_mean=5.07 pred_std=0.03
2026-05-15 16:04:15,375 - INFO - Epoch 26/300 [Multitask] | train_loss=1.405423 | parts ord=0.9929 bin=0.6920 ter=1.0244 phq=0.0000 cons=0.0139 | [log1p] ccc=-0.0026 rmse=4.0553 mae=3.1223 | [PHQ-9] ccc=-0.0026 rmse=4.06 mae=3.12 pred_mean=5.02 pred_std=0.03
2026-05-15 16:04:16,426 - INFO - Epoch 27/300 [Multitask] | train_loss=1.357783 | parts ord=0.9299 bin=0.7068 ter=1.0681 phq=0.0000 cons=0.0144 | [log1p] ccc=-0.0027 rmse=4.0558 mae=3.1215 | [PHQ-9] ccc=-0.0027 rmse=4.06 mae=3.12 pred_mean=5.01 pred_std=0.03
2026-05-15 16:04:17,487 - INFO - Epoch 28/300 [Multitask] | train_loss=1.374466 | parts ord=0.9609 bin=0.6984 ter=1.0246 phq=0.0000 cons=0.0142 | [log1p] ccc=-0.0029 rmse=4.0570 mae=3.1200 | [PHQ-9] ccc=-0.0029 rmse=4.06 mae=3.12 pred_mean=5.00 pred_std=0.03
2026-05-15 16:04:18,612 - INFO - Epoch 29/300 [Multitask] | train_loss=1.360978 | parts ord=0.9731 bin=0.7006 ter=0.9375 phq=0.0000 cons=0.0154 | [log1p] ccc=-0.0029 rmse=4.0561 mae=3.1226 | [PHQ-9] ccc=-0.0029 rmse=4.06 mae=3.12 pred_mean=5.01 pred_std=0.03
2026-05-15 16:04:19,620 - INFO - Epoch 30/300 [Multitask] | train_loss=1.535043 | parts ord=1.0239 bin=0.6854 ter=0.9941 phq=2.1734 cons=0.0143 | [log1p] ccc=-0.0033 rmse=4.0620 mae=3.1141 | [PHQ-9] ccc=-0.0033 rmse=4.06 mae=3.11 pred_mean=4.95 pred_std=0.03
2026-05-15 16:04:20,761 - INFO - Epoch 31/300 [Multitask] | train_loss=1.479107 | parts ord=0.9757 bin=0.6914 ter=0.9755 phq=2.1124 cons=0.0142 | [log1p] ccc=-0.0032 rmse=4.0685 mae=3.1099 | [PHQ-9] ccc=-0.0032 rmse=4.07 mae=3.11 pred_mean=4.88 pred_std=0.03
2026-05-15 16:04:21,857 - INFO - Epoch 32/300 [Multitask] | train_loss=1.516312 | parts ord=0.9988 bin=0.6875 ter=1.0107 phq=2.1983 cons=0.0130 | [log1p] ccc=-0.0033 rmse=4.0696 mae=3.1092 | [PHQ-9] ccc=-0.0033 rmse=4.07 mae=3.11 pred_mean=4.87 pred_std=0.03
2026-05-15 16:04:23,222 - INFO - Epoch 33/300 [Multitask] | train_loss=1.466715 | parts ord=0.9526 bin=0.6824 ter=1.0129 phq=2.1299 cons=0.0139 | [log1p] ccc=-0.0036 rmse=4.0787 mae=3.1048 | [PHQ-9] ccc=-0.0036 rmse=4.08 mae=3.10 pred_mean=4.79 pred_std=0.04
2026-05-15 16:04:24,609 - INFO - Epoch 34/300 [Multitask] | train_loss=1.482597 | parts ord=0.9661 bin=0.6961 ter=1.0060 phq=2.1818 cons=0.0123 | [log1p] ccc=-0.0039 rmse=4.0818 mae=3.1040 | [PHQ-9] ccc=-0.0039 rmse=4.08 mae=3.10 pred_mean=4.77 pred_std=0.04
2026-05-15 16:04:25,704 - INFO - Epoch 35/300 [Multitask] | train_loss=1.502378 | parts ord=0.9680 bin=0.7088 ter=1.0650 phq=2.1444 cons=0.0133 | [log1p] ccc=-0.0038 rmse=4.0848 mae=3.1026 | [PHQ-9] ccc=-0.0038 rmse=4.08 mae=3.10 pred_mean=4.75 pred_std=0.04
2026-05-15 16:04:26,440 - INFO - Epoch 36/300 [Multitask] | train_loss=1.475689 | parts ord=0.9790 bin=0.6975 ter=0.9490 phq=2.1227 cons=0.0123 | [log1p] ccc=-0.0038 rmse=4.0850 mae=3.1025 | [PHQ-9] ccc=-0.0038 rmse=4.09 mae=3.10 pred_mean=4.75 pred_std=0.04
2026-05-15 16:04:27,067 - INFO - Epoch 37/300 [Multitask] | train_loss=1.470439 | parts ord=0.9842 bin=0.6973 ter=0.9065 phq=2.1676 cons=0.0131 | [log1p] ccc=-0.0039 rmse=4.0958 mae=3.0982 | [PHQ-9] ccc=-0.0039 rmse=4.10 mae=3.10 pred_mean=4.67 pred_std=0.04
2026-05-15 16:04:27,719 - INFO - Epoch 38/300 [Multitask] | train_loss=1.503923 | parts ord=0.9845 bin=0.7099 ter=1.0037 phq=2.2069 cons=0.0149 | [log1p] ccc=-0.0042 rmse=4.0861 mae=3.1032 | [PHQ-9] ccc=-0.0042 rmse=4.09 mae=3.10 pred_mean=4.75 pred_std=0.04
2026-05-15 16:04:28,425 - INFO - Epoch 39/300 [Multitask] | train_loss=1.562875 | parts ord=1.0394 bin=0.7068 ter=1.0139 phq=2.2408 cons=0.0131 | [log1p] ccc=-0.0044 rmse=4.0888 mae=3.1027 | [PHQ-9] ccc=-0.0044 rmse=4.09 mae=3.10 pred_mean=4.73 pred_std=0.04
2026-05-15 16:04:29,187 - INFO - Epoch 40/300 [Multitask] | train_loss=1.562970 | parts ord=1.0471 bin=0.7014 ter=1.0027 phq=2.1739 cons=0.0110 | [log1p] ccc=-0.0046 rmse=4.0835 mae=3.1056 | [PHQ-9] ccc=-0.0046 rmse=4.08 mae=3.11 pred_mean=4.77 pred_std=0.04
2026-05-15 16:04:29,882 - INFO - Epoch 41/300 [Multitask] | train_loss=1.530612 | parts ord=1.0215 bin=0.7096 ter=0.9760 phq=2.1738 cons=0.0118 | [log1p] ccc=-0.0052 rmse=4.0893 mae=3.1047 | [PHQ-9] ccc=-0.0052 rmse=4.09 mae=3.10 pred_mean=4.74 pred_std=0.04
2026-05-15 16:04:30,539 - INFO - Epoch 42/300 [Multitask] | train_loss=1.535310 | parts ord=1.0228 bin=0.7003 ter=0.9928 phq=2.1669 cons=0.0125 | [log1p] ccc=-0.0052 rmse=4.0947 mae=3.1023 | [PHQ-9] ccc=-0.0052 rmse=4.09 mae=3.10 pred_mean=4.70 pred_std=0.05
2026-05-15 16:04:31,547 - INFO - Epoch 43/300 [Multitask] | train_loss=1.526052 | parts ord=1.0207 bin=0.6800 ter=0.9818 phq=2.1529 cons=0.0121 | [log1p] ccc=-0.0053 rmse=4.0914 mae=3.1037 | [PHQ-9] ccc=-0.0053 rmse=4.09 mae=3.10 pred_mean=4.73 pred_std=0.05
2026-05-15 16:04:31,547 - INFO - Early stopping at epoch 43
2026-05-15 16:04:31,549 - INFO - Best checkpoint: checkpoints/Track2/A-V-P/regression/fold_3_route3_multitask/best_model_2026-05-15-16.03.34.pth
2026-05-15 16:04:31,550 - INFO - Validation metrics saved to: logs/Track2/A-V-P/regression/fold_3_route3_multitask/train_result_2026-05-15-16.03.34.json

## route3_multitask | Track2 | Fold 4
2026-05-15 16:04:34,900 - INFO - [Ordinal] thresholds=[3.0, 5.0, 8.0, 10.0]  pos_weight=[0.50, 0.97, 4.46, 7.88] (clamp=[0.50,8.00])  active_head_mask=[1.0, 1.0, 1.0, 1.0]  midpoints=['1.15', '3.47', '5.83', '8.60', '11.25']  multitask=ord_bin_ter  train_phq min=0.0 max=16.0 mean=4.82
2026-05-15 16:04:34,900 - INFO - [Multitask] loss_weights (ord,bin,ter,phq,cons)=[1.0, 0.15, 0.3, 0.05, 0.1]  bin_boundary=5.0  ter_boundaries=[5.0, 10.0]  phq_warmup=30
2026-05-15 16:04:35,685 - INFO - Experiment: fold_4_route3_multitask
2026-05-15 16:04:35,685 - INFO - Device: cuda
2026-05-15 16:04:35,685 - INFO - Train/Val: 71 / 17
2026-05-15 16:04:45,811 - INFO - Epoch 1/300 [Multitask] | train_loss=1.314706 | parts ord=0.8781 bin=0.6950 ter=1.0997 phq=0.0000 cons=0.0246 | [log1p] ccc=0.0001 rmse=4.3277 mae=3.3623 | [PHQ-9] ccc=0.0001 rmse=4.33 mae=3.36 pred_mean=6.11 pred_std=0.00
2026-05-15 16:04:47,246 - INFO - Epoch 2/300 [Multitask] | train_loss=1.308600 | parts ord=0.8762 bin=0.6947 ter=1.0857 phq=0.0000 cons=0.0245 | [log1p] ccc=0.0002 rmse=4.3229 mae=3.3520 | [PHQ-9] ccc=0.0002 rmse=4.32 mae=3.35 pred_mean=6.09 pred_std=0.00
2026-05-15 16:04:48,417 - INFO - Epoch 3/300 [Multitask] | train_loss=1.300401 | parts ord=0.8753 bin=0.6990 ter=1.0596 phq=0.0000 cons=0.0241 | [log1p] ccc=0.0001 rmse=4.3287 mae=3.3644 | [PHQ-9] ccc=0.0001 rmse=4.33 mae=3.36 pred_mean=6.11 pred_std=0.00
2026-05-15 16:04:49,578 - INFO - Epoch 4/300 [Multitask] | train_loss=1.297175 | parts ord=0.8741 bin=0.6985 ter=1.0530 phq=0.0000 cons=0.0246 | [log1p] ccc=0.0000 rmse=4.3210 mae=3.3472 | [PHQ-9] ccc=0.0000 rmse=4.32 mae=3.35 pred_mean=6.08 pred_std=0.00
2026-05-15 16:04:50,812 - INFO - Epoch 5/300 [Multitask] | train_loss=1.298435 | parts ord=0.8790 bin=0.6972 ter=1.0416 phq=0.0000 cons=0.0238 | [log1p] ccc=-0.0001 rmse=4.3236 mae=3.3532 | [PHQ-9] ccc=-0.0001 rmse=4.32 mae=3.35 pred_mean=6.09 pred_std=0.00
2026-05-15 16:04:52,011 - INFO - Epoch 6/300 [Multitask] | train_loss=1.285563 | parts ord=0.8733 bin=0.6995 ter=1.0165 phq=0.0000 cons=0.0238 | [log1p] ccc=-0.0002 rmse=4.3244 mae=3.3546 | [PHQ-9] ccc=-0.0002 rmse=4.32 mae=3.35 pred_mean=6.09 pred_std=0.00
2026-05-15 16:04:53,557 - INFO - Epoch 7/300 [Multitask] | train_loss=1.278535 | parts ord=0.8712 bin=0.6942 ter=1.0028 phq=0.0000 cons=0.0231 | [log1p] ccc=-0.0003 rmse=4.3206 mae=3.3459 | [PHQ-9] ccc=-0.0003 rmse=4.32 mae=3.35 pred_mean=6.08 pred_std=0.00
2026-05-15 16:04:55,059 - INFO - Epoch 8/300 [Multitask] | train_loss=1.280479 | parts ord=0.8732 bin=0.6911 ter=1.0047 phq=0.0000 cons=0.0225 | [log1p] ccc=-0.0002 rmse=4.3116 mae=3.3261 | [PHQ-9] ccc=-0.0002 rmse=4.31 mae=3.33 pred_mean=6.05 pred_std=0.00
2026-05-15 16:04:56,698 - INFO - Epoch 9/300 [Multitask] | train_loss=1.270620 | parts ord=0.8695 bin=0.6915 ter=0.9838 phq=0.0000 cons=0.0225 | [log1p] ccc=-0.0003 rmse=4.2962 mae=3.2939 | [PHQ-9] ccc=-0.0003 rmse=4.30 mae=3.29 pred_mean=5.99 pred_std=0.00
2026-05-15 16:04:58,157 - INFO - Epoch 10/300 [Multitask] | train_loss=1.285844 | parts ord=0.8923 bin=0.6896 ter=0.9595 phq=0.0000 cons=0.0221 | [log1p] ccc=-0.0004 rmse=4.2851 mae=3.2865 | [PHQ-9] ccc=-0.0004 rmse=4.29 mae=3.29 pred_mean=5.95 pred_std=0.01
2026-05-15 16:04:59,749 - INFO - Epoch 11/300 [Multitask] | train_loss=1.272024 | parts ord=0.8705 bin=0.6863 ter=0.9875 phq=0.0000 cons=0.0228 | [log1p] ccc=-0.0005 rmse=4.2624 mae=3.2710 | [PHQ-9] ccc=-0.0005 rmse=4.26 mae=3.27 pred_mean=5.86 pred_std=0.01
2026-05-15 16:05:01,288 - INFO - Epoch 12/300 [Multitask] | train_loss=1.285614 | parts ord=0.8876 bin=0.6977 ter=0.9703 phq=0.0000 cons=0.0230 | [log1p] ccc=-0.0007 rmse=4.2481 mae=3.2606 | [PHQ-9] ccc=-0.0007 rmse=4.25 mae=3.26 pred_mean=5.80 pred_std=0.01
2026-05-15 16:05:02,805 - INFO - Epoch 13/300 [Multitask] | train_loss=1.306766 | parts ord=0.9084 bin=0.6930 ter=0.9745 phq=0.0000 cons=0.0212 | [log1p] ccc=-0.0010 rmse=4.2273 mae=3.2437 | [PHQ-9] ccc=-0.0010 rmse=4.23 mae=3.24 pred_mean=5.70 pred_std=0.01
2026-05-15 16:05:04,278 - INFO - Epoch 14/300 [Multitask] | train_loss=1.304410 | parts ord=0.8994 bin=0.6885 ter=0.9986 phq=0.0000 cons=0.0216 | [log1p] ccc=-0.0009 rmse=4.2179 mae=3.2357 | [PHQ-9] ccc=-0.0009 rmse=4.22 mae=3.24 pred_mean=5.65 pred_std=0.01
2026-05-15 16:05:05,875 - INFO - Epoch 15/300 [Multitask] | train_loss=1.330644 | parts ord=0.9234 bin=0.7054 ter=0.9976 phq=0.0000 cons=0.0220 | [log1p] ccc=-0.0010 rmse=4.2062 mae=3.2249 | [PHQ-9] ccc=-0.0010 rmse=4.21 mae=3.22 pred_mean=5.59 pred_std=0.02
2026-05-15 16:05:07,354 - INFO - Epoch 16/300 [Multitask] | train_loss=1.312483 | parts ord=0.9105 bin=0.7096 ter=0.9787 phq=0.0000 cons=0.0189 | [log1p] ccc=-0.0011 rmse=4.1966 mae=3.2152 | [PHQ-9] ccc=-0.0011 rmse=4.20 mae=3.22 pred_mean=5.53 pred_std=0.02
2026-05-15 16:05:08,867 - INFO - Epoch 17/300 [Multitask] | train_loss=1.285350 | parts ord=0.8921 bin=0.6799 ter=0.9642 phq=0.0000 cons=0.0205 | [log1p] ccc=-0.0012 rmse=4.1840 mae=3.2014 | [PHQ-9] ccc=-0.0012 rmse=4.18 mae=3.20 pred_mean=5.46 pred_std=0.02
2026-05-15 16:05:10,484 - INFO - Epoch 18/300 [Multitask] | train_loss=1.384543 | parts ord=0.9686 bin=0.7005 ter=1.0300 phq=0.0000 cons=0.0185 | [log1p] ccc=-0.0010 rmse=4.1811 mae=3.1981 | [PHQ-9] ccc=-0.0010 rmse=4.18 mae=3.20 pred_mean=5.44 pred_std=0.02
2026-05-15 16:05:11,981 - INFO - Epoch 19/300 [Multitask] | train_loss=1.381686 | parts ord=0.9485 bin=0.7022 ter=1.0864 phq=0.0000 cons=0.0195 | [log1p] ccc=-0.0012 rmse=4.1768 mae=3.1929 | [PHQ-9] ccc=-0.0012 rmse=4.18 mae=3.19 pred_mean=5.41 pred_std=0.02
2026-05-15 16:05:13,579 - INFO - Epoch 20/300 [Multitask] | train_loss=1.329095 | parts ord=0.9197 bin=0.6939 ter=1.0120 phq=0.0000 cons=0.0170 | [log1p] ccc=-0.0011 rmse=4.1670 mae=3.1798 | [PHQ-9] ccc=-0.0011 rmse=4.17 mae=3.18 pred_mean=5.33 pred_std=0.02
2026-05-15 16:05:15,093 - INFO - Epoch 21/300 [Multitask] | train_loss=1.369127 | parts ord=0.9560 bin=0.6971 ter=1.0234 phq=0.0000 cons=0.0151 | [log1p] ccc=-0.0012 rmse=4.1576 mae=3.1649 | [PHQ-9] ccc=-0.0012 rmse=4.16 mae=3.16 pred_mean=5.25 pred_std=0.02
2026-05-15 16:05:16,594 - INFO - Epoch 22/300 [Multitask] | train_loss=1.384425 | parts ord=0.9527 bin=0.7023 ter=1.0827 phq=0.0000 cons=0.0155 | [log1p] ccc=-0.0012 rmse=4.1531 mae=3.1563 | [PHQ-9] ccc=-0.0012 rmse=4.15 mae=3.16 pred_mean=5.20 pred_std=0.03
2026-05-15 16:05:18,022 - INFO - Epoch 23/300 [Multitask] | train_loss=1.396566 | parts ord=0.9713 bin=0.7120 ter=1.0565 phq=0.0000 cons=0.0149 | [log1p] ccc=-0.0012 rmse=4.1494 mae=3.1487 | [PHQ-9] ccc=-0.0012 rmse=4.15 mae=3.15 pred_mean=5.15 pred_std=0.03
2026-05-15 16:05:20,236 - INFO - Epoch 24/300 [Multitask] | train_loss=1.399441 | parts ord=0.9967 bin=0.7134 ter=0.9806 phq=0.0000 cons=0.0152 | [log1p] ccc=-0.0011 rmse=4.1489 mae=3.1481 | [PHQ-9] ccc=-0.0011 rmse=4.15 mae=3.15 pred_mean=5.15 pred_std=0.03
2026-05-15 16:05:21,771 - INFO - Epoch 25/300 [Multitask] | train_loss=1.425493 | parts ord=0.9785 bin=0.7151 ter=1.1273 phq=0.0000 cons=0.0152 | [log1p] ccc=-0.0012 rmse=4.1429 mae=3.1323 | [PHQ-9] ccc=-0.0012 rmse=4.14 mae=3.13 pred_mean=5.06 pred_std=0.03
2026-05-15 16:05:23,222 - INFO - Epoch 26/300 [Multitask] | train_loss=1.414492 | parts ord=0.9869 bin=0.7192 ter=1.0611 phq=0.0000 cons=0.0142 | [log1p] ccc=-0.0010 rmse=4.1405 mae=3.1250 | [PHQ-9] ccc=-0.0010 rmse=4.14 mae=3.13 pred_mean=5.02 pred_std=0.03
2026-05-15 16:05:24,722 - INFO - Epoch 27/300 [Multitask] | train_loss=1.427308 | parts ord=0.9981 bin=0.7186 ter=1.0667 phq=0.0000 cons=0.0143 | [log1p] ccc=-0.0011 rmse=4.1381 mae=3.1141 | [PHQ-9] ccc=-0.0011 rmse=4.14 mae=3.11 pred_mean=4.96 pred_std=0.03
2026-05-15 16:05:26,174 - INFO - Epoch 28/300 [Multitask] | train_loss=1.432970 | parts ord=1.0219 bin=0.7064 ter=1.0123 phq=0.0000 cons=0.0138 | [log1p] ccc=-0.0009 rmse=4.1404 mae=3.1249 | [PHQ-9] ccc=-0.0009 rmse=4.14 mae=3.12 pred_mean=5.02 pred_std=0.03
2026-05-15 16:05:27,660 - INFO - Epoch 29/300 [Multitask] | train_loss=1.448608 | parts ord=1.0367 bin=0.7040 ter=1.0156 phq=0.0000 cons=0.0162 | [log1p] ccc=-0.0007 rmse=4.1374 mae=3.1135 | [PHQ-9] ccc=-0.0007 rmse=4.14 mae=3.11 pred_mean=4.96 pred_std=0.03
2026-05-15 16:05:29,067 - INFO - Epoch 30/300 [Multitask] | train_loss=1.493249 | parts ord=0.9685 bin=0.7020 ter=1.0364 phq=2.1416 cons=0.0144 | [log1p] ccc=-0.0008 rmse=4.1362 mae=3.1044 | [PHQ-9] ccc=-0.0008 rmse=4.14 mae=3.10 pred_mean=4.91 pred_std=0.03
2026-05-15 16:05:29,941 - INFO - Epoch 31/300 [Multitask] | train_loss=1.529469 | parts ord=0.9987 bin=0.7024 ter=1.0571 phq=2.1367 cons=0.0142 | [log1p] ccc=-0.0008 rmse=4.1355 mae=3.0964 | [PHQ-9] ccc=-0.0008 rmse=4.14 mae=3.10 pred_mean=4.86 pred_std=0.03
2026-05-15 16:05:30,628 - INFO - Epoch 32/300 [Multitask] | train_loss=1.538583 | parts ord=1.0197 bin=0.7065 ter=1.0043 phq=2.2059 cons=0.0134 | [log1p] ccc=-0.0005 rmse=4.1350 mae=3.0955 | [PHQ-9] ccc=-0.0005 rmse=4.13 mae=3.10 pred_mean=4.86 pred_std=0.03
2026-05-15 16:05:31,335 - INFO - Epoch 33/300 [Multitask] | train_loss=1.521923 | parts ord=0.9952 bin=0.6927 ter=1.0429 phq=2.1696 cons=0.0142 | [log1p] ccc=-0.0002 rmse=4.1345 mae=3.0981 | [PHQ-9] ccc=-0.0002 rmse=4.13 mae=3.10 pred_mean=4.88 pred_std=0.03
2026-05-15 16:05:32,137 - INFO - Epoch 34/300 [Multitask] | train_loss=1.569365 | parts ord=1.0597 bin=0.7103 ter=0.9781 phq=2.1684 cons=0.0123 | [log1p] ccc=-0.0001 rmse=4.1346 mae=3.1010 | [PHQ-9] ccc=-0.0001 rmse=4.13 mae=3.10 pred_mean=4.89 pred_std=0.04
2026-05-15 16:05:32,817 - INFO - Epoch 35/300 [Multitask] | train_loss=1.491503 | parts ord=0.9771 bin=0.6965 ter=1.0023 phq=2.1593 cons=0.0131 | [log1p] ccc=0.0002 rmse=4.1335 mae=3.0945 | [PHQ-9] ccc=0.0002 rmse=4.13 mae=3.09 pred_mean=4.86 pred_std=0.04
2026-05-15 16:05:33,621 - INFO - Epoch 36/300 [Multitask] | train_loss=1.499104 | parts ord=0.9801 bin=0.6796 ter=1.0378 phq=2.0875 cons=0.0139 | [log1p] ccc=0.0006 rmse=4.1326 mae=3.0868 | [PHQ-9] ccc=0.0006 rmse=4.13 mae=3.09 pred_mean=4.82 pred_std=0.04
2026-05-15 16:05:34,479 - INFO - Epoch 37/300 [Multitask] | train_loss=1.489565 | parts ord=0.9754 bin=0.6866 ter=1.0227 phq=2.0586 cons=0.0144 | [log1p] ccc=0.0007 rmse=4.1325 mae=3.0803 | [PHQ-9] ccc=0.0007 rmse=4.13 mae=3.08 pred_mean=4.79 pred_std=0.04
2026-05-15 16:05:35,730 - INFO - Epoch 38/300 [Multitask] | train_loss=1.559141 | parts ord=1.0285 bin=0.6937 ter=1.0455 phq=2.2277 cons=0.0154 | [log1p] ccc=0.0009 rmse=4.1323 mae=3.0767 | [PHQ-9] ccc=0.0009 rmse=4.13 mae=3.08 pred_mean=4.77 pred_std=0.04
2026-05-15 16:05:36,825 - INFO - Epoch 39/300 [Multitask] | train_loss=1.544644 | parts ord=1.0175 bin=0.7069 ter=1.0344 phq=2.1881 cons=0.0136 | [log1p] ccc=0.0009 rmse=4.1322 mae=3.0795 | [PHQ-9] ccc=0.0009 rmse=4.13 mae=3.08 pred_mean=4.78 pred_std=0.04
2026-05-15 16:05:38,177 - INFO - Epoch 40/300 [Multitask] | train_loss=1.520537 | parts ord=1.0072 bin=0.6968 ter=1.0071 phq=2.1109 cons=0.0113 | [log1p] ccc=0.0010 rmse=4.1320 mae=3.0783 | [PHQ-9] ccc=0.0010 rmse=4.13 mae=3.08 pred_mean=4.78 pred_std=0.04
2026-05-15 16:05:39,515 - INFO - Epoch 41/300 [Multitask] | train_loss=1.533804 | parts ord=1.0049 bin=0.7036 ter=1.0481 phq=2.1544 cons=0.0121 | [log1p] ccc=0.0013 rmse=4.1314 mae=3.0798 | [PHQ-9] ccc=0.0013 rmse=4.13 mae=3.08 pred_mean=4.79 pred_std=0.05
2026-05-15 16:05:40,714 - INFO - Epoch 42/300 [Multitask] | train_loss=1.482678 | parts ord=0.9787 bin=0.6922 ter=0.9806 phq=2.0950 cons=0.0124 | [log1p] ccc=0.0013 rmse=4.1323 mae=3.0687 | [PHQ-9] ccc=0.0013 rmse=4.13 mae=3.07 pred_mean=4.73 pred_std=0.05
2026-05-15 16:05:41,933 - INFO - Epoch 43/300 [Multitask] | train_loss=1.549317 | parts ord=1.0406 bin=0.7197 ter=0.9686 phq=2.1788 cons=0.0130 | [log1p] ccc=0.0014 rmse=4.1318 mae=3.0714 | [PHQ-9] ccc=0.0014 rmse=4.13 mae=3.07 pred_mean=4.74 pred_std=0.05
2026-05-15 16:05:43,079 - INFO - Epoch 44/300 [Multitask] | train_loss=1.574458 | parts ord=1.0245 bin=0.6962 ter=1.1255 phq=2.1310 cons=0.0133 | [log1p] ccc=0.0015 rmse=4.1334 mae=3.0593 | [PHQ-9] ccc=0.0015 rmse=4.13 mae=3.06 pred_mean=4.68 pred_std=0.05
2026-05-15 16:05:44,406 - INFO - Epoch 45/300 [Multitask] | train_loss=1.533679 | parts ord=0.9959 bin=0.6850 ter=1.0911 phq=2.1272 cons=0.0133 | [log1p] ccc=0.0020 rmse=4.1327 mae=3.0567 | [PHQ-9] ccc=0.0020 rmse=4.13 mae=3.06 pred_mean=4.67 pred_std=0.05
2026-05-15 16:05:45,930 - INFO - Epoch 46/300 [Multitask] | train_loss=1.534351 | parts ord=1.0151 bin=0.6978 ter=1.0231 phq=2.1268 cons=0.0133 | [log1p] ccc=0.0026 rmse=4.1324 mae=3.0519 | [PHQ-9] ccc=0.0026 rmse=4.13 mae=3.05 pred_mean=4.65 pred_std=0.06
2026-05-15 16:05:47,612 - INFO - Epoch 47/300 [Multitask] | train_loss=1.495520 | parts ord=0.9897 bin=0.6985 ter=0.9803 phq=2.1145 cons=0.0128 | [log1p] ccc=0.0032 rmse=4.1313 mae=3.0506 | [PHQ-9] ccc=0.0032 rmse=4.13 mae=3.05 pred_mean=4.65 pred_std=0.06
2026-05-15 16:05:49,203 - INFO - Epoch 48/300 [Multitask] | train_loss=1.474426 | parts ord=0.9641 bin=0.6958 ter=1.0021 phq=2.0808 cons=0.0132 | [log1p] ccc=0.0035 rmse=4.1287 mae=3.0589 | [PHQ-9] ccc=0.0035 rmse=4.13 mae=3.06 pred_mean=4.70 pred_std=0.06
2026-05-15 16:05:50,818 - INFO - Epoch 49/300 [Multitask] | train_loss=1.545964 | parts ord=1.0348 bin=0.6876 ter=1.0084 phq=2.0861 cons=0.0121 | [log1p] ccc=0.0039 rmse=4.1299 mae=3.0485 | [PHQ-9] ccc=0.0039 rmse=4.13 mae=3.05 pred_mean=4.64 pred_std=0.07
2026-05-15 16:05:52,446 - INFO - Epoch 50/300 [Multitask] | train_loss=1.552459 | parts ord=1.0269 bin=0.6826 ter=1.0542 phq=2.1122 cons=0.0133 | [log1p] ccc=0.0039 rmse=4.1288 mae=3.0526 | [PHQ-9] ccc=0.0039 rmse=4.13 mae=3.05 pred_mean=4.67 pred_std=0.07
2026-05-15 16:05:53,441 - INFO - Epoch 51/300 [Multitask] | train_loss=1.518226 | parts ord=1.0148 bin=0.6888 ter=0.9807 phq=2.0942 cons=0.0114 | [log1p] ccc=0.0046 rmse=4.1282 mae=3.0487 | [PHQ-9] ccc=0.0046 rmse=4.13 mae=3.05 pred_mean=4.65 pred_std=0.07
2026-05-15 16:05:54,152 - INFO - Epoch 52/300 [Multitask] | train_loss=1.483970 | parts ord=0.9906 bin=0.6646 ter=0.9423 phq=2.1956 cons=0.0124 | [log1p] ccc=0.0052 rmse=4.1305 mae=3.0351 | [PHQ-9] ccc=0.0052 rmse=4.13 mae=3.04 pred_mean=4.58 pred_std=0.08
2026-05-15 16:05:54,938 - INFO - Epoch 53/300 [Multitask] | train_loss=1.502025 | parts ord=0.9987 bin=0.6841 ter=0.9815 phq=2.1002 cons=0.0127 | [log1p] ccc=0.0057 rmse=4.1290 mae=3.0344 | [PHQ-9] ccc=0.0057 rmse=4.13 mae=3.03 pred_mean=4.59 pred_std=0.08
2026-05-15 16:05:55,810 - INFO - Epoch 54/300 [Multitask] | train_loss=1.482938 | parts ord=0.9780 bin=0.6818 ter=0.9907 phq=2.0841 cons=0.0127 | [log1p] ccc=0.0066 rmse=4.1258 mae=3.0382 | [PHQ-9] ccc=0.0066 rmse=4.13 mae=3.04 pred_mean=4.62 pred_std=0.09
2026-05-15 16:05:56,674 - INFO - Epoch 55/300 [Multitask] | train_loss=1.493823 | parts ord=0.9994 bin=0.6879 ter=0.9575 phq=2.0551 cons=0.0123 | [log1p] ccc=0.0070 rmse=4.1244 mae=3.0384 | [PHQ-9] ccc=0.0070 rmse=4.12 mae=3.04 pred_mean=4.64 pred_std=0.09
2026-05-15 16:05:57,538 - INFO - Epoch 56/300 [Multitask] | train_loss=1.509575 | parts ord=0.9997 bin=0.6759 ter=0.9997 phq=2.1483 cons=0.0122 | [log1p] ccc=0.0082 rmse=4.1187 mae=3.0521 | [PHQ-9] ccc=0.0082 rmse=4.12 mae=3.05 pred_mean=4.75 pred_std=0.11
2026-05-15 16:05:58,352 - INFO - Epoch 57/300 [Multitask] | train_loss=1.483189 | parts ord=0.9777 bin=0.6549 ter=1.0098 phq=2.0602 cons=0.0125 | [log1p] ccc=0.0090 rmse=4.1183 mae=3.0423 | [PHQ-9] ccc=0.0090 rmse=4.12 mae=3.04 pred_mean=4.70 pred_std=0.11
2026-05-15 16:05:59,227 - INFO - Epoch 58/300 [Multitask] | train_loss=1.461516 | parts ord=0.9760 bin=0.6769 ter=0.9466 phq=1.9757 cons=0.0119 | [log1p] ccc=0.0081 rmse=4.1196 mae=3.0489 | [PHQ-9] ccc=0.0081 rmse=4.12 mae=3.05 pred_mean=4.74 pred_std=0.12
2026-05-15 16:06:00,434 - INFO - Epoch 59/300 [Multitask] | train_loss=1.478166 | parts ord=0.9963 bin=0.6366 ter=0.9355 phq=2.0879 cons=0.0128 | [log1p] ccc=0.0096 rmse=4.1170 mae=3.0432 | [PHQ-9] ccc=0.0096 rmse=4.12 mae=3.04 pred_mean=4.72 pred_std=0.13
2026-05-15 16:06:01,657 - INFO - Epoch 60/300 [Multitask] | train_loss=1.401562 | parts ord=0.9270 bin=0.6484 ter=0.9213 phq=1.9943 cons=0.0119 | [log1p] ccc=0.0098 rmse=4.1161 mae=3.0479 | [PHQ-9] ccc=0.0098 rmse=4.12 mae=3.05 pred_mean=4.76 pred_std=0.14
2026-05-15 16:06:02,883 - INFO - Epoch 61/300 [Multitask] | train_loss=1.411360 | parts ord=0.9417 bin=0.6522 ter=0.9082 phq=1.9639 cons=0.0117 | [log1p] ccc=0.0130 rmse=4.1111 mae=3.0365 | [PHQ-9] ccc=0.0130 rmse=4.11 mae=3.04 pred_mean=4.72 pred_std=0.16
2026-05-15 16:06:04,150 - INFO - Epoch 62/300 [Multitask] | train_loss=1.331628 | parts ord=0.8655 bin=0.6309 ter=0.9056 phq=1.9688 cons=0.0138 | [log1p] ccc=0.0151 rmse=4.1078 mae=3.0286 | [PHQ-9] ccc=0.0151 rmse=4.11 mae=3.03 pred_mean=4.71 pred_std=0.19
2026-05-15 16:06:05,181 - INFO - Epoch 63/300 [Multitask] | train_loss=1.363339 | parts ord=0.8997 bin=0.6319 ter=0.8990 phq=1.9557 cons=0.0133 | [log1p] ccc=0.0181 rmse=4.1020 mae=3.0248 | [PHQ-9] ccc=0.0181 rmse=4.10 mae=3.02 pred_mean=4.74 pred_std=0.21
2026-05-15 16:06:06,388 - INFO - Epoch 64/300 [Multitask] | train_loss=1.313325 | parts ord=0.8563 bin=0.5933 ter=0.9072 phq=1.8865 cons=0.0152 | [log1p] ccc=0.0179 rmse=4.1037 mae=3.0178 | [PHQ-9] ccc=0.0179 rmse=4.10 mae=3.02 pred_mean=4.72 pred_std=0.23
2026-05-15 16:06:07,662 - INFO - Epoch 65/300 [Multitask] | train_loss=1.297276 | parts ord=0.8641 bin=0.5711 ter=0.8322 phq=1.9323 cons=0.0128 | [log1p] ccc=0.0218 rmse=4.0965 mae=3.0219 | [PHQ-9] ccc=0.0218 rmse=4.10 mae=3.02 pred_mean=4.82 pred_std=0.26
2026-05-15 16:06:08,957 - INFO - Epoch 66/300 [Multitask] | train_loss=1.286516 | parts ord=0.8627 bin=0.5569 ter=0.8361 phq=1.7562 cons=0.0160 | [log1p] ccc=0.0275 rmse=4.0899 mae=3.0139 | [PHQ-9] ccc=0.0275 rmse=4.09 mae=3.01 pred_mean=4.66 pred_std=0.30
2026-05-15 16:06:10,343 - INFO - Epoch 67/300 [Multitask] | train_loss=1.254701 | parts ord=0.8442 bin=0.5108 ter=0.8005 phq=1.8417 cons=0.0164 | [log1p] ccc=0.0279 rmse=4.0898 mae=3.0364 | [PHQ-9] ccc=0.0279 rmse=4.09 mae=3.04 pred_mean=4.85 pred_std=0.34
2026-05-15 16:06:11,906 - INFO - Epoch 68/300 [Multitask] | train_loss=1.171727 | parts ord=0.7977 bin=0.4676 ter=0.7235 phq=1.6998 cons=0.0191 | [log1p] ccc=0.0274 rmse=4.0985 mae=3.0417 | [PHQ-9] ccc=0.0274 rmse=4.10 mae=3.04 pred_mean=4.73 pred_std=0.42
2026-05-15 16:06:13,501 - INFO - Epoch 69/300 [Multitask] | train_loss=1.135908 | parts ord=0.7729 bin=0.4332 ter=0.7279 phq=1.5543 cons=0.0197 | [log1p] ccc=0.0262 rmse=4.1078 mae=3.0859 | [PHQ-9] ccc=0.0262 rmse=4.11 mae=3.09 pred_mean=4.93 pred_std=0.48
2026-05-15 16:06:15,049 - INFO - Epoch 70/300 [Multitask] | train_loss=1.066183 | parts ord=0.7256 bin=0.3854 ter=0.6844 phq=1.5070 cons=0.0215 | [log1p] ccc=0.0585 rmse=4.0943 mae=3.1093 | [PHQ-9] ccc=0.0585 rmse=4.09 mae=3.11 pred_mean=4.77 pred_std=0.85
2026-05-15 16:06:16,607 - INFO - Epoch 71/300 [Multitask] | train_loss=0.970308 | parts ord=0.6824 bin=0.2893 ter=0.5892 phq=1.3055 cons=0.0252 | [log1p] ccc=0.0224 rmse=4.2180 mae=3.2682 | [PHQ-9] ccc=0.0224 rmse=4.22 mae=3.27 pred_mean=5.02 pred_std=1.04
2026-05-15 16:06:18,094 - INFO - Epoch 72/300 [Multitask] | train_loss=0.914671 | parts ord=0.6555 bin=0.2294 ter=0.5265 phq=1.2726 cons=0.0315 | [log1p] ccc=0.0194 rmse=4.2580 mae=3.3175 | [PHQ-9] ccc=0.0194 rmse=4.26 mae=3.32 pred_mean=5.04 pred_std=1.16
2026-05-15 16:06:19,591 - INFO - Epoch 73/300 [Multitask] | train_loss=0.847029 | parts ord=0.6109 bin=0.1990 ter=0.4726 phq=1.2201 cons=0.0345 | [log1p] ccc=0.0177 rmse=4.2901 mae=3.3693 | [PHQ-9] ccc=0.0177 rmse=4.29 mae=3.37 pred_mean=5.04 pred_std=1.27
2026-05-15 16:06:21,071 - INFO - Epoch 74/300 [Multitask] | train_loss=0.814899 | parts ord=0.5949 bin=0.1395 ter=0.4510 phq=1.1969 cons=0.0387 | [log1p] ccc=-0.1026 rmse=4.6132 mae=3.4158 | [PHQ-9] ccc=-0.1026 rmse=4.61 mae=3.42 pred_mean=4.64 pred_std=1.48
2026-05-15 16:06:22,629 - INFO - Epoch 75/300 [Multitask] | train_loss=0.761567 | parts ord=0.5683 bin=0.1306 ter=0.3830 phq=1.0954 cons=0.0395 | [log1p] ccc=-0.1204 rmse=4.6816 mae=3.4867 | [PHQ-9] ccc=-0.1204 rmse=4.68 mae=3.49 pred_mean=4.68 pred_std=1.57
2026-05-15 16:06:24,202 - INFO - Epoch 76/300 [Multitask] | train_loss=0.781653 | parts ord=0.5803 bin=0.1322 ter=0.3879 phq=1.2150 cons=0.0442 | [log1p] ccc=-0.1129 rmse=4.6961 mae=3.4798 | [PHQ-9] ccc=-0.1129 rmse=4.70 mae=3.48 pred_mean=4.64 pred_std=1.64
2026-05-15 16:06:25,690 - INFO - Epoch 77/300 [Multitask] | train_loss=0.706054 | parts ord=0.5287 bin=0.1067 ter=0.3573 phq=1.0050 cons=0.0392 | [log1p] ccc=-0.0996 rmse=4.6423 mae=3.3656 | [PHQ-9] ccc=-0.0996 rmse=4.64 mae=3.37 pred_mean=4.73 pred_std=1.58
2026-05-15 16:06:27,346 - INFO - Epoch 78/300 [Multitask] | train_loss=0.720364 | parts ord=0.5303 bin=0.0870 ter=0.3952 phq=1.0814 cons=0.0437 | [log1p] ccc=-0.1980 rmse=4.8652 mae=3.4814 | [PHQ-9] ccc=-0.1980 rmse=4.87 mae=3.48 pred_mean=5.44 pred_std=1.51
2026-05-15 16:06:28,814 - INFO - Epoch 79/300 [Multitask] | train_loss=0.677009 | parts ord=0.4921 bin=0.0794 ter=0.4071 phq=0.9348 cons=0.0413 | [log1p] ccc=-0.0810 rmse=4.5539 mae=3.0973 | [PHQ-9] ccc=-0.0810 rmse=4.55 mae=3.10 pred_mean=4.84 pred_std=1.45
2026-05-15 16:06:29,627 - INFO - Epoch 80/300 [Multitask] | train_loss=0.653044 | parts ord=0.4795 bin=0.0950 ter=0.3405 phq=1.0569 cons=0.0433 | [log1p] ccc=-0.0804 rmse=4.6609 mae=3.2340 | [PHQ-9] ccc=-0.0804 rmse=4.66 mae=3.23 pred_mean=5.17 pred_std=1.70
2026-05-15 16:06:30,312 - INFO - Epoch 81/300 [Multitask] | train_loss=0.652927 | parts ord=0.4713 bin=0.1262 ter=0.3592 phq=1.0167 cons=0.0414 | [log1p] ccc=-0.1001 rmse=4.6713 mae=3.1662 | [PHQ-9] ccc=-0.1001 rmse=4.67 mae=3.17 pred_mean=5.07 pred_std=1.64
2026-05-15 16:06:31,007 - INFO - Epoch 82/300 [Multitask] | train_loss=0.577379 | parts ord=0.4168 bin=0.0930 ter=0.3203 phq=0.9165 cons=0.0469 | [log1p] ccc=-0.1037 rmse=4.6732 mae=3.2779 | [PHQ-9] ccc=-0.1037 rmse=4.67 mae=3.28 pred_mean=4.62 pred_std=1.63
2026-05-15 16:06:31,725 - INFO - Epoch 83/300 [Multitask] | train_loss=0.556539 | parts ord=0.4093 bin=0.0693 ter=0.2902 phq=0.9118 cons=0.0420 | [log1p] ccc=-0.1031 rmse=4.6943 mae=3.2847 | [PHQ-9] ccc=-0.1031 rmse=4.69 mae=3.28 pred_mean=4.62 pred_std=1.69
2026-05-15 16:06:32,417 - INFO - Epoch 84/300 [Multitask] | train_loss=0.501682 | parts ord=0.3622 bin=0.0704 ter=0.2738 phq=0.8543 cons=0.0407 | [log1p] ccc=-0.0252 rmse=4.5794 mae=3.4575 | [PHQ-9] ccc=-0.0252 rmse=4.58 mae=3.46 pred_mean=5.53 pred_std=1.69
2026-05-15 16:06:33,350 - INFO - Epoch 85/300 [Multitask] | train_loss=0.493426 | parts ord=0.3726 bin=0.0510 ter=0.2483 phq=0.7000 cons=0.0368 | [log1p] ccc=0.0109 rmse=4.3791 mae=3.2675 | [PHQ-9] ccc=0.0109 rmse=4.38 mae=3.27 pred_mean=5.16 pred_std=1.48
2026-05-15 16:06:34,640 - INFO - Epoch 86/300 [Multitask] | train_loss=0.530022 | parts ord=0.3848 bin=0.0944 ter=0.2769 phq=0.8959 cons=0.0319 | [log1p] ccc=0.0715 rmse=4.2382 mae=3.1459 | [PHQ-9] ccc=0.0715 rmse=4.24 mae=3.15 pred_mean=4.64 pred_std=1.49
2026-05-15 16:06:35,964 - INFO - Epoch 87/300 [Multitask] | train_loss=0.463308 | parts ord=0.3468 bin=0.0372 ter=0.2142 phq=0.8531 cons=0.0399 | [log1p] ccc=-0.0171 rmse=4.4256 mae=3.3994 | [PHQ-9] ccc=-0.0171 rmse=4.43 mae=3.40 pred_mean=5.00 pred_std=1.46
2026-05-15 16:06:37,219 - INFO - Epoch 88/300 [Multitask] | train_loss=0.442021 | parts ord=0.3186 bin=0.0390 ter=0.2450 phq=0.7969 cons=0.0421 | [log1p] ccc=0.0055 rmse=4.4219 mae=3.3491 | [PHQ-9] ccc=0.0055 rmse=4.42 mae=3.35 pred_mean=5.19 pred_std=1.56
2026-05-15 16:06:38,490 - INFO - Epoch 89/300 [Multitask] | train_loss=0.489000 | parts ord=0.3715 bin=0.0321 ter=0.2107 phq=0.9072 cons=0.0408 | [log1p] ccc=0.0226 rmse=4.4920 mae=3.4545 | [PHQ-9] ccc=0.0226 rmse=4.49 mae=3.45 pred_mean=5.54 pred_std=1.74
2026-05-15 16:06:39,858 - INFO - Epoch 90/300 [Multitask] | train_loss=0.400090 | parts ord=0.2785 bin=0.0493 ter=0.2593 phq=0.6491 cons=0.0392 | [log1p] ccc=-0.0053 rmse=4.5301 mae=3.5006 | [PHQ-9] ccc=-0.0053 rmse=4.53 mae=3.50 pred_mean=5.40 pred_std=1.73
2026-05-15 16:06:41,181 - INFO - Epoch 91/300 [Multitask] | train_loss=0.469574 | parts ord=0.3455 bin=0.0639 ter=0.2215 phq=0.8943 cons=0.0329 | [log1p] ccc=-0.0634 rmse=4.5883 mae=3.6058 | [PHQ-9] ccc=-0.0634 rmse=4.59 mae=3.61 pred_mean=5.16 pred_std=1.61
2026-05-15 16:06:42,584 - INFO - Epoch 92/300 [Multitask] | train_loss=0.429860 | parts ord=0.3006 bin=0.0930 ter=0.2424 phq=0.7938 cons=0.0296 | [log1p] ccc=-0.1199 rmse=4.8023 mae=3.8087 | [PHQ-9] ccc=-0.1199 rmse=4.80 mae=3.81 pred_mean=5.07 pred_std=1.86
2026-05-15 16:06:43,782 - INFO - Epoch 93/300 [Multitask] | train_loss=0.415417 | parts ord=0.2812 bin=0.0899 ter=0.2546 phq=0.8462 cons=0.0208 | [log1p] ccc=-0.1146 rmse=4.7863 mae=3.8004 | [PHQ-9] ccc=-0.1146 rmse=4.79 mae=3.80 pred_mean=5.06 pred_std=1.85
2026-05-15 16:06:45,280 - INFO - Epoch 94/300 [Multitask] | train_loss=0.378615 | parts ord=0.2584 bin=0.0730 ter=0.2429 phq=0.6638 cons=0.0315 | [log1p] ccc=-0.0187 rmse=4.5115 mae=3.5852 | [PHQ-9] ccc=-0.0187 rmse=4.51 mae=3.59 pred_mean=5.17 pred_std=1.67
2026-05-15 16:06:46,859 - INFO - Epoch 95/300 [Multitask] | train_loss=0.416327 | parts ord=0.2925 bin=0.1494 ter=0.1885 phq=0.8350 cons=0.0315 | [log1p] ccc=0.0013 rmse=4.4746 mae=3.5536 | [PHQ-9] ccc=0.0013 rmse=4.47 mae=3.55 pred_mean=5.24 pred_std=1.67
2026-05-15 16:06:48,446 - INFO - Epoch 96/300 [Multitask] | train_loss=0.328794 | parts ord=0.2425 bin=0.0153 ter=0.1481 phq=0.7416 cons=0.0252 | [log1p] ccc=0.0070 rmse=4.5058 mae=3.6276 | [PHQ-9] ccc=0.0070 rmse=4.51 mae=3.63 pred_mean=5.37 pred_std=1.75
2026-05-15 16:06:49,990 - INFO - Epoch 97/300 [Multitask] | train_loss=0.309464 | parts ord=0.2367 bin=0.0136 ter=0.1091 phq=0.7125 cons=0.0233 | [log1p] ccc=-0.0075 rmse=4.5326 mae=3.6411 | [PHQ-9] ccc=-0.0075 rmse=4.53 mae=3.64 pred_mean=5.40 pred_std=1.72
2026-05-15 16:06:51,546 - INFO - Epoch 98/300 [Multitask] | train_loss=0.308530 | parts ord=0.2285 bin=0.0182 ter=0.1421 phq=0.6529 cons=0.0199 | [log1p] ccc=-0.0128 rmse=4.5636 mae=3.7094 | [PHQ-9] ccc=-0.0128 rmse=4.56 mae=3.71 pred_mean=5.42 pred_std=1.77
2026-05-15 16:06:53,224 - INFO - Epoch 99/300 [Multitask] | train_loss=0.300148 | parts ord=0.2360 bin=0.0163 ter=0.0830 phq=0.7070 cons=0.0147 | [log1p] ccc=-0.0407 rmse=4.5319 mae=3.5055 | [PHQ-9] ccc=-0.0407 rmse=4.53 mae=3.51 pred_mean=4.77 pred_std=1.63
2026-05-15 16:06:54,283 - INFO - Epoch 100/300 [Multitask] | train_loss=0.472572 | parts ord=0.3229 bin=0.1154 ter=0.2751 phq=0.9523 cons=0.0223 | [log1p] ccc=0.0637 rmse=4.3848 mae=3.5771 | [PHQ-9] ccc=0.0637 rmse=4.38 mae=3.58 pred_mean=5.35 pred_std=1.78
2026-05-15 16:06:55,205 - INFO - Epoch 101/300 [Multitask] | train_loss=0.370817 | parts ord=0.2674 bin=0.0797 ter=0.1756 phq=0.7390 cons=0.0181 | [log1p] ccc=0.0573 rmse=4.5102 mae=3.7452 | [PHQ-9] ccc=0.0573 rmse=4.51 mae=3.75 pred_mean=5.73 pred_std=1.92
2026-05-15 16:06:56,109 - INFO - Epoch 102/300 [Multitask] | train_loss=0.328361 | parts ord=0.2250 bin=0.0778 ter=0.1758 phq=0.7372 cons=0.0211 | [log1p] ccc=0.1377 rmse=4.2730 mae=3.3877 | [PHQ-9] ccc=0.1377 rmse=4.27 mae=3.39 pred_mean=5.23 pred_std=1.98
2026-05-15 16:06:56,913 - INFO - Epoch 103/300 [Multitask] | train_loss=0.408328 | parts ord=0.2635 bin=0.1577 ter=0.2701 phq=0.7688 cons=0.0169 | [log1p] ccc=0.1180 rmse=4.3380 mae=3.4923 | [PHQ-9] ccc=0.1180 rmse=4.34 mae=3.49 pred_mean=5.18 pred_std=2.03
2026-05-15 16:06:57,843 - INFO - Epoch 104/300 [Multitask] | train_loss=0.312464 | parts ord=0.2224 bin=0.0570 ter=0.1484 phq=0.6946 cons=0.0226 | [log1p] ccc=0.0224 rmse=4.6037 mae=3.6858 | [PHQ-9] ccc=0.0224 rmse=4.60 mae=3.69 pred_mean=4.99 pred_std=2.14
2026-05-15 16:06:59,174 - INFO - Epoch 105/300 [Multitask] | train_loss=0.295331 | parts ord=0.2118 bin=0.0999 ter=0.1111 phq=0.6627 cons=0.0204 | [log1p] ccc=0.0067 rmse=4.6655 mae=3.7404 | [PHQ-9] ccc=0.0067 rmse=4.67 mae=3.74 pred_mean=5.13 pred_std=2.18
2026-05-15 16:07:00,579 - INFO - Epoch 106/300 [Multitask] | train_loss=0.270747 | parts ord=0.2097 bin=0.0131 ter=0.0756 phq=0.6958 cons=0.0164 | [log1p] ccc=-0.0011 rmse=4.7010 mae=3.7624 | [PHQ-9] ccc=-0.0011 rmse=4.70 mae=3.76 pred_mean=5.06 pred_std=2.22
2026-05-15 16:07:01,597 - INFO - Epoch 107/300 [Multitask] | train_loss=0.323079 | parts ord=0.2057 bin=0.1571 ter=0.1969 phq=0.6684 cons=0.0130 | [log1p] ccc=-0.0019 rmse=4.7214 mae=3.7944 | [PHQ-9] ccc=-0.0019 rmse=4.72 mae=3.79 pred_mean=5.09 pred_std=2.26
2026-05-15 16:07:02,951 - INFO - Epoch 108/300 [Multitask] | train_loss=0.333133 | parts ord=0.2384 bin=0.0639 ter=0.1589 phq=0.7109 cons=0.0189 | [log1p] ccc=-0.0001 rmse=4.7185 mae=3.7932 | [PHQ-9] ccc=-0.0001 rmse=4.72 mae=3.79 pred_mean=5.13 pred_std=2.25
2026-05-15 16:07:04,189 - INFO - Epoch 109/300 [Multitask] | train_loss=0.410154 | parts ord=0.3008 bin=0.1284 ter=0.1577 phq=0.8182 cons=0.0186 | [log1p] ccc=0.0930 rmse=4.4641 mae=3.6352 | [PHQ-9] ccc=0.0930 rmse=4.46 mae=3.64 pred_mean=5.48 pred_std=2.11
2026-05-15 16:07:05,573 - INFO - Epoch 110/300 [Multitask] | train_loss=0.331176 | parts ord=0.2327 bin=0.0788 ter=0.1391 phq=0.8500 cons=0.0244 | [log1p] ccc=0.0257 rmse=4.5519 mae=3.6423 | [PHQ-9] ccc=0.0257 rmse=4.55 mae=3.64 pred_mean=4.99 pred_std=2.04
2026-05-15 16:07:06,934 - INFO - Epoch 111/300 [Multitask] | train_loss=0.245387 | parts ord=0.2032 bin=0.0060 ter=0.0362 phq=0.5939 cons=0.0078 | [log1p] ccc=0.0320 rmse=4.5060 mae=3.5528 | [PHQ-9] ccc=0.0320 rmse=4.51 mae=3.55 pred_mean=4.78 pred_std=1.97
2026-05-15 16:07:08,355 - INFO - Epoch 112/300 [Multitask] | train_loss=0.333655 | parts ord=0.2357 bin=0.0405 ter=0.1681 phq=0.8031 cons=0.0129 | [log1p] ccc=0.0034 rmse=4.6728 mae=3.7053 | [PHQ-9] ccc=0.0034 rmse=4.67 mae=3.71 pred_mean=4.88 pred_std=2.20
2026-05-15 16:07:10,202 - INFO - Epoch 113/300 [Multitask] | train_loss=0.279012 | parts ord=0.2258 bin=0.0096 ter=0.0555 phq=0.6705 cons=0.0160 | [log1p] ccc=0.0029 rmse=4.7401 mae=3.8184 | [PHQ-9] ccc=0.0029 rmse=4.74 mae=3.82 pred_mean=5.07 pred_std=2.32
2026-05-15 16:07:12,264 - INFO - Epoch 114/300 [Multitask] | train_loss=0.261088 | parts ord=0.1591 bin=0.0574 ter=0.2085 phq=0.5969 cons=0.0099 | [log1p] ccc=0.0070 rmse=4.6747 mae=3.7140 | [PHQ-9] ccc=0.0070 rmse=4.67 mae=3.71 pred_mean=4.92 pred_std=2.22
2026-05-15 16:07:14,186 - INFO - Epoch 115/300 [Multitask] | train_loss=0.326578 | parts ord=0.2531 bin=0.0091 ter=0.0936 phq=0.8444 cons=0.0177 | [log1p] ccc=0.0050 rmse=4.7501 mae=3.8425 | [PHQ-9] ccc=0.0050 rmse=4.75 mae=3.84 pred_mean=5.15 pred_std=2.34
2026-05-15 16:07:16,341 - INFO - Epoch 116/300 [Multitask] | train_loss=0.352805 | parts ord=0.2270 bin=0.1411 ter=0.2135 phq=0.7960 cons=0.0083 | [log1p] ccc=0.0991 rmse=4.3725 mae=3.2979 | [PHQ-9] ccc=0.0991 rmse=4.37 mae=3.30 pred_mean=4.49 pred_std=2.01
2026-05-15 16:07:18,534 - INFO - Epoch 117/300 [Multitask] | train_loss=0.313554 | parts ord=0.2437 bin=0.0279 ter=0.0854 phq=0.7677 cons=0.0164 | [log1p] ccc=0.0948 rmse=4.4551 mae=3.6087 | [PHQ-9] ccc=0.0948 rmse=4.46 mae=3.61 pred_mean=5.31 pred_std=2.14
2026-05-15 16:07:20,691 - INFO - Epoch 118/300 [Multitask] | train_loss=0.351609 | parts ord=0.2152 bin=0.1599 ter=0.2470 phq=0.7461 cons=0.0102 | [log1p] ccc=0.0895 rmse=4.4848 mae=3.6437 | [PHQ-9] ccc=0.0895 rmse=4.48 mae=3.64 pred_mean=5.30 pred_std=2.19
2026-05-15 16:07:22,897 - INFO - Epoch 119/300 [Multitask] | train_loss=0.307713 | parts ord=0.2427 bin=0.0842 ter=0.0569 phq=0.6937 cons=0.0066 | [log1p] ccc=0.0333 rmse=4.6529 mae=3.8973 | [PHQ-9] ccc=0.0333 rmse=4.65 mae=3.90 pred_mean=5.57 pred_std=2.18
2026-05-15 16:07:24,991 - INFO - Epoch 120/300 [Multitask] | train_loss=0.254194 | parts ord=0.1455 bin=0.0759 ter=0.2175 phq=0.6242 cons=0.0087 | [log1p] ccc=-0.0627 rmse=4.8033 mae=3.9299 | [PHQ-9] ccc=-0.0627 rmse=4.80 mae=3.93 pred_mean=5.19 pred_std=2.12
2026-05-15 16:07:27,093 - INFO - Epoch 121/300 [Multitask] | train_loss=0.303138 | parts ord=0.2035 bin=0.0815 ter=0.1641 phq=0.7338 cons=0.0153 | [log1p] ccc=0.0082 rmse=4.6557 mae=3.8635 | [PHQ-9] ccc=0.0082 rmse=4.66 mae=3.86 pred_mean=5.52 pred_std=2.07
2026-05-15 16:07:29,242 - INFO - Epoch 122/300 [Multitask] | train_loss=0.288226 | parts ord=0.2003 bin=0.0342 ter=0.1471 phq=0.7444 cons=0.0140 | [log1p] ccc=0.0294 rmse=4.6139 mae=3.8106 | [PHQ-9] ccc=0.0294 rmse=4.61 mae=3.81 pred_mean=5.62 pred_std=2.05
2026-05-15 16:07:31,005 - INFO - Epoch 123/300 [Multitask] | train_loss=0.295715 | parts ord=0.2014 bin=0.0794 ter=0.1476 phq=0.7478 cons=0.0070 | [log1p] ccc=0.0173 rmse=4.4530 mae=3.6418 | [PHQ-9] ccc=0.0173 rmse=4.45 mae=3.64 pred_mean=5.17 pred_std=1.72
2026-05-15 16:07:32,652 - INFO - Epoch 124/300 [Multitask] | train_loss=0.285076 | parts ord=0.2146 bin=0.0276 ter=0.0856 phq=0.7852 cons=0.0140 | [log1p] ccc=0.0325 rmse=4.6964 mae=3.8834 | [PHQ-9] ccc=0.0325 rmse=4.70 mae=3.88 pred_mean=5.84 pred_std=2.16
2026-05-15 16:07:34,298 - INFO - Epoch 125/300 [Multitask] | train_loss=0.277257 | parts ord=0.2045 bin=0.0673 ter=0.0748 phq=0.7757 cons=0.0142 | [log1p] ccc=0.0261 rmse=4.6413 mae=3.8441 | [PHQ-9] ccc=0.0261 rmse=4.64 mae=3.84 pred_mean=5.66 pred_std=2.08
2026-05-15 16:07:35,469 - INFO - Epoch 126/300 [Multitask] | train_loss=0.238252 | parts ord=0.1863 bin=0.0165 ter=0.0577 phq=0.6193 cons=0.0119 | [log1p] ccc=0.0394 rmse=4.6092 mae=3.8099 | [PHQ-9] ccc=0.0394 rmse=4.61 mae=3.81 pred_mean=5.60 pred_std=2.10
2026-05-15 16:07:36,386 - INFO - Epoch 127/300 [Multitask] | train_loss=0.313095 | parts ord=0.1949 bin=0.1137 ter=0.2068 phq=0.7546 cons=0.0135 | [log1p] ccc=0.0325 rmse=4.5322 mae=3.7167 | [PHQ-9] ccc=0.0325 rmse=4.53 mae=3.72 pred_mean=5.43 pred_std=1.94
2026-05-15 16:07:37,226 - INFO - Epoch 128/300 [Multitask] | train_loss=0.240720 | parts ord=0.1898 bin=0.0069 ter=0.0483 phq=0.6710 cons=0.0181 | [log1p] ccc=0.0532 rmse=4.6521 mae=3.8221 | [PHQ-9] ccc=0.0532 rmse=4.65 mae=3.82 pred_mean=5.79 pred_std=2.20
2026-05-15 16:07:38,273 - INFO - Epoch 129/300 [Multitask] | train_loss=0.195929 | parts ord=0.1430 bin=0.0103 ter=0.0660 phq=0.6131 cons=0.0093 | [log1p] ccc=0.0343 rmse=4.6281 mae=3.8029 | [PHQ-9] ccc=0.0343 rmse=4.63 mae=3.80 pred_mean=5.65 pred_std=2.10
2026-05-15 16:07:39,349 - INFO - Epoch 130/300 [Multitask] | train_loss=0.205455 | parts ord=0.1586 bin=0.0147 ter=0.0446 phq=0.6060 cons=0.0097 | [log1p] ccc=0.0520 rmse=4.6554 mae=3.8149 | [PHQ-9] ccc=0.0520 rmse=4.66 mae=3.81 pred_mean=5.82 pred_std=2.19
2026-05-15 16:07:40,807 - INFO - Epoch 131/300 [Multitask] | train_loss=0.337070 | parts ord=0.2474 bin=0.1705 ter=0.0814 phq=0.7703 cons=0.0118 | [log1p] ccc=0.0598 rmse=4.7066 mae=3.9155 | [PHQ-9] ccc=0.0598 rmse=4.71 mae=3.92 pred_mean=5.91 pred_std=2.30
2026-05-15 16:07:42,175 - INFO - Epoch 132/300 [Multitask] | train_loss=0.288953 | parts ord=0.1806 bin=0.1344 ter=0.1808 phq=0.6558 cons=0.0119 | [log1p] ccc=0.0401 rmse=4.5834 mae=3.7390 | [PHQ-9] ccc=0.0401 rmse=4.58 mae=3.74 pred_mean=5.60 pred_std=2.05
2026-05-15 16:07:43,629 - INFO - Epoch 133/300 [Multitask] | train_loss=0.223158 | parts ord=0.1557 bin=0.0490 ter=0.1058 phq=0.5492 cons=0.0092 | [log1p] ccc=0.0590 rmse=4.6772 mae=3.8900 | [PHQ-9] ccc=0.0590 rmse=4.68 mae=3.89 pred_mean=5.84 pred_std=2.26
2026-05-15 16:07:45,032 - INFO - Epoch 134/300 [Multitask] | train_loss=0.300185 | parts ord=0.2364 bin=0.0590 ter=0.0471 phq=0.7895 cons=0.0133 | [log1p] ccc=0.0492 rmse=4.6472 mae=3.8688 | [PHQ-9] ccc=0.0492 rmse=4.65 mae=3.87 pred_mean=5.75 pred_std=2.19
2026-05-15 16:07:46,273 - INFO - Epoch 135/300 [Multitask] | train_loss=0.235310 | parts ord=0.1796 bin=0.0071 ter=0.0465 phq=0.7976 cons=0.0076 | [log1p] ccc=0.0422 rmse=4.6347 mae=3.8580 | [PHQ-9] ccc=0.0422 rmse=4.63 mae=3.86 pred_mean=5.70 pred_std=2.14
2026-05-15 16:07:47,636 - INFO - Epoch 136/300 [Multitask] | train_loss=0.282320 | parts ord=0.1976 bin=0.0883 ter=0.1146 phq=0.7125 cons=0.0150 | [log1p] ccc=0.0461 rmse=4.6632 mae=3.8860 | [PHQ-9] ccc=0.0461 rmse=4.66 mae=3.89 pred_mean=5.74 pred_std=2.21
2026-05-15 16:07:48,939 - INFO - Epoch 137/300 [Multitask] | train_loss=0.257133 | parts ord=0.2086 bin=0.0066 ter=0.0464 phq=0.6497 cons=0.0117 | [log1p] ccc=0.0578 rmse=4.6921 mae=3.9199 | [PHQ-9] ccc=0.0578 rmse=4.69 mae=3.92 pred_mean=5.80 pred_std=2.31
2026-05-15 16:07:50,384 - INFO - Epoch 138/300 [Multitask] | train_loss=0.200652 | parts ord=0.1498 bin=0.0064 ter=0.0497 phq=0.6811 cons=0.0092 | [log1p] ccc=0.0343 rmse=4.5819 mae=3.7565 | [PHQ-9] ccc=0.0343 rmse=4.58 mae=3.76 pred_mean=5.55 pred_std=2.03
2026-05-15 16:07:51,983 - INFO - Epoch 139/300 [Multitask] | train_loss=0.244259 | parts ord=0.1825 bin=0.0139 ter=0.0817 phq=0.6845 cons=0.0091 | [log1p] ccc=0.0667 rmse=4.7135 mae=3.9159 | [PHQ-9] ccc=0.0667 rmse=4.71 mae=3.92 pred_mean=5.99 pred_std=2.31
2026-05-15 16:07:53,615 - INFO - Epoch 140/300 [Multitask] | train_loss=0.276018 | parts ord=0.2010 bin=0.0727 ter=0.1107 phq=0.5955 cons=0.0115 | [log1p] ccc=0.0638 rmse=4.6859 mae=3.9052 | [PHQ-9] ccc=0.0638 rmse=4.69 mae=3.91 pred_mean=5.84 pred_std=2.31
2026-05-15 16:07:55,235 - INFO - Epoch 141/300 [Multitask] | train_loss=0.248782 | parts ord=0.1571 bin=0.1184 ter=0.1179 phq=0.7272 cons=0.0220 | [log1p] ccc=0.0624 rmse=4.6674 mae=3.8869 | [PHQ-9] ccc=0.0624 rmse=4.67 mae=3.89 pred_mean=5.81 pred_std=2.28
2026-05-15 16:07:56,963 - INFO - Epoch 142/300 [Multitask] | train_loss=0.230223 | parts ord=0.1492 bin=0.1101 ter=0.1191 phq=0.5552 cons=0.0101 | [log1p] ccc=0.0697 rmse=4.6833 mae=3.8723 | [PHQ-9] ccc=0.0697 rmse=4.68 mae=3.87 pred_mean=5.99 pred_std=2.26
2026-05-15 16:07:56,963 - INFO - Early stopping at epoch 142
2026-05-15 16:07:56,967 - INFO - Best checkpoint: checkpoints/Track2/A-V-P/regression/fold_4_route3_multitask/best_model_2026-05-15-16.04.34.pth
2026-05-15 16:07:56,967 - INFO - Validation metrics saved to: logs/Track2/A-V-P/regression/fold_4_route3_multitask/train_result_2026-05-15-16.04.34.json

============================================================
  集成推理配置
  binary  checkpoints : 5 个
  ternary checkpoints : 5 个
  reg     checkpoints : 5 个
  测试集根目录        : /home/niutao/data/datasets_MPDD/Test-MPDD-Young/Young
  输出目录            : /home/niutao/data/code/MPDD-AVG-2026-main/make_submission_forcodabench/my_submissions/route3_multitask_Track2_2026-05-15_15.59.56
============================================================

>>> Step 1/3: Binary 集成分类推理

  [集成分类 - binary] 5 个 checkpoint
    → Loading: best_model_2026-05-15-15.59.58.pth
Traceback (most recent call last):
  File "/home/niutao/data/code/MPDD-AVG-2026-main/make_submission_forcodabench/ensemble_infer_and_pack.py", line 622, in <module>
    main()
  File "/home/niutao/data/code/MPDD-AVG-2026-main/make_submission_forcodabench/ensemble_infer_and_pack.py", line 509, in main
    b_ids, b_cls = ensemble_cls(
  File "/home/niutao/data/code/MPDD-AVG-2026-main/make_submission_forcodabench/ensemble_infer_and_pack.py", line 296, in ensemble_cls
    ids, probs, _, _ = infer_one_ckpt(
  File "/home/niutao/data/code/MPDD-AVG-2026-main/make_submission_forcodabench/ensemble_infer_and_pack.py", line 133, in infer_one_ckpt
    task_maps = load_task_maps(test_split_csv, task, reg_label)
  File "/home/niutao/data/code/MPDD-AVG-2026-main/dataset.py", line 125, in load_task_maps
    person_id = int(row["ID"])
KeyError: 'ID'
