================================================================
  Route 2 (posw10_mask5)  GPU=5  TRACK=Track2
  thresholds=3,5,8,10  pos_weight=[0.5,10.0]
  mask_min_pos=5  empirical_midpoints=yes
  EPOCHS=30  FOLDS='0'  LOG=parallel_logs/route2_posw10_mask5_smoke_Track2_2026-05-15_15.53.35.log
================================================================
  [OK] fold CSV: kfold_splits/Track2_Young_binary
  [OK] fold CSV: kfold_splits/Track2_Young_ternary
  [OK] fold CSV: kfold_splits/Track2_Young_regression

## route2_posw10_mask5 | Track2 | Fold 0
2026-05-15 15:53:38,262 - INFO - Experiment: fold_0_route2_posw10_mask5_smoke
2026-05-15 15:53:38,262 - INFO - Device: cuda
2026-05-15 15:53:38,262 - INFO - Train/Val: 70 / 18
2026-05-15 15:53:47,079 - INFO - Epoch 1/30 | train_loss=0.694923 | val_f1=0.333333 val_acc=0.500000 val_kappa=0.000000 val_ccc=0.000000 val_rmse=0.707107 val_mae=0.500000
2026-05-15 15:53:48,426 - INFO - Epoch 2/30 | train_loss=0.689222 | val_f1=0.333333 val_acc=0.500000 val_kappa=0.000000 val_ccc=0.000000 val_rmse=0.707107 val_mae=0.500000
2026-05-15 15:53:49,301 - INFO - Epoch 3/30 | train_loss=0.692949 | val_f1=0.333333 val_acc=0.500000 val_kappa=0.000000 val_ccc=0.000000 val_rmse=0.707107 val_mae=0.500000
2026-05-15 15:53:50,283 - INFO - Epoch 4/30 | train_loss=0.690107 | val_f1=0.333333 val_acc=0.500000 val_kappa=0.000000 val_ccc=0.000000 val_rmse=0.707107 val_mae=0.500000
2026-05-15 15:53:51,057 - INFO - Epoch 5/30 | train_loss=0.694726 | val_f1=0.333333 val_acc=0.500000 val_kappa=0.000000 val_ccc=0.000000 val_rmse=0.707107 val_mae=0.500000
2026-05-15 15:53:51,827 - INFO - Epoch 6/30 | train_loss=0.695194 | val_f1=0.333333 val_acc=0.500000 val_kappa=0.000000 val_ccc=0.000000 val_rmse=0.707107 val_mae=0.500000
2026-05-15 15:53:52,496 - INFO - Epoch 7/30 | train_loss=0.696881 | val_f1=0.333333 val_acc=0.500000 val_kappa=0.000000 val_ccc=0.000000 val_rmse=0.707107 val_mae=0.500000
2026-05-15 15:53:53,273 - INFO - Epoch 8/30 | train_loss=0.703358 | val_f1=0.333333 val_acc=0.500000 val_kappa=0.000000 val_ccc=0.000000 val_rmse=0.707107 val_mae=0.500000
2026-05-15 15:53:54,030 - INFO - Epoch 9/30 | train_loss=0.698258 | val_f1=0.333333 val_acc=0.500000 val_kappa=0.000000 val_ccc=0.000000 val_rmse=0.707107 val_mae=0.500000
2026-05-15 15:53:54,948 - INFO - Epoch 10/30 | train_loss=0.692830 | val_f1=0.333333 val_acc=0.500000 val_kappa=0.000000 val_ccc=0.000000 val_rmse=0.707107 val_mae=0.500000
2026-05-15 15:53:56,069 - INFO - Epoch 11/30 | train_loss=0.691785 | val_f1=0.333333 val_acc=0.500000 val_kappa=0.000000 val_ccc=0.000000 val_rmse=0.707107 val_mae=0.500000
2026-05-15 15:53:57,061 - INFO - Epoch 12/30 | train_loss=0.693344 | val_f1=0.437500 val_acc=0.444444 val_kappa=-0.111111 val_ccc=-0.111111 val_rmse=0.745356 val_mae=0.555556
2026-05-15 15:53:57,984 - INFO - Epoch 13/30 | train_loss=0.693451 | val_f1=0.333333 val_acc=0.500000 val_kappa=0.000000 val_ccc=0.000000 val_rmse=0.707107 val_mae=0.500000
2026-05-15 15:53:58,862 - INFO - Epoch 14/30 | train_loss=0.692279 | val_f1=0.307692 val_acc=0.444444 val_kappa=-0.111111 val_ccc=-0.111111 val_rmse=0.745356 val_mae=0.555556
2026-05-15 15:54:00,056 - INFO - Epoch 15/30 | train_loss=0.685187 | val_f1=0.555556 val_acc=0.555556 val_kappa=0.111111 val_ccc=0.111111 val_rmse=0.666667 val_mae=0.444444
2026-05-15 15:54:01,220 - INFO - Epoch 16/30 | train_loss=0.683916 | val_f1=0.333333 val_acc=0.500000 val_kappa=0.000000 val_ccc=0.000000 val_rmse=0.707107 val_mae=0.500000
2026-05-15 15:54:02,391 - INFO - Epoch 17/30 | train_loss=0.693047 | val_f1=0.333333 val_acc=0.500000 val_kappa=0.000000 val_ccc=0.000000 val_rmse=0.707107 val_mae=0.500000
2026-05-15 15:54:03,593 - INFO - Epoch 18/30 | train_loss=0.687647 | val_f1=0.307692 val_acc=0.444444 val_kappa=-0.111111 val_ccc=-0.111111 val_rmse=0.745356 val_mae=0.555556
2026-05-15 15:54:04,719 - INFO - Epoch 19/30 | train_loss=0.696737 | val_f1=0.532468 val_acc=0.555556 val_kappa=0.111111 val_ccc=0.111111 val_rmse=0.666667 val_mae=0.444444
2026-05-15 15:54:06,010 - INFO - Epoch 20/30 | train_loss=0.688479 | val_f1=0.280000 val_acc=0.388889 val_kappa=-0.222222 val_ccc=-0.222222 val_rmse=0.781736 val_mae=0.611111
2026-05-15 15:54:07,460 - INFO - Epoch 21/30 | train_loss=0.697349 | val_f1=0.307692 val_acc=0.444444 val_kappa=-0.111111 val_ccc=-0.111111 val_rmse=0.745356 val_mae=0.555556
2026-05-15 15:54:08,762 - INFO - Epoch 22/30 | train_loss=0.690758 | val_f1=0.307692 val_acc=0.444444 val_kappa=-0.111111 val_ccc=-0.111111 val_rmse=0.745356 val_mae=0.555556
2026-05-15 15:54:10,094 - INFO - Epoch 23/30 | train_loss=0.690875 | val_f1=0.307692 val_acc=0.444444 val_kappa=-0.111111 val_ccc=-0.111111 val_rmse=0.745356 val_mae=0.555556
2026-05-15 15:54:11,410 - INFO - Epoch 24/30 | train_loss=0.687346 | val_f1=0.307692 val_acc=0.444444 val_kappa=-0.111111 val_ccc=-0.111111 val_rmse=0.745356 val_mae=0.555556
2026-05-15 15:54:12,856 - INFO - Epoch 25/30 | train_loss=0.688927 | val_f1=0.307692 val_acc=0.444444 val_kappa=-0.111111 val_ccc=-0.111111 val_rmse=0.745356 val_mae=0.555556
2026-05-15 15:54:14,187 - INFO - Epoch 26/30 | train_loss=0.696366 | val_f1=0.307692 val_acc=0.444444 val_kappa=-0.111111 val_ccc=-0.111111 val_rmse=0.745356 val_mae=0.555556
2026-05-15 15:54:15,606 - INFO - Epoch 27/30 | train_loss=0.693568 | val_f1=0.307692 val_acc=0.444444 val_kappa=-0.111111 val_ccc=-0.111111 val_rmse=0.745356 val_mae=0.555556
2026-05-15 15:54:16,841 - INFO - Epoch 28/30 | train_loss=0.697241 | val_f1=0.307692 val_acc=0.444444 val_kappa=-0.111111 val_ccc=-0.111111 val_rmse=0.745356 val_mae=0.555556
2026-05-15 15:54:18,134 - INFO - Epoch 29/30 | train_loss=0.690512 | val_f1=0.307692 val_acc=0.444444 val_kappa=-0.111111 val_ccc=-0.111111 val_rmse=0.745356 val_mae=0.555556
2026-05-15 15:54:19,505 - INFO - Epoch 30/30 | train_loss=0.691901 | val_f1=0.307692 val_acc=0.444444 val_kappa=-0.111111 val_ccc=-0.111111 val_rmse=0.745356 val_mae=0.555556
2026-05-15 15:54:19,506 - INFO - Best checkpoint: checkpoints/Track2/A-V-P/binary/fold_0_route2_posw10_mask5_smoke/best_model_2026-05-15-15.53.37.pth
2026-05-15 15:54:19,507 - INFO - Validation metrics saved to: logs/Track2/A-V-P/binary/fold_0_route2_posw10_mask5_smoke/train_result_2026-05-15-15.53.37.json
2026-05-15 15:54:23,791 - INFO - Experiment: fold_0_route2_posw10_mask5_smoke
2026-05-15 15:54:23,791 - INFO - Device: cuda
2026-05-15 15:54:23,791 - INFO - Train/Val: 70 / 18
2026-05-15 15:54:34,619 - INFO - Epoch 1/30 | train_loss=1.188775 | val_f1=0.066667 val_acc=0.111111 val_kappa=0.000000 val_ccc=0.000000 val_rmse=1.545603 val_mae=1.388889
2026-05-15 15:54:36,524 - INFO - Epoch 2/30 | train_loss=1.179079 | val_f1=0.186667 val_acc=0.388889 val_kappa=-0.125000 val_ccc=-0.269939 val_rmse=1.130388 val_mae=0.833333
2026-05-15 15:54:37,591 - INFO - Epoch 3/30 | train_loss=1.181051 | val_f1=0.222222 val_acc=0.500000 val_kappa=0.000000 val_ccc=0.000000 val_rmse=0.912871 val_mae=0.611111
2026-05-15 15:54:38,162 - INFO - Epoch 4/30 | train_loss=1.179800 | val_f1=0.222222 val_acc=0.500000 val_kappa=0.000000 val_ccc=0.000000 val_rmse=0.912871 val_mae=0.611111
2026-05-15 15:54:38,813 - INFO - Epoch 5/30 | train_loss=1.174610 | val_f1=0.222222 val_acc=0.500000 val_kappa=0.000000 val_ccc=0.000000 val_rmse=0.912871 val_mae=0.611111
2026-05-15 15:54:39,372 - INFO - Epoch 6/30 | train_loss=1.183212 | val_f1=0.222222 val_acc=0.500000 val_kappa=0.000000 val_ccc=0.000000 val_rmse=0.912871 val_mae=0.611111
2026-05-15 15:54:40,007 - INFO - Epoch 7/30 | train_loss=1.182899 | val_f1=0.222222 val_acc=0.500000 val_kappa=0.000000 val_ccc=0.000000 val_rmse=0.912871 val_mae=0.611111
2026-05-15 15:54:40,603 - INFO - Epoch 8/30 | train_loss=1.177148 | val_f1=0.222222 val_acc=0.500000 val_kappa=0.000000 val_ccc=0.000000 val_rmse=0.912871 val_mae=0.611111
2026-05-15 15:54:41,174 - INFO - Epoch 9/30 | train_loss=1.177057 | val_f1=0.222222 val_acc=0.500000 val_kappa=0.000000 val_ccc=0.000000 val_rmse=0.912871 val_mae=0.611111
2026-05-15 15:54:41,722 - INFO - Epoch 10/30 | train_loss=1.170788 | val_f1=0.222222 val_acc=0.500000 val_kappa=0.000000 val_ccc=0.000000 val_rmse=0.912871 val_mae=0.611111
2026-05-15 15:54:42,364 - INFO - Epoch 11/30 | train_loss=1.170647 | val_f1=0.222222 val_acc=0.500000 val_kappa=0.000000 val_ccc=0.000000 val_rmse=0.912871 val_mae=0.611111
2026-05-15 15:54:43,079 - INFO - Epoch 12/30 | train_loss=1.164991 | val_f1=0.222222 val_acc=0.500000 val_kappa=0.000000 val_ccc=0.000000 val_rmse=0.912871 val_mae=0.611111
2026-05-15 15:54:43,728 - INFO - Epoch 13/30 | train_loss=1.164791 | val_f1=0.222222 val_acc=0.500000 val_kappa=0.000000 val_ccc=0.000000 val_rmse=0.912871 val_mae=0.611111
2026-05-15 15:54:44,335 - INFO - Epoch 14/30 | train_loss=1.181647 | val_f1=0.222222 val_acc=0.500000 val_kappa=0.000000 val_ccc=0.000000 val_rmse=0.912871 val_mae=0.611111
2026-05-15 15:54:45,016 - INFO - Epoch 15/30 | train_loss=1.175104 | val_f1=0.222222 val_acc=0.500000 val_kappa=0.000000 val_ccc=0.000000 val_rmse=0.912871 val_mae=0.611111
2026-05-15 15:54:45,692 - INFO - Epoch 16/30 | train_loss=1.165666 | val_f1=0.222222 val_acc=0.500000 val_kappa=0.000000 val_ccc=0.000000 val_rmse=0.912871 val_mae=0.611111
2026-05-15 15:54:46,350 - INFO - Epoch 17/30 | train_loss=1.159239 | val_f1=0.222222 val_acc=0.500000 val_kappa=0.000000 val_ccc=0.000000 val_rmse=0.912871 val_mae=0.611111
2026-05-15 15:54:46,970 - INFO - Epoch 18/30 | train_loss=1.164958 | val_f1=0.222222 val_acc=0.500000 val_kappa=0.000000 val_ccc=0.000000 val_rmse=0.912871 val_mae=0.611111
2026-05-15 15:54:47,628 - INFO - Epoch 19/30 | train_loss=1.165890 | val_f1=0.222222 val_acc=0.500000 val_kappa=0.000000 val_ccc=0.000000 val_rmse=0.912871 val_mae=0.611111
2026-05-15 15:54:48,392 - INFO - Epoch 20/30 | train_loss=1.167016 | val_f1=0.222222 val_acc=0.500000 val_kappa=0.000000 val_ccc=0.000000 val_rmse=0.912871 val_mae=0.611111
2026-05-15 15:54:49,177 - INFO - Epoch 21/30 | train_loss=1.160142 | val_f1=0.222222 val_acc=0.500000 val_kappa=0.000000 val_ccc=0.000000 val_rmse=0.912871 val_mae=0.611111
2026-05-15 15:54:49,950 - INFO - Epoch 22/30 | train_loss=1.160365 | val_f1=0.222222 val_acc=0.500000 val_kappa=0.000000 val_ccc=0.000000 val_rmse=0.912871 val_mae=0.611111
2026-05-15 15:54:50,807 - INFO - Epoch 23/30 | train_loss=1.167301 | val_f1=0.222222 val_acc=0.500000 val_kappa=0.000000 val_ccc=0.000000 val_rmse=0.912871 val_mae=0.611111
2026-05-15 15:54:51,509 - INFO - Epoch 24/30 | train_loss=1.176446 | val_f1=0.222222 val_acc=0.500000 val_kappa=0.000000 val_ccc=0.000000 val_rmse=0.912871 val_mae=0.611111
2026-05-15 15:54:52,193 - INFO - Epoch 25/30 | train_loss=1.165406 | val_f1=0.222222 val_acc=0.500000 val_kappa=0.000000 val_ccc=0.000000 val_rmse=0.912871 val_mae=0.611111
2026-05-15 15:54:52,907 - INFO - Epoch 26/30 | train_loss=1.173187 | val_f1=0.222222 val_acc=0.500000 val_kappa=0.000000 val_ccc=0.000000 val_rmse=0.912871 val_mae=0.611111
2026-05-15 15:54:53,636 - INFO - Epoch 27/30 | train_loss=1.188631 | val_f1=0.222222 val_acc=0.500000 val_kappa=0.000000 val_ccc=0.000000 val_rmse=0.912871 val_mae=0.611111
2026-05-15 15:54:54,325 - INFO - Epoch 28/30 | train_loss=1.166897 | val_f1=0.222222 val_acc=0.500000 val_kappa=0.000000 val_ccc=0.000000 val_rmse=0.912871 val_mae=0.611111
2026-05-15 15:54:55,086 - INFO - Epoch 29/30 | train_loss=1.156119 | val_f1=0.222222 val_acc=0.500000 val_kappa=0.000000 val_ccc=0.000000 val_rmse=0.912871 val_mae=0.611111
2026-05-15 15:54:55,751 - INFO - Epoch 30/30 | train_loss=1.162266 | val_f1=0.222222 val_acc=0.500000 val_kappa=0.000000 val_ccc=0.000000 val_rmse=0.912871 val_mae=0.611111
2026-05-15 15:54:55,754 - INFO - Best checkpoint: checkpoints/Track2/A-V-P/ternary/fold_0_route2_posw10_mask5_smoke/best_model_2026-05-15-15.54.22.pth
2026-05-15 15:54:55,754 - INFO - Validation metrics saved to: logs/Track2/A-V-P/ternary/fold_0_route2_posw10_mask5_smoke/train_result_2026-05-15-15.54.22.json
2026-05-15 15:54:58,777 - INFO - [Ordinal] thresholds=[3.0, 5.0, 8.0, 10.0]  pos_weight=[0.50, 1.12, 4.38, 7.75] (clamp=[0.50,10.00])  active_head_mask=[1.0, 1.0, 1.0, 1.0]  midpoints=['1.10', '3.53', '5.90', '8.80', '11.88']  multitask=off  train_phq min=0.0 max=17.0 mean=4.84
2026-05-15 15:54:59,559 - INFO - Experiment: fold_0_route2_posw10_mask5_smoke
2026-05-15 15:54:59,559 - INFO - Device: cuda
2026-05-15 15:54:59,559 - INFO - Train/Val: 70 / 18
2026-05-15 15:55:07,707 - INFO - Epoch 1/30 [Ordinal-BCE] | train_loss=0.883380 | [log1p] ccc=0.0001 rmse=5.9411 mae=5.3163 | [PHQ-9] ccc=0.0001 rmse=5.94 mae=5.32 pred_mean=9.77 pred_std=0.01
2026-05-15 15:55:08,789 - INFO - Epoch 2/30 [Ordinal-BCE] | train_loss=0.885283 | [log1p] ccc=0.0001 rmse=5.9461 mae=5.3207 | [PHQ-9] ccc=0.0001 rmse=5.95 mae=5.32 pred_mean=9.77 pred_std=0.01
2026-05-15 15:55:09,489 - INFO - Epoch 3/30 [Ordinal-BCE] | train_loss=0.882331 | [log1p] ccc=-0.0001 rmse=5.9547 mae=5.3290 | [PHQ-9] ccc=-0.0001 rmse=5.95 mae=5.33 pred_mean=9.78 pred_std=0.00
2026-05-15 15:55:10,102 - INFO - Epoch 4/30 [Ordinal-BCE] | train_loss=0.887240 | [log1p] ccc=-0.0001 rmse=5.9465 mae=5.3214 | [PHQ-9] ccc=-0.0001 rmse=5.95 mae=5.32 pred_mean=9.77 pred_std=0.00
2026-05-15 15:55:10,684 - INFO - Epoch 5/30 [Ordinal-BCE] | train_loss=0.887523 | [log1p] ccc=-0.0001 rmse=5.9120 mae=5.2896 | [PHQ-9] ccc=-0.0001 rmse=5.91 mae=5.29 pred_mean=9.73 pred_std=0.00
2026-05-15 15:55:11,315 - INFO - Epoch 6/30 [Ordinal-BCE] | train_loss=0.884238 | [log1p] ccc=0.0000 rmse=5.8341 mae=5.2178 | [PHQ-9] ccc=0.0000 rmse=5.83 mae=5.22 pred_mean=9.64 pred_std=0.01
2026-05-15 15:55:11,953 - INFO - Epoch 7/30 [Ordinal-BCE] | train_loss=0.883070 | [log1p] ccc=-0.0000 rmse=5.7922 mae=5.1791 | [PHQ-9] ccc=-0.0000 rmse=5.79 mae=5.18 pred_mean=9.59 pred_std=0.01
2026-05-15 15:55:12,565 - INFO - Epoch 8/30 [Ordinal-BCE] | train_loss=0.892359 | [log1p] ccc=0.0000 rmse=5.7281 mae=5.1199 | [PHQ-9] ccc=0.0000 rmse=5.73 mae=5.12 pred_mean=9.51 pred_std=0.01
2026-05-15 15:55:13,194 - INFO - Epoch 9/30 [Ordinal-BCE] | train_loss=0.895776 | [log1p] ccc=0.0001 rmse=5.6606 mae=5.0569 | [PHQ-9] ccc=0.0001 rmse=5.66 mae=5.06 pred_mean=9.43 pred_std=0.01
2026-05-15 15:55:13,842 - INFO - Epoch 10/30 [Ordinal-BCE] | train_loss=0.892949 | [log1p] ccc=0.0001 rmse=5.6537 mae=5.0508 | [PHQ-9] ccc=0.0001 rmse=5.65 mae=5.05 pred_mean=9.42 pred_std=0.01
2026-05-15 15:55:14,510 - INFO - Epoch 11/30 [Ordinal-BCE] | train_loss=0.896749 | [log1p] ccc=0.0002 rmse=5.5988 mae=4.9996 | [PHQ-9] ccc=0.0002 rmse=5.60 mae=5.00 pred_mean=9.36 pred_std=0.01
2026-05-15 15:55:15,687 - INFO - Epoch 12/30 [Ordinal-BCE] | train_loss=0.886333 | [log1p] ccc=0.0002 rmse=5.5761 mae=4.9780 | [PHQ-9] ccc=0.0002 rmse=5.58 mae=4.98 pred_mean=9.33 pred_std=0.01
2026-05-15 15:55:16,427 - INFO - Epoch 13/30 [Ordinal-BCE] | train_loss=0.888593 | [log1p] ccc=0.0002 rmse=5.5250 mae=4.9297 | [PHQ-9] ccc=0.0002 rmse=5.52 mae=4.93 pred_mean=9.27 pred_std=0.01
2026-05-15 15:55:17,048 - INFO - Epoch 14/30 [Ordinal-BCE] | train_loss=0.891011 | [log1p] ccc=0.0003 rmse=5.4842 mae=4.8910 | [PHQ-9] ccc=0.0003 rmse=5.48 mae=4.89 pred_mean=9.22 pred_std=0.02
2026-05-15 15:55:17,687 - INFO - Epoch 15/30 [Ordinal-BCE] | train_loss=0.898463 | [log1p] ccc=0.0004 rmse=5.4423 mae=4.8512 | [PHQ-9] ccc=0.0004 rmse=5.44 mae=4.85 pred_mean=9.17 pred_std=0.02
2026-05-15 15:55:18,292 - INFO - Epoch 16/30 [Ordinal-BCE] | train_loss=0.892163 | [log1p] ccc=0.0004 rmse=5.4015 mae=4.8124 | [PHQ-9] ccc=0.0004 rmse=5.40 mae=4.81 pred_mean=9.12 pred_std=0.02
2026-05-15 15:55:18,932 - INFO - Epoch 17/30 [Ordinal-BCE] | train_loss=0.899606 | [log1p] ccc=0.0005 rmse=5.3942 mae=4.8056 | [PHQ-9] ccc=0.0005 rmse=5.39 mae=4.81 pred_mean=9.11 pred_std=0.02
2026-05-15 15:55:19,532 - INFO - Epoch 18/30 [Ordinal-BCE] | train_loss=0.888568 | [log1p] ccc=0.0005 rmse=5.3675 mae=4.7798 | [PHQ-9] ccc=0.0005 rmse=5.37 mae=4.78 pred_mean=9.08 pred_std=0.02
2026-05-15 15:55:20,126 - INFO - Epoch 19/30 [Ordinal-BCE] | train_loss=0.905201 | [log1p] ccc=0.0006 rmse=5.3253 mae=4.7397 | [PHQ-9] ccc=0.0006 rmse=5.33 mae=4.74 pred_mean=9.02 pred_std=0.02
2026-05-15 15:55:20,728 - INFO - Epoch 20/30 [Ordinal-BCE] | train_loss=0.886906 | [log1p] ccc=0.0006 rmse=5.3035 mae=4.7187 | [PHQ-9] ccc=0.0006 rmse=5.30 mae=4.72 pred_mean=9.00 pred_std=0.02
2026-05-15 15:55:21,259 - INFO - Epoch 21/30 [Ordinal-BCE] | train_loss=0.902117 | [log1p] ccc=0.0006 rmse=5.2798 mae=4.6958 | [PHQ-9] ccc=0.0006 rmse=5.28 mae=4.70 pred_mean=8.97 pred_std=0.02
2026-05-15 15:55:21,828 - INFO - Epoch 22/30 [Ordinal-BCE] | train_loss=0.906483 | [log1p] ccc=0.0005 rmse=5.2738 mae=4.6901 | [PHQ-9] ccc=0.0005 rmse=5.27 mae=4.69 pred_mean=8.96 pred_std=0.02
2026-05-15 15:55:22,391 - INFO - Epoch 23/30 [Ordinal-BCE] | train_loss=0.891949 | [log1p] ccc=0.0005 rmse=5.2503 mae=4.6673 | [PHQ-9] ccc=0.0005 rmse=5.25 mae=4.67 pred_mean=8.93 pred_std=0.02
2026-05-15 15:55:23,004 - INFO - Epoch 24/30 [Ordinal-BCE] | train_loss=0.902607 | [log1p] ccc=0.0005 rmse=5.2376 mae=4.6549 | [PHQ-9] ccc=0.0005 rmse=5.24 mae=4.65 pred_mean=8.91 pred_std=0.02
2026-05-15 15:55:23,596 - INFO - Epoch 25/30 [Ordinal-BCE] | train_loss=0.903672 | [log1p] ccc=0.0005 rmse=5.2272 mae=4.6448 | [PHQ-9] ccc=0.0005 rmse=5.23 mae=4.64 pred_mean=8.90 pred_std=0.02
2026-05-15 15:55:24,204 - INFO - Epoch 26/30 [Ordinal-BCE] | train_loss=0.902698 | [log1p] ccc=0.0005 rmse=5.2174 mae=4.6353 | [PHQ-9] ccc=0.0005 rmse=5.22 mae=4.64 pred_mean=8.89 pred_std=0.02
2026-05-15 15:55:24,766 - INFO - Epoch 27/30 [Ordinal-BCE] | train_loss=0.912753 | [log1p] ccc=0.0005 rmse=5.2133 mae=4.6312 | [PHQ-9] ccc=0.0005 rmse=5.21 mae=4.63 pred_mean=8.88 pred_std=0.02
2026-05-15 15:55:25,304 - INFO - Epoch 28/30 [Ordinal-BCE] | train_loss=0.903265 | [log1p] ccc=0.0005 rmse=5.2116 mae=4.6296 | [PHQ-9] ccc=0.0005 rmse=5.21 mae=4.63 pred_mean=8.88 pred_std=0.03
2026-05-15 15:55:25,860 - INFO - Epoch 29/30 [Ordinal-BCE] | train_loss=0.896271 | [log1p] ccc=0.0005 rmse=5.2109 mae=4.6289 | [PHQ-9] ccc=0.0005 rmse=5.21 mae=4.63 pred_mean=8.88 pred_std=0.03
2026-05-15 15:55:26,444 - INFO - Epoch 30/30 [Ordinal-BCE] | train_loss=0.909601 | [log1p] ccc=0.0005 rmse=5.2107 mae=4.6287 | [PHQ-9] ccc=0.0005 rmse=5.21 mae=4.63 pred_mean=8.88 pred_std=0.03
2026-05-15 15:55:26,446 - INFO - Best checkpoint: checkpoints/Track2/A-V-P/regression/fold_0_route2_posw10_mask5_smoke/best_model_2026-05-15-15.54.58.pth
2026-05-15 15:55:26,446 - INFO - Validation metrics saved to: logs/Track2/A-V-P/regression/fold_0_route2_posw10_mask5_smoke/train_result_2026-05-15-15.54.58.json
[smoke] 跳过 ensemble，仅完成 fold_0 训练验证
