2026-05-07 12:07:48,279 - INFO - Experiment: track1_binary_G-P_bilstm_mean_gait_only_parallel
2026-05-07 12:07:48,280 - INFO - Device: cuda
2026-05-07 12:07:48,280 - INFO - Train/Val: 78 / 9
2026-05-07 12:07:48,827 - INFO - Epoch 1/320 | train_loss=2.133971 | val_f1=0.400000 val_acc=0.666667 val_kappa=0.000000 val_ccc=0.013248 val_rmse=0.705561 val_mae=0.509171
2026-05-07 12:07:49,096 - INFO - Epoch 2/320 | train_loss=1.344229 | val_f1=0.400000 val_acc=0.666667 val_kappa=0.000000 val_ccc=0.017525 val_rmse=0.630019 val_mae=0.523649
2026-05-07 12:07:49,371 - INFO - Epoch 3/320 | train_loss=1.390125 | val_f1=0.400000 val_acc=0.666667 val_kappa=0.000000 val_ccc=0.017897 val_rmse=0.628845 val_mae=0.524263
2026-05-07 12:07:49,621 - INFO - Epoch 4/320 | train_loss=1.389829 | val_f1=0.400000 val_acc=0.666667 val_kappa=0.000000 val_ccc=0.012281 val_rmse=0.663207 val_mae=0.509356
2026-05-07 12:07:49,883 - INFO - Epoch 5/320 | train_loss=1.403749 | val_f1=0.400000 val_acc=0.666667 val_kappa=0.000000 val_ccc=0.013432 val_rmse=0.631666 val_mae=0.523792
2026-05-07 12:07:50,165 - INFO - Epoch 6/320 | train_loss=1.400618 | val_f1=0.400000 val_acc=0.666667 val_kappa=0.000000 val_ccc=0.015588 val_rmse=0.636511 val_mae=0.520507
2026-05-07 12:07:50,446 - INFO - Epoch 7/320 | train_loss=1.324251 | val_f1=0.400000 val_acc=0.666667 val_kappa=0.000000 val_ccc=0.008011 val_rmse=0.644746 val_mae=0.518464
2026-05-07 12:07:50,809 - INFO - Epoch 8/320 | train_loss=1.455902 | val_f1=0.400000 val_acc=0.666667 val_kappa=0.000000 val_ccc=0.006476 val_rmse=0.644726 val_mae=0.518757
2026-05-07 12:07:51,186 - INFO - Epoch 9/320 | train_loss=1.452190 | val_f1=0.400000 val_acc=0.666667 val_kappa=0.000000 val_ccc=0.008645 val_rmse=0.634443 val_mae=0.523817
2026-05-07 12:07:51,512 - INFO - Epoch 10/320 | train_loss=1.405064 | val_f1=0.400000 val_acc=0.666667 val_kappa=0.000000 val_ccc=0.008394 val_rmse=0.641317 val_mae=0.520520
2026-05-07 12:07:51,830 - INFO - Epoch 11/320 | train_loss=1.375029 | val_f1=0.400000 val_acc=0.666667 val_kappa=0.000000 val_ccc=0.007570 val_rmse=0.631292 val_mae=0.528074
2026-05-07 12:07:52,086 - INFO - Epoch 12/320 | train_loss=1.409610 | val_f1=0.400000 val_acc=0.666667 val_kappa=0.000000 val_ccc=0.004445 val_rmse=0.658554 val_mae=0.515172
2026-05-07 12:07:52,342 - INFO - Epoch 13/320 | train_loss=1.379652 | val_f1=0.400000 val_acc=0.666667 val_kappa=0.000000 val_ccc=0.004273 val_rmse=0.654277 val_mae=0.516973
2026-05-07 12:07:52,695 - INFO - Epoch 14/320 | train_loss=1.346580 | val_f1=0.400000 val_acc=0.666667 val_kappa=0.000000 val_ccc=0.002206 val_rmse=0.633149 val_mae=0.529660
2026-05-07 12:07:53,016 - INFO - Epoch 15/320 | train_loss=1.374338 | val_f1=0.400000 val_acc=0.666667 val_kappa=0.000000 val_ccc=0.003960 val_rmse=0.630528 val_mae=0.530344
2026-05-07 12:07:53,315 - INFO - Epoch 16/320 | train_loss=1.376637 | val_f1=0.400000 val_acc=0.666667 val_kappa=0.000000 val_ccc=0.003765 val_rmse=0.628386 val_mae=0.535807
2026-05-07 12:07:53,610 - INFO - Epoch 17/320 | train_loss=1.352078 | val_f1=0.400000 val_acc=0.666667 val_kappa=0.000000 val_ccc=0.004352 val_rmse=0.633821 val_mae=0.526144
2026-05-07 12:07:53,938 - INFO - Epoch 18/320 | train_loss=1.324873 | val_f1=0.400000 val_acc=0.666667 val_kappa=0.000000 val_ccc=0.001925 val_rmse=0.648525 val_mae=0.517854
2026-05-07 12:07:54,165 - INFO - Epoch 19/320 | train_loss=1.325864 | val_f1=0.400000 val_acc=0.666667 val_kappa=0.000000 val_ccc=-0.002186 val_rmse=0.674631 val_mae=0.509727
2026-05-07 12:07:54,425 - INFO - Epoch 20/320 | train_loss=1.381022 | val_f1=0.400000 val_acc=0.666667 val_kappa=0.000000 val_ccc=0.002138 val_rmse=0.628351 val_mae=0.541944
2026-05-07 12:07:54,680 - INFO - Epoch 21/320 | train_loss=1.364612 | val_f1=0.400000 val_acc=0.666667 val_kappa=0.000000 val_ccc=0.000128 val_rmse=0.629403 val_mae=0.538680
2026-05-07 12:07:54,962 - INFO - Epoch 22/320 | train_loss=1.329567 | val_f1=0.400000 val_acc=0.666667 val_kappa=0.000000 val_ccc=-0.004673 val_rmse=0.639852 val_mae=0.524343
2026-05-07 12:07:55,254 - INFO - Epoch 23/320 | train_loss=1.377799 | val_f1=0.400000 val_acc=0.666667 val_kappa=0.000000 val_ccc=-0.005564 val_rmse=0.661634 val_mae=0.513946
2026-05-07 12:07:55,554 - INFO - Epoch 24/320 | train_loss=1.397381 | val_f1=0.400000 val_acc=0.666667 val_kappa=0.000000 val_ccc=-0.008389 val_rmse=0.663875 val_mae=0.514020
2026-05-07 12:07:55,853 - INFO - Epoch 25/320 | train_loss=1.301834 | val_f1=0.400000 val_acc=0.666667 val_kappa=0.000000 val_ccc=-0.010604 val_rmse=0.657220 val_mae=0.516971
2026-05-07 12:07:56,148 - INFO - Epoch 26/320 | train_loss=1.346134 | val_f1=0.400000 val_acc=0.666667 val_kappa=0.000000 val_ccc=-0.010412 val_rmse=0.655247 val_mae=0.516987
2026-05-07 12:07:56,404 - INFO - Epoch 27/320 | train_loss=1.341751 | val_f1=0.400000 val_acc=0.666667 val_kappa=0.000000 val_ccc=-0.010373 val_rmse=0.647887 val_mae=0.519725
2026-05-07 12:07:56,714 - INFO - Epoch 28/320 | train_loss=1.385362 | val_f1=0.400000 val_acc=0.666667 val_kappa=0.000000 val_ccc=-0.005102 val_rmse=0.634364 val_mae=0.525867
2026-05-07 12:07:57,027 - INFO - Epoch 29/320 | train_loss=1.306430 | val_f1=0.400000 val_acc=0.666667 val_kappa=0.000000 val_ccc=-0.009192 val_rmse=0.656259 val_mae=0.514174
2026-05-07 12:07:57,302 - INFO - Epoch 30/320 | train_loss=1.360827 | val_f1=0.400000 val_acc=0.666667 val_kappa=0.000000 val_ccc=-0.017523 val_rmse=0.650373 val_mae=0.519421
2026-05-07 12:07:57,548 - INFO - Epoch 31/320 | train_loss=1.361320 | val_f1=0.400000 val_acc=0.666667 val_kappa=0.000000 val_ccc=-0.017191 val_rmse=0.636965 val_mae=0.561147
2026-05-07 12:07:57,850 - INFO - Epoch 32/320 | train_loss=1.352990 | val_f1=0.400000 val_acc=0.666667 val_kappa=0.000000 val_ccc=-0.020497 val_rmse=0.651850 val_mae=0.518405
2026-05-07 12:07:58,202 - INFO - Epoch 33/320 | train_loss=1.346734 | val_f1=0.400000 val_acc=0.666667 val_kappa=0.000000 val_ccc=-0.026338 val_rmse=0.650323 val_mae=0.520600
2026-05-07 12:07:58,504 - INFO - Epoch 34/320 | train_loss=1.309086 | val_f1=0.400000 val_acc=0.666667 val_kappa=0.000000 val_ccc=-0.029607 val_rmse=0.692124 val_mae=0.505145
2026-05-07 12:07:58,796 - INFO - Epoch 35/320 | train_loss=1.407494 | val_f1=0.400000 val_acc=0.666667 val_kappa=0.000000 val_ccc=-0.028638 val_rmse=0.671060 val_mae=0.510380
2026-05-07 12:07:59,025 - INFO - Epoch 36/320 | train_loss=1.265366 | val_f1=0.400000 val_acc=0.666667 val_kappa=0.000000 val_ccc=-0.029333 val_rmse=0.688196 val_mae=0.505331
2026-05-07 12:07:59,319 - INFO - Epoch 37/320 | train_loss=1.299602 | val_f1=0.400000 val_acc=0.666667 val_kappa=0.000000 val_ccc=-0.030869 val_rmse=0.682520 val_mae=0.505018
2026-05-07 12:07:59,697 - INFO - Epoch 38/320 | train_loss=1.376395 | val_f1=0.400000 val_acc=0.666667 val_kappa=0.000000 val_ccc=-0.040006 val_rmse=0.650840 val_mae=0.531571
2026-05-07 12:07:59,942 - INFO - Epoch 39/320 | train_loss=1.267939 | val_f1=0.400000 val_acc=0.666667 val_kappa=0.000000 val_ccc=-0.031705 val_rmse=0.712255 val_mae=0.508765
2026-05-07 12:08:00,186 - INFO - Epoch 40/320 | train_loss=1.311436 | val_f1=0.400000 val_acc=0.666667 val_kappa=0.000000 val_ccc=-0.046785 val_rmse=0.667796 val_mae=0.512753
2026-05-07 12:08:00,502 - INFO - Epoch 41/320 | train_loss=1.283961 | val_f1=0.400000 val_acc=0.666667 val_kappa=0.000000 val_ccc=-0.049729 val_rmse=0.696428 val_mae=0.505011
2026-05-07 12:08:00,799 - INFO - Epoch 42/320 | train_loss=1.234147 | val_f1=0.400000 val_acc=0.666667 val_kappa=0.000000 val_ccc=-0.052428 val_rmse=0.713237 val_mae=0.509196
2026-05-07 12:08:01,081 - INFO - Epoch 43/320 | train_loss=1.293243 | val_f1=0.400000 val_acc=0.666667 val_kappa=0.000000 val_ccc=-0.052394 val_rmse=0.708850 val_mae=0.506193
2026-05-07 12:08:01,320 - INFO - Epoch 44/320 | train_loss=1.238546 | val_f1=0.400000 val_acc=0.666667 val_kappa=0.000000 val_ccc=-0.047237 val_rmse=0.773258 val_mae=0.524904
2026-05-07 12:08:01,647 - INFO - Epoch 45/320 | train_loss=1.337526 | val_f1=0.400000 val_acc=0.666667 val_kappa=0.000000 val_ccc=-0.076931 val_rmse=0.684249 val_mae=0.533647
2026-05-07 12:08:01,970 - INFO - Epoch 46/320 | train_loss=1.213687 | val_f1=0.400000 val_acc=0.666667 val_kappa=0.000000 val_ccc=-0.069085 val_rmse=0.704763 val_mae=0.509522
2026-05-07 12:08:02,234 - INFO - Epoch 47/320 | train_loss=1.216221 | val_f1=0.400000 val_acc=0.666667 val_kappa=0.000000 val_ccc=-0.067757 val_rmse=0.728728 val_mae=0.509351
2026-05-07 12:08:02,524 - INFO - Epoch 48/320 | train_loss=1.239097 | val_f1=0.400000 val_acc=0.666667 val_kappa=0.000000 val_ccc=-0.054131 val_rmse=0.784344 val_mae=0.522294
2026-05-07 12:08:02,816 - INFO - Epoch 49/320 | train_loss=1.180511 | val_f1=0.400000 val_acc=0.666667 val_kappa=0.000000 val_ccc=-0.089680 val_rmse=0.695054 val_mae=0.577597
2026-05-07 12:08:03,132 - INFO - Epoch 50/320 | train_loss=1.149616 | val_f1=0.400000 val_acc=0.666667 val_kappa=0.000000 val_ccc=-0.061300 val_rmse=0.773348 val_mae=0.518475
2026-05-07 12:08:03,475 - INFO - Epoch 51/320 | train_loss=1.148969 | val_f1=0.400000 val_acc=0.666667 val_kappa=0.000000 val_ccc=-0.063320 val_rmse=0.770246 val_mae=0.523619
2026-05-07 12:08:03,780 - INFO - Epoch 52/320 | train_loss=1.212558 | val_f1=0.400000 val_acc=0.666667 val_kappa=0.000000 val_ccc=-0.058831 val_rmse=0.730429 val_mae=0.528253
2026-05-07 12:08:04,088 - INFO - Epoch 53/320 | train_loss=1.101192 | val_f1=0.678571 val_acc=0.777778 val_kappa=0.400000 val_ccc=-0.046165 val_rmse=0.774244 val_mae=0.530132
2026-05-07 12:08:04,376 - INFO - Epoch 54/320 | train_loss=1.094744 | val_f1=0.678571 val_acc=0.777778 val_kappa=0.400000 val_ccc=-0.037368 val_rmse=0.769953 val_mae=0.539502
2026-05-07 12:08:04,684 - INFO - Epoch 55/320 | train_loss=1.122462 | val_f1=0.400000 val_acc=0.666667 val_kappa=0.000000 val_ccc=-0.010409 val_rmse=0.809319 val_mae=0.525100
2026-05-07 12:08:04,986 - INFO - Epoch 56/320 | train_loss=1.043723 | val_f1=0.400000 val_acc=0.666667 val_kappa=0.000000 val_ccc=0.007705 val_rmse=0.896844 val_mae=0.550746
2026-05-07 12:08:05,320 - INFO - Epoch 57/320 | train_loss=1.052074 | val_f1=0.400000 val_acc=0.666667 val_kappa=0.000000 val_ccc=0.001299 val_rmse=0.765240 val_mae=0.531630
2026-05-07 12:08:05,574 - INFO - Epoch 58/320 | train_loss=1.013604 | val_f1=0.400000 val_acc=0.666667 val_kappa=0.000000 val_ccc=0.023735 val_rmse=0.977595 val_mae=0.690109
2026-05-07 12:08:05,846 - INFO - Epoch 59/320 | train_loss=1.073777 | val_f1=0.678571 val_acc=0.777778 val_kappa=0.400000 val_ccc=0.035251 val_rmse=0.738287 val_mae=0.527570
2026-05-07 12:08:06,159 - INFO - Epoch 60/320 | train_loss=1.065787 | val_f1=0.400000 val_acc=0.666667 val_kappa=0.000000 val_ccc=0.042174 val_rmse=0.762653 val_mae=0.516773
2026-05-07 12:08:06,426 - INFO - Epoch 61/320 | train_loss=1.072854 | val_f1=0.678571 val_acc=0.777778 val_kappa=0.400000 val_ccc=0.042116 val_rmse=0.737637 val_mae=0.523411
2026-05-07 12:08:06,723 - INFO - Epoch 62/320 | train_loss=0.975457 | val_f1=0.400000 val_acc=0.666667 val_kappa=0.000000 val_ccc=0.044622 val_rmse=0.957168 val_mae=0.673757
2026-05-07 12:08:07,014 - INFO - Epoch 63/320 | train_loss=1.003757 | val_f1=0.400000 val_acc=0.666667 val_kappa=0.000000 val_ccc=0.044775 val_rmse=0.888976 val_mae=0.591460
2026-05-07 12:08:07,364 - INFO - Epoch 64/320 | train_loss=1.121529 | val_f1=0.678571 val_acc=0.777778 val_kappa=0.400000 val_ccc=0.083583 val_rmse=0.759771 val_mae=0.503290
2026-05-07 12:08:07,638 - INFO - Epoch 65/320 | train_loss=1.086917 | val_f1=0.678571 val_acc=0.777778 val_kappa=0.400000 val_ccc=0.084848 val_rmse=0.755506 val_mae=0.520186
2026-05-07 12:08:07,887 - INFO - Epoch 66/320 | train_loss=1.053749 | val_f1=0.678571 val_acc=0.777778 val_kappa=0.400000 val_ccc=0.104144 val_rmse=0.731990 val_mae=0.522620
2026-05-07 12:08:08,172 - INFO - Epoch 67/320 | train_loss=1.201873 | val_f1=0.678571 val_acc=0.777778 val_kappa=0.400000 val_ccc=0.119456 val_rmse=0.700723 val_mae=0.507496
2026-05-07 12:08:08,433 - INFO - Epoch 68/320 | train_loss=0.983763 | val_f1=0.678571 val_acc=0.777778 val_kappa=0.400000 val_ccc=0.130577 val_rmse=0.736936 val_mae=0.494576
2026-05-07 12:08:08,738 - INFO - Epoch 69/320 | train_loss=1.198436 | val_f1=0.400000 val_acc=0.666667 val_kappa=0.000000 val_ccc=0.081987 val_rmse=0.923580 val_mae=0.668021
2026-05-07 12:08:08,960 - INFO - Epoch 70/320 | train_loss=1.036725 | val_f1=0.678571 val_acc=0.777778 val_kappa=0.400000 val_ccc=0.124438 val_rmse=0.768744 val_mae=0.507575
2026-05-07 12:08:09,241 - INFO - Epoch 71/320 | train_loss=1.034381 | val_f1=0.400000 val_acc=0.666667 val_kappa=0.000000 val_ccc=0.113383 val_rmse=0.758450 val_mae=0.496121
2026-05-07 12:08:09,461 - INFO - Epoch 72/320 | train_loss=1.004115 | val_f1=0.400000 val_acc=0.666667 val_kappa=0.000000 val_ccc=0.083921 val_rmse=0.920072 val_mae=0.668332
2026-05-07 12:08:09,723 - INFO - Epoch 73/320 | train_loss=1.130382 | val_f1=0.678571 val_acc=0.777778 val_kappa=0.400000 val_ccc=0.124141 val_rmse=0.717061 val_mae=0.478851
2026-05-07 12:08:09,968 - INFO - Epoch 74/320 | train_loss=0.919235 | val_f1=0.400000 val_acc=0.666667 val_kappa=0.000000 val_ccc=0.100311 val_rmse=0.806911 val_mae=0.537917
2026-05-07 12:08:10,243 - INFO - Epoch 75/320 | train_loss=0.971421 | val_f1=0.400000 val_acc=0.666667 val_kappa=0.000000 val_ccc=0.143118 val_rmse=0.717489 val_mae=0.474253
2026-05-07 12:08:10,521 - INFO - Epoch 76/320 | train_loss=0.988937 | val_f1=0.678571 val_acc=0.777778 val_kappa=0.400000 val_ccc=0.110604 val_rmse=0.710069 val_mae=0.567613
2026-05-07 12:08:10,759 - INFO - Epoch 77/320 | train_loss=1.070022 | val_f1=0.861538 val_acc=0.888889 val_kappa=0.727273 val_ccc=0.152582 val_rmse=0.731493 val_mae=0.478875
2026-05-07 12:08:11,033 - INFO - Epoch 78/320 | train_loss=0.944098 | val_f1=0.678571 val_acc=0.777778 val_kappa=0.400000 val_ccc=0.175674 val_rmse=0.746800 val_mae=0.510226
2026-05-07 12:08:11,318 - INFO - Epoch 79/320 | train_loss=0.996056 | val_f1=0.678571 val_acc=0.777778 val_kappa=0.400000 val_ccc=0.161452 val_rmse=0.765696 val_mae=0.490623
2026-05-07 12:08:11,579 - INFO - Epoch 80/320 | train_loss=1.156975 | val_f1=0.400000 val_acc=0.666667 val_kappa=0.000000 val_ccc=0.127218 val_rmse=0.802534 val_mae=0.539347
2026-05-07 12:08:11,912 - INFO - Epoch 81/320 | train_loss=0.894937 | val_f1=0.678571 val_acc=0.777778 val_kappa=0.400000 val_ccc=0.158714 val_rmse=0.740668 val_mae=0.486988
2026-05-07 12:08:12,205 - INFO - Epoch 82/320 | train_loss=1.131469 | val_f1=0.678571 val_acc=0.777778 val_kappa=0.400000 val_ccc=0.152466 val_rmse=0.746036 val_mae=0.469729
2026-05-07 12:08:12,457 - INFO - Epoch 83/320 | train_loss=0.941036 | val_f1=0.400000 val_acc=0.666667 val_kappa=0.000000 val_ccc=0.111758 val_rmse=0.788054 val_mae=0.527622
2026-05-07 12:08:12,745 - INFO - Epoch 84/320 | train_loss=0.909775 | val_f1=0.400000 val_acc=0.666667 val_kappa=0.000000 val_ccc=0.083965 val_rmse=0.946729 val_mae=0.707728
2026-05-07 12:08:13,028 - INFO - Epoch 85/320 | train_loss=0.946054 | val_f1=0.400000 val_acc=0.666667 val_kappa=0.000000 val_ccc=0.121755 val_rmse=0.780394 val_mae=0.528829
2026-05-07 12:08:13,322 - INFO - Epoch 86/320 | train_loss=1.038080 | val_f1=0.400000 val_acc=0.666667 val_kappa=0.000000 val_ccc=0.103664 val_rmse=0.953337 val_mae=0.720169
2026-05-07 12:08:13,620 - INFO - Epoch 87/320 | train_loss=0.996014 | val_f1=0.678571 val_acc=0.777778 val_kappa=0.400000 val_ccc=0.143105 val_rmse=0.820639 val_mae=0.553882
2026-05-07 12:08:13,902 - INFO - Epoch 88/320 | train_loss=1.020285 | val_f1=0.400000 val_acc=0.666667 val_kappa=0.000000 val_ccc=0.130498 val_rmse=0.805715 val_mae=0.552949
2026-05-07 12:08:14,147 - INFO - Epoch 89/320 | train_loss=1.027474 | val_f1=0.400000 val_acc=0.666667 val_kappa=0.000000 val_ccc=0.139099 val_rmse=0.739767 val_mae=0.481648
2026-05-07 12:08:14,423 - INFO - Epoch 90/320 | train_loss=1.071010 | val_f1=0.400000 val_acc=0.666667 val_kappa=0.000000 val_ccc=0.118163 val_rmse=0.808295 val_mae=0.576975
2026-05-07 12:08:14,712 - INFO - Epoch 91/320 | train_loss=0.912006 | val_f1=0.400000 val_acc=0.666667 val_kappa=0.000000 val_ccc=0.089585 val_rmse=0.875711 val_mae=0.638009
2026-05-07 12:08:14,984 - INFO - Epoch 92/320 | train_loss=0.982871 | val_f1=0.750000 val_acc=0.777778 val_kappa=0.500000 val_ccc=0.096673 val_rmse=0.764077 val_mae=0.616319
2026-05-07 12:08:15,292 - INFO - Epoch 93/320 | train_loss=0.962615 | val_f1=0.400000 val_acc=0.666667 val_kappa=0.000000 val_ccc=0.101318 val_rmse=0.841515 val_mae=0.623171
2026-05-07 12:08:15,585 - INFO - Epoch 94/320 | train_loss=0.914770 | val_f1=0.400000 val_acc=0.666667 val_kappa=0.000000 val_ccc=0.123974 val_rmse=0.782743 val_mae=0.543499
2026-05-07 12:08:15,929 - INFO - Epoch 95/320 | train_loss=0.944564 | val_f1=0.750000 val_acc=0.777778 val_kappa=0.500000 val_ccc=0.127265 val_rmse=0.791346 val_mae=0.558536
2026-05-07 12:08:16,251 - INFO - Epoch 96/320 | train_loss=0.948676 | val_f1=0.400000 val_acc=0.666667 val_kappa=0.000000 val_ccc=0.105459 val_rmse=0.904692 val_mae=0.672135
2026-05-07 12:08:16,561 - INFO - Epoch 97/320 | train_loss=0.881453 | val_f1=0.400000 val_acc=0.666667 val_kappa=0.000000 val_ccc=0.108382 val_rmse=0.818539 val_mae=0.577646
2026-05-07 12:08:16,815 - INFO - Epoch 98/320 | train_loss=0.837054 | val_f1=0.750000 val_acc=0.777778 val_kappa=0.500000 val_ccc=0.121065 val_rmse=0.802100 val_mae=0.582864
2026-05-07 12:08:17,080 - INFO - Epoch 99/320 | train_loss=0.841332 | val_f1=0.400000 val_acc=0.666667 val_kappa=0.000000 val_ccc=0.128620 val_rmse=0.830871 val_mae=0.587528
2026-05-07 12:08:17,364 - INFO - Epoch 100/320 | train_loss=0.991309 | val_f1=0.400000 val_acc=0.666667 val_kappa=0.000000 val_ccc=0.116138 val_rmse=0.821638 val_mae=0.567028
2026-05-07 12:08:17,655 - INFO - Epoch 101/320 | train_loss=0.885289 | val_f1=0.400000 val_acc=0.666667 val_kappa=0.000000 val_ccc=0.098569 val_rmse=0.810869 val_mae=0.560827
2026-05-07 12:08:17,948 - INFO - Epoch 102/320 | train_loss=1.026436 | val_f1=0.400000 val_acc=0.666667 val_kappa=0.000000 val_ccc=0.098025 val_rmse=0.788233 val_mae=0.535774
2026-05-07 12:08:18,200 - INFO - Epoch 103/320 | train_loss=0.970140 | val_f1=0.861538 val_acc=0.888889 val_kappa=0.727273 val_ccc=0.100169 val_rmse=0.752209 val_mae=0.538363
2026-05-07 12:08:18,489 - INFO - Epoch 104/320 | train_loss=0.852127 | val_f1=0.400000 val_acc=0.666667 val_kappa=0.000000 val_ccc=0.122136 val_rmse=0.756891 val_mae=0.498707
2026-05-07 12:08:18,738 - INFO - Epoch 105/320 | train_loss=0.794485 | val_f1=0.400000 val_acc=0.666667 val_kappa=0.000000 val_ccc=0.144594 val_rmse=0.794914 val_mae=0.563197
2026-05-07 12:08:19,018 - INFO - Epoch 106/320 | train_loss=0.796771 | val_f1=0.400000 val_acc=0.666667 val_kappa=0.000000 val_ccc=0.125468 val_rmse=0.754165 val_mae=0.506166
2026-05-07 12:08:19,277 - INFO - Epoch 107/320 | train_loss=0.926063 | val_f1=0.678571 val_acc=0.777778 val_kappa=0.400000 val_ccc=0.116817 val_rmse=0.726064 val_mae=0.521175
2026-05-07 12:08:19,506 - INFO - Epoch 108/320 | train_loss=0.703120 | val_f1=0.400000 val_acc=0.666667 val_kappa=0.000000 val_ccc=0.140741 val_rmse=0.809506 val_mae=0.572343
2026-05-07 12:08:19,778 - INFO - Epoch 109/320 | train_loss=0.754123 | val_f1=0.400000 val_acc=0.666667 val_kappa=0.000000 val_ccc=0.122840 val_rmse=0.838489 val_mae=0.605802
2026-05-07 12:08:20,027 - INFO - Epoch 110/320 | train_loss=0.854168 | val_f1=0.400000 val_acc=0.666667 val_kappa=0.000000 val_ccc=0.145585 val_rmse=0.759613 val_mae=0.507777
2026-05-07 12:08:20,292 - INFO - Epoch 111/320 | train_loss=0.767922 | val_f1=0.400000 val_acc=0.666667 val_kappa=0.000000 val_ccc=0.158304 val_rmse=0.766546 val_mae=0.518512
2026-05-07 12:08:20,545 - INFO - Epoch 112/320 | train_loss=0.854519 | val_f1=0.400000 val_acc=0.666667 val_kappa=0.000000 val_ccc=0.162308 val_rmse=0.767997 val_mae=0.534743
2026-05-07 12:08:20,804 - INFO - Epoch 113/320 | train_loss=0.809886 | val_f1=0.861538 val_acc=0.888889 val_kappa=0.727273 val_ccc=0.157415 val_rmse=0.746047 val_mae=0.513890
2026-05-07 12:08:21,073 - INFO - Epoch 114/320 | train_loss=0.656569 | val_f1=0.400000 val_acc=0.666667 val_kappa=0.000000 val_ccc=0.138242 val_rmse=0.812233 val_mae=0.622871
2026-05-07 12:08:21,359 - INFO - Epoch 115/320 | train_loss=0.786128 | val_f1=0.400000 val_acc=0.666667 val_kappa=0.000000 val_ccc=0.096941 val_rmse=0.872387 val_mae=0.673314
2026-05-07 12:08:21,648 - INFO - Epoch 116/320 | train_loss=0.910842 | val_f1=0.400000 val_acc=0.666667 val_kappa=0.000000 val_ccc=0.146994 val_rmse=0.814914 val_mae=0.613477
2026-05-07 12:08:21,904 - INFO - Epoch 117/320 | train_loss=0.778347 | val_f1=0.584615 val_acc=0.666667 val_kappa=0.181818 val_ccc=0.125167 val_rmse=0.762886 val_mae=0.525610
2026-05-07 12:08:22,232 - INFO - Epoch 118/320 | train_loss=0.783861 | val_f1=0.400000 val_acc=0.666667 val_kappa=0.000000 val_ccc=0.086376 val_rmse=0.860919 val_mae=0.660597
2026-05-07 12:08:22,530 - INFO - Epoch 119/320 | train_loss=0.908650 | val_f1=0.400000 val_acc=0.666667 val_kappa=0.000000 val_ccc=0.088587 val_rmse=0.831463 val_mae=0.613331
2026-05-07 12:08:22,854 - INFO - Epoch 120/320 | train_loss=0.596875 | val_f1=0.400000 val_acc=0.666667 val_kappa=0.000000 val_ccc=0.078682 val_rmse=0.787501 val_mae=0.562653
2026-05-07 12:08:23,121 - INFO - Epoch 121/320 | train_loss=0.744479 | val_f1=0.400000 val_acc=0.666667 val_kappa=0.000000 val_ccc=0.085060 val_rmse=0.776780 val_mae=0.555959
2026-05-07 12:08:23,337 - INFO - Epoch 122/320 | train_loss=0.456399 | val_f1=0.400000 val_acc=0.666667 val_kappa=0.000000 val_ccc=0.080938 val_rmse=0.904415 val_mae=0.709866
2026-05-07 12:08:23,623 - INFO - Epoch 123/320 | train_loss=0.840150 | val_f1=0.750000 val_acc=0.777778 val_kappa=0.500000 val_ccc=0.144786 val_rmse=0.770276 val_mae=0.532708
2026-05-07 12:08:23,978 - INFO - Epoch 124/320 | train_loss=0.646257 | val_f1=0.584615 val_acc=0.666667 val_kappa=0.181818 val_ccc=0.149525 val_rmse=0.793765 val_mae=0.553717
2026-05-07 12:08:24,241 - INFO - Epoch 125/320 | train_loss=0.682693 | val_f1=0.400000 val_acc=0.666667 val_kappa=0.000000 val_ccc=0.121570 val_rmse=0.807191 val_mae=0.574369
2026-05-07 12:08:24,541 - INFO - Epoch 126/320 | train_loss=0.690609 | val_f1=0.400000 val_acc=0.666667 val_kappa=0.000000 val_ccc=0.083863 val_rmse=0.908669 val_mae=0.716282
2026-05-07 12:08:24,805 - INFO - Epoch 127/320 | train_loss=0.767596 | val_f1=0.400000 val_acc=0.666667 val_kappa=0.000000 val_ccc=0.102007 val_rmse=0.837008 val_mae=0.653129
2026-05-07 12:08:25,041 - INFO - Epoch 128/320 | train_loss=0.656711 | val_f1=0.400000 val_acc=0.666667 val_kappa=0.000000 val_ccc=0.100934 val_rmse=0.733137 val_mae=0.516090
2026-05-07 12:08:25,301 - INFO - Epoch 129/320 | train_loss=0.537753 | val_f1=0.400000 val_acc=0.666667 val_kappa=0.000000 val_ccc=0.090887 val_rmse=0.743478 val_mae=0.543370
2026-05-07 12:08:25,565 - INFO - Epoch 130/320 | train_loss=0.726418 | val_f1=0.400000 val_acc=0.666667 val_kappa=0.000000 val_ccc=0.066494 val_rmse=0.954166 val_mae=0.788157
2026-05-07 12:08:25,832 - INFO - Epoch 131/320 | train_loss=0.519044 | val_f1=0.400000 val_acc=0.666667 val_kappa=0.000000 val_ccc=0.124968 val_rmse=0.820147 val_mae=0.615253
2026-05-07 12:08:26,116 - INFO - Epoch 132/320 | train_loss=0.659842 | val_f1=0.400000 val_acc=0.666667 val_kappa=0.000000 val_ccc=0.114970 val_rmse=0.766958 val_mae=0.548615
2026-05-07 12:08:26,430 - INFO - Epoch 133/320 | train_loss=0.600801 | val_f1=0.400000 val_acc=0.666667 val_kappa=0.000000 val_ccc=0.108918 val_rmse=0.810544 val_mae=0.631471
2026-05-07 12:08:26,645 - INFO - Epoch 134/320 | train_loss=0.793185 | val_f1=0.400000 val_acc=0.666667 val_kappa=0.000000 val_ccc=0.089512 val_rmse=0.789757 val_mae=0.587672
2026-05-07 12:08:26,952 - INFO - Epoch 135/320 | train_loss=0.690298 | val_f1=0.400000 val_acc=0.666667 val_kappa=0.000000 val_ccc=0.076102 val_rmse=0.811654 val_mae=0.614379
2026-05-07 12:08:27,237 - INFO - Epoch 136/320 | train_loss=0.721827 | val_f1=0.400000 val_acc=0.666667 val_kappa=0.000000 val_ccc=0.058285 val_rmse=0.809026 val_mae=0.604330
2026-05-07 12:08:27,549 - INFO - Epoch 137/320 | train_loss=0.471249 | val_f1=0.400000 val_acc=0.666667 val_kappa=0.000000 val_ccc=0.072040 val_rmse=0.819486 val_mae=0.631161
2026-05-07 12:08:27,812 - INFO - Epoch 138/320 | train_loss=0.847722 | val_f1=0.400000 val_acc=0.666667 val_kappa=0.000000 val_ccc=0.050043 val_rmse=0.826981 val_mae=0.636724
2026-05-07 12:08:28,123 - INFO - Epoch 139/320 | train_loss=0.807186 | val_f1=0.400000 val_acc=0.666667 val_kappa=0.000000 val_ccc=0.083961 val_rmse=0.771409 val_mae=0.554701
2026-05-07 12:08:28,495 - INFO - Epoch 140/320 | train_loss=0.581160 | val_f1=0.400000 val_acc=0.666667 val_kappa=0.000000 val_ccc=0.081322 val_rmse=0.822889 val_mae=0.625850
2026-05-07 12:08:28,750 - INFO - Epoch 141/320 | train_loss=0.723687 | val_f1=0.400000 val_acc=0.666667 val_kappa=0.000000 val_ccc=0.059683 val_rmse=0.844884 val_mae=0.660570
2026-05-07 12:08:29,042 - INFO - Epoch 142/320 | train_loss=0.732883 | val_f1=0.584615 val_acc=0.666667 val_kappa=0.181818 val_ccc=0.078084 val_rmse=0.804211 val_mae=0.585892
2026-05-07 12:08:29,362 - INFO - Epoch 143/320 | train_loss=0.734908 | val_f1=0.400000 val_acc=0.666667 val_kappa=0.000000 val_ccc=0.043962 val_rmse=0.871829 val_mae=0.695235
2026-05-07 12:08:29,649 - INFO - Epoch 144/320 | train_loss=0.657847 | val_f1=0.400000 val_acc=0.666667 val_kappa=0.000000 val_ccc=0.035186 val_rmse=0.835252 val_mae=0.636784
2026-05-07 12:08:29,887 - INFO - Epoch 145/320 | train_loss=0.389287 | val_f1=0.400000 val_acc=0.666667 val_kappa=0.000000 val_ccc=0.037379 val_rmse=0.858623 val_mae=0.652914
2026-05-07 12:08:30,157 - INFO - Epoch 146/320 | train_loss=0.550943 | val_f1=0.584615 val_acc=0.666667 val_kappa=0.181818 val_ccc=0.017238 val_rmse=0.819490 val_mae=0.602491
2026-05-07 12:08:30,420 - INFO - Epoch 147/320 | train_loss=0.513006 | val_f1=0.400000 val_acc=0.666667 val_kappa=0.000000 val_ccc=0.013510 val_rmse=0.839489 val_mae=0.635740
2026-05-07 12:08:30,685 - INFO - Epoch 148/320 | train_loss=0.725076 | val_f1=0.584615 val_acc=0.666667 val_kappa=0.181818 val_ccc=-0.002254 val_rmse=0.814863 val_mae=0.592611
2026-05-07 12:08:30,979 - INFO - Epoch 149/320 | train_loss=0.527327 | val_f1=0.400000 val_acc=0.666667 val_kappa=0.000000 val_ccc=0.012976 val_rmse=0.818587 val_mae=0.607659
2026-05-07 12:08:31,257 - INFO - Epoch 150/320 | train_loss=0.501758 | val_f1=0.400000 val_acc=0.666667 val_kappa=0.000000 val_ccc=0.017328 val_rmse=0.858351 val_mae=0.669914
2026-05-07 12:08:31,558 - INFO - Epoch 151/320 | train_loss=0.617035 | val_f1=0.584615 val_acc=0.666667 val_kappa=0.181818 val_ccc=0.018343 val_rmse=0.840103 val_mae=0.630133
2026-05-07 12:08:31,828 - INFO - Epoch 152/320 | train_loss=0.367652 | val_f1=0.584615 val_acc=0.666667 val_kappa=0.181818 val_ccc=0.026371 val_rmse=0.857595 val_mae=0.623249
2026-05-07 12:08:32,087 - INFO - Epoch 153/320 | train_loss=0.555475 | val_f1=0.584615 val_acc=0.666667 val_kappa=0.181818 val_ccc=0.016133 val_rmse=0.863477 val_mae=0.644775
2026-05-07 12:08:32,382 - INFO - Epoch 154/320 | train_loss=0.559950 | val_f1=0.400000 val_acc=0.666667 val_kappa=0.000000 val_ccc=0.039355 val_rmse=0.847657 val_mae=0.635854
2026-05-07 12:08:32,635 - INFO - Epoch 155/320 | train_loss=0.526171 | val_f1=0.400000 val_acc=0.666667 val_kappa=0.000000 val_ccc=0.015429 val_rmse=0.857718 val_mae=0.660339
2026-05-07 12:08:32,963 - INFO - Epoch 156/320 | train_loss=0.530867 | val_f1=0.400000 val_acc=0.666667 val_kappa=0.000000 val_ccc=0.006884 val_rmse=0.847364 val_mae=0.665805
2026-05-07 12:08:33,281 - INFO - Epoch 157/320 | train_loss=0.437011 | val_f1=0.357143 val_acc=0.555556 val_kappa=-0.200000 val_ccc=0.011347 val_rmse=0.848314 val_mae=0.661932
2026-05-07 12:08:33,550 - INFO - Epoch 158/320 | train_loss=0.431540 | val_f1=0.584615 val_acc=0.666667 val_kappa=0.181818 val_ccc=-0.007875 val_rmse=0.818314 val_mae=0.630106
2026-05-07 12:08:33,839 - INFO - Epoch 159/320 | train_loss=0.476325 | val_f1=0.400000 val_acc=0.666667 val_kappa=0.000000 val_ccc=0.001157 val_rmse=0.825563 val_mae=0.655093
2026-05-07 12:08:34,130 - INFO - Epoch 160/320 | train_loss=0.314955 | val_f1=0.357143 val_acc=0.555556 val_kappa=-0.200000 val_ccc=0.046444 val_rmse=0.868304 val_mae=0.666089
2026-05-07 12:08:34,432 - INFO - Epoch 161/320 | train_loss=0.405006 | val_f1=0.584615 val_acc=0.666667 val_kappa=0.181818 val_ccc=0.047699 val_rmse=0.854944 val_mae=0.642115
2026-05-07 12:08:34,729 - INFO - Epoch 162/320 | train_loss=0.506006 | val_f1=0.584615 val_acc=0.666667 val_kappa=0.181818 val_ccc=0.023626 val_rmse=0.837605 val_mae=0.604723
2026-05-07 12:08:35,096 - INFO - Epoch 163/320 | train_loss=0.592410 | val_f1=0.584615 val_acc=0.666667 val_kappa=0.181818 val_ccc=0.013674 val_rmse=0.838842 val_mae=0.602317
2026-05-07 12:08:35,454 - INFO - Epoch 164/320 | train_loss=0.567643 | val_f1=0.400000 val_acc=0.666667 val_kappa=0.000000 val_ccc=-0.017073 val_rmse=0.880351 val_mae=0.700060
2026-05-07 12:08:35,750 - INFO - Epoch 165/320 | train_loss=0.675090 | val_f1=0.400000 val_acc=0.666667 val_kappa=0.000000 val_ccc=-0.003332 val_rmse=0.924092 val_mae=0.749937
2026-05-07 12:08:36,060 - INFO - Epoch 166/320 | train_loss=0.616774 | val_f1=0.357143 val_acc=0.555556 val_kappa=-0.200000 val_ccc=-0.006871 val_rmse=0.868889 val_mae=0.675313
2026-05-07 12:08:36,321 - INFO - Epoch 167/320 | train_loss=0.352146 | val_f1=0.357143 val_acc=0.555556 val_kappa=-0.200000 val_ccc=-0.030381 val_rmse=0.852644 val_mae=0.662483
2026-05-07 12:08:36,321 - INFO - Early stopping at epoch 167
2026-05-07 12:08:36,324 - INFO - Best checkpoint: checkpoints/Track1/G-P/binary/track1_binary_G-P_bilstm_mean_gait_only_parallel/best_model_2026-05-07-12.07.47.pth
2026-05-07 12:08:36,324 - INFO - Validation metrics saved to: logs/Track1/G-P/binary/track1_binary_G-P_bilstm_mean_gait_only_parallel/train_result_2026-05-07-12.07.47.json
