[pipeline] mode=kfold task=binary track=Track1
[pipeline] fixed hyperparams: {'epochs': '140', 'batch_size': '4', 'lr': '8e-5', 'weight_decay': '1e-5', 'hidden_dim': '128', 'dropout': '0.45', 'patience': '35', 'min_delta': '1e-4', 'target_t': '128', 'val_ratio': '0.1'}
[pipeline] runs=5 gpus=[4, 4, 4]
  - pipeline__A_VpP__wav2vec__resnet__bilstm_mean__fold0_seed42  (split=split_labels_train_binary_fold0_frozen.csv, seed=42)
  - pipeline__A_VpP__wav2vec__resnet__bilstm_mean__fold1_seed42  (split=split_labels_train_binary_fold1_frozen.csv, seed=42)
  - pipeline__A_VpP__wav2vec__resnet__bilstm_mean__fold2_seed42  (split=split_labels_train_binary_fold2_frozen.csv, seed=42)
  - pipeline__A_VpP__wav2vec__resnet__bilstm_mean__fold3_seed42  (split=split_labels_train_binary_fold3_frozen.csv, seed=42)
  - pipeline__A_VpP__wav2vec__resnet__bilstm_mean__fold4_seed42  (split=split_labels_train_binary_fold4_frozen.csv, seed=42)

  === A_VpP__wav2vec__resnet__bilstm_mean ===
    runs=5  collapse=3
       acc: mean=+0.690  std=0.031  range=[+0.647, +0.722]
        f1: mean=+0.486  std=0.108  range=[+0.400, +0.630]
     kappa: mean=+0.082  std=0.120  range=[+0.000, +0.262]
       ccc: mean=+0.010  std=0.036  range=[-0.025, +0.072]
      rmse: mean=+0.813  std=0.122  range=[+0.686, +0.951]
       mae: mean=+0.655  std=0.133  range=[+0.514, +0.798]
    recall_per_class_mean: [0.92 0.16]
    recall_per_class_min:  [0.75 0.00]  <-- worst-case across runs
    per-fold breakdown:
           fold0: n=1 collapse=1 f1=+0.400±0.000 kappa=+0.000 ccc=+0.004
           fold1: n=1 collapse=0 f1=+0.630±0.000 kappa=+0.262 ccc=+0.001
           fold2: n=1 collapse=1 f1=+0.414±0.000 kappa=+0.000 ccc=-0.025
           fold3: n=1 collapse=1 f1=+0.414±0.000 kappa=+0.000 ccc=+0.000
           fold4: n=1 collapse=0 f1=+0.575±0.000 kappa=+0.150 ccc=+0.072

[pipeline] aggregate -> /home/niutao/data/code/MPDD-AVG-2026-newmain/experiments/grid_baseline/aggregate_Track1_binary_kfold_2026-05-16-00.20.46.json
