[pipeline] mode=kfold task=ternary track=Track1
[pipeline] fixed hyperparams: {'epochs': '140', 'batch_size': '4', 'lr': '8e-5', 'weight_decay': '1e-5', 'hidden_dim': '128', 'dropout': '0.45', 'patience': '35', 'min_delta': '1e-4', 'target_t': '128', 'val_ratio': '0.1'}
[pipeline] runs=5 gpus=[1, 1, 1]
  - pipeline__A_VpP__opensmile__openface__bilstm_mean__fold0_seed42  (split=split_labels_train_ternary_fold0_frozen.csv, seed=42)
  - pipeline__A_VpP__opensmile__openface__bilstm_mean__fold1_seed42  (split=split_labels_train_ternary_fold1_frozen.csv, seed=42)
  - pipeline__A_VpP__opensmile__openface__bilstm_mean__fold2_seed42  (split=split_labels_train_ternary_fold2_frozen.csv, seed=42)
  - pipeline__A_VpP__opensmile__openface__bilstm_mean__fold3_seed42  (split=split_labels_train_ternary_fold3_frozen.csv, seed=42)
  - pipeline__A_VpP__opensmile__openface__bilstm_mean__fold4_seed42  (split=split_labels_train_ternary_fold4_frozen.csv, seed=42)

  === A_VpP__opensmile__openface__bilstm_mean ===
    runs=5  collapse=1
       acc: mean=+0.690  std=0.067  range=[+0.588, +0.765]
        f1: mean=+0.427  std=0.114  range=[+0.267, +0.567]
     kappa: mean=+0.194  std=0.185  range=[+0.000, +0.438]
       ccc: mean=-0.007  std=0.135  range=[-0.204, +0.162]
      rmse: mean=+0.922  std=0.114  range=[+0.738, +1.014]
       mae: mean=+0.738  std=0.074  range=[+0.627, +0.825]
    recall_per_class_mean: [0.88 0.33 0.10]
    recall_per_class_min:  [0.75 0.00 0.00]  <-- worst-case across runs
    per-fold breakdown:
           fold0: n=1 collapse=1 f1=+0.267±0.000 kappa=+0.000 ccc=+0.000
           fold1: n=1 collapse=0 f1=+0.443±0.000 kappa=+0.189 ccc=-0.050
           fold2: n=1 collapse=0 f1=+0.484±0.000 kappa=+0.438 ccc=+0.057
           fold3: n=1 collapse=0 f1=+0.373±0.000 kappa=+0.033 ccc=-0.204
           fold4: n=1 collapse=0 f1=+0.567±0.000 kappa=+0.309 ccc=+0.162

[pipeline] aggregate -> /home/niutao/data/code/MPDD-AVG-2026-newmain/experiments/grid_baseline/aggregate_Track1_ternary_kfold_2026-05-16-00.35.50.json
