[pipeline] mode=kfold task=ternary track=Track1
[pipeline] fixed hyperparams: {'epochs': '140', 'batch_size': '4', 'lr': '8e-5', 'weight_decay': '1e-5', 'hidden_dim': '128', 'dropout': '0.45', 'patience': '35', 'min_delta': '1e-4', 'target_t': '128', 'val_ratio': '0.1'}
[pipeline] runs=5 gpus=[7, 7, 7]
  - pipeline__A_V_GpP__wav2vec__openface__bilstm_mean__fold0_seed42  (split=split_labels_train_ternary_fold0_frozen.csv, seed=42)
  - pipeline__A_V_GpP__wav2vec__openface__bilstm_mean__fold1_seed42  (split=split_labels_train_ternary_fold1_frozen.csv, seed=42)
  - pipeline__A_V_GpP__wav2vec__openface__bilstm_mean__fold2_seed42  (split=split_labels_train_ternary_fold2_frozen.csv, seed=42)
  - pipeline__A_V_GpP__wav2vec__openface__bilstm_mean__fold3_seed42  (split=split_labels_train_ternary_fold3_frozen.csv, seed=42)
  - pipeline__A_V_GpP__wav2vec__openface__bilstm_mean__fold4_seed42  (split=split_labels_train_ternary_fold4_frozen.csv, seed=42)

  === A_V_GpP__wav2vec__openface__bilstm_mean ===
    runs=5  collapse=0
       acc: mean=+0.702  std=0.100  range=[+0.588, +0.824]
        f1: mean=+0.479  std=0.073  range=[+0.373, +0.563]
     kappa: mean=+0.239  std=0.174  range=[+0.033, +0.505]
       ccc: mean=-0.018  std=0.167  range=[-0.243, +0.183]
      rmse: mean=+0.924  std=0.119  range=[+0.788, +1.048]
       mae: mean=+0.746  std=0.086  range=[+0.653, +0.860]
    recall_per_class_mean: [0.88 0.27 0.30]
    recall_per_class_min:  [0.75 0.00 0.00]  <-- worst-case across runs
    per-fold breakdown:
           fold0: n=1 collapse=0 f1=+0.507±0.000 kappa=+0.182 ccc=+0.068
           fold1: n=1 collapse=0 f1=+0.443±0.000 kappa=+0.189 ccc=-0.124
           fold2: n=1 collapse=0 f1=+0.563±0.000 kappa=+0.505 ccc=+0.024
           fold3: n=1 collapse=0 f1=+0.373±0.000 kappa=+0.033 ccc=-0.243
           fold4: n=1 collapse=0 f1=+0.508±0.000 kappa=+0.284 ccc=+0.183

[pipeline] aggregate -> /home/niutao/data/code/MPDD-AVG-2026-newmain/experiments/grid_baseline/aggregate_Track1_ternary_kfold_2026-05-16-00.40.23.json
