[pipeline] mode=kfold task=binary track=Track1
[pipeline] fixed hyperparams: {'epochs': '140', 'batch_size': '4', 'lr': '8e-5', 'weight_decay': '1e-5', 'hidden_dim': '128', 'dropout': '0.45', 'patience': '35', 'min_delta': '1e-4', 'target_t': '128', 'val_ratio': '0.1'}
[pipeline] runs=5 gpus=[7, 7, 7]
  - pipeline__A_V_GpP__opensmile__openface__bilstm_mean__fold0_seed42  (split=split_labels_train_binary_fold0_frozen.csv, seed=42)
  - pipeline__A_V_GpP__opensmile__openface__bilstm_mean__fold1_seed42  (split=split_labels_train_binary_fold1_frozen.csv, seed=42)
  - pipeline__A_V_GpP__opensmile__openface__bilstm_mean__fold2_seed42  (split=split_labels_train_binary_fold2_frozen.csv, seed=42)
  - pipeline__A_V_GpP__opensmile__openface__bilstm_mean__fold3_seed42  (split=split_labels_train_binary_fold3_frozen.csv, seed=42)
  - pipeline__A_V_GpP__opensmile__openface__bilstm_mean__fold4_seed42  (split=split_labels_train_binary_fold4_frozen.csv, seed=42)

  === A_V_GpP__opensmile__openface__bilstm_mean ===
    runs=5  collapse=1
       acc: mean=+0.701  std=0.135  range=[+0.471, +0.824]
        f1: mean=+0.619  std=0.161  range=[+0.419, +0.773]
     kappa: mean=+0.304  std=0.241  range=[+0.000, +0.549]
       ccc: mean=+0.053  std=0.091  range=[-0.029, +0.182]
      rmse: mean=+0.899  std=0.185  range=[+0.670, +1.184]
       mae: mean=+0.729  std=0.154  range=[+0.520, +0.953]
    recall_per_class_mean: [0.75 0.57]
    recall_per_class_min:  [0.33 0.00]  <-- worst-case across runs
    per-fold breakdown:
           fold0: n=1 collapse=0 f1=+0.714±0.000 kappa=+0.444 ccc=+0.109
           fold1: n=1 collapse=1 f1=+0.419±0.000 kappa=+0.000 ccc=+0.029
           fold2: n=1 collapse=0 f1=+0.773±0.000 kappa=+0.549 ccc=+0.182
           fold3: n=1 collapse=0 f1=+0.471±0.000 kappa=+0.095 ccc=-0.029
           fold4: n=1 collapse=0 f1=+0.717±0.000 kappa=+0.433 ccc=-0.025

[pipeline] aggregate -> /home/niutao/data/code/MPDD-AVG-2026-newmain/experiments/grid_baseline/aggregate_Track1_binary_kfold_2026-05-16-00.20.05.json
