[pipeline] mode=kfold task=binary track=Track2
[pipeline] fixed hyperparams: {'epochs': '140', 'batch_size': '4', 'lr': '8e-5', 'weight_decay': '1e-5', 'hidden_dim': '128', 'dropout': '0.45', 'patience': '35', 'min_delta': '1e-4', 'target_t': '128', 'val_ratio': '0.1'}
[pipeline] runs=5 gpus=[1, 1, 1]
  - pipeline__A_VpP__wav2vec__resnet__bilstm_mean__fold0_seed42  (split=split_labels_train_binary_fold0_frozen.csv, seed=42)
  - pipeline__A_VpP__wav2vec__resnet__bilstm_mean__fold1_seed42  (split=split_labels_train_binary_fold1_frozen.csv, seed=42)
  - pipeline__A_VpP__wav2vec__resnet__bilstm_mean__fold2_seed42  (split=split_labels_train_binary_fold2_frozen.csv, seed=42)
  - pipeline__A_VpP__wav2vec__resnet__bilstm_mean__fold3_seed42  (split=split_labels_train_binary_fold3_frozen.csv, seed=42)
  - pipeline__A_VpP__wav2vec__resnet__bilstm_mean__fold4_seed42  (split=split_labels_train_binary_fold4_frozen.csv, seed=42)

  === A_VpP__wav2vec__resnet__bilstm_mean ===
    runs=5  collapse=0
       acc: mean=+0.658  std=0.073  range=[+0.588, +0.778]
        f1: mean=+0.632  std=0.101  range=[+0.530, +0.778]
     kappa: mean=+0.309  std=0.155  range=[+0.144, +0.556]
       ccc: mean=+0.038  std=0.052  range=[-0.016, +0.116]
      rmse: mean=+0.716  std=0.093  range=[+0.631, +0.850]
       mae: mean=+0.574  std=0.092  range=[+0.477, +0.722]
    recall_per_class_mean: [0.82 0.49]
    recall_per_class_min:  [0.67 0.22]  <-- worst-case across runs
    per-fold breakdown:
           fold0: n=1 collapse=0 f1=+0.662±0.000 kappa=+0.333 ccc=+0.045
           fold1: n=1 collapse=0 f1=+0.542±0.000 kappa=+0.222 ccc=-0.000
           fold2: n=1 collapse=0 f1=+0.778±0.000 kappa=+0.556 ccc=+0.116
           fold3: n=1 collapse=0 f1=+0.530±0.000 kappa=+0.144 ccc=-0.016
           fold4: n=1 collapse=0 f1=+0.646±0.000 kappa=+0.292 ccc=+0.047

[pipeline] aggregate -> /home/niutao/data/code/MPDD-AVG-2026-newmain/experiments/grid_baseline/aggregate_Track2_binary_kfold_2026-05-16-01.29.31.json
