[pipeline] mode=kfold task=ternary track=Track2
[pipeline] fixed hyperparams: {'epochs': '140', 'batch_size': '4', 'lr': '8e-5', 'weight_decay': '1e-5', 'hidden_dim': '128', 'dropout': '0.45', 'patience': '35', 'min_delta': '1e-4', 'target_t': '128', 'val_ratio': '0.1'}
[pipeline] runs=5 gpus=[5, 5, 5]
  - pipeline__A_VpP__mfcc__openface__bilstm_mean__fold0_seed42  (split=split_labels_train_ternary_fold0_frozen.csv, seed=42)
  - pipeline__A_VpP__mfcc__openface__bilstm_mean__fold1_seed42  (split=split_labels_train_ternary_fold1_frozen.csv, seed=42)
  - pipeline__A_VpP__mfcc__openface__bilstm_mean__fold2_seed42  (split=split_labels_train_ternary_fold2_frozen.csv, seed=42)
  - pipeline__A_VpP__mfcc__openface__bilstm_mean__fold3_seed42  (split=split_labels_train_ternary_fold3_frozen.csv, seed=42)
  - pipeline__A_VpP__mfcc__openface__bilstm_mean__fold4_seed42  (split=split_labels_train_ternary_fold4_frozen.csv, seed=42)

  === A_VpP__mfcc__openface__bilstm_mean ===
    runs=5  collapse=0
       acc: mean=+0.612  std=0.082  range=[+0.471, +0.667]
        f1: mean=+0.509  std=0.075  range=[+0.444, +0.637]
     kappa: mean=+0.307  std=0.148  range=[+0.050, +0.410]
       ccc: mean=+0.073  std=0.172  range=[-0.102, +0.263]
      rmse: mean=+0.752  std=0.130  range=[+0.606, +0.894]
       mae: mean=+0.579  std=0.076  range=[+0.500, +0.681]
    recall_per_class_mean: [0.69 0.62 0.20]
    recall_per_class_min:  [0.56 0.33 0.00]  <-- worst-case across runs
    per-fold breakdown:
           fold0: n=1 collapse=0 f1=+0.444±0.000 kappa=+0.319 ccc=+0.246
           fold1: n=1 collapse=0 f1=+0.484±0.000 kappa=+0.410 ccc=+0.024
           fold2: n=1 collapse=0 f1=+0.472±0.000 kappa=+0.400 ccc=-0.102
           fold3: n=1 collapse=0 f1=+0.637±0.000 kappa=+0.354 ccc=+0.263
           fold4: n=1 collapse=0 f1=+0.509±0.000 kappa=+0.050 ccc=-0.065

[pipeline] aggregate -> /home/niutao/data/code/MPDD-AVG-2026-newmain/experiments/grid_baseline/aggregate_Track2_ternary_kfold_2026-05-16-01.42.53.json
