[pipeline] mode=kfold task=binary track=Track2
[pipeline] fixed hyperparams: {'epochs': '140', 'batch_size': '4', 'lr': '8e-5', 'weight_decay': '1e-5', 'hidden_dim': '128', 'dropout': '0.45', 'patience': '35', 'min_delta': '1e-4', 'target_t': '128', 'val_ratio': '0.1'}
[pipeline] runs=5 gpus=[5, 5, 5]
  - pipeline__A_VpP__opensmile__resnet__bilstm_mean__fold0_seed42  (split=split_labels_train_binary_fold0_frozen.csv, seed=42)
  - pipeline__A_VpP__opensmile__resnet__bilstm_mean__fold1_seed42  (split=split_labels_train_binary_fold1_frozen.csv, seed=42)
  - pipeline__A_VpP__opensmile__resnet__bilstm_mean__fold2_seed42  (split=split_labels_train_binary_fold2_frozen.csv, seed=42)
  - pipeline__A_VpP__opensmile__resnet__bilstm_mean__fold3_seed42  (split=split_labels_train_binary_fold3_frozen.csv, seed=42)
  - pipeline__A_VpP__opensmile__resnet__bilstm_mean__fold4_seed42  (split=split_labels_train_binary_fold4_frozen.csv, seed=42)

  === A_VpP__opensmile__resnet__bilstm_mean ===
    runs=5  collapse=0
       acc: mean=+0.671  std=0.069  range=[+0.611, +0.765]
        f1: mean=+0.654  std=0.080  range=[+0.579, +0.757]
     kappa: mean=+0.336  std=0.138  range=[+0.222, +0.521]
       ccc: mean=-0.015  std=0.028  range=[-0.064, +0.010]
      rmse: mean=+0.718  std=0.083  range=[+0.607, +0.834]
       mae: mean=+0.561  std=0.097  range=[+0.451, +0.715]
    recall_per_class_mean: [0.73 0.60]
    recall_per_class_min:  [0.33 0.38]  <-- worst-case across runs
    per-fold breakdown:
           fold0: n=1 collapse=0 f1=+0.721±0.000 kappa=+0.444 ccc=-0.002
           fold1: n=1 collapse=0 f1=+0.579±0.000 kappa=+0.222 ccc=+0.010
           fold2: n=1 collapse=0 f1=+0.600±0.000 kappa=+0.222 ccc=-0.064
           fold3: n=1 collapse=0 f1=+0.757±0.000 kappa=+0.521 ccc=-0.007
           fold4: n=1 collapse=0 f1=+0.614±0.000 kappa=+0.271 ccc=-0.011

[pipeline] aggregate -> /home/niutao/data/code/MPDD-AVG-2026-newmain/experiments/grid_baseline/aggregate_Track2_binary_kfold_2026-05-16-00.49.15.json
