[pipeline] mode=kfold task=binary track=Track2
[pipeline] fixed hyperparams: {'epochs': '140', 'batch_size': '4', 'lr': '8e-5', 'weight_decay': '1e-5', 'hidden_dim': '128', 'dropout': '0.45', 'patience': '35', 'min_delta': '1e-4', 'target_t': '128', 'val_ratio': '0.1'}
[pipeline] runs=5 gpus=[7, 7, 7]
  - pipeline__A_V_GpP__opensmile__openface__bilstm_mean__fold0_seed42  (split=split_labels_train_binary_fold0_frozen.csv, seed=42)
  - pipeline__A_V_GpP__opensmile__openface__bilstm_mean__fold1_seed42  (split=split_labels_train_binary_fold1_frozen.csv, seed=42)
  - pipeline__A_V_GpP__opensmile__openface__bilstm_mean__fold2_seed42  (split=split_labels_train_binary_fold2_frozen.csv, seed=42)
  - pipeline__A_V_GpP__opensmile__openface__bilstm_mean__fold3_seed42  (split=split_labels_train_binary_fold3_frozen.csv, seed=42)
  - pipeline__A_V_GpP__opensmile__openface__bilstm_mean__fold4_seed42  (split=split_labels_train_binary_fold4_frozen.csv, seed=42)

  === A_V_GpP__opensmile__openface__bilstm_mean ===
    runs=5  collapse=0
       acc: mean=+0.692  std=0.074  range=[+0.588, +0.778]
        f1: mean=+0.673  std=0.100  range=[+0.530, +0.778]
     kappa: mean=+0.395  std=0.132  range=[+0.212, +0.556]
       ccc: mean=+0.055  std=0.057  range=[-0.005, +0.115]
      rmse: mean=+0.760  std=0.057  range=[+0.691, +0.835]
       mae: mean=+0.598  std=0.074  range=[+0.521, +0.720]
    recall_per_class_mean: [0.56 0.84]
    recall_per_class_min:  [0.22 0.67]  <-- worst-case across runs
    per-fold breakdown:
           fold0: n=1 collapse=0 f1=+0.721±0.000 kappa=+0.444 ccc=+0.115
           fold1: n=1 collapse=0 f1=+0.721±0.000 kappa=+0.444 ccc=-0.005
           fold2: n=1 collapse=0 f1=+0.778±0.000 kappa=+0.556 ccc=+0.104
           fold3: n=1 collapse=0 f1=+0.614±0.000 kappa=+0.320 ccc=-0.001
           fold4: n=1 collapse=0 f1=+0.530±0.000 kappa=+0.212 ccc=+0.061

[pipeline] aggregate -> /home/niutao/data/code/MPDD-AVG-2026-newmain/experiments/grid_baseline/aggregate_Track2_binary_kfold_2026-05-16-01.03.47.json
