[pipeline] mode=kfold task=binary track=Track2
[pipeline] fixed hyperparams: {'epochs': '140', 'batch_size': '4', 'lr': '8e-5', 'weight_decay': '1e-5', 'hidden_dim': '128', 'dropout': '0.45', 'patience': '35', 'min_delta': '1e-4', 'target_t': '128', 'val_ratio': '0.1'}
[pipeline] runs=5 gpus=[1, 1, 1]
  - pipeline__GpP__mfcc__resnet__bilstm_mean__fold0_seed42  (split=split_labels_train_binary_fold0_frozen.csv, seed=42)
  - pipeline__GpP__mfcc__resnet__bilstm_mean__fold1_seed42  (split=split_labels_train_binary_fold1_frozen.csv, seed=42)
  - pipeline__GpP__mfcc__resnet__bilstm_mean__fold2_seed42  (split=split_labels_train_binary_fold2_frozen.csv, seed=42)
  - pipeline__GpP__mfcc__resnet__bilstm_mean__fold3_seed42  (split=split_labels_train_binary_fold3_frozen.csv, seed=42)
  - pipeline__GpP__mfcc__resnet__bilstm_mean__fold4_seed42  (split=split_labels_train_binary_fold4_frozen.csv, seed=42)

  === GpP__mfcc__resnet__bilstm_mean ===
    runs=5  collapse=0
       acc: mean=+0.669  std=0.084  range=[+0.529, +0.722]
        f1: mean=+0.666  std=0.084  range=[+0.528, +0.721]
     kappa: mean=+0.338  std=0.170  range=[+0.056, +0.444]
       ccc: mean=+0.004  std=0.012  range=[-0.007, +0.023]
      rmse: mean=+0.694  std=0.090  range=[+0.608, +0.845]
       mae: mean=+0.558  std=0.099  range=[+0.457, +0.719]
    recall_per_class_mean: [0.62 0.72]
    recall_per_class_min:  [0.56 0.50]  <-- worst-case across runs
    per-fold breakdown:
           fold0: n=1 collapse=0 f1=+0.721±0.000 kappa=+0.444 ccc=+0.004
           fold1: n=1 collapse=0 f1=+0.721±0.000 kappa=+0.444 ccc=-0.006
           fold2: n=1 collapse=0 f1=+0.714±0.000 kappa=+0.444 ccc=+0.004
           fold3: n=1 collapse=0 f1=+0.646±0.000 kappa=+0.301 ccc=+0.023
           fold4: n=1 collapse=0 f1=+0.528±0.000 kappa=+0.056 ccc=-0.007

[pipeline] aggregate -> /home/niutao/data/code/MPDD-AVG-2026-newmain/experiments/grid_baseline/aggregate_Track2_binary_kfold_2026-05-16-01.30.02.json
