[pipeline] mode=kfold task=ternary track=Track1
[pipeline] fixed hyperparams: {'epochs': '140', 'batch_size': '4', 'lr': '8e-5', 'weight_decay': '1e-5', 'hidden_dim': '128', 'dropout': '0.45', 'patience': '35', 'min_delta': '1e-4', 'target_t': '128', 'val_ratio': '0.1'}
[pipeline] runs=5 gpus=[5, 5, 5]
  - pipeline__A_V_GpP__opensmile__openface__bilstm_mean__fold0_seed42  (split=split_labels_train_ternary_fold0_frozen.csv, seed=42)
  - pipeline__A_V_GpP__opensmile__openface__bilstm_mean__fold1_seed42  (split=split_labels_train_ternary_fold1_frozen.csv, seed=42)
  - pipeline__A_V_GpP__opensmile__openface__bilstm_mean__fold2_seed42  (split=split_labels_train_ternary_fold2_frozen.csv, seed=42)
  - pipeline__A_V_GpP__opensmile__openface__bilstm_mean__fold3_seed42  (split=split_labels_train_ternary_fold3_frozen.csv, seed=42)
  - pipeline__A_V_GpP__opensmile__openface__bilstm_mean__fold4_seed42  (split=split_labels_train_ternary_fold4_frozen.csv, seed=42)

  === A_V_GpP__opensmile__openface__bilstm_mean ===
    runs=5  collapse=0
       acc: mean=+0.667  std=0.112  range=[+0.529, +0.824]
        f1: mean=+0.427  std=0.103  range=[+0.306, +0.563]
     kappa: mean=+0.218  std=0.179  range=[+0.022, +0.505]
       ccc: mean=+0.028  std=0.140  range=[-0.156, +0.225]
      rmse: mean=+0.957  std=0.150  range=[+0.774, +1.186]
       mae: mean=+0.780  std=0.110  range=[+0.669, +0.960]
    recall_per_class_mean: [0.84 0.40 0.10]
    recall_per_class_min:  [0.67 0.00 0.00]  <-- worst-case across runs
    per-fold breakdown:
           fold0: n=1 collapse=0 f1=+0.498±0.000 kappa=+0.237 ccc=+0.067
           fold1: n=1 collapse=0 f1=+0.388±0.000 kappa=+0.160 ccc=-0.033
           fold2: n=1 collapse=0 f1=+0.563±0.000 kappa=+0.505 ccc=+0.035
           fold3: n=1 collapse=0 f1=+0.306±0.000 kappa=+0.022 ccc=-0.156
           fold4: n=1 collapse=0 f1=+0.378±0.000 kappa=+0.164 ccc=+0.225

[pipeline] aggregate -> /home/niutao/data/code/MPDD-AVG-2026-newmain/experiments/grid_baseline/aggregate_Track1_ternary_kfold_2026-05-16-00.35.09.json
