[pipeline] mode=kfold task=ternary track=Track2
[pipeline] fixed hyperparams: {'epochs': '140', 'batch_size': '4', 'lr': '8e-5', 'weight_decay': '1e-5', 'hidden_dim': '128', 'dropout': '0.45', 'patience': '35', 'min_delta': '1e-4', 'target_t': '128', 'val_ratio': '0.1'}
[pipeline] runs=5 gpus=[7, 7, 7]
  - pipeline__A_VpP__wav2vec__resnet__bilstm_mean__fold0_seed42  (split=split_labels_train_ternary_fold0_frozen.csv, seed=42)
  - pipeline__A_VpP__wav2vec__resnet__bilstm_mean__fold1_seed42  (split=split_labels_train_ternary_fold1_frozen.csv, seed=42)
  - pipeline__A_VpP__wav2vec__resnet__bilstm_mean__fold2_seed42  (split=split_labels_train_ternary_fold2_frozen.csv, seed=42)
  - pipeline__A_VpP__wav2vec__resnet__bilstm_mean__fold3_seed42  (split=split_labels_train_ternary_fold3_frozen.csv, seed=42)
  - pipeline__A_VpP__wav2vec__resnet__bilstm_mean__fold4_seed42  (split=split_labels_train_ternary_fold4_frozen.csv, seed=42)

  === A_VpP__wav2vec__resnet__bilstm_mean ===
    runs=5  collapse=0
       acc: mean=+0.569  std=0.043  range=[+0.500, +0.611]
        f1: mean=+0.370  std=0.043  range=[+0.314, +0.433]
     kappa: mean=+0.188  std=0.072  range=[+0.120, +0.292]
       ccc: mean=+0.018  std=0.085  range=[-0.078, +0.154]
      rmse: mean=+0.739  std=0.054  range=[+0.680, +0.827]
       mae: mean=+0.596  std=0.045  range=[+0.548, +0.661]
    recall_per_class_mean: [0.78 0.45 0.00]
    recall_per_class_min:  [0.44 0.14 0.00]  <-- worst-case across runs
    per-fold breakdown:
           fold0: n=1 collapse=0 f1=+0.433±0.000 kappa=+0.292 ccc=+0.154
           fold1: n=1 collapse=0 f1=+0.314±0.000 kappa=+0.122 ccc=+0.006
           fold2: n=1 collapse=0 f1=+0.352±0.000 kappa=+0.120 ccc=-0.078
           fold3: n=1 collapse=0 f1=+0.376±0.000 kappa=+0.196 ccc=+0.012
           fold4: n=1 collapse=0 f1=+0.375±0.000 kappa=+0.212 ccc=-0.006

[pipeline] aggregate -> /home/niutao/data/code/MPDD-AVG-2026-newmain/experiments/grid_baseline/aggregate_Track2_ternary_kfold_2026-05-16-02.04.55.json
