[pipeline] mode=kfold task=ternary track=Track1
[pipeline] fixed hyperparams: {'epochs': '140', 'batch_size': '4', 'lr': '8e-5', 'weight_decay': '1e-5', 'hidden_dim': '128', 'dropout': '0.45', 'patience': '35', 'min_delta': '1e-4', 'target_t': '128', 'val_ratio': '0.1'}
[pipeline] runs=5 gpus=[4, 4, 4]
  - pipeline__A_VpP__wav2vec__openface__bilstm_mean__fold0_seed42  (split=split_labels_train_ternary_fold0_frozen.csv, seed=42)
  - pipeline__A_VpP__wav2vec__openface__bilstm_mean__fold1_seed42  (split=split_labels_train_ternary_fold1_frozen.csv, seed=42)
  - pipeline__A_VpP__wav2vec__openface__bilstm_mean__fold2_seed42  (split=split_labels_train_ternary_fold2_frozen.csv, seed=42)
  - pipeline__A_VpP__wav2vec__openface__bilstm_mean__fold3_seed42  (split=split_labels_train_ternary_fold3_frozen.csv, seed=42)
  - pipeline__A_VpP__wav2vec__openface__bilstm_mean__fold4_seed42  (split=split_labels_train_ternary_fold4_frozen.csv, seed=42)

  === A_VpP__wav2vec__openface__bilstm_mean ===
    runs=5  collapse=2
       acc: mean=+0.678  std=0.054  range=[+0.588, +0.722]
        f1: mean=+0.389  std=0.126  range=[+0.267, +0.567]
     kappa: mean=+0.128  std=0.161  range=[+0.000, +0.309]
       ccc: mean=+0.006  std=0.199  range=[-0.306, +0.247]
      rmse: mean=+0.871  std=0.116  range=[+0.731, +1.038]
       mae: mean=+0.689  std=0.064  range=[+0.618, +0.790]
    recall_per_class_mean: [0.88 0.27 0.10]
    recall_per_class_min:  [0.75 0.00 0.00]  <-- worst-case across runs
    per-fold breakdown:
           fold0: n=1 collapse=1 f1=+0.267±0.000 kappa=+0.000 ccc=+0.010
           fold1: n=1 collapse=1 f1=+0.280±0.000 kappa=+0.000 ccc=+0.041
           fold2: n=1 collapse=0 f1=+0.457±0.000 kappa=+0.298 ccc=+0.039
           fold3: n=1 collapse=0 f1=+0.373±0.000 kappa=+0.033 ccc=-0.306
           fold4: n=1 collapse=0 f1=+0.567±0.000 kappa=+0.309 ccc=+0.247

[pipeline] aggregate -> /home/niutao/data/code/MPDD-AVG-2026-newmain/experiments/grid_baseline/aggregate_Track1_ternary_kfold_2026-05-16-00.39.34.json
