[pipeline] mode=kfold task=ternary track=Track2
[pipeline] fixed hyperparams: {'epochs': '140', 'batch_size': '4', 'lr': '8e-5', 'weight_decay': '1e-5', 'hidden_dim': '128', 'dropout': '0.45', 'patience': '35', 'min_delta': '1e-4', 'target_t': '128', 'val_ratio': '0.1'}
[pipeline] runs=5 gpus=[5, 5, 5]
  - pipeline__A_V_GpP__mfcc__densenet__bilstm_mean__fold0_seed42  (split=split_labels_train_ternary_fold0_frozen.csv, seed=42)
  - pipeline__A_V_GpP__mfcc__densenet__bilstm_mean__fold1_seed42  (split=split_labels_train_ternary_fold1_frozen.csv, seed=42)
  - pipeline__A_V_GpP__mfcc__densenet__bilstm_mean__fold2_seed42  (split=split_labels_train_ternary_fold2_frozen.csv, seed=42)
  - pipeline__A_V_GpP__mfcc__densenet__bilstm_mean__fold3_seed42  (split=split_labels_train_ternary_fold3_frozen.csv, seed=42)
  - pipeline__A_V_GpP__mfcc__densenet__bilstm_mean__fold4_seed42  (split=split_labels_train_ternary_fold4_frozen.csv, seed=42)

  === A_V_GpP__mfcc__densenet__bilstm_mean ===
    runs=5  collapse=0
       acc: mean=+0.512  std=0.080  range=[+0.389, +0.611]
        f1: mean=+0.349  std=0.072  range=[+0.235, +0.433]
     kappa: mean=+0.093  std=0.166  range=[-0.165, +0.292]
       ccc: mean=-0.043  std=0.044  range=[-0.111, -0.003]
      rmse: mean=+0.722  std=0.095  range=[+0.609, +0.794]
       mae: mean=+0.594  std=0.083  range=[+0.489, +0.667]
    recall_per_class_mean: [0.67 0.46 0.00]
    recall_per_class_min:  [0.67 0.14 0.00]  <-- worst-case across runs
    per-fold breakdown:
           fold0: n=1 collapse=0 f1=+0.235±0.000 kappa=-0.165 ccc=-0.014
           fold1: n=1 collapse=0 f1=+0.344±0.000 kappa=+0.069 ccc=-0.062
           fold2: n=1 collapse=0 f1=+0.433±0.000 kappa=+0.292 ccc=-0.026
           fold3: n=1 collapse=0 f1=+0.367±0.000 kappa=+0.117 ccc=-0.111
           fold4: n=1 collapse=0 f1=+0.365±0.000 kappa=+0.150 ccc=-0.003

[pipeline] aggregate -> /home/niutao/data/code/MPDD-AVG-2026-newmain/experiments/grid_baseline/aggregate_Track2_ternary_kfold_2026-05-16-02.17.44.json
