[pipeline] mode=kfold task=ternary track=Track2
[pipeline] fixed hyperparams: {'epochs': '140', 'batch_size': '4', 'lr': '8e-5', 'weight_decay': '1e-5', 'hidden_dim': '128', 'dropout': '0.45', 'patience': '35', 'min_delta': '1e-4', 'target_t': '128', 'val_ratio': '0.1'}
[pipeline] runs=5 gpus=[4, 4, 4]
  - pipeline__A_V_GpP__opensmile__openface__bilstm_mean__fold0_seed42  (split=split_labels_train_ternary_fold0_frozen.csv, seed=42)
  - pipeline__A_V_GpP__opensmile__openface__bilstm_mean__fold1_seed42  (split=split_labels_train_ternary_fold1_frozen.csv, seed=42)
  - pipeline__A_V_GpP__opensmile__openface__bilstm_mean__fold2_seed42  (split=split_labels_train_ternary_fold2_frozen.csv, seed=42)
  - pipeline__A_V_GpP__opensmile__openface__bilstm_mean__fold3_seed42  (split=split_labels_train_ternary_fold3_frozen.csv, seed=42)
  - pipeline__A_V_GpP__opensmile__openface__bilstm_mean__fold4_seed42  (split=split_labels_train_ternary_fold4_frozen.csv, seed=42)

  === A_V_GpP__opensmile__openface__bilstm_mean ===
    runs=5  collapse=0
       acc: mean=+0.636  std=0.066  range=[+0.556, +0.722]
        f1: mean=+0.481  std=0.108  range=[+0.376, +0.648]
     kappa: mean=+0.338  std=0.124  range=[+0.196, +0.483]
       ccc: mean=+0.173  std=0.252  range=[-0.057, +0.457]
      rmse: mean=+0.691  std=0.110  range=[+0.590, +0.873]
       mae: mean=+0.564  std=0.097  range=[+0.498, +0.735]
    recall_per_class_mean: [0.76 0.63 0.10]
    recall_per_class_min:  [0.67 0.33 0.00]  <-- worst-case across runs
    per-fold breakdown:
           fold0: n=1 collapse=0 f1=+0.400±0.000 kappa=+0.222 ccc=+0.457
           fold1: n=1 collapse=0 f1=+0.510±0.000 kappa=+0.483 ccc=+0.054
           fold2: n=1 collapse=0 f1=+0.472±0.000 kappa=+0.400 ccc=-0.024
           fold3: n=1 collapse=0 f1=+0.648±0.000 kappa=+0.389 ccc=+0.434
           fold4: n=1 collapse=0 f1=+0.376±0.000 kappa=+0.196 ccc=-0.057

[pipeline] aggregate -> /home/niutao/data/code/MPDD-AVG-2026-newmain/experiments/grid_baseline/aggregate_Track2_ternary_kfold_2026-05-16-02.16.20.json
