[pipeline] mode=kfold task=binary track=Track1
[pipeline] fixed hyperparams: {'epochs': '140', 'batch_size': '4', 'lr': '8e-5', 'weight_decay': '1e-5', 'hidden_dim': '128', 'dropout': '0.45', 'patience': '35', 'min_delta': '1e-4', 'target_t': '128', 'val_ratio': '0.1'}
[pipeline] runs=5 gpus=[1, 1, 1]
  - pipeline__A_V_GpP__mfcc__resnet__bilstm_mean__fold0_seed42  (split=split_labels_train_binary_fold0_frozen.csv, seed=42)
  - pipeline__A_V_GpP__mfcc__resnet__bilstm_mean__fold1_seed42  (split=split_labels_train_binary_fold1_frozen.csv, seed=42)
  - pipeline__A_V_GpP__mfcc__resnet__bilstm_mean__fold2_seed42  (split=split_labels_train_binary_fold2_frozen.csv, seed=42)
  - pipeline__A_V_GpP__mfcc__resnet__bilstm_mean__fold3_seed42  (split=split_labels_train_binary_fold3_frozen.csv, seed=42)
  - pipeline__A_V_GpP__mfcc__resnet__bilstm_mean__fold4_seed42  (split=split_labels_train_binary_fold4_frozen.csv, seed=42)

  === A_V_GpP__mfcc__resnet__bilstm_mean ===
    runs=5  collapse=1
       acc: mean=+0.724  std=0.031  range=[+0.706, +0.778]
        f1: mean=+0.587  std=0.108  range=[+0.414, +0.679]
     kappa: mean=+0.231  std=0.144  range=[+0.000, +0.368]
       ccc: mean=-0.054  std=0.102  range=[-0.220, +0.038]
      rmse: mean=+0.852  std=0.139  range=[+0.632, +0.968]
       mae: mean=+0.678  std=0.158  range=[+0.448, +0.799]
    recall_per_class_mean: [0.90 0.31]
    recall_per_class_min:  [0.75 0.00]  <-- worst-case across runs
    per-fold breakdown:
           fold0: n=1 collapse=0 f1=+0.557±0.000 kappa=+0.211 ccc=-0.220
           fold1: n=1 collapse=0 f1=+0.679±0.000 kappa=+0.368 ccc=-0.015
           fold2: n=1 collapse=0 f1=+0.622±0.000 kappa=+0.248 ccc=+0.038
           fold3: n=1 collapse=1 f1=+0.414±0.000 kappa=+0.000 ccc=+0.005
           fold4: n=1 collapse=0 f1=+0.664±0.000 kappa=+0.331 ccc=-0.076

[pipeline] aggregate -> /home/niutao/data/code/MPDD-AVG-2026-newmain/experiments/grid_baseline/aggregate_Track1_binary_kfold_2026-05-16-00.27.05.json
