[pipeline] mode=kfold task=binary track=Track2
[pipeline] fixed hyperparams: {'epochs': '140', 'batch_size': '4', 'lr': '8e-5', 'weight_decay': '1e-5', 'hidden_dim': '128', 'dropout': '0.45', 'patience': '35', 'min_delta': '1e-4', 'target_t': '128', 'val_ratio': '0.1'}
[pipeline] runs=5 gpus=[4, 4, 4]
  - pipeline__A_V_GpP__opensmile__resnet__bilstm_mean__fold0_seed42  (split=split_labels_train_binary_fold0_frozen.csv, seed=42)
  - pipeline__A_V_GpP__opensmile__resnet__bilstm_mean__fold1_seed42  (split=split_labels_train_binary_fold1_frozen.csv, seed=42)
  - pipeline__A_V_GpP__opensmile__resnet__bilstm_mean__fold2_seed42  (split=split_labels_train_binary_fold2_frozen.csv, seed=42)
  - pipeline__A_V_GpP__opensmile__resnet__bilstm_mean__fold3_seed42  (split=split_labels_train_binary_fold3_frozen.csv, seed=42)
  - pipeline__A_V_GpP__opensmile__resnet__bilstm_mean__fold4_seed42  (split=split_labels_train_binary_fold4_frozen.csv, seed=42)

  === A_V_GpP__opensmile__resnet__bilstm_mean ===
    runs=5  collapse=0
       acc: mean=+0.637  std=0.061  range=[+0.556, +0.722]
        f1: mean=+0.619  std=0.078  range=[+0.500, +0.714]
     kappa: mean=+0.272  std=0.122  range=[+0.111, +0.444]
       ccc: mean=+0.003  std=0.035  range=[-0.037, +0.059]
      rmse: mean=+0.712  std=0.087  range=[+0.645, +0.864]
       mae: mean=+0.578  std=0.094  range=[+0.481, +0.732]
    recall_per_class_mean: [0.71 0.56]
    recall_per_class_min:  [0.56 0.22]  <-- worst-case across runs
    per-fold breakdown:
           fold0: n=1 collapse=0 f1=+0.714±0.000 kappa=+0.444 ccc=+0.059
           fold1: n=1 collapse=0 f1=+0.500±0.000 kappa=+0.111 ccc=-0.037
           fold2: n=1 collapse=0 f1=+0.600±0.000 kappa=+0.222 ccc=-0.010
           fold3: n=1 collapse=0 f1=+0.646±0.000 kappa=+0.301 ccc=-0.006
           fold4: n=1 collapse=0 f1=+0.636±0.000 kappa=+0.282 ccc=+0.007

[pipeline] aggregate -> /home/niutao/data/code/MPDD-AVG-2026-newmain/experiments/grid_baseline/aggregate_Track2_binary_kfold_2026-05-16-01.02.45.json
