[pipeline] mode=kfold task=ternary track=Track1
[pipeline] fixed hyperparams: {'epochs': '140', 'batch_size': '4', 'lr': '8e-5', 'weight_decay': '1e-5', 'hidden_dim': '128', 'dropout': '0.45', 'patience': '35', 'min_delta': '1e-4', 'target_t': '128', 'val_ratio': '0.1'}
[pipeline] runs=5 gpus=[4, 4, 4]
  - pipeline__GpP__mfcc__resnet__bilstm_mean__fold0_seed42  (split=split_labels_train_ternary_fold0_frozen.csv, seed=42)
  - pipeline__GpP__mfcc__resnet__bilstm_mean__fold1_seed42  (split=split_labels_train_ternary_fold1_frozen.csv, seed=42)
  - pipeline__GpP__mfcc__resnet__bilstm_mean__fold2_seed42  (split=split_labels_train_ternary_fold2_frozen.csv, seed=42)
  - pipeline__GpP__mfcc__resnet__bilstm_mean__fold3_seed42  (split=split_labels_train_ternary_fold3_frozen.csv, seed=42)
  - pipeline__GpP__mfcc__resnet__bilstm_mean__fold4_seed42  (split=split_labels_train_ternary_fold4_frozen.csv, seed=42)

  === GpP__mfcc__resnet__bilstm_mean ===
    runs=5  collapse=5
       acc: mean=+0.701  std=0.021  range=[+0.667, +0.722]
        f1: mean=+0.275  std=0.005  range=[+0.267, +0.280]
     kappa: mean=+0.000  std=0.000  range=[+0.000, +0.000]
       ccc: mean=+0.003  std=0.008  range=[-0.006, +0.013]
      rmse: mean=+0.866  std=0.033  range=[+0.835, +0.920]
       mae: mean=+0.716  std=0.024  range=[+0.691, +0.750]
    recall_per_class_mean: [1.00 0.00 0.00]
    recall_per_class_min:  [1.00 0.00 0.00]  <-- worst-case across runs
    per-fold breakdown:
           fold0: n=1 collapse=1 f1=+0.267±0.000 kappa=+0.000 ccc=-0.006
           fold1: n=1 collapse=1 f1=+0.280±0.000 kappa=+0.000 ccc=-0.000
           fold2: n=1 collapse=1 f1=+0.276±0.000 kappa=+0.000 ccc=+0.010
           fold3: n=1 collapse=1 f1=+0.276±0.000 kappa=+0.000 ccc=+0.013
           fold4: n=1 collapse=1 f1=+0.276±0.000 kappa=+0.000 ccc=-0.001

[pipeline] aggregate -> /home/niutao/data/code/MPDD-AVG-2026-newmain/experiments/grid_baseline/aggregate_Track1_ternary_kfold_2026-05-16-00.40.44.json
