[pipeline] mode=kfold task=binary track=Track1
[pipeline] fixed hyperparams: {'epochs': '140', 'batch_size': '4', 'lr': '8e-5', 'weight_decay': '1e-5', 'hidden_dim': '128', 'dropout': '0.45', 'patience': '35', 'min_delta': '1e-4', 'target_t': '128', 'val_ratio': '0.1'}
[pipeline] runs=5 gpus=[1, 1, 1]
  - pipeline__A_VpP__mfcc__openface__bilstm_mean__fold0_seed42  (split=split_labels_train_binary_fold0_frozen.csv, seed=42)
  - pipeline__A_VpP__mfcc__openface__bilstm_mean__fold1_seed42  (split=split_labels_train_binary_fold1_frozen.csv, seed=42)
  - pipeline__A_VpP__mfcc__openface__bilstm_mean__fold2_seed42  (split=split_labels_train_binary_fold2_frozen.csv, seed=42)
  - pipeline__A_VpP__mfcc__openface__bilstm_mean__fold3_seed42  (split=split_labels_train_binary_fold3_frozen.csv, seed=42)
  - pipeline__A_VpP__mfcc__openface__bilstm_mean__fold4_seed42  (split=split_labels_train_binary_fold4_frozen.csv, seed=42)

  === A_VpP__mfcc__openface__bilstm_mean ===
    runs=5  collapse=0
       acc: mean=+0.701  std=0.106  range=[+0.529, +0.778]
        f1: mean=+0.627  std=0.063  range=[+0.528, +0.673]
     kappa: mean=+0.313  std=0.063  range=[+0.227, +0.358]
       ccc: mean=+0.040  std=0.059  range=[-0.030, +0.117]
      rmse: mean=+0.826  std=0.165  range=[+0.652, +1.058]
       mae: mean=+0.686  std=0.137  range=[+0.497, +0.859]
    recall_per_class_mean: [0.75 0.57]
    recall_per_class_min:  [0.33 0.20]  <-- worst-case across runs
    per-fold breakdown:
           fold0: n=1 collapse=0 f1=+0.662±0.000 kappa=+0.357 ccc=+0.042
           fold1: n=1 collapse=0 f1=+0.600±0.000 kappa=+0.265 ccc=-0.030
           fold2: n=1 collapse=0 f1=+0.673±0.000 kappa=+0.358 ccc=+0.117
           fold3: n=1 collapse=0 f1=+0.528±0.000 kappa=+0.227 ccc=-0.004
           fold4: n=1 collapse=0 f1=+0.673±0.000 kappa=+0.358 ccc=+0.076

[pipeline] aggregate -> /home/niutao/data/code/MPDD-AVG-2026-newmain/experiments/grid_baseline/aggregate_Track1_binary_kfold_2026-05-16-00.18.48.json
