[pipeline] mode=grid task=ternary track=Track2
[pipeline] fixed hyperparams: {'epochs': '140', 'batch_size': '4', 'lr': '8e-5', 'weight_decay': '1e-5', 'hidden_dim': '128', 'dropout': '0.45', 'patience': '35', 'min_delta': '1e-4', 'target_t': '128', 'val_ratio': '0.1'}
[pipeline] runs=57 gpus=[1, 1, 1, 4, 4, 4, 5, 5, 5, 7, 7, 7]
  - pipeline__GpP__mfcc__resnet__bilstm_mean__frozen_val_seed42  (split=split_labels_train_ternary_frozen.csv, seed=42)
  - pipeline__GpP__mfcc__resnet__bilstm_mean__frozen_val_seed3407  (split=split_labels_train_ternary_frozen.csv, seed=3407)
  - pipeline__GpP__mfcc__resnet__bilstm_mean__frozen_val_seed2026  (split=split_labels_train_ternary_frozen.csv, seed=2026)
  - pipeline__A_VpP__mfcc__resnet__bilstm_mean__frozen_val_seed42  (split=split_labels_train_ternary_frozen.csv, seed=42)
  - pipeline__A_VpP__mfcc__resnet__bilstm_mean__frozen_val_seed3407  (split=split_labels_train_ternary_frozen.csv, seed=3407)
  - pipeline__A_VpP__mfcc__resnet__bilstm_mean__frozen_val_seed2026  (split=split_labels_train_ternary_frozen.csv, seed=2026)
  - pipeline__A_VpP__mfcc__densenet__bilstm_mean__frozen_val_seed42  (split=split_labels_train_ternary_frozen.csv, seed=42)
  - pipeline__A_VpP__mfcc__densenet__bilstm_mean__frozen_val_seed3407  (split=split_labels_train_ternary_frozen.csv, seed=3407)
  - pipeline__A_VpP__mfcc__densenet__bilstm_mean__frozen_val_seed2026  (split=split_labels_train_ternary_frozen.csv, seed=2026)
  - pipeline__A_VpP__mfcc__openface__bilstm_mean__frozen_val_seed42  (split=split_labels_train_ternary_frozen.csv, seed=42)
  - pipeline__A_VpP__mfcc__openface__bilstm_mean__frozen_val_seed3407  (split=split_labels_train_ternary_frozen.csv, seed=3407)
  - pipeline__A_VpP__mfcc__openface__bilstm_mean__frozen_val_seed2026  (split=split_labels_train_ternary_frozen.csv, seed=2026)
  - pipeline__A_VpP__opensmile__resnet__bilstm_mean__frozen_val_seed42  (split=split_labels_train_ternary_frozen.csv, seed=42)
  - pipeline__A_VpP__opensmile__resnet__bilstm_mean__frozen_val_seed3407  (split=split_labels_train_ternary_frozen.csv, seed=3407)
  - pipeline__A_VpP__opensmile__resnet__bilstm_mean__frozen_val_seed2026  (split=split_labels_train_ternary_frozen.csv, seed=2026)
  - pipeline__A_VpP__opensmile__densenet__bilstm_mean__frozen_val_seed42  (split=split_labels_train_ternary_frozen.csv, seed=42)
  - pipeline__A_VpP__opensmile__densenet__bilstm_mean__frozen_val_seed3407  (split=split_labels_train_ternary_frozen.csv, seed=3407)
  - pipeline__A_VpP__opensmile__densenet__bilstm_mean__frozen_val_seed2026  (split=split_labels_train_ternary_frozen.csv, seed=2026)
  - pipeline__A_VpP__opensmile__openface__bilstm_mean__frozen_val_seed42  (split=split_labels_train_ternary_frozen.csv, seed=42)
  - pipeline__A_VpP__opensmile__openface__bilstm_mean__frozen_val_seed3407  (split=split_labels_train_ternary_frozen.csv, seed=3407)
  - pipeline__A_VpP__opensmile__openface__bilstm_mean__frozen_val_seed2026  (split=split_labels_train_ternary_frozen.csv, seed=2026)
  - pipeline__A_VpP__wav2vec__resnet__bilstm_mean__frozen_val_seed42  (split=split_labels_train_ternary_frozen.csv, seed=42)
  - pipeline__A_VpP__wav2vec__resnet__bilstm_mean__frozen_val_seed3407  (split=split_labels_train_ternary_frozen.csv, seed=3407)
  - pipeline__A_VpP__wav2vec__resnet__bilstm_mean__frozen_val_seed2026  (split=split_labels_train_ternary_frozen.csv, seed=2026)
  - pipeline__A_VpP__wav2vec__densenet__bilstm_mean__frozen_val_seed42  (split=split_labels_train_ternary_frozen.csv, seed=42)
  - pipeline__A_VpP__wav2vec__densenet__bilstm_mean__frozen_val_seed3407  (split=split_labels_train_ternary_frozen.csv, seed=3407)
  - pipeline__A_VpP__wav2vec__densenet__bilstm_mean__frozen_val_seed2026  (split=split_labels_train_ternary_frozen.csv, seed=2026)
  - pipeline__A_VpP__wav2vec__openface__bilstm_mean__frozen_val_seed42  (split=split_labels_train_ternary_frozen.csv, seed=42)
  - pipeline__A_VpP__wav2vec__openface__bilstm_mean__frozen_val_seed3407  (split=split_labels_train_ternary_frozen.csv, seed=3407)
  - pipeline__A_VpP__wav2vec__openface__bilstm_mean__frozen_val_seed2026  (split=split_labels_train_ternary_frozen.csv, seed=2026)
  - pipeline__A_V_GpP__mfcc__resnet__bilstm_mean__frozen_val_seed42  (split=split_labels_train_ternary_frozen.csv, seed=42)
  - pipeline__A_V_GpP__mfcc__resnet__bilstm_mean__frozen_val_seed3407  (split=split_labels_train_ternary_frozen.csv, seed=3407)
  - pipeline__A_V_GpP__mfcc__resnet__bilstm_mean__frozen_val_seed2026  (split=split_labels_train_ternary_frozen.csv, seed=2026)
  - pipeline__A_V_GpP__mfcc__densenet__bilstm_mean__frozen_val_seed42  (split=split_labels_train_ternary_frozen.csv, seed=42)
  - pipeline__A_V_GpP__mfcc__densenet__bilstm_mean__frozen_val_seed3407  (split=split_labels_train_ternary_frozen.csv, seed=3407)
  - pipeline__A_V_GpP__mfcc__densenet__bilstm_mean__frozen_val_seed2026  (split=split_labels_train_ternary_frozen.csv, seed=2026)
  - pipeline__A_V_GpP__mfcc__openface__bilstm_mean__frozen_val_seed42  (split=split_labels_train_ternary_frozen.csv, seed=42)
  - pipeline__A_V_GpP__mfcc__openface__bilstm_mean__frozen_val_seed3407  (split=split_labels_train_ternary_frozen.csv, seed=3407)
  - pipeline__A_V_GpP__mfcc__openface__bilstm_mean__frozen_val_seed2026  (split=split_labels_train_ternary_frozen.csv, seed=2026)
  - pipeline__A_V_GpP__opensmile__resnet__bilstm_mean__frozen_val_seed42  (split=split_labels_train_ternary_frozen.csv, seed=42)
  - pipeline__A_V_GpP__opensmile__resnet__bilstm_mean__frozen_val_seed3407  (split=split_labels_train_ternary_frozen.csv, seed=3407)
  - pipeline__A_V_GpP__opensmile__resnet__bilstm_mean__frozen_val_seed2026  (split=split_labels_train_ternary_frozen.csv, seed=2026)
  - pipeline__A_V_GpP__opensmile__densenet__bilstm_mean__frozen_val_seed42  (split=split_labels_train_ternary_frozen.csv, seed=42)
  - pipeline__A_V_GpP__opensmile__densenet__bilstm_mean__frozen_val_seed3407  (split=split_labels_train_ternary_frozen.csv, seed=3407)
  - pipeline__A_V_GpP__opensmile__densenet__bilstm_mean__frozen_val_seed2026  (split=split_labels_train_ternary_frozen.csv, seed=2026)
  - pipeline__A_V_GpP__opensmile__openface__bilstm_mean__frozen_val_seed42  (split=split_labels_train_ternary_frozen.csv, seed=42)
  - pipeline__A_V_GpP__opensmile__openface__bilstm_mean__frozen_val_seed3407  (split=split_labels_train_ternary_frozen.csv, seed=3407)
  - pipeline__A_V_GpP__opensmile__openface__bilstm_mean__frozen_val_seed2026  (split=split_labels_train_ternary_frozen.csv, seed=2026)
  - pipeline__A_V_GpP__wav2vec__resnet__bilstm_mean__frozen_val_seed42  (split=split_labels_train_ternary_frozen.csv, seed=42)
  - pipeline__A_V_GpP__wav2vec__resnet__bilstm_mean__frozen_val_seed3407  (split=split_labels_train_ternary_frozen.csv, seed=3407)
  - pipeline__A_V_GpP__wav2vec__resnet__bilstm_mean__frozen_val_seed2026  (split=split_labels_train_ternary_frozen.csv, seed=2026)
  - pipeline__A_V_GpP__wav2vec__densenet__bilstm_mean__frozen_val_seed42  (split=split_labels_train_ternary_frozen.csv, seed=42)
  - pipeline__A_V_GpP__wav2vec__densenet__bilstm_mean__frozen_val_seed3407  (split=split_labels_train_ternary_frozen.csv, seed=3407)
  - pipeline__A_V_GpP__wav2vec__densenet__bilstm_mean__frozen_val_seed2026  (split=split_labels_train_ternary_frozen.csv, seed=2026)
  - pipeline__A_V_GpP__wav2vec__openface__bilstm_mean__frozen_val_seed42  (split=split_labels_train_ternary_frozen.csv, seed=42)
  - pipeline__A_V_GpP__wav2vec__openface__bilstm_mean__frozen_val_seed3407  (split=split_labels_train_ternary_frozen.csv, seed=3407)
  - pipeline__A_V_GpP__wav2vec__openface__bilstm_mean__frozen_val_seed2026  (split=split_labels_train_ternary_frozen.csv, seed=2026)

  === GpP__mfcc__resnet__bilstm_mean ===
    runs=3  collapse=0
       acc: mean=+0.519  std=0.064  range=[+0.444, +0.556]
        f1: mean=+0.335  std=0.034  range=[+0.295, +0.356]
     kappa: mean=+0.073  std=0.086  range=[-0.023, +0.143]
       ccc: mean=-0.009  std=0.018  range=[-0.028, +0.009]
      rmse: mean=+0.511  std=0.012  range=[+0.497, +0.519]
       mae: mean=+0.426  std=0.019  range=[+0.404, +0.438]
    recall_per_class_mean: [0.73 0.33 0.00]
    recall_per_class_min:  [0.60 0.33 0.00]  <-- worst-case across runs

  === A_VpP__mfcc__resnet__bilstm_mean ===
    runs=3  collapse=0
       acc: mean=+0.556  std=0.111  range=[+0.444, +0.667]
        f1: mean=+0.376  std=0.055  range=[+0.315, +0.423]
     kappa: mean=+0.165  std=0.115  range=[+0.063, +0.289]
       ccc: mean=-0.140  std=0.121  range=[-0.232, -0.002]
      rmse: mean=+0.628  std=0.109  range=[+0.502, +0.701]
       mae: mean=+0.484  std=0.060  range=[+0.415, +0.519]
    recall_per_class_mean: [0.73 0.44 0.00]
    recall_per_class_min:  [0.40 0.33 0.00]  <-- worst-case across runs

  === A_VpP__mfcc__densenet__bilstm_mean ===
    runs=3  collapse=0
       acc: mean=+0.593  std=0.064  range=[+0.556, +0.667]
        f1: mean=+0.367  std=0.102  range=[+0.256, +0.457]
     kappa: mean=+0.219  std=0.167  range=[+0.053, +0.386]
       ccc: mean=+0.007  std=0.012  range=[-0.004, +0.020]
      rmse: mean=+0.536  std=0.035  range=[+0.497, +0.562]
       mae: mean=+0.453  std=0.040  range=[+0.411, +0.490]
    recall_per_class_mean: [0.80 0.44 0.00]
    recall_per_class_min:  [0.60 0.00 0.00]  <-- worst-case across runs

  === A_VpP__mfcc__openface__bilstm_mean ===
    runs=3  collapse=0
       acc: mean=+0.630  std=0.064  range=[+0.556, +0.667]
        f1: mean=+0.505  std=0.064  range=[+0.465, +0.579]
     kappa: mean=+0.359  std=0.053  range=[+0.308, +0.413]
       ccc: mean=+0.461  std=0.133  range=[+0.315, +0.575]
      rmse: mean=+0.409  std=0.060  range=[+0.368, +0.477]
       mae: mean=+0.338  std=0.033  range=[+0.318, +0.377]
    recall_per_class_mean: [0.60 0.78 0.33]
    recall_per_class_min:  [0.40 0.67 0.00]  <-- worst-case across runs

  === A_VpP__opensmile__resnet__bilstm_mean ===
    runs=3  collapse=0
       acc: mean=+0.630  std=0.064  range=[+0.556, +0.667]
        f1: mean=+0.401  std=0.039  range=[+0.356, +0.423]
     kappa: mean=+0.226  std=0.109  range=[+0.100, +0.289]
       ccc: mean=-0.023  std=0.039  range=[-0.068, +0.002]
      rmse: mean=+0.538  std=0.011  range=[+0.530, +0.550]
       mae: mean=+0.452  std=0.017  range=[+0.437, +0.471]
    recall_per_class_mean: [0.93 0.33 0.00]
    recall_per_class_min:  [0.80 0.33 0.00]  <-- worst-case across runs

  === A_VpP__opensmile__densenet__bilstm_mean ===
    runs=3  collapse=0
       acc: mean=+0.630  std=0.064  range=[+0.556, +0.667]
        f1: mean=+0.424  std=0.043  range=[+0.389, +0.472]
     kappa: mean=+0.318  std=0.098  range=[+0.217, +0.413]
       ccc: mean=+0.047  std=0.145  range=[-0.089, +0.200]
      rmse: mean=+0.527  std=0.086  range=[+0.464, +0.624]
       mae: mean=+0.437  std=0.084  range=[+0.377, +0.533]
    recall_per_class_mean: [0.73 0.67 0.00]
    recall_per_class_min:  [0.60 0.33 0.00]  <-- worst-case across runs

  === A_VpP__opensmile__openface__bilstm_mean ===
    runs=3  collapse=0
       acc: mean=+0.519  std=0.064  range=[+0.444, +0.556]
        f1: mean=+0.518  std=0.032  range=[+0.484, +0.548]
     kappa: mean=+0.277  std=0.099  range=[+0.167, +0.357]
       ccc: mean=+0.564  std=0.103  range=[+0.480, +0.679]
      rmse: mean=+0.400  std=0.026  range=[+0.370, +0.420]
       mae: mean=+0.339  std=0.025  range=[+0.310, +0.355]
    recall_per_class_mean: [0.40 0.56 1.00]
    recall_per_class_min:  [0.20 0.33 1.00]  <-- worst-case across runs

  === A_VpP__wav2vec__resnet__bilstm_mean ===
    runs=3  collapse=0
       acc: mean=+0.667  std=0.000  range=[+0.667, +0.667]
        f1: mean=+0.439  std=0.028  range=[+0.423, +0.472]
     kappa: mean=+0.339  std=0.085  range=[+0.289, +0.438]
       ccc: mean=-0.000  std=0.024  range=[-0.025, +0.022]
      rmse: mean=+0.585  std=0.062  range=[+0.514, +0.627]
       mae: mean=+0.474  std=0.046  range=[+0.426, +0.519]
    recall_per_class_mean: [0.87 0.56 0.00]
    recall_per_class_min:  [0.60 0.33 0.00]  <-- worst-case across runs

  === A_VpP__wav2vec__densenet__bilstm_mean ===
    runs=3  collapse=0
       acc: mean=+0.556  std=0.111  range=[+0.444, +0.667]
        f1: mean=+0.364  std=0.055  range=[+0.315, +0.423]
     kappa: mean=+0.165  std=0.115  range=[+0.063, +0.289]
       ccc: mean=-0.036  std=0.081  range=[-0.129, +0.019]
      rmse: mean=+0.525  std=0.030  range=[+0.504, +0.560]
       mae: mean=+0.442  std=0.026  range=[+0.420, +0.471]
    recall_per_class_mean: [0.73 0.44 0.00]
    recall_per_class_min:  [0.40 0.33 0.00]  <-- worst-case across runs

  === A_VpP__wav2vec__openface__bilstm_mean ===
    runs=3  collapse=0
       acc: mean=+0.556  std=0.000  range=[+0.556, +0.556]
        f1: mean=+0.367  std=0.021  range=[+0.354, +0.390]
     kappa: mean=+0.142  std=0.041  range=[+0.100, +0.182]
       ccc: mean=+0.170  std=0.169  range=[-0.001, +0.337]
      rmse: mean=+0.478  std=0.025  range=[+0.452, +0.502]
       mae: mean=+0.399  std=0.012  range=[+0.388, +0.411]
    recall_per_class_mean: [0.73 0.44 0.00]
    recall_per_class_min:  [0.60 0.33 0.00]  <-- worst-case across runs

  === A_V_GpP__mfcc__resnet__bilstm_mean ===
    runs=3  collapse=0
       acc: mean=+0.593  std=0.064  range=[+0.556, +0.667]
        f1: mean=+0.378  std=0.039  range=[+0.356, +0.423]
     kappa: mean=+0.163  std=0.109  range=[+0.100, +0.289]
       ccc: mean=+0.019  std=0.163  range=[-0.095, +0.206]
      rmse: mean=+0.532  std=0.032  range=[+0.497, +0.561]
       mae: mean=+0.426  std=0.036  range=[+0.388, +0.460]
    recall_per_class_mean: [0.87 0.33 0.00]
    recall_per_class_min:  [0.80 0.33 0.00]  <-- worst-case across runs

  === A_V_GpP__mfcc__densenet__bilstm_mean ===
    runs=3  collapse=0
       acc: mean=+0.556  std=0.111  range=[+0.444, +0.667]
        f1: mean=+0.477  std=0.238  range=[+0.295, +0.746]
     kappa: mean=+0.232  std=0.234  range=[-0.023, +0.438]
       ccc: mean=+0.023  std=0.052  range=[-0.010, +0.083]
      rmse: mean=+0.536  std=0.044  range=[+0.501, +0.585]
       mae: mean=+0.429  std=0.017  range=[+0.411, +0.444]
    recall_per_class_mean: [0.53 0.67 0.33]
    recall_per_class_min:  [0.40 0.33 0.00]  <-- worst-case across runs

  === A_V_GpP__mfcc__openface__bilstm_mean ===
    runs=3  collapse=0
       acc: mean=+0.630  std=0.064  range=[+0.556, +0.667]
        f1: mean=+0.532  std=0.117  range=[+0.465, +0.667]
     kappa: mean=+0.331  std=0.045  range=[+0.280, +0.357]
       ccc: mean=+0.224  std=0.218  range=[+0.034, +0.463]
      rmse: mean=+0.499  std=0.034  range=[+0.466, +0.534]
       mae: mean=+0.426  std=0.023  range=[+0.401, +0.446]
    recall_per_class_mean: [0.67 0.67 0.33]
    recall_per_class_min:  [0.40 0.67 0.00]  <-- worst-case across runs

  === A_V_GpP__opensmile__resnet__bilstm_mean ===
    runs=3  collapse=0
       acc: mean=+0.481  std=0.064  range=[+0.444, +0.556]
        f1: mean=+0.321  std=0.030  range=[+0.295, +0.354]
     kappa: mean=+0.032  std=0.096  range=[-0.023, +0.143]
       ccc: mean=-0.060  std=0.071  range=[-0.138, +0.002]
      rmse: mean=+0.572  std=0.103  range=[+0.505, +0.690]
       mae: mean=+0.463  std=0.072  range=[+0.421, +0.546]
    recall_per_class_mean: [0.67 0.33 0.00]
    recall_per_class_min:  [0.60 0.33 0.00]  <-- worst-case across runs

  === A_V_GpP__opensmile__densenet__bilstm_mean ===
    runs=3  collapse=0
       acc: mean=+0.593  std=0.128  range=[+0.444, +0.667]
        f1: mean=+0.379  std=0.056  range=[+0.315, +0.411]
     kappa: mean=+0.238  std=0.152  range=[+0.063, +0.325]
       ccc: mean=+0.010  std=0.043  range=[-0.019, +0.059]
      rmse: mean=+0.561  std=0.072  range=[+0.501, +0.640]
       mae: mean=+0.436  std=0.029  range=[+0.405, +0.462]
    recall_per_class_mean: [0.80 0.44 0.00]
    recall_per_class_min:  [0.40 0.33 0.00]  <-- worst-case across runs

  === A_V_GpP__opensmile__openface__bilstm_mean ===
    runs=3  collapse=0
       acc: mean=+0.667  std=0.000  range=[+0.667, +0.667]
        f1: mean=+0.532  std=0.117  range=[+0.465, +0.667]
     kappa: mean=+0.391  std=0.059  range=[+0.357, +0.460]
       ccc: mean=+0.278  std=0.220  range=[+0.031, +0.452]
      rmse: mean=+0.460  std=0.030  range=[+0.441, +0.495]
       mae: mean=+0.396  std=0.015  range=[+0.378, +0.405]
    recall_per_class_mean: [0.73 0.67 0.33]
    recall_per_class_min:  [0.60 0.67 0.00]  <-- worst-case across runs

  === A_V_GpP__wav2vec__resnet__bilstm_mean ===
    runs=3  collapse=0
       acc: mean=+0.519  std=0.128  range=[+0.444, +0.667]
        f1: mean=+0.338  std=0.074  range=[+0.295, +0.423]
     kappa: mean=+0.081  std=0.180  range=[-0.023, +0.289]
       ccc: mean=+0.067  std=0.103  range=[+0.006, +0.186]
      rmse: mean=+0.518  std=0.027  range=[+0.499, +0.548]
       mae: mean=+0.420  std=0.008  range=[+0.412, +0.426]
    recall_per_class_mean: [0.73 0.33 0.00]
    recall_per_class_min:  [0.60 0.33 0.00]  <-- worst-case across runs

  === A_V_GpP__wav2vec__densenet__bilstm_mean ===
    runs=3  collapse=0
       acc: mean=+0.630  std=0.064  range=[+0.556, +0.667]
        f1: mean=+0.424  std=0.043  range=[+0.389, +0.472]
     kappa: mean=+0.327  std=0.110  range=[+0.217, +0.438]
       ccc: mean=+0.072  std=0.119  range=[+0.002, +0.209]
      rmse: mean=+0.544  std=0.034  range=[+0.509, +0.577]
       mae: mean=+0.434  std=0.041  range=[+0.395, +0.478]
    recall_per_class_mean: [0.73 0.67 0.00]
    recall_per_class_min:  [0.60 0.33 0.00]  <-- worst-case across runs

  === A_V_GpP__wav2vec__openface__bilstm_mean ===
    runs=3  collapse=0
       acc: mean=+0.556  std=0.111  range=[+0.444, +0.667]
        f1: mean=+0.383  std=0.085  range=[+0.295, +0.465]
     kappa: mean=+0.213  std=0.131  range=[+0.100, +0.357]
       ccc: mean=+0.046  std=0.068  range=[-0.017, +0.119]
      rmse: mean=+0.543  std=0.060  range=[+0.505, +0.612]
       mae: mean=+0.444  std=0.036  range=[+0.416, +0.484]
    recall_per_class_mean: [0.53 0.78 0.00]
    recall_per_class_min:  [0.20 0.67 0.00]  <-- worst-case across runs

[pipeline] aggregate -> /home/niutao/data/code/MPDD-AVG-2026-newmain/experiments/grid_baseline/aggregate_Track2_ternary_grid_2026-05-15-23.44.06.json
[pipeline] grid CSV -> /home/niutao/data/code/MPDD-AVG-2026-newmain/experiments/grid_baseline/grid_summary_Track2_ternary_2026-05-15-23.44.06.csv
