[pipeline] mode=grid task=ternary track=Track1
[pipeline] fixed hyperparams: {'epochs': '140', 'batch_size': '4', 'lr': '8e-5', 'weight_decay': '1e-5', 'hidden_dim': '128', 'dropout': '0.45', 'patience': '35', 'min_delta': '1e-4', 'target_t': '128', 'val_ratio': '0.1'}
[pipeline] runs=57 gpus=[1, 1, 1, 4, 4, 4, 5, 5, 5, 7, 7, 7]
  - pipeline__GpP__mfcc__resnet__bilstm_mean__frozen_val_seed42  (split=split_labels_train_ternary_frozen.csv, seed=42)
  - pipeline__GpP__mfcc__resnet__bilstm_mean__frozen_val_seed3407  (split=split_labels_train_ternary_frozen.csv, seed=3407)
  - pipeline__GpP__mfcc__resnet__bilstm_mean__frozen_val_seed2026  (split=split_labels_train_ternary_frozen.csv, seed=2026)
  - pipeline__A_VpP__mfcc__resnet__bilstm_mean__frozen_val_seed42  (split=split_labels_train_ternary_frozen.csv, seed=42)
  - pipeline__A_VpP__mfcc__resnet__bilstm_mean__frozen_val_seed3407  (split=split_labels_train_ternary_frozen.csv, seed=3407)
  - pipeline__A_VpP__mfcc__resnet__bilstm_mean__frozen_val_seed2026  (split=split_labels_train_ternary_frozen.csv, seed=2026)
  - pipeline__A_VpP__mfcc__densenet__bilstm_mean__frozen_val_seed42  (split=split_labels_train_ternary_frozen.csv, seed=42)
  - pipeline__A_VpP__mfcc__densenet__bilstm_mean__frozen_val_seed3407  (split=split_labels_train_ternary_frozen.csv, seed=3407)
  - pipeline__A_VpP__mfcc__densenet__bilstm_mean__frozen_val_seed2026  (split=split_labels_train_ternary_frozen.csv, seed=2026)
  - pipeline__A_VpP__mfcc__openface__bilstm_mean__frozen_val_seed42  (split=split_labels_train_ternary_frozen.csv, seed=42)
  - pipeline__A_VpP__mfcc__openface__bilstm_mean__frozen_val_seed3407  (split=split_labels_train_ternary_frozen.csv, seed=3407)
  - pipeline__A_VpP__mfcc__openface__bilstm_mean__frozen_val_seed2026  (split=split_labels_train_ternary_frozen.csv, seed=2026)
  - pipeline__A_VpP__opensmile__resnet__bilstm_mean__frozen_val_seed42  (split=split_labels_train_ternary_frozen.csv, seed=42)
  - pipeline__A_VpP__opensmile__resnet__bilstm_mean__frozen_val_seed3407  (split=split_labels_train_ternary_frozen.csv, seed=3407)
  - pipeline__A_VpP__opensmile__resnet__bilstm_mean__frozen_val_seed2026  (split=split_labels_train_ternary_frozen.csv, seed=2026)
  - pipeline__A_VpP__opensmile__densenet__bilstm_mean__frozen_val_seed42  (split=split_labels_train_ternary_frozen.csv, seed=42)
  - pipeline__A_VpP__opensmile__densenet__bilstm_mean__frozen_val_seed3407  (split=split_labels_train_ternary_frozen.csv, seed=3407)
  - pipeline__A_VpP__opensmile__densenet__bilstm_mean__frozen_val_seed2026  (split=split_labels_train_ternary_frozen.csv, seed=2026)
  - pipeline__A_VpP__opensmile__openface__bilstm_mean__frozen_val_seed42  (split=split_labels_train_ternary_frozen.csv, seed=42)
  - pipeline__A_VpP__opensmile__openface__bilstm_mean__frozen_val_seed3407  (split=split_labels_train_ternary_frozen.csv, seed=3407)
  - pipeline__A_VpP__opensmile__openface__bilstm_mean__frozen_val_seed2026  (split=split_labels_train_ternary_frozen.csv, seed=2026)
  - pipeline__A_VpP__wav2vec__resnet__bilstm_mean__frozen_val_seed42  (split=split_labels_train_ternary_frozen.csv, seed=42)
  - pipeline__A_VpP__wav2vec__resnet__bilstm_mean__frozen_val_seed3407  (split=split_labels_train_ternary_frozen.csv, seed=3407)
  - pipeline__A_VpP__wav2vec__resnet__bilstm_mean__frozen_val_seed2026  (split=split_labels_train_ternary_frozen.csv, seed=2026)
  - pipeline__A_VpP__wav2vec__densenet__bilstm_mean__frozen_val_seed42  (split=split_labels_train_ternary_frozen.csv, seed=42)
  - pipeline__A_VpP__wav2vec__densenet__bilstm_mean__frozen_val_seed3407  (split=split_labels_train_ternary_frozen.csv, seed=3407)
  - pipeline__A_VpP__wav2vec__densenet__bilstm_mean__frozen_val_seed2026  (split=split_labels_train_ternary_frozen.csv, seed=2026)
  - pipeline__A_VpP__wav2vec__openface__bilstm_mean__frozen_val_seed42  (split=split_labels_train_ternary_frozen.csv, seed=42)
  - pipeline__A_VpP__wav2vec__openface__bilstm_mean__frozen_val_seed3407  (split=split_labels_train_ternary_frozen.csv, seed=3407)
  - pipeline__A_VpP__wav2vec__openface__bilstm_mean__frozen_val_seed2026  (split=split_labels_train_ternary_frozen.csv, seed=2026)
  - pipeline__A_V_GpP__mfcc__resnet__bilstm_mean__frozen_val_seed42  (split=split_labels_train_ternary_frozen.csv, seed=42)
  - pipeline__A_V_GpP__mfcc__resnet__bilstm_mean__frozen_val_seed3407  (split=split_labels_train_ternary_frozen.csv, seed=3407)
  - pipeline__A_V_GpP__mfcc__resnet__bilstm_mean__frozen_val_seed2026  (split=split_labels_train_ternary_frozen.csv, seed=2026)
  - pipeline__A_V_GpP__mfcc__densenet__bilstm_mean__frozen_val_seed42  (split=split_labels_train_ternary_frozen.csv, seed=42)
  - pipeline__A_V_GpP__mfcc__densenet__bilstm_mean__frozen_val_seed3407  (split=split_labels_train_ternary_frozen.csv, seed=3407)
  - pipeline__A_V_GpP__mfcc__densenet__bilstm_mean__frozen_val_seed2026  (split=split_labels_train_ternary_frozen.csv, seed=2026)
  - pipeline__A_V_GpP__mfcc__openface__bilstm_mean__frozen_val_seed42  (split=split_labels_train_ternary_frozen.csv, seed=42)
  - pipeline__A_V_GpP__mfcc__openface__bilstm_mean__frozen_val_seed3407  (split=split_labels_train_ternary_frozen.csv, seed=3407)
  - pipeline__A_V_GpP__mfcc__openface__bilstm_mean__frozen_val_seed2026  (split=split_labels_train_ternary_frozen.csv, seed=2026)
  - pipeline__A_V_GpP__opensmile__resnet__bilstm_mean__frozen_val_seed42  (split=split_labels_train_ternary_frozen.csv, seed=42)
  - pipeline__A_V_GpP__opensmile__resnet__bilstm_mean__frozen_val_seed3407  (split=split_labels_train_ternary_frozen.csv, seed=3407)
  - pipeline__A_V_GpP__opensmile__resnet__bilstm_mean__frozen_val_seed2026  (split=split_labels_train_ternary_frozen.csv, seed=2026)
  - pipeline__A_V_GpP__opensmile__densenet__bilstm_mean__frozen_val_seed42  (split=split_labels_train_ternary_frozen.csv, seed=42)
  - pipeline__A_V_GpP__opensmile__densenet__bilstm_mean__frozen_val_seed3407  (split=split_labels_train_ternary_frozen.csv, seed=3407)
  - pipeline__A_V_GpP__opensmile__densenet__bilstm_mean__frozen_val_seed2026  (split=split_labels_train_ternary_frozen.csv, seed=2026)
  - pipeline__A_V_GpP__opensmile__openface__bilstm_mean__frozen_val_seed42  (split=split_labels_train_ternary_frozen.csv, seed=42)
  - pipeline__A_V_GpP__opensmile__openface__bilstm_mean__frozen_val_seed3407  (split=split_labels_train_ternary_frozen.csv, seed=3407)
  - pipeline__A_V_GpP__opensmile__openface__bilstm_mean__frozen_val_seed2026  (split=split_labels_train_ternary_frozen.csv, seed=2026)
  - pipeline__A_V_GpP__wav2vec__resnet__bilstm_mean__frozen_val_seed42  (split=split_labels_train_ternary_frozen.csv, seed=42)
  - pipeline__A_V_GpP__wav2vec__resnet__bilstm_mean__frozen_val_seed3407  (split=split_labels_train_ternary_frozen.csv, seed=3407)
  - pipeline__A_V_GpP__wav2vec__resnet__bilstm_mean__frozen_val_seed2026  (split=split_labels_train_ternary_frozen.csv, seed=2026)
  - pipeline__A_V_GpP__wav2vec__densenet__bilstm_mean__frozen_val_seed42  (split=split_labels_train_ternary_frozen.csv, seed=42)
  - pipeline__A_V_GpP__wav2vec__densenet__bilstm_mean__frozen_val_seed3407  (split=split_labels_train_ternary_frozen.csv, seed=3407)
  - pipeline__A_V_GpP__wav2vec__densenet__bilstm_mean__frozen_val_seed2026  (split=split_labels_train_ternary_frozen.csv, seed=2026)
  - pipeline__A_V_GpP__wav2vec__openface__bilstm_mean__frozen_val_seed42  (split=split_labels_train_ternary_frozen.csv, seed=42)
  - pipeline__A_V_GpP__wav2vec__openface__bilstm_mean__frozen_val_seed3407  (split=split_labels_train_ternary_frozen.csv, seed=3407)
  - pipeline__A_V_GpP__wav2vec__openface__bilstm_mean__frozen_val_seed2026  (split=split_labels_train_ternary_frozen.csv, seed=2026)

  === GpP__mfcc__resnet__bilstm_mean ===
    runs=3  collapse=2
       acc: mean=+0.593  std=0.128  range=[+0.444, +0.667]
        f1: mean=+0.283  std=0.028  range=[+0.267, +0.315]
     kappa: mean=+0.014  std=0.025  range=[+0.000, +0.043]
       ccc: mean=+0.007  std=0.016  range=[-0.005, +0.026]
      rmse: mean=+0.887  std=0.107  range=[+0.819, +1.009]
       mae: mean=+0.737  std=0.074  range=[+0.688, +0.822]
    recall_per_class_mean: [0.83 0.00 0.33]
    recall_per_class_min:  [0.50 0.00 0.00]  <-- worst-case across runs

  === A_VpP__mfcc__resnet__bilstm_mean ===
    runs=3  collapse=1
       acc: mean=+0.667  std=0.000  range=[+0.667, +0.667]
        f1: mean=+0.279  std=0.011  range=[+0.267, +0.286]
     kappa: mean=+0.086  std=0.074  range=[+0.000, +0.129]
       ccc: mean=+0.139  std=0.138  range=[-0.010, +0.260]
      rmse: mean=+0.774  std=0.040  range=[+0.732, +0.812]
       mae: mean=+0.622  std=0.040  range=[+0.584, +0.663]
    recall_per_class_mean: [1.00 0.00 0.00]
    recall_per_class_min:  [1.00 0.00 0.00]  <-- worst-case across runs

  === A_VpP__mfcc__densenet__bilstm_mean ===
    runs=3  collapse=3
       acc: mean=+0.667  std=0.000  range=[+0.667, +0.667]
        f1: mean=+0.267  std=0.000  range=[+0.267, +0.267]
     kappa: mean=+0.000  std=0.000  range=[+0.000, +0.000]
       ccc: mean=+0.005  std=0.009  range=[-0.004, +0.015]
      rmse: mean=+0.775  std=0.005  range=[+0.772, +0.781]
       mae: mean=+0.658  std=0.005  range=[+0.654, +0.664]
    recall_per_class_mean: [1.00 0.00 0.00]
    recall_per_class_min:  [1.00 0.00 0.00]  <-- worst-case across runs

  === A_VpP__mfcc__openface__bilstm_mean ===
    runs=3  collapse=0
       acc: mean=+0.667  std=0.000  range=[+0.667, +0.667]
        f1: mean=+0.453  std=0.007  range=[+0.444, +0.457]
     kappa: mean=+0.392  std=0.058  range=[+0.325, +0.426]
       ccc: mean=+0.440  std=0.163  range=[+0.262, +0.580]
      rmse: mean=+0.702  std=0.067  range=[+0.645, +0.776]
       mae: mean=+0.557  std=0.078  range=[+0.467, +0.605]
    recall_per_class_mean: [0.72 0.83 0.00]
    recall_per_class_min:  [0.67 0.50 0.00]  <-- worst-case across runs

  === A_VpP__opensmile__resnet__bilstm_mean ===
    runs=3  collapse=2
       acc: mean=+0.667  std=0.000  range=[+0.667, +0.667]
        f1: mean=+0.273  std=0.011  range=[+0.267, +0.286]
     kappa: mean=+0.043  std=0.074  range=[+0.000, +0.129]
       ccc: mean=-0.023  std=0.034  range=[-0.062, -0.002]
      rmse: mean=+0.826  std=0.072  range=[+0.779, +0.909]
       mae: mean=+0.701  std=0.051  range=[+0.669, +0.760]
    recall_per_class_mean: [1.00 0.00 0.00]
    recall_per_class_min:  [1.00 0.00 0.00]  <-- worst-case across runs

  === A_VpP__opensmile__densenet__bilstm_mean ===
    runs=3  collapse=3
       acc: mean=+0.667  std=0.000  range=[+0.667, +0.667]
        f1: mean=+0.267  std=0.000  range=[+0.267, +0.267]
     kappa: mean=+0.000  std=0.000  range=[+0.000, +0.000]
       ccc: mean=+0.005  std=0.010  range=[-0.002, +0.016]
      rmse: mean=+0.789  std=0.009  range=[+0.779, +0.796]
       mae: mean=+0.673  std=0.006  range=[+0.667, +0.679]
    recall_per_class_mean: [1.00 0.00 0.00]
    recall_per_class_min:  [1.00 0.00 0.00]  <-- worst-case across runs

  === A_VpP__opensmile__openface__bilstm_mean ===
    runs=3  collapse=0
       acc: mean=+0.667  std=0.000  range=[+0.667, +0.667]
        f1: mean=+0.449  std=0.007  range=[+0.444, +0.457]
     kappa: mean=+0.359  std=0.058  range=[+0.325, +0.426]
       ccc: mean=+0.332  std=0.199  range=[+0.103, +0.449]
      rmse: mean=+0.750  std=0.132  range=[+0.665, +0.902]
       mae: mean=+0.572  std=0.125  range=[+0.484, +0.715]
    recall_per_class_mean: [0.78 0.67 0.00]
    recall_per_class_min:  [0.67 0.50 0.00]  <-- worst-case across runs

  === A_VpP__wav2vec__resnet__bilstm_mean ===
    runs=3  collapse=2
       acc: mean=+0.667  std=0.000  range=[+0.667, +0.667]
        f1: mean=+0.315  std=0.083  range=[+0.267, +0.411]
     kappa: mean=+0.103  std=0.178  range=[+0.000, +0.308]
       ccc: mean=+0.058  std=0.096  range=[-0.006, +0.169]
      rmse: mean=+0.773  std=0.005  range=[+0.767, +0.777]
       mae: mean=+0.631  std=0.039  range=[+0.586, +0.656]
    recall_per_class_mean: [0.94 0.17 0.00]
    recall_per_class_min:  [0.83 0.00 0.00]  <-- worst-case across runs

  === A_VpP__wav2vec__densenet__bilstm_mean ===
    runs=3  collapse=3
       acc: mean=+0.667  std=0.000  range=[+0.667, +0.667]
        f1: mean=+0.267  std=0.000  range=[+0.267, +0.267]
     kappa: mean=+0.000  std=0.000  range=[+0.000, +0.000]
       ccc: mean=+0.013  std=0.009  range=[+0.003, +0.019]
      rmse: mean=+0.777  std=0.013  range=[+0.769, +0.792]
       mae: mean=+0.657  std=0.009  range=[+0.650, +0.667]
    recall_per_class_mean: [1.00 0.00 0.00]
    recall_per_class_min:  [1.00 0.00 0.00]  <-- worst-case across runs

  === A_VpP__wav2vec__openface__bilstm_mean ===
    runs=3  collapse=0
       acc: mean=+0.667  std=0.000  range=[+0.667, +0.667]
        f1: mean=+0.439  std=0.017  range=[+0.423, +0.457]
     kappa: mean=+0.347  std=0.104  range=[+0.229, +0.426]
       ccc: mean=+0.454  std=0.205  range=[+0.230, +0.631]
      rmse: mean=+0.682  std=0.153  range=[+0.580, +0.858]
       mae: mean=+0.542  std=0.124  range=[+0.442, +0.680]
    recall_per_class_mean: [0.78 0.67 0.00]
    recall_per_class_min:  [0.67 0.50 0.00]  <-- worst-case across runs

  === A_V_GpP__mfcc__resnet__bilstm_mean ===
    runs=3  collapse=3
       acc: mean=+0.667  std=0.000  range=[+0.667, +0.667]
        f1: mean=+0.267  std=0.000  range=[+0.267, +0.267]
     kappa: mean=+0.000  std=0.000  range=[+0.000, +0.000]
       ccc: mean=-0.008  std=0.012  range=[-0.017, +0.006]
      rmse: mean=+0.786  std=0.022  range=[+0.770, +0.811]
       mae: mean=+0.662  std=0.015  range=[+0.653, +0.679]
    recall_per_class_mean: [1.00 0.00 0.00]
    recall_per_class_min:  [1.00 0.00 0.00]  <-- worst-case across runs

  === A_V_GpP__mfcc__densenet__bilstm_mean ===
    runs=3  collapse=1
       acc: mean=+0.630  std=0.064  range=[+0.556, +0.667]
        f1: mean=+0.348  std=0.078  range=[+0.267, +0.423]
     kappa: mean=+0.102  std=0.116  range=[+0.000, +0.229]
       ccc: mean=-0.107  std=0.106  range=[-0.203, +0.006]
      rmse: mean=+0.851  std=0.091  range=[+0.769, +0.950]
       mae: mean=+0.708  std=0.068  range=[+0.654, +0.784]
    recall_per_class_mean: [0.83 0.33 0.00]
    recall_per_class_min:  [0.67 0.00 0.00]  <-- worst-case across runs

  === A_V_GpP__mfcc__openface__bilstm_mean ===
    runs=3  collapse=0
       acc: mean=+0.630  std=0.064  range=[+0.556, +0.667]
        f1: mean=+0.427  std=0.024  range=[+0.400, +0.444]
     kappa: mean=+0.326  std=0.061  range=[+0.265, +0.386]
       ccc: mean=+0.514  std=0.091  range=[+0.410, +0.576]
      rmse: mean=+0.691  std=0.136  range=[+0.600, +0.848]
       mae: mean=+0.562  std=0.105  range=[+0.479, +0.681]
    recall_per_class_mean: [0.78 0.50 0.00]
    recall_per_class_min:  [0.67 0.50 0.00]  <-- worst-case across runs

  === A_V_GpP__opensmile__resnet__bilstm_mean ===
    runs=3  collapse=2
       acc: mean=+0.704  std=0.064  range=[+0.667, +0.778]
        f1: mean=+0.384  std=0.203  range=[+0.267, +0.619]
     kappa: mean=+0.146  std=0.253  range=[+0.000, +0.438]
       ccc: mean=+0.102  std=0.175  range=[-0.011, +0.303]
      rmse: mean=+0.782  std=0.018  range=[+0.769, +0.802]
       mae: mean=+0.651  std=0.003  range=[+0.649, +0.655]
    recall_per_class_mean: [1.00 0.00 0.33]
    recall_per_class_min:  [1.00 0.00 0.00]  <-- worst-case across runs

  === A_V_GpP__opensmile__densenet__bilstm_mean ===
    runs=3  collapse=3
       acc: mean=+0.667  std=0.000  range=[+0.667, +0.667]
        f1: mean=+0.267  std=0.000  range=[+0.267, +0.267]
     kappa: mean=+0.000  std=0.000  range=[+0.000, +0.000]
       ccc: mean=+0.005  std=0.021  range=[-0.017, +0.025]
      rmse: mean=+0.772  std=0.007  range=[+0.764, +0.779]
       mae: mean=+0.651  std=0.007  range=[+0.643, +0.657]
    recall_per_class_mean: [1.00 0.00 0.00]
    recall_per_class_min:  [1.00 0.00 0.00]  <-- worst-case across runs

  === A_V_GpP__opensmile__openface__bilstm_mean ===
    runs=3  collapse=0
       acc: mean=+0.667  std=0.000  range=[+0.667, +0.667]
        f1: mean=+0.432  std=0.008  range=[+0.423, +0.436]
     kappa: mean=+0.334  std=0.091  range=[+0.229, +0.386]
       ccc: mean=+0.477  std=0.190  range=[+0.265, +0.634]
      rmse: mean=+0.662  std=0.043  range=[+0.622, +0.707]
       mae: mean=+0.515  std=0.052  range=[+0.457, +0.559]
    recall_per_class_mean: [0.83 0.50 0.00]
    recall_per_class_min:  [0.83 0.50 0.00]  <-- worst-case across runs

  === A_V_GpP__wav2vec__resnet__bilstm_mean ===
    runs=3  collapse=1
       acc: mean=+0.704  std=0.064  range=[+0.667, +0.778]
        f1: mean=+0.353  std=0.134  range=[+0.267, +0.508]
     kappa: mean=+0.183  std=0.215  range=[+0.000, +0.419]
       ccc: mean=+0.129  std=0.113  range=[+0.008, +0.230]
      rmse: mean=+0.808  std=0.063  range=[+0.769, +0.881]
       mae: mean=+0.669  std=0.024  range=[+0.647, +0.695]
    recall_per_class_mean: [1.00 0.17 0.00]
    recall_per_class_min:  [1.00 0.00 0.00]  <-- worst-case across runs

  === A_V_GpP__wav2vec__densenet__bilstm_mean ===
    runs=3  collapse=1
       acc: mean=+0.667  std=0.000  range=[+0.667, +0.667]
        f1: mean=+0.325  std=0.085  range=[+0.267, +0.423]
     kappa: mean=+0.128  std=0.117  range=[+0.000, +0.229]
       ccc: mean=-0.012  std=0.064  range=[-0.085, +0.037]
      rmse: mean=+0.901  std=0.090  range=[+0.798, +0.964]
       mae: mean=+0.743  std=0.057  range=[+0.677, +0.779]
    recall_per_class_mean: [0.94 0.17 0.00]
    recall_per_class_min:  [0.83 0.00 0.00]  <-- worst-case across runs

  === A_V_GpP__wav2vec__openface__bilstm_mean ===
    runs=3  collapse=0
       acc: mean=+0.667  std=0.000  range=[+0.667, +0.667]
        f1: mean=+0.431  std=0.017  range=[+0.411, +0.444]
     kappa: mean=+0.340  std=0.041  range=[+0.308, +0.386]
       ccc: mean=+0.397  std=0.033  range=[+0.366, +0.431]
      rmse: mean=+0.710  std=0.027  range=[+0.679, +0.731]
       mae: mean=+0.563  std=0.029  range=[+0.530, +0.583]
    recall_per_class_mean: [0.83 0.50 0.00]
    recall_per_class_min:  [0.83 0.50 0.00]  <-- worst-case across runs

[pipeline] aggregate -> /home/niutao/data/code/MPDD-AVG-2026-newmain/experiments/grid_baseline/aggregate_Track1_ternary_grid_2026-05-15-22.54.08.json
[pipeline] grid CSV -> /home/niutao/data/code/MPDD-AVG-2026-newmain/experiments/grid_baseline/grid_summary_Track1_ternary_2026-05-15-22.54.08.csv
