[pipeline] mode=grid task=binary track=Track2
[pipeline] fixed hyperparams: {'epochs': '140', 'batch_size': '4', 'lr': '8e-5', 'weight_decay': '1e-5', 'hidden_dim': '128', 'dropout': '0.45', 'patience': '35', 'min_delta': '1e-4', 'target_t': '128', 'val_ratio': '0.1'}
[pipeline] runs=57 gpus=[1, 1, 1, 4, 4, 4, 5, 5, 5, 7, 7, 7]
  - pipeline__GpP__mfcc__resnet__bilstm_mean__frozen_val_seed42  (split=split_labels_train_binary_frozen.csv, seed=42)
  - pipeline__GpP__mfcc__resnet__bilstm_mean__frozen_val_seed3407  (split=split_labels_train_binary_frozen.csv, seed=3407)
  - pipeline__GpP__mfcc__resnet__bilstm_mean__frozen_val_seed2026  (split=split_labels_train_binary_frozen.csv, seed=2026)
  - pipeline__A_VpP__mfcc__resnet__bilstm_mean__frozen_val_seed42  (split=split_labels_train_binary_frozen.csv, seed=42)
  - pipeline__A_VpP__mfcc__resnet__bilstm_mean__frozen_val_seed3407  (split=split_labels_train_binary_frozen.csv, seed=3407)
  - pipeline__A_VpP__mfcc__resnet__bilstm_mean__frozen_val_seed2026  (split=split_labels_train_binary_frozen.csv, seed=2026)
  - pipeline__A_VpP__mfcc__densenet__bilstm_mean__frozen_val_seed42  (split=split_labels_train_binary_frozen.csv, seed=42)
  - pipeline__A_VpP__mfcc__densenet__bilstm_mean__frozen_val_seed3407  (split=split_labels_train_binary_frozen.csv, seed=3407)
  - pipeline__A_VpP__mfcc__densenet__bilstm_mean__frozen_val_seed2026  (split=split_labels_train_binary_frozen.csv, seed=2026)
  - pipeline__A_VpP__mfcc__openface__bilstm_mean__frozen_val_seed42  (split=split_labels_train_binary_frozen.csv, seed=42)
  - pipeline__A_VpP__mfcc__openface__bilstm_mean__frozen_val_seed3407  (split=split_labels_train_binary_frozen.csv, seed=3407)
  - pipeline__A_VpP__mfcc__openface__bilstm_mean__frozen_val_seed2026  (split=split_labels_train_binary_frozen.csv, seed=2026)
  - pipeline__A_VpP__opensmile__resnet__bilstm_mean__frozen_val_seed42  (split=split_labels_train_binary_frozen.csv, seed=42)
  - pipeline__A_VpP__opensmile__resnet__bilstm_mean__frozen_val_seed3407  (split=split_labels_train_binary_frozen.csv, seed=3407)
  - pipeline__A_VpP__opensmile__resnet__bilstm_mean__frozen_val_seed2026  (split=split_labels_train_binary_frozen.csv, seed=2026)
  - pipeline__A_VpP__opensmile__densenet__bilstm_mean__frozen_val_seed42  (split=split_labels_train_binary_frozen.csv, seed=42)
  - pipeline__A_VpP__opensmile__densenet__bilstm_mean__frozen_val_seed3407  (split=split_labels_train_binary_frozen.csv, seed=3407)
  - pipeline__A_VpP__opensmile__densenet__bilstm_mean__frozen_val_seed2026  (split=split_labels_train_binary_frozen.csv, seed=2026)
  - pipeline__A_VpP__opensmile__openface__bilstm_mean__frozen_val_seed42  (split=split_labels_train_binary_frozen.csv, seed=42)
  - pipeline__A_VpP__opensmile__openface__bilstm_mean__frozen_val_seed3407  (split=split_labels_train_binary_frozen.csv, seed=3407)
  - pipeline__A_VpP__opensmile__openface__bilstm_mean__frozen_val_seed2026  (split=split_labels_train_binary_frozen.csv, seed=2026)
  - pipeline__A_VpP__wav2vec__resnet__bilstm_mean__frozen_val_seed42  (split=split_labels_train_binary_frozen.csv, seed=42)
  - pipeline__A_VpP__wav2vec__resnet__bilstm_mean__frozen_val_seed3407  (split=split_labels_train_binary_frozen.csv, seed=3407)
  - pipeline__A_VpP__wav2vec__resnet__bilstm_mean__frozen_val_seed2026  (split=split_labels_train_binary_frozen.csv, seed=2026)
  - pipeline__A_VpP__wav2vec__densenet__bilstm_mean__frozen_val_seed42  (split=split_labels_train_binary_frozen.csv, seed=42)
  - pipeline__A_VpP__wav2vec__densenet__bilstm_mean__frozen_val_seed3407  (split=split_labels_train_binary_frozen.csv, seed=3407)
  - pipeline__A_VpP__wav2vec__densenet__bilstm_mean__frozen_val_seed2026  (split=split_labels_train_binary_frozen.csv, seed=2026)
  - pipeline__A_VpP__wav2vec__openface__bilstm_mean__frozen_val_seed42  (split=split_labels_train_binary_frozen.csv, seed=42)
  - pipeline__A_VpP__wav2vec__openface__bilstm_mean__frozen_val_seed3407  (split=split_labels_train_binary_frozen.csv, seed=3407)
  - pipeline__A_VpP__wav2vec__openface__bilstm_mean__frozen_val_seed2026  (split=split_labels_train_binary_frozen.csv, seed=2026)
  - pipeline__A_V_GpP__mfcc__resnet__bilstm_mean__frozen_val_seed42  (split=split_labels_train_binary_frozen.csv, seed=42)
  - pipeline__A_V_GpP__mfcc__resnet__bilstm_mean__frozen_val_seed3407  (split=split_labels_train_binary_frozen.csv, seed=3407)
  - pipeline__A_V_GpP__mfcc__resnet__bilstm_mean__frozen_val_seed2026  (split=split_labels_train_binary_frozen.csv, seed=2026)
  - pipeline__A_V_GpP__mfcc__densenet__bilstm_mean__frozen_val_seed42  (split=split_labels_train_binary_frozen.csv, seed=42)
  - pipeline__A_V_GpP__mfcc__densenet__bilstm_mean__frozen_val_seed3407  (split=split_labels_train_binary_frozen.csv, seed=3407)
  - pipeline__A_V_GpP__mfcc__densenet__bilstm_mean__frozen_val_seed2026  (split=split_labels_train_binary_frozen.csv, seed=2026)
  - pipeline__A_V_GpP__mfcc__openface__bilstm_mean__frozen_val_seed42  (split=split_labels_train_binary_frozen.csv, seed=42)
  - pipeline__A_V_GpP__mfcc__openface__bilstm_mean__frozen_val_seed3407  (split=split_labels_train_binary_frozen.csv, seed=3407)
  - pipeline__A_V_GpP__mfcc__openface__bilstm_mean__frozen_val_seed2026  (split=split_labels_train_binary_frozen.csv, seed=2026)
  - pipeline__A_V_GpP__opensmile__resnet__bilstm_mean__frozen_val_seed42  (split=split_labels_train_binary_frozen.csv, seed=42)
  - pipeline__A_V_GpP__opensmile__resnet__bilstm_mean__frozen_val_seed3407  (split=split_labels_train_binary_frozen.csv, seed=3407)
  - pipeline__A_V_GpP__opensmile__resnet__bilstm_mean__frozen_val_seed2026  (split=split_labels_train_binary_frozen.csv, seed=2026)
  - pipeline__A_V_GpP__opensmile__densenet__bilstm_mean__frozen_val_seed42  (split=split_labels_train_binary_frozen.csv, seed=42)
  - pipeline__A_V_GpP__opensmile__densenet__bilstm_mean__frozen_val_seed3407  (split=split_labels_train_binary_frozen.csv, seed=3407)
  - pipeline__A_V_GpP__opensmile__densenet__bilstm_mean__frozen_val_seed2026  (split=split_labels_train_binary_frozen.csv, seed=2026)
  - pipeline__A_V_GpP__opensmile__openface__bilstm_mean__frozen_val_seed42  (split=split_labels_train_binary_frozen.csv, seed=42)
  - pipeline__A_V_GpP__opensmile__openface__bilstm_mean__frozen_val_seed3407  (split=split_labels_train_binary_frozen.csv, seed=3407)
  - pipeline__A_V_GpP__opensmile__openface__bilstm_mean__frozen_val_seed2026  (split=split_labels_train_binary_frozen.csv, seed=2026)
  - pipeline__A_V_GpP__wav2vec__resnet__bilstm_mean__frozen_val_seed42  (split=split_labels_train_binary_frozen.csv, seed=42)
  - pipeline__A_V_GpP__wav2vec__resnet__bilstm_mean__frozen_val_seed3407  (split=split_labels_train_binary_frozen.csv, seed=3407)
  - pipeline__A_V_GpP__wav2vec__resnet__bilstm_mean__frozen_val_seed2026  (split=split_labels_train_binary_frozen.csv, seed=2026)
  - pipeline__A_V_GpP__wav2vec__densenet__bilstm_mean__frozen_val_seed42  (split=split_labels_train_binary_frozen.csv, seed=42)
  - pipeline__A_V_GpP__wav2vec__densenet__bilstm_mean__frozen_val_seed3407  (split=split_labels_train_binary_frozen.csv, seed=3407)
  - pipeline__A_V_GpP__wav2vec__densenet__bilstm_mean__frozen_val_seed2026  (split=split_labels_train_binary_frozen.csv, seed=2026)
  - pipeline__A_V_GpP__wav2vec__openface__bilstm_mean__frozen_val_seed42  (split=split_labels_train_binary_frozen.csv, seed=42)
  - pipeline__A_V_GpP__wav2vec__openface__bilstm_mean__frozen_val_seed3407  (split=split_labels_train_binary_frozen.csv, seed=3407)
  - pipeline__A_V_GpP__wav2vec__openface__bilstm_mean__frozen_val_seed2026  (split=split_labels_train_binary_frozen.csv, seed=2026)

  === GpP__mfcc__resnet__bilstm_mean ===
    runs=3  collapse=0
       acc: mean=+0.741  std=0.064  range=[+0.667, +0.778]
        f1: mean=+0.731  std=0.057  range=[+0.667, +0.775]
     kappa: mean=+0.473  std=0.114  range=[+0.341, +0.550]
       ccc: mean=+0.007  std=0.010  range=[-0.005, +0.016]
      rmse: mean=+0.741  std=0.003  range=[+0.738, +0.744]
       mae: mean=+0.580  std=0.004  range=[+0.576, +0.585]
    recall_per_class_mean: [0.80 0.67]
    recall_per_class_min:  [0.60 0.50]  <-- worst-case across runs

  === A_VpP__mfcc__resnet__bilstm_mean ===
    runs=3  collapse=0
       acc: mean=+0.667  std=0.111  range=[+0.556, +0.778]
        f1: mean=+0.664  std=0.113  range=[+0.550, +0.775]
     kappa: mean=+0.345  std=0.204  range=[+0.143, +0.550]
       ccc: mean=-0.106  std=0.135  range=[-0.227, +0.040]
      rmse: mean=+0.840  std=0.030  range=[+0.805, +0.861]
       mae: mean=+0.609  std=0.014  range=[+0.601, +0.624]
    recall_per_class_mean: [0.60 0.75]
    recall_per_class_min:  [0.40 0.75]  <-- worst-case across runs

  === A_VpP__mfcc__densenet__bilstm_mean ===
    runs=3  collapse=0
       acc: mean=+0.519  std=0.064  range=[+0.444, +0.556]
        f1: mean=+0.505  std=0.078  range=[+0.416, +0.550]
     kappa: mean=+0.080  std=0.109  range=[-0.047, +0.143]
       ccc: mean=+0.038  std=0.073  range=[-0.008, +0.122]
      rmse: mean=+0.738  std=0.017  range=[+0.718, +0.750]
       mae: mean=+0.589  std=0.005  range=[+0.586, +0.595]
    recall_per_class_mean: [0.33 0.75]
    recall_per_class_min:  [0.20 0.75]  <-- worst-case across runs

  === A_VpP__mfcc__openface__bilstm_mean ===
    runs=3  collapse=0
       acc: mean=+0.593  std=0.064  range=[+0.556, +0.667]
        f1: mean=+0.572  std=0.086  range=[+0.500, +0.667]
     kappa: mean=+0.222  std=0.105  range=[+0.143, +0.341]
       ccc: mean=-0.096  std=0.080  range=[-0.172, -0.013]
      rmse: mean=+0.821  std=0.074  range=[+0.765, +0.905]
       mae: mean=+0.637  std=0.044  range=[+0.589, +0.673]
    recall_per_class_mean: [0.40 0.83]
    recall_per_class_min:  [0.20 0.75]  <-- worst-case across runs

  === A_VpP__opensmile__resnet__bilstm_mean ===
    runs=3  collapse=0
       acc: mean=+0.741  std=0.128  range=[+0.667, +0.889]
        f1: mean=+0.741  std=0.128  range=[+0.667, +0.889]
     kappa: mean=+0.488  std=0.253  range=[+0.341, +0.780]
       ccc: mean=-0.077  std=0.080  range=[-0.156, +0.004]
      rmse: mean=+0.792  std=0.058  range=[+0.740, +0.855]
       mae: mean=+0.590  std=0.013  range=[+0.581, +0.604]
    recall_per_class_mean: [0.67 0.83]
    recall_per_class_min:  [0.60 0.75]  <-- worst-case across runs

  === A_VpP__opensmile__densenet__bilstm_mean ===
    runs=3  collapse=0
       acc: mean=+0.704  std=0.064  range=[+0.667, +0.778]
        f1: mean=+0.648  std=0.110  range=[+0.585, +0.775]
     kappa: mean=+0.364  std=0.162  range=[+0.270, +0.550]
       ccc: mean=+0.006  std=0.009  range=[-0.004, +0.012]
      rmse: mean=+0.742  std=0.005  range=[+0.737, +0.747]
       mae: mean=+0.585  std=0.002  range=[+0.583, +0.586]
    recall_per_class_mean: [0.93 0.42]
    recall_per_class_min:  [0.80 0.25]  <-- worst-case across runs

  === A_VpP__opensmile__openface__bilstm_mean ===
    runs=3  collapse=0
       acc: mean=+0.593  std=0.064  range=[+0.556, +0.667]
        f1: mean=+0.545  std=0.043  range=[+0.500, +0.585]
     kappa: mean=+0.198  std=0.065  range=[+0.143, +0.270]
       ccc: mean=-0.022  std=0.017  range=[-0.034, -0.002]
      rmse: mean=+0.761  std=0.023  range=[+0.743, +0.787]
       mae: mean=+0.612  std=0.043  range=[+0.579, +0.660]
    recall_per_class_mean: [0.53 0.67]
    recall_per_class_min:  [0.20 0.25]  <-- worst-case across runs

  === A_VpP__wav2vec__resnet__bilstm_mean ===
    runs=3  collapse=0
       acc: mean=+0.667  std=0.111  range=[+0.556, +0.778]
        f1: mean=+0.664  std=0.113  range=[+0.550, +0.775]
     kappa: mean=+0.338  std=0.236  range=[+0.100, +0.571]
       ccc: mean=-0.165  std=0.016  range=[-0.182, -0.151]
      rmse: mean=+0.844  std=0.025  range=[+0.826, +0.872]
       mae: mean=+0.625  std=0.038  range=[+0.591, +0.666]
    recall_per_class_mean: [0.60 0.75]
    recall_per_class_min:  [0.60 0.50]  <-- worst-case across runs

  === A_VpP__wav2vec__densenet__bilstm_mean ===
    runs=3  collapse=0
       acc: mean=+0.630  std=0.064  range=[+0.556, +0.667]
        f1: mean=+0.600  std=0.086  range=[+0.500, +0.649]
     kappa: mean=+0.244  std=0.169  range=[+0.053, +0.372]
       ccc: mean=-0.036  std=0.053  range=[-0.067, +0.025]
      rmse: mean=+0.764  std=0.024  range=[+0.738, +0.784]
       mae: mean=+0.597  std=0.029  range=[+0.578, +0.631]
    recall_per_class_mean: [0.67 0.58]
    recall_per_class_min:  [0.40 0.25]  <-- worst-case across runs

  === A_VpP__wav2vec__openface__bilstm_mean ===
    runs=3  collapse=0
       acc: mean=+0.593  std=0.064  range=[+0.556, +0.667]
        f1: mean=+0.566  std=0.076  range=[+0.500, +0.649]
     kappa: mean=+0.211  std=0.086  range=[+0.143, +0.308]
       ccc: mean=-0.091  std=0.097  range=[-0.202, -0.023]
      rmse: mean=+0.858  std=0.093  range=[+0.756, +0.940]
       mae: mean=+0.674  std=0.083  range=[+0.584, +0.749]
    recall_per_class_mean: [0.47 0.75]
    recall_per_class_min:  [0.20 0.50]  <-- worst-case across runs

  === A_V_GpP__mfcc__resnet__bilstm_mean ===
    runs=3  collapse=0
       acc: mean=+0.704  std=0.064  range=[+0.667, +0.778]
        f1: mean=+0.703  std=0.063  range=[+0.667, +0.775]
     kappa: mean=+0.418  std=0.133  range=[+0.341, +0.571]
       ccc: mean=-0.081  std=0.088  range=[-0.181, -0.016]
      rmse: mean=+0.805  std=0.067  range=[+0.761, +0.883]
       mae: mean=+0.605  std=0.036  range=[+0.579, +0.646]
    recall_per_class_mean: [0.60 0.83]
    recall_per_class_min:  [0.60 0.75]  <-- worst-case across runs

  === A_V_GpP__mfcc__densenet__bilstm_mean ===
    runs=3  collapse=0
       acc: mean=+0.593  std=0.064  range=[+0.556, +0.667]
        f1: mean=+0.562  std=0.020  range=[+0.550, +0.585]
     kappa: mean=+0.185  std=0.074  range=[+0.143, +0.270]
       ccc: mean=+0.048  std=0.066  range=[+0.005, +0.124]
      rmse: mean=+0.764  std=0.037  range=[+0.742, +0.806]
       mae: mean=+0.628  std=0.041  range=[+0.581, +0.657]
    recall_per_class_mean: [0.60 0.58]
    recall_per_class_min:  [0.40 0.25]  <-- worst-case across runs

  === A_V_GpP__mfcc__openface__bilstm_mean ===
    runs=3  collapse=0
       acc: mean=+0.630  std=0.064  range=[+0.556, +0.667]
        f1: mean=+0.611  std=0.096  range=[+0.500, +0.667]
     kappa: mean=+0.288  std=0.092  range=[+0.182, +0.341]
       ccc: mean=-0.125  std=0.046  range=[-0.176, -0.087]
      rmse: mean=+0.916  std=0.116  range=[+0.783, +0.998]
       mae: mean=+0.693  std=0.085  range=[+0.597, +0.757]
    recall_per_class_mean: [0.47 0.83]
    recall_per_class_min:  [0.20 0.75]  <-- worst-case across runs

  === A_V_GpP__opensmile__resnet__bilstm_mean ===
    runs=3  collapse=0
       acc: mean=+0.741  std=0.064  range=[+0.667, +0.778]
        f1: mean=+0.733  std=0.073  range=[+0.649, +0.775]
     kappa: mean=+0.491  std=0.103  range=[+0.372, +0.550]
       ccc: mean=-0.084  std=0.039  range=[-0.120, -0.043]
      rmse: mean=+0.818  std=0.049  range=[+0.763, +0.859]
       mae: mean=+0.598  std=0.029  range=[+0.564, +0.616]
    recall_per_class_mean: [0.67 0.83]
    recall_per_class_min:  [0.40 0.75]  <-- worst-case across runs

  === A_V_GpP__opensmile__densenet__bilstm_mean ===
    runs=3  collapse=0
       acc: mean=+0.593  std=0.064  range=[+0.556, +0.667]
        f1: mean=+0.589  std=0.067  range=[+0.550, +0.667]
     kappa: mean=+0.180  std=0.139  range=[+0.100, +0.341]
       ccc: mean=-0.014  std=0.010  range=[-0.024, -0.004]
      rmse: mean=+0.794  std=0.082  range=[+0.745, +0.888]
       mae: mean=+0.619  std=0.056  range=[+0.585, +0.683]
    recall_per_class_mean: [0.60 0.58]
    recall_per_class_min:  [0.60 0.50]  <-- worst-case across runs

  === A_V_GpP__opensmile__openface__bilstm_mean ===
    runs=3  collapse=0
       acc: mean=+0.667  std=0.000  range=[+0.667, +0.667]
        f1: mean=+0.661  std=0.010  range=[+0.649, +0.667]
     kappa: mean=+0.352  std=0.018  range=[+0.341, +0.372]
       ccc: mean=-0.094  std=0.070  range=[-0.169, -0.031]
      rmse: mean=+0.921  std=0.027  range=[+0.899, +0.951]
       mae: mean=+0.715  std=0.053  range=[+0.667, +0.771]
    recall_per_class_mean: [0.53 0.83]
    recall_per_class_min:  [0.40 0.75]  <-- worst-case across runs

  === A_V_GpP__wav2vec__resnet__bilstm_mean ===
    runs=3  collapse=0
       acc: mean=+0.667  std=0.111  range=[+0.556, +0.778]
        f1: mean=+0.658  std=0.113  range=[+0.550, +0.775]
     kappa: mean=+0.355  std=0.204  range=[+0.143, +0.550]
       ccc: mean=-0.147  std=0.076  range=[-0.219, -0.067]
      rmse: mean=+0.830  std=0.056  range=[+0.769, +0.881]
       mae: mean=+0.626  std=0.031  range=[+0.591, +0.648]
    recall_per_class_mean: [0.53 0.83]
    recall_per_class_min:  [0.40 0.75]  <-- worst-case across runs

  === A_V_GpP__wav2vec__densenet__bilstm_mean ===
    runs=3  collapse=0
       acc: mean=+0.630  std=0.064  range=[+0.556, +0.667]
        f1: mean=+0.600  std=0.086  range=[+0.500, +0.649]
     kappa: mean=+0.244  std=0.169  range=[+0.053, +0.372]
       ccc: mean=-0.009  std=0.007  range=[-0.014, -0.001]
      rmse: mean=+0.746  std=0.002  range=[+0.744, +0.748]
       mae: mean=+0.591  std=0.011  range=[+0.578, +0.599]
    recall_per_class_mean: [0.67 0.58]
    recall_per_class_min:  [0.40 0.25]  <-- worst-case across runs

  === A_V_GpP__wav2vec__openface__bilstm_mean ===
    runs=3  collapse=0
       acc: mean=+0.630  std=0.064  range=[+0.556, +0.667]
        f1: mean=+0.584  std=0.083  range=[+0.500, +0.667]
     kappa: mean=+0.265  std=0.080  range=[+0.182, +0.341]
       ccc: mean=-0.026  std=0.016  range=[-0.038, -0.008]
      rmse: mean=+0.801  std=0.076  range=[+0.754, +0.889]
       mae: mean=+0.629  std=0.063  range=[+0.589, +0.701]
    recall_per_class_mean: [0.60 0.67]
    recall_per_class_min:  [0.20 0.25]  <-- worst-case across runs

[pipeline] aggregate -> /home/niutao/data/code/MPDD-AVG-2026-newmain/experiments/grid_baseline/aggregate_Track2_binary_grid_2026-05-15-22.33.51.json
[pipeline] grid CSV -> /home/niutao/data/code/MPDD-AVG-2026-newmain/experiments/grid_baseline/grid_summary_Track2_binary_2026-05-15-22.33.51.csv
