nohup: ignoring input
[Track1][A-V+P][ternary] audio=mfcc video=resnet seed=42 target_t=128
2026-05-07 11:05:09,356 - INFO - Experiment: track1_elder_final6_avp_ternary_mfcc_resnet_h160
2026-05-07 11:05:09,357 - INFO - Device: cuda
2026-05-07 11:05:09,357 - INFO - Train/Val: 78 / 9
2026-05-07 11:05:16,153 - INFO - Epoch 1/140 | train_loss=2.107817 | val_f1=0.266667 val_acc=0.666667 val_kappa=0.000000 val_ccc=-0.007238 val_rmse=0.605687 val_mae=0.471163
2026-05-07 11:05:20,234 - INFO - Epoch 2/140 | train_loss=1.778115 | val_f1=0.266667 val_acc=0.666667 val_kappa=0.000000 val_ccc=-0.002607 val_rmse=0.782037 val_mae=0.677673
2026-05-07 11:05:23,740 - INFO - Epoch 3/140 | train_loss=1.878313 | val_f1=0.266667 val_acc=0.666667 val_kappa=0.000000 val_ccc=-0.012481 val_rmse=0.521442 val_mae=0.408174
2026-05-07 11:05:27,093 - INFO - Epoch 4/140 | train_loss=1.944445 | val_f1=0.266667 val_acc=0.666667 val_kappa=0.000000 val_ccc=-0.008212 val_rmse=0.655657 val_mae=0.537985
2026-05-07 11:05:30,540 - INFO - Epoch 5/140 | train_loss=1.706607 | val_f1=0.266667 val_acc=0.666667 val_kappa=0.000000 val_ccc=-0.000967 val_rmse=0.769649 val_mae=0.665063
2026-05-07 11:05:33,820 - INFO - Epoch 6/140 | train_loss=1.636983 | val_f1=0.266667 val_acc=0.666667 val_kappa=0.000000 val_ccc=0.003824 val_rmse=0.591016 val_mae=0.452920
2026-05-07 11:05:37,110 - INFO - Epoch 7/140 | train_loss=1.615566 | val_f1=0.266667 val_acc=0.666667 val_kappa=0.000000 val_ccc=0.016961 val_rmse=0.720722 val_mae=0.609136
2026-05-07 11:05:40,801 - INFO - Epoch 8/140 | train_loss=1.282043 | val_f1=0.266667 val_acc=0.666667 val_kappa=0.000000 val_ccc=0.024063 val_rmse=0.885436 val_mae=0.755596
2026-05-07 11:05:44,146 - INFO - Epoch 9/140 | train_loss=0.978841 | val_f1=0.266667 val_acc=0.666667 val_kappa=0.000000 val_ccc=0.084237 val_rmse=0.663432 val_mae=0.536083
2026-05-07 11:05:47,459 - INFO - Epoch 10/140 | train_loss=0.767672 | val_f1=0.266667 val_acc=0.666667 val_kappa=0.000000 val_ccc=0.099594 val_rmse=0.929352 val_mae=0.793677
2026-05-07 11:05:50,732 - INFO - Epoch 11/140 | train_loss=0.582476 | val_f1=0.266667 val_acc=0.666667 val_kappa=0.000000 val_ccc=0.148907 val_rmse=0.725815 val_mae=0.600647
2026-05-07 11:05:54,014 - INFO - Epoch 12/140 | train_loss=0.462171 | val_f1=0.266667 val_acc=0.666667 val_kappa=0.000000 val_ccc=0.203213 val_rmse=0.799769 val_mae=0.667975
2026-05-07 11:05:57,637 - INFO - Epoch 13/140 | train_loss=0.380542 | val_f1=0.641026 val_acc=0.888889 val_kappa=0.742857 val_ccc=0.325712 val_rmse=0.543455 val_mae=0.370908
2026-05-07 11:06:00,918 - INFO - Epoch 14/140 | train_loss=0.342198 | val_f1=0.266667 val_acc=0.666667 val_kappa=0.000000 val_ccc=0.141354 val_rmse=0.801976 val_mae=0.628043
2026-05-07 11:06:04,158 - INFO - Epoch 15/140 | train_loss=0.299123 | val_f1=0.266667 val_acc=0.666667 val_kappa=0.000000 val_ccc=0.051487 val_rmse=1.037821 val_mae=0.916855
2026-05-07 11:06:07,429 - INFO - Epoch 16/140 | train_loss=0.364875 | val_f1=0.266667 val_acc=0.666667 val_kappa=0.000000 val_ccc=0.182574 val_rmse=0.704551 val_mae=0.545283
2026-05-07 11:06:10,664 - INFO - Epoch 17/140 | train_loss=0.162787 | val_f1=0.266667 val_acc=0.666667 val_kappa=0.000000 val_ccc=0.122399 val_rmse=0.903450 val_mae=0.771293
2026-05-07 11:06:13,845 - INFO - Epoch 18/140 | train_loss=0.198315 | val_f1=0.266667 val_acc=0.666667 val_kappa=0.000000 val_ccc=0.224450 val_rmse=0.692175 val_mae=0.555666
2026-05-07 11:06:17,002 - INFO - Epoch 19/140 | train_loss=0.150780 | val_f1=0.266667 val_acc=0.666667 val_kappa=0.000000 val_ccc=0.195353 val_rmse=0.694241 val_mae=0.590867
2026-05-07 11:06:20,120 - INFO - Epoch 20/140 | train_loss=0.137749 | val_f1=0.266667 val_acc=0.666667 val_kappa=0.000000 val_ccc=0.267747 val_rmse=0.685155 val_mae=0.548431
2026-05-07 11:06:23,196 - INFO - Epoch 21/140 | train_loss=0.159035 | val_f1=0.507937 val_acc=0.777778 val_kappa=0.419355 val_ccc=0.259787 val_rmse=0.560907 val_mae=0.410675
2026-05-07 11:06:26,383 - INFO - Epoch 22/140 | train_loss=0.117834 | val_f1=0.266667 val_acc=0.666667 val_kappa=0.000000 val_ccc=0.348459 val_rmse=0.516086 val_mae=0.357565
2026-05-07 11:06:29,513 - INFO - Epoch 23/140 | train_loss=0.153572 | val_f1=0.266667 val_acc=0.666667 val_kappa=0.000000 val_ccc=0.254393 val_rmse=0.625168 val_mae=0.494886
2026-05-07 11:06:32,608 - INFO - Epoch 24/140 | train_loss=0.097842 | val_f1=0.266667 val_acc=0.666667 val_kappa=0.000000 val_ccc=0.239297 val_rmse=0.724748 val_mae=0.574171
2026-05-07 11:06:35,766 - INFO - Epoch 25/140 | train_loss=0.102956 | val_f1=0.507937 val_acc=0.777778 val_kappa=0.419355 val_ccc=0.341106 val_rmse=0.536299 val_mae=0.359715
2026-05-07 11:06:38,895 - INFO - Epoch 26/140 | train_loss=0.119115 | val_f1=0.266667 val_acc=0.666667 val_kappa=0.000000 val_ccc=0.317962 val_rmse=0.552601 val_mae=0.369794
2026-05-07 11:06:42,041 - INFO - Epoch 27/140 | train_loss=0.091794 | val_f1=0.507937 val_acc=0.777778 val_kappa=0.419355 val_ccc=0.315520 val_rmse=0.597985 val_mae=0.417140
2026-05-07 11:06:45,147 - INFO - Epoch 28/140 | train_loss=0.129513 | val_f1=0.266667 val_acc=0.666667 val_kappa=0.000000 val_ccc=0.207557 val_rmse=0.775581 val_mae=0.639620
2026-05-07 11:06:48,213 - INFO - Epoch 29/140 | train_loss=0.135984 | val_f1=0.266667 val_acc=0.666667 val_kappa=0.000000 val_ccc=0.236421 val_rmse=0.645012 val_mae=0.520491
2026-05-07 11:06:51,329 - INFO - Epoch 30/140 | train_loss=0.106361 | val_f1=0.285714 val_acc=0.666667 val_kappa=0.156250 val_ccc=0.316213 val_rmse=0.557654 val_mae=0.405504
2026-05-07 11:06:54,481 - INFO - Epoch 31/140 | train_loss=0.128483 | val_f1=0.266667 val_acc=0.666667 val_kappa=0.000000 val_ccc=0.264801 val_rmse=0.667675 val_mae=0.510076
2026-05-07 11:06:57,607 - INFO - Epoch 32/140 | train_loss=0.118495 | val_f1=0.266667 val_acc=0.666667 val_kappa=0.000000 val_ccc=0.219840 val_rmse=0.713469 val_mae=0.600565
2026-05-07 11:07:00,751 - INFO - Epoch 33/140 | train_loss=0.112151 | val_f1=0.266667 val_acc=0.666667 val_kappa=0.000000 val_ccc=0.283018 val_rmse=0.616771 val_mae=0.485399
2026-05-07 11:07:03,907 - INFO - Epoch 34/140 | train_loss=0.105967 | val_f1=0.266667 val_acc=0.666667 val_kappa=0.000000 val_ccc=0.233922 val_rmse=0.676190 val_mae=0.556983
2026-05-07 11:07:07,045 - INFO - Epoch 35/140 | train_loss=0.102384 | val_f1=0.266667 val_acc=0.666667 val_kappa=0.000000 val_ccc=0.354319 val_rmse=0.518158 val_mae=0.366847
2026-05-07 11:07:10,208 - INFO - Epoch 36/140 | train_loss=0.106345 | val_f1=0.266667 val_acc=0.666667 val_kappa=0.000000 val_ccc=0.326260 val_rmse=0.548270 val_mae=0.414409
2026-05-07 11:07:13,333 - INFO - Epoch 37/140 | train_loss=0.082620 | val_f1=0.266667 val_acc=0.666667 val_kappa=0.000000 val_ccc=0.303002 val_rmse=0.566153 val_mae=0.433163
2026-05-07 11:07:16,379 - INFO - Epoch 38/140 | train_loss=0.094243 | val_f1=0.266667 val_acc=0.666667 val_kappa=0.000000 val_ccc=0.220080 val_rmse=0.654579 val_mae=0.537649
2026-05-07 11:07:19,436 - INFO - Epoch 39/140 | train_loss=0.091310 | val_f1=0.266667 val_acc=0.666667 val_kappa=0.000000 val_ccc=0.258754 val_rmse=0.621639 val_mae=0.498481
2026-05-07 11:07:22,511 - INFO - Epoch 40/140 | train_loss=0.102311 | val_f1=0.266667 val_acc=0.666667 val_kappa=0.000000 val_ccc=0.268769 val_rmse=0.620707 val_mae=0.491186
2026-05-07 11:07:25,612 - INFO - Epoch 41/140 | train_loss=0.088298 | val_f1=0.266667 val_acc=0.666667 val_kappa=0.000000 val_ccc=0.219401 val_rmse=0.643352 val_mae=0.532127
2026-05-07 11:07:28,688 - INFO - Epoch 42/140 | train_loss=0.064908 | val_f1=0.266667 val_acc=0.666667 val_kappa=0.000000 val_ccc=0.330271 val_rmse=0.520302 val_mae=0.359638
2026-05-07 11:07:31,712 - INFO - Epoch 43/140 | train_loss=0.109658 | val_f1=0.266667 val_acc=0.666667 val_kappa=0.000000 val_ccc=0.220959 val_rmse=0.631262 val_mae=0.498279
2026-05-07 11:07:31,712 - INFO - Early stopping at epoch 43
2026-05-07 11:07:31,721 - INFO - Best checkpoint: checkpoints/Track1/A-V-P/ternary/track1_elder_final6_avp_ternary_mfcc_resnet_h160/best_model_2026-05-07-11.05.07.pth
2026-05-07 11:07:31,721 - INFO - Validation metrics saved to: logs/Track1/A-V-P/ternary/track1_elder_final6_avp_ternary_mfcc_resnet_h160/train_result_2026-05-07-11.05.07.json
